2024-11-14 14:37:58.930 +0800	ERROR	org.springframework.aop.interceptor.SimpleAsyncUncaughtExceptionHandler	39	EmailExecutor-4	Unexpected exception occurred invoking async method: public void com.system.assessment.service.Impl.EmailServiceImpl.sendMessage(java.lang.String,java.lang.String,java.lang.String)
org.springframework.mail.MailAuthenticationException: Authentication failed; nested exception is javax.mail.AuthenticationFailedException: 535 Login Fail. Please enter your authorization code to login. More information in https://service.mail.qq.com/detail/0/53

	at org.springframework.mail.javamail.JavaMailSenderImpl.doSend(JavaMailSenderImpl.java:440) ~[spring-context-support-5.2.0.RELEASE.jar:5.2.0.RELEASE]
	at org.springframework.mail.javamail.JavaMailSenderImpl.send(JavaMailSenderImpl.java:361) ~[spring-context-support-5.2.0.RELEASE.jar:5.2.0.RELEASE]
	at org.springframework.mail.javamail.JavaMailSenderImpl.send(JavaMailSenderImpl.java:356) ~[spring-context-support-5.2.0.RELEASE.jar:5.2.0.RELEASE]
	at com.system.assessment.service.Impl.EmailServiceImpl.sendMessage(EmailServiceImpl.java:49) ~[classes/:?]
	at sun.reflect.NativeMethodAccessorImpl.invoke0(Native Method) ~[?:1.8.0_301]
	at sun.reflect.NativeMethodAccessorImpl.invoke(NativeMethodAccessorImpl.java:62) ~[?:1.8.0_301]
	at sun.reflect.DelegatingMethodAccessorImpl.invoke(DelegatingMethodAccessorImpl.java:43) ~[?:1.8.0_301]
	at java.lang.reflect.Method.invoke(Method.java:498) ~[?:1.8.0_301]
	at org.springframework.aop.support.AopUtils.invokeJoinpointUsingReflection(AopUtils.java:344) ~[spring-aop-5.2.0.RELEASE.jar:5.2.0.RELEASE]
	at org.springframework.aop.framework.ReflectiveMethodInvocation.invokeJoinpoint(ReflectiveMethodInvocation.java:198) ~[spring-aop-5.2.0.RELEASE.jar:5.2.0.RELEASE]
	at org.springframework.aop.framework.ReflectiveMethodInvocation.proceed(ReflectiveMethodInvocation.java:163) ~[spring-aop-5.2.0.RELEASE.jar:5.2.0.RELEASE]
	at org.springframework.aop.interceptor.AsyncExecutionInterceptor.lambda$invoke$0(AsyncExecutionInterceptor.java:115) ~[spring-aop-5.2.0.RELEASE.jar:5.2.0.RELEASE]
	at java.util.concurrent.FutureTask.run(FutureTask.java:266) [?:1.8.0_301]
	at java.util.concurrent.ThreadPoolExecutor.runWorker(ThreadPoolExecutor.java:1149) [?:1.8.0_301]
	at java.util.concurrent.ThreadPoolExecutor$Worker.run(ThreadPoolExecutor.java:624) [?:1.8.0_301]
	at java.lang.Thread.run(Thread.java:748) [?:1.8.0_301]
Caused by: javax.mail.AuthenticationFailedException: 535 Login Fail. Please enter your authorization code to login. More information in https://service.mail.qq.com/detail/0/53

	at com.sun.mail.smtp.SMTPTransport$Authenticator.authenticate(SMTPTransport.java:947) ~[jakarta.mail-1.6.4.jar:1.6.4]
	at com.sun.mail.smtp.SMTPTransport.authenticate(SMTPTransport.java:858) ~[jakarta.mail-1.6.4.jar:1.6.4]
	at com.sun.mail.smtp.SMTPTransport.protocolConnect(SMTPTransport.java:762) ~[jakarta.mail-1.6.4.jar:1.6.4]
	at javax.mail.Service.connect(Service.java:342) ~[jakarta.mail-1.6.4.jar:1.6.4]
	at org.springframework.mail.javamail.JavaMailSenderImpl.connectTransport(JavaMailSenderImpl.java:518) ~[spring-context-support-5.2.0.RELEASE.jar:5.2.0.RELEASE]
	at org.springframework.mail.javamail.JavaMailSenderImpl.doSend(JavaMailSenderImpl.java:437) ~[spring-context-support-5.2.0.RELEASE.jar:5.2.0.RELEASE]
	... 15 more
2024-11-14 14:44:08.717 +0800	ERROR	org.springframework.security.web.authentication.AbstractAuthenticationProcessingFilter	221	http-nio-80-exec-3	An internal error occurred while trying to authenticate the user.
org.springframework.security.authentication.InternalAuthenticationServiceException: 用户名不存在!
	at org.springframework.security.authentication.dao.DaoAuthenticationProvider.retrieveUser(DaoAuthenticationProvider.java:123) ~[spring-security-core-5.2.0.RELEASE.jar:5.2.0.RELEASE]
	at org.springframework.security.authentication.dao.AbstractUserDetailsAuthenticationProvider.authenticate(AbstractUserDetailsAuthenticationProvider.java:144) ~[spring-security-core-5.2.0.RELEASE.jar:5.2.0.RELEASE]
	at org.springframework.security.authentication.ProviderManager.authenticate(ProviderManager.java:175) ~[spring-security-core-5.2.0.RELEASE.jar:5.2.0.RELEASE]
	at org.springframework.security.authentication.ProviderManager.authenticate(ProviderManager.java:195) ~[spring-security-core-5.2.0.RELEASE.jar:5.2.0.RELEASE]
	at org.springframework.security.config.annotation.web.configuration.WebSecurityConfigurerAdapter$AuthenticationManagerDelegator.authenticate(WebSecurityConfigurerAdapter.java:511) ~[spring-security-config-5.2.0.RELEASE.jar:5.2.0.RELEASE]
	at com.system.assessment.config.filter.LoginFilter.attemptAuthentication(LoginFilter.java:37) ~[classes/:?]
	at org.springframework.security.web.authentication.AbstractAuthenticationProcessingFilter.doFilter(AbstractAuthenticationProcessingFilter.java:212) [spring-security-web-5.2.0.RELEASE.jar:5.2.0.RELEASE]
	at org.springframework.security.web.FilterChainProxy$VirtualFilterChain.doFilter(FilterChainProxy.java:334) [spring-security-web-5.2.0.RELEASE.jar:5.2.0.RELEASE]
	at org.springframework.security.web.authentication.logout.LogoutFilter.doFilter(LogoutFilter.java:116) [spring-security-web-5.2.0.RELEASE.jar:5.2.0.RELEASE]
	at org.springframework.security.web.FilterChainProxy$VirtualFilterChain.doFilter(FilterChainProxy.java:334) [spring-security-web-5.2.0.RELEASE.jar:5.2.0.RELEASE]
	at org.springframework.security.web.header.HeaderWriterFilter.doHeadersAfter(HeaderWriterFilter.java:92) [spring-security-web-5.2.0.RELEASE.jar:5.2.0.RELEASE]
	at org.springframework.security.web.header.HeaderWriterFilter.doFilterInternal(HeaderWriterFilter.java:77) [spring-security-web-5.2.0.RELEASE.jar:5.2.0.RELEASE]
	at org.springframework.web.filter.OncePerRequestFilter.doFilter(OncePerRequestFilter.java:119) [spring-web-5.2.0.RELEASE.jar:5.2.0.RELEASE]
	at org.springframework.security.web.FilterChainProxy$VirtualFilterChain.doFilter(FilterChainProxy.java:334) [spring-security-web-5.2.0.RELEASE.jar:5.2.0.RELEASE]
	at org.springframework.security.web.context.SecurityContextPersistenceFilter.doFilter(SecurityContextPersistenceFilter.java:105) [spring-security-web-5.2.0.RELEASE.jar:5.2.0.RELEASE]
	at org.springframework.security.web.FilterChainProxy$VirtualFilterChain.doFilter(FilterChainProxy.java:334) [spring-security-web-5.2.0.RELEASE.jar:5.2.0.RELEASE]
	at org.springframework.security.web.context.request.async.WebAsyncManagerIntegrationFilter.doFilterInternal(WebAsyncManagerIntegrationFilter.java:56) [spring-security-web-5.2.0.RELEASE.jar:5.2.0.RELEASE]
	at org.springframework.web.filter.OncePerRequestFilter.doFilter(OncePerRequestFilter.java:119) [spring-web-5.2.0.RELEASE.jar:5.2.0.RELEASE]
	at org.springframework.security.web.FilterChainProxy$VirtualFilterChain.doFilter(FilterChainProxy.java:334) [spring-security-web-5.2.0.RELEASE.jar:5.2.0.RELEASE]
	at org.springframework.security.web.FilterChainProxy.doFilterInternal(FilterChainProxy.java:215) [spring-security-web-5.2.0.RELEASE.jar:5.2.0.RELEASE]
	at org.springframework.security.web.FilterChainProxy.doFilter(FilterChainProxy.java:178) [spring-security-web-5.2.0.RELEASE.jar:5.2.0.RELEASE]
	at org.springframework.web.filter.DelegatingFilterProxy.invokeDelegate(DelegatingFilterProxy.java:358) [spring-web-5.2.0.RELEASE.jar:5.2.0.RELEASE]
	at org.springframework.web.filter.DelegatingFilterProxy.doFilter(DelegatingFilterProxy.java:271) [spring-web-5.2.0.RELEASE.jar:5.2.0.RELEASE]
	at org.apache.catalina.core.ApplicationFilterChain.internalDoFilter(ApplicationFilterChain.java:193) [tomcat-embed-core-9.0.27.jar:9.0.27]
	at org.apache.catalina.core.ApplicationFilterChain.doFilter(ApplicationFilterChain.java:166) [tomcat-embed-core-9.0.27.jar:9.0.27]
	at org.springframework.web.filter.RequestContextFilter.doFilterInternal(RequestContextFilter.java:100) [spring-web-5.2.0.RELEASE.jar:5.2.0.RELEASE]
	at org.springframework.web.filter.OncePerRequestFilter.doFilter(OncePerRequestFilter.java:119) [spring-web-5.2.0.RELEASE.jar:5.2.0.RELEASE]
	at org.apache.catalina.core.ApplicationFilterChain.internalDoFilter(ApplicationFilterChain.java:193) [tomcat-embed-core-9.0.27.jar:9.0.27]
	at org.apache.catalina.core.ApplicationFilterChain.doFilter(ApplicationFilterChain.java:166) [tomcat-embed-core-9.0.27.jar:9.0.27]
	at org.springframework.web.filter.FormContentFilter.doFilterInternal(FormContentFilter.java:93) [spring-web-5.2.0.RELEASE.jar:5.2.0.RELEASE]
	at org.springframework.web.filter.OncePerRequestFilter.doFilter(OncePerRequestFilter.java:119) [spring-web-5.2.0.RELEASE.jar:5.2.0.RELEASE]
	at org.apache.catalina.core.ApplicationFilterChain.internalDoFilter(ApplicationFilterChain.java:193) [tomcat-embed-core-9.0.27.jar:9.0.27]
	at org.apache.catalina.core.ApplicationFilterChain.doFilter(ApplicationFilterChain.java:166) [tomcat-embed-core-9.0.27.jar:9.0.27]
	at org.springframework.web.filter.CharacterEncodingFilter.doFilterInternal(CharacterEncodingFilter.java:201) [spring-web-5.2.0.RELEASE.jar:5.2.0.RELEASE]
	at org.springframework.web.filter.OncePerRequestFilter.doFilter(OncePerRequestFilter.java:119) [spring-web-5.2.0.RELEASE.jar:5.2.0.RELEASE]
	at org.apache.catalina.core.ApplicationFilterChain.internalDoFilter(ApplicationFilterChain.java:193) [tomcat-embed-core-9.0.27.jar:9.0.27]
	at org.apache.catalina.core.ApplicationFilterChain.doFilter(ApplicationFilterChain.java:166) [tomcat-embed-core-9.0.27.jar:9.0.27]
	at org.apache.catalina.core.StandardWrapperValve.invoke(StandardWrapperValve.java:202) [tomcat-embed-core-9.0.27.jar:9.0.27]
	at org.apache.catalina.core.StandardContextValve.invoke(StandardContextValve.java:96) [tomcat-embed-core-9.0.27.jar:9.0.27]
	at org.apache.catalina.authenticator.AuthenticatorBase.invoke(AuthenticatorBase.java:526) [tomcat-embed-core-9.0.27.jar:9.0.27]
	at org.apache.catalina.core.StandardHostValve.invoke(StandardHostValve.java:139) [tomcat-embed-core-9.0.27.jar:9.0.27]
	at org.apache.catalina.valves.ErrorReportValve.invoke(ErrorReportValve.java:92) [tomcat-embed-core-9.0.27.jar:9.0.27]
	at org.apache.catalina.core.StandardEngineValve.invoke(StandardEngineValve.java:74) [tomcat-embed-core-9.0.27.jar:9.0.27]
	at org.apache.catalina.connector.CoyoteAdapter.service(CoyoteAdapter.java:343) [tomcat-embed-core-9.0.27.jar:9.0.27]
	at org.apache.coyote.http11.Http11Processor.service(Http11Processor.java:408) [tomcat-embed-core-9.0.27.jar:9.0.27]
	at org.apache.coyote.AbstractProcessorLight.process(AbstractProcessorLight.java:66) [tomcat-embed-core-9.0.27.jar:9.0.27]
	at org.apache.coyote.AbstractProtocol$ConnectionHandler.process(AbstractProtocol.java:861) [tomcat-embed-core-9.0.27.jar:9.0.27]
	at org.apache.tomcat.util.net.NioEndpoint$SocketProcessor.doRun(NioEndpoint.java:1579) [tomcat-embed-core-9.0.27.jar:9.0.27]
	at org.apache.tomcat.util.net.SocketProcessorBase.run(SocketProcessorBase.java:49) [tomcat-embed-core-9.0.27.jar:9.0.27]
	at java.util.concurrent.ThreadPoolExecutor.runWorker(ThreadPoolExecutor.java:1149) [?:1.8.0_301]
	at java.util.concurrent.ThreadPoolExecutor$Worker.run(ThreadPoolExecutor.java:624) [?:1.8.0_301]
	at org.apache.tomcat.util.threads.TaskThread$WrappingRunnable.run(TaskThread.java:61) [tomcat-embed-core-9.0.27.jar:9.0.27]
	at java.lang.Thread.run(Thread.java:748) [?:1.8.0_301]
Caused by: java.lang.RuntimeException: 用户名不存在!
	at com.system.assessment.service.Impl.UserDetailServiceImpl.loadUserByUsername(UserDetailServiceImpl.java:24) ~[classes/:?]
	at org.springframework.security.authentication.dao.DaoAuthenticationProvider.retrieveUser(DaoAuthenticationProvider.java:108) ~[spring-security-core-5.2.0.RELEASE.jar:5.2.0.RELEASE]
	... 52 more
2024-11-14 14:44:22.556 +0800	ERROR	org.springframework.security.web.authentication.AbstractAuthenticationProcessingFilter	221	http-nio-80-exec-6	An internal error occurred while trying to authenticate the user.
org.springframework.security.authentication.InternalAuthenticationServiceException: 用户名不存在!
	at org.springframework.security.authentication.dao.DaoAuthenticationProvider.retrieveUser(DaoAuthenticationProvider.java:123) ~[spring-security-core-5.2.0.RELEASE.jar:5.2.0.RELEASE]
	at org.springframework.security.authentication.dao.AbstractUserDetailsAuthenticationProvider.authenticate(AbstractUserDetailsAuthenticationProvider.java:144) ~[spring-security-core-5.2.0.RELEASE.jar:5.2.0.RELEASE]
	at org.springframework.security.authentication.ProviderManager.authenticate(ProviderManager.java:175) ~[spring-security-core-5.2.0.RELEASE.jar:5.2.0.RELEASE]
	at org.springframework.security.authentication.ProviderManager.authenticate(ProviderManager.java:195) ~[spring-security-core-5.2.0.RELEASE.jar:5.2.0.RELEASE]
	at org.springframework.security.config.annotation.web.configuration.WebSecurityConfigurerAdapter$AuthenticationManagerDelegator.authenticate(WebSecurityConfigurerAdapter.java:501) ~[spring-security-config-5.2.0.RELEASE.jar:5.2.0.RELEASE]
	at com.system.assessment.config.filter.LoginFilter.attemptAuthentication(LoginFilter.java:37) ~[classes/:?]
	at org.springframework.security.web.authentication.AbstractAuthenticationProcessingFilter.doFilter(AbstractAuthenticationProcessingFilter.java:212) [spring-security-web-5.2.0.RELEASE.jar:5.2.0.RELEASE]
	at org.springframework.security.web.FilterChainProxy$VirtualFilterChain.doFilter(FilterChainProxy.java:334) [spring-security-web-5.2.0.RELEASE.jar:5.2.0.RELEASE]
	at org.springframework.security.web.authentication.logout.LogoutFilter.doFilter(LogoutFilter.java:116) [spring-security-web-5.2.0.RELEASE.jar:5.2.0.RELEASE]
	at org.springframework.security.web.FilterChainProxy$VirtualFilterChain.doFilter(FilterChainProxy.java:334) [spring-security-web-5.2.0.RELEASE.jar:5.2.0.RELEASE]
	at org.springframework.security.web.header.HeaderWriterFilter.doHeadersAfter(HeaderWriterFilter.java:92) [spring-security-web-5.2.0.RELEASE.jar:5.2.0.RELEASE]
	at org.springframework.security.web.header.HeaderWriterFilter.doFilterInternal(HeaderWriterFilter.java:77) [spring-security-web-5.2.0.RELEASE.jar:5.2.0.RELEASE]
	at org.springframework.web.filter.OncePerRequestFilter.doFilter(OncePerRequestFilter.java:119) [spring-web-5.2.0.RELEASE.jar:5.2.0.RELEASE]
	at org.springframework.security.web.FilterChainProxy$VirtualFilterChain.doFilter(FilterChainProxy.java:334) [spring-security-web-5.2.0.RELEASE.jar:5.2.0.RELEASE]
	at org.springframework.security.web.context.SecurityContextPersistenceFilter.doFilter(SecurityContextPersistenceFilter.java:105) [spring-security-web-5.2.0.RELEASE.jar:5.2.0.RELEASE]
	at org.springframework.security.web.FilterChainProxy$VirtualFilterChain.doFilter(FilterChainProxy.java:334) [spring-security-web-5.2.0.RELEASE.jar:5.2.0.RELEASE]
	at org.springframework.security.web.context.request.async.WebAsyncManagerIntegrationFilter.doFilterInternal(WebAsyncManagerIntegrationFilter.java:56) [spring-security-web-5.2.0.RELEASE.jar:5.2.0.RELEASE]
	at org.springframework.web.filter.OncePerRequestFilter.doFilter(OncePerRequestFilter.java:119) [spring-web-5.2.0.RELEASE.jar:5.2.0.RELEASE]
	at org.springframework.security.web.FilterChainProxy$VirtualFilterChain.doFilter(FilterChainProxy.java:334) [spring-security-web-5.2.0.RELEASE.jar:5.2.0.RELEASE]
	at org.springframework.security.web.FilterChainProxy.doFilterInternal(FilterChainProxy.java:215) [spring-security-web-5.2.0.RELEASE.jar:5.2.0.RELEASE]
	at org.springframework.security.web.FilterChainProxy.doFilter(FilterChainProxy.java:178) [spring-security-web-5.2.0.RELEASE.jar:5.2.0.RELEASE]
	at org.springframework.web.filter.DelegatingFilterProxy.invokeDelegate(DelegatingFilterProxy.java:358) [spring-web-5.2.0.RELEASE.jar:5.2.0.RELEASE]
	at org.springframework.web.filter.DelegatingFilterProxy.doFilter(DelegatingFilterProxy.java:271) [spring-web-5.2.0.RELEASE.jar:5.2.0.RELEASE]
	at org.apache.catalina.core.ApplicationFilterChain.internalDoFilter(ApplicationFilterChain.java:193) [tomcat-embed-core-9.0.27.jar:9.0.27]
	at org.apache.catalina.core.ApplicationFilterChain.doFilter(ApplicationFilterChain.java:166) [tomcat-embed-core-9.0.27.jar:9.0.27]
	at org.springframework.web.filter.RequestContextFilter.doFilterInternal(RequestContextFilter.java:100) [spring-web-5.2.0.RELEASE.jar:5.2.0.RELEASE]
	at org.springframework.web.filter.OncePerRequestFilter.doFilter(OncePerRequestFilter.java:119) [spring-web-5.2.0.RELEASE.jar:5.2.0.RELEASE]
	at org.apache.catalina.core.ApplicationFilterChain.internalDoFilter(ApplicationFilterChain.java:193) [tomcat-embed-core-9.0.27.jar:9.0.27]
	at org.apache.catalina.core.ApplicationFilterChain.doFilter(ApplicationFilterChain.java:166) [tomcat-embed-core-9.0.27.jar:9.0.27]
	at org.springframework.web.filter.FormContentFilter.doFilterInternal(FormContentFilter.java:93) [spring-web-5.2.0.RELEASE.jar:5.2.0.RELEASE]
	at org.springframework.web.filter.OncePerRequestFilter.doFilter(OncePerRequestFilter.java:119) [spring-web-5.2.0.RELEASE.jar:5.2.0.RELEASE]
	at org.apache.catalina.core.ApplicationFilterChain.internalDoFilter(ApplicationFilterChain.java:193) [tomcat-embed-core-9.0.27.jar:9.0.27]
	at org.apache.catalina.core.ApplicationFilterChain.doFilter(ApplicationFilterChain.java:166) [tomcat-embed-core-9.0.27.jar:9.0.27]
	at org.springframework.web.filter.CharacterEncodingFilter.doFilterInternal(CharacterEncodingFilter.java:201) [spring-web-5.2.0.RELEASE.jar:5.2.0.RELEASE]
	at org.springframework.web.filter.OncePerRequestFilter.doFilter(OncePerRequestFilter.java:119) [spring-web-5.2.0.RELEASE.jar:5.2.0.RELEASE]
	at org.apache.catalina.core.ApplicationFilterChain.internalDoFilter(ApplicationFilterChain.java:193) [tomcat-embed-core-9.0.27.jar:9.0.27]
	at org.apache.catalina.core.ApplicationFilterChain.doFilter(ApplicationFilterChain.java:166) [tomcat-embed-core-9.0.27.jar:9.0.27]
	at org.apache.catalina.core.StandardWrapperValve.invoke(StandardWrapperValve.java:202) [tomcat-embed-core-9.0.27.jar:9.0.27]
	at org.apache.catalina.core.StandardContextValve.invoke(StandardContextValve.java:96) [tomcat-embed-core-9.0.27.jar:9.0.27]
	at org.apache.catalina.authenticator.AuthenticatorBase.invoke(AuthenticatorBase.java:526) [tomcat-embed-core-9.0.27.jar:9.0.27]
	at org.apache.catalina.core.StandardHostValve.invoke(StandardHostValve.java:139) [tomcat-embed-core-9.0.27.jar:9.0.27]
	at org.apache.catalina.valves.ErrorReportValve.invoke(ErrorReportValve.java:92) [tomcat-embed-core-9.0.27.jar:9.0.27]
	at org.apache.catalina.core.StandardEngineValve.invoke(StandardEngineValve.java:74) [tomcat-embed-core-9.0.27.jar:9.0.27]
	at org.apache.catalina.connector.CoyoteAdapter.service(CoyoteAdapter.java:343) [tomcat-embed-core-9.0.27.jar:9.0.27]
	at org.apache.coyote.http11.Http11Processor.service(Http11Processor.java:408) [tomcat-embed-core-9.0.27.jar:9.0.27]
	at org.apache.coyote.AbstractProcessorLight.process(AbstractProcessorLight.java:66) [tomcat-embed-core-9.0.27.jar:9.0.27]
	at org.apache.coyote.AbstractProtocol$ConnectionHandler.process(AbstractProtocol.java:861) [tomcat-embed-core-9.0.27.jar:9.0.27]
	at org.apache.tomcat.util.net.NioEndpoint$SocketProcessor.doRun(NioEndpoint.java:1579) [tomcat-embed-core-9.0.27.jar:9.0.27]
	at org.apache.tomcat.util.net.SocketProcessorBase.run(SocketProcessorBase.java:49) [tomcat-embed-core-9.0.27.jar:9.0.27]
	at java.util.concurrent.ThreadPoolExecutor.runWorker(ThreadPoolExecutor.java:1149) [?:1.8.0_301]
	at java.util.concurrent.ThreadPoolExecutor$Worker.run(ThreadPoolExecutor.java:624) [?:1.8.0_301]
	at org.apache.tomcat.util.threads.TaskThread$WrappingRunnable.run(TaskThread.java:61) [tomcat-embed-core-9.0.27.jar:9.0.27]
	at java.lang.Thread.run(Thread.java:748) [?:1.8.0_301]
Caused by: java.lang.RuntimeException: 用户名不存在!
	at com.system.assessment.service.Impl.UserDetailServiceImpl.loadUserByUsername(UserDetailServiceImpl.java:24) ~[classes/:?]
	at org.springframework.security.authentication.dao.DaoAuthenticationProvider.retrieveUser(DaoAuthenticationProvider.java:108) ~[spring-security-core-5.2.0.RELEASE.jar:5.2.0.RELEASE]
	... 52 more
2024-11-14 14:44:49.024 +0800	ERROR	org.springframework.aop.interceptor.SimpleAsyncUncaughtExceptionHandler	39	EmailExecutor-1	Unexpected exception occurred invoking async method: public void com.system.assessment.service.Impl.EmailServiceImpl.sendMessage(java.lang.String,java.lang.String,java.lang.String)
org.springframework.mail.MailAuthenticationException: Authentication failed; nested exception is javax.mail.AuthenticationFailedException: 535 Login Fail. Please enter your authorization code to login. More information in https://service.mail.qq.com/detail/0/53

	at org.springframework.mail.javamail.JavaMailSenderImpl.doSend(JavaMailSenderImpl.java:440) ~[spring-context-support-5.2.0.RELEASE.jar:5.2.0.RELEASE]
	at org.springframework.mail.javamail.JavaMailSenderImpl.send(JavaMailSenderImpl.java:361) ~[spring-context-support-5.2.0.RELEASE.jar:5.2.0.RELEASE]
	at org.springframework.mail.javamail.JavaMailSenderImpl.send(JavaMailSenderImpl.java:356) ~[spring-context-support-5.2.0.RELEASE.jar:5.2.0.RELEASE]
	at com.system.assessment.service.Impl.EmailServiceImpl.sendMessage(EmailServiceImpl.java:49) ~[classes/:?]
	at sun.reflect.NativeMethodAccessorImpl.invoke0(Native Method) ~[?:1.8.0_301]
	at sun.reflect.NativeMethodAccessorImpl.invoke(NativeMethodAccessorImpl.java:62) ~[?:1.8.0_301]
	at sun.reflect.DelegatingMethodAccessorImpl.invoke(DelegatingMethodAccessorImpl.java:43) ~[?:1.8.0_301]
	at java.lang.reflect.Method.invoke(Method.java:498) ~[?:1.8.0_301]
	at org.springframework.aop.support.AopUtils.invokeJoinpointUsingReflection(AopUtils.java:344) ~[spring-aop-5.2.0.RELEASE.jar:5.2.0.RELEASE]
	at org.springframework.aop.framework.ReflectiveMethodInvocation.invokeJoinpoint(ReflectiveMethodInvocation.java:198) ~[spring-aop-5.2.0.RELEASE.jar:5.2.0.RELEASE]
	at org.springframework.aop.framework.ReflectiveMethodInvocation.proceed(ReflectiveMethodInvocation.java:163) ~[spring-aop-5.2.0.RELEASE.jar:5.2.0.RELEASE]
	at org.springframework.aop.interceptor.AsyncExecutionInterceptor.lambda$invoke$0(AsyncExecutionInterceptor.java:115) ~[spring-aop-5.2.0.RELEASE.jar:5.2.0.RELEASE]
	at java.util.concurrent.FutureTask.run(FutureTask.java:266) [?:1.8.0_301]
	at java.util.concurrent.ThreadPoolExecutor.runWorker(ThreadPoolExecutor.java:1149) [?:1.8.0_301]
	at java.util.concurrent.ThreadPoolExecutor$Worker.run(ThreadPoolExecutor.java:624) [?:1.8.0_301]
	at java.lang.Thread.run(Thread.java:748) [?:1.8.0_301]
Caused by: javax.mail.AuthenticationFailedException: 535 Login Fail. Please enter your authorization code to login. More information in https://service.mail.qq.com/detail/0/53

	at com.sun.mail.smtp.SMTPTransport$Authenticator.authenticate(SMTPTransport.java:947) ~[jakarta.mail-1.6.4.jar:1.6.4]
	at com.sun.mail.smtp.SMTPTransport.authenticate(SMTPTransport.java:858) ~[jakarta.mail-1.6.4.jar:1.6.4]
	at com.sun.mail.smtp.SMTPTransport.protocolConnect(SMTPTransport.java:762) ~[jakarta.mail-1.6.4.jar:1.6.4]
	at javax.mail.Service.connect(Service.java:342) ~[jakarta.mail-1.6.4.jar:1.6.4]
	at org.springframework.mail.javamail.JavaMailSenderImpl.connectTransport(JavaMailSenderImpl.java:518) ~[spring-context-support-5.2.0.RELEASE.jar:5.2.0.RELEASE]
	at org.springframework.mail.javamail.JavaMailSenderImpl.doSend(JavaMailSenderImpl.java:437) ~[spring-context-support-5.2.0.RELEASE.jar:5.2.0.RELEASE]
	... 15 more
2024-11-14 14:44:49.029 +0800	ERROR	org.springframework.aop.interceptor.SimpleAsyncUncaughtExceptionHandler	39	EmailExecutor-2	Unexpected exception occurred invoking async method: public void com.system.assessment.service.Impl.EmailServiceImpl.sendMessage(java.lang.String,java.lang.String,java.lang.String)
org.springframework.mail.MailAuthenticationException: Authentication failed; nested exception is javax.mail.AuthenticationFailedException: 535 Login Fail. Please enter your authorization code to login. More information in https://service.mail.qq.com/detail/0/53

	at org.springframework.mail.javamail.JavaMailSenderImpl.doSend(JavaMailSenderImpl.java:440) ~[spring-context-support-5.2.0.RELEASE.jar:5.2.0.RELEASE]
	at org.springframework.mail.javamail.JavaMailSenderImpl.send(JavaMailSenderImpl.java:361) ~[spring-context-support-5.2.0.RELEASE.jar:5.2.0.RELEASE]
	at org.springframework.mail.javamail.JavaMailSenderImpl.send(JavaMailSenderImpl.java:356) ~[spring-context-support-5.2.0.RELEASE.jar:5.2.0.RELEASE]
	at com.system.assessment.service.Impl.EmailServiceImpl.sendMessage(EmailServiceImpl.java:49) ~[classes/:?]
	at sun.reflect.NativeMethodAccessorImpl.invoke0(Native Method) ~[?:1.8.0_301]
	at sun.reflect.NativeMethodAccessorImpl.invoke(NativeMethodAccessorImpl.java:62) ~[?:1.8.0_301]
	at sun.reflect.DelegatingMethodAccessorImpl.invoke(DelegatingMethodAccessorImpl.java:43) ~[?:1.8.0_301]
	at java.lang.reflect.Method.invoke(Method.java:498) ~[?:1.8.0_301]
	at org.springframework.aop.support.AopUtils.invokeJoinpointUsingReflection(AopUtils.java:344) ~[spring-aop-5.2.0.RELEASE.jar:5.2.0.RELEASE]
	at org.springframework.aop.framework.ReflectiveMethodInvocation.invokeJoinpoint(ReflectiveMethodInvocation.java:198) ~[spring-aop-5.2.0.RELEASE.jar:5.2.0.RELEASE]
	at org.springframework.aop.framework.ReflectiveMethodInvocation.proceed(ReflectiveMethodInvocation.java:163) ~[spring-aop-5.2.0.RELEASE.jar:5.2.0.RELEASE]
	at org.springframework.aop.interceptor.AsyncExecutionInterceptor.lambda$invoke$0(AsyncExecutionInterceptor.java:115) ~[spring-aop-5.2.0.RELEASE.jar:5.2.0.RELEASE]
	at java.util.concurrent.FutureTask.run(FutureTask.java:266) [?:1.8.0_301]
	at java.util.concurrent.ThreadPoolExecutor.runWorker(ThreadPoolExecutor.java:1149) [?:1.8.0_301]
	at java.util.concurrent.ThreadPoolExecutor$Worker.run(ThreadPoolExecutor.java:624) [?:1.8.0_301]
	at java.lang.Thread.run(Thread.java:748) [?:1.8.0_301]
Caused by: javax.mail.AuthenticationFailedException: 535 Login Fail. Please enter your authorization code to login. More information in https://service.mail.qq.com/detail/0/53

	at com.sun.mail.smtp.SMTPTransport$Authenticator.authenticate(SMTPTransport.java:947) ~[jakarta.mail-1.6.4.jar:1.6.4]
	at com.sun.mail.smtp.SMTPTransport.authenticate(SMTPTransport.java:858) ~[jakarta.mail-1.6.4.jar:1.6.4]
	at com.sun.mail.smtp.SMTPTransport.protocolConnect(SMTPTransport.java:762) ~[jakarta.mail-1.6.4.jar:1.6.4]
	at javax.mail.Service.connect(Service.java:342) ~[jakarta.mail-1.6.4.jar:1.6.4]
	at org.springframework.mail.javamail.JavaMailSenderImpl.connectTransport(JavaMailSenderImpl.java:518) ~[spring-context-support-5.2.0.RELEASE.jar:5.2.0.RELEASE]
	at org.springframework.mail.javamail.JavaMailSenderImpl.doSend(JavaMailSenderImpl.java:437) ~[spring-context-support-5.2.0.RELEASE.jar:5.2.0.RELEASE]
	... 15 more
2024-11-14 14:44:49.030 +0800	ERROR	org.springframework.aop.interceptor.SimpleAsyncUncaughtExceptionHandler	39	EmailExecutor-3	Unexpected exception occurred invoking async method: public void com.system.assessment.service.Impl.EmailServiceImpl.sendMessage(java.lang.String,java.lang.String,java.lang.String)
org.springframework.mail.MailAuthenticationException: Authentication failed; nested exception is javax.mail.AuthenticationFailedException: 535 Login Fail. Please enter your authorization code to login. More information in https://service.mail.qq.com/detail/0/53

	at org.springframework.mail.javamail.JavaMailSenderImpl.doSend(JavaMailSenderImpl.java:440) ~[spring-context-support-5.2.0.RELEASE.jar:5.2.0.RELEASE]
	at org.springframework.mail.javamail.JavaMailSenderImpl.send(JavaMailSenderImpl.java:361) ~[spring-context-support-5.2.0.RELEASE.jar:5.2.0.RELEASE]
	at org.springframework.mail.javamail.JavaMailSenderImpl.send(JavaMailSenderImpl.java:356) ~[spring-context-support-5.2.0.RELEASE.jar:5.2.0.RELEASE]
	at com.system.assessment.service.Impl.EmailServiceImpl.sendMessage(EmailServiceImpl.java:49) ~[classes/:?]
	at sun.reflect.NativeMethodAccessorImpl.invoke0(Native Method) ~[?:1.8.0_301]
	at sun.reflect.NativeMethodAccessorImpl.invoke(NativeMethodAccessorImpl.java:62) ~[?:1.8.0_301]
	at sun.reflect.DelegatingMethodAccessorImpl.invoke(DelegatingMethodAccessorImpl.java:43) ~[?:1.8.0_301]
	at java.lang.reflect.Method.invoke(Method.java:498) ~[?:1.8.0_301]
	at org.springframework.aop.support.AopUtils.invokeJoinpointUsingReflection(AopUtils.java:344) ~[spring-aop-5.2.0.RELEASE.jar:5.2.0.RELEASE]
	at org.springframework.aop.framework.ReflectiveMethodInvocation.invokeJoinpoint(ReflectiveMethodInvocation.java:198) ~[spring-aop-5.2.0.RELEASE.jar:5.2.0.RELEASE]
	at org.springframework.aop.framework.ReflectiveMethodInvocation.proceed(ReflectiveMethodInvocation.java:163) ~[spring-aop-5.2.0.RELEASE.jar:5.2.0.RELEASE]
	at org.springframework.aop.interceptor.AsyncExecutionInterceptor.lambda$invoke$0(AsyncExecutionInterceptor.java:115) ~[spring-aop-5.2.0.RELEASE.jar:5.2.0.RELEASE]
	at java.util.concurrent.FutureTask.run(FutureTask.java:266) [?:1.8.0_301]
	at java.util.concurrent.ThreadPoolExecutor.runWorker(ThreadPoolExecutor.java:1149) [?:1.8.0_301]
	at java.util.concurrent.ThreadPoolExecutor$Worker.run(ThreadPoolExecutor.java:624) [?:1.8.0_301]
	at java.lang.Thread.run(Thread.java:748) [?:1.8.0_301]
Caused by: javax.mail.AuthenticationFailedException: 535 Login Fail. Please enter your authorization code to login. More information in https://service.mail.qq.com/detail/0/53

	at com.sun.mail.smtp.SMTPTransport$Authenticator.authenticate(SMTPTransport.java:947) ~[jakarta.mail-1.6.4.jar:1.6.4]
	at com.sun.mail.smtp.SMTPTransport.authenticate(SMTPTransport.java:858) ~[jakarta.mail-1.6.4.jar:1.6.4]
	at com.sun.mail.smtp.SMTPTransport.protocolConnect(SMTPTransport.java:762) ~[jakarta.mail-1.6.4.jar:1.6.4]
	at javax.mail.Service.connect(Service.java:342) ~[jakarta.mail-1.6.4.jar:1.6.4]
	at org.springframework.mail.javamail.JavaMailSenderImpl.connectTransport(JavaMailSenderImpl.java:518) ~[spring-context-support-5.2.0.RELEASE.jar:5.2.0.RELEASE]
	at org.springframework.mail.javamail.JavaMailSenderImpl.doSend(JavaMailSenderImpl.java:437) ~[spring-context-support-5.2.0.RELEASE.jar:5.2.0.RELEASE]
	... 15 more
2024-11-14 14:44:49.053 +0800	ERROR	org.springframework.aop.interceptor.SimpleAsyncUncaughtExceptionHandler	39	EmailExecutor-4	Unexpected exception occurred invoking async method: public void com.system.assessment.service.Impl.EmailServiceImpl.sendMessage(java.lang.String,java.lang.String,java.lang.String)
org.springframework.mail.MailAuthenticationException: Authentication failed; nested exception is javax.mail.AuthenticationFailedException: 535 Login Fail. Please enter your authorization code to login. More information in https://service.mail.qq.com/detail/0/53

	at org.springframework.mail.javamail.JavaMailSenderImpl.doSend(JavaMailSenderImpl.java:440) ~[spring-context-support-5.2.0.RELEASE.jar:5.2.0.RELEASE]
	at org.springframework.mail.javamail.JavaMailSenderImpl.send(JavaMailSenderImpl.java:361) ~[spring-context-support-5.2.0.RELEASE.jar:5.2.0.RELEASE]
	at org.springframework.mail.javamail.JavaMailSenderImpl.send(JavaMailSenderImpl.java:356) ~[spring-context-support-5.2.0.RELEASE.jar:5.2.0.RELEASE]
	at com.system.assessment.service.Impl.EmailServiceImpl.sendMessage(EmailServiceImpl.java:49) ~[classes/:?]
	at sun.reflect.NativeMethodAccessorImpl.invoke0(Native Method) ~[?:1.8.0_301]
	at sun.reflect.NativeMethodAccessorImpl.invoke(NativeMethodAccessorImpl.java:62) ~[?:1.8.0_301]
	at sun.reflect.DelegatingMethodAccessorImpl.invoke(DelegatingMethodAccessorImpl.java:43) ~[?:1.8.0_301]
	at java.lang.reflect.Method.invoke(Method.java:498) ~[?:1.8.0_301]
	at org.springframework.aop.support.AopUtils.invokeJoinpointUsingReflection(AopUtils.java:344) ~[spring-aop-5.2.0.RELEASE.jar:5.2.0.RELEASE]
	at org.springframework.aop.framework.ReflectiveMethodInvocation.invokeJoinpoint(ReflectiveMethodInvocation.java:198) ~[spring-aop-5.2.0.RELEASE.jar:5.2.0.RELEASE]
	at org.springframework.aop.framework.ReflectiveMethodInvocation.proceed(ReflectiveMethodInvocation.java:163) ~[spring-aop-5.2.0.RELEASE.jar:5.2.0.RELEASE]
	at org.springframework.aop.interceptor.AsyncExecutionInterceptor.lambda$invoke$0(AsyncExecutionInterceptor.java:115) ~[spring-aop-5.2.0.RELEASE.jar:5.2.0.RELEASE]
	at java.util.concurrent.FutureTask.run(FutureTask.java:266) [?:1.8.0_301]
	at java.util.concurrent.ThreadPoolExecutor.runWorker(ThreadPoolExecutor.java:1149) [?:1.8.0_301]
	at java.util.concurrent.ThreadPoolExecutor$Worker.run(ThreadPoolExecutor.java:624) [?:1.8.0_301]
	at java.lang.Thread.run(Thread.java:748) [?:1.8.0_301]
Caused by: javax.mail.AuthenticationFailedException: 535 Login Fail. Please enter your authorization code to login. More information in https://service.mail.qq.com/detail/0/53

	at com.sun.mail.smtp.SMTPTransport$Authenticator.authenticate(SMTPTransport.java:947) ~[jakarta.mail-1.6.4.jar:1.6.4]
	at com.sun.mail.smtp.SMTPTransport.authenticate(SMTPTransport.java:858) ~[jakarta.mail-1.6.4.jar:1.6.4]
	at com.sun.mail.smtp.SMTPTransport.protocolConnect(SMTPTransport.java:762) ~[jakarta.mail-1.6.4.jar:1.6.4]
	at javax.mail.Service.connect(Service.java:342) ~[jakarta.mail-1.6.4.jar:1.6.4]
	at org.springframework.mail.javamail.JavaMailSenderImpl.connectTransport(JavaMailSenderImpl.java:518) ~[spring-context-support-5.2.0.RELEASE.jar:5.2.0.RELEASE]
	at org.springframework.mail.javamail.JavaMailSenderImpl.doSend(JavaMailSenderImpl.java:437) ~[spring-context-support-5.2.0.RELEASE.jar:5.2.0.RELEASE]
	... 15 more
2024-11-14 14:44:49.072 +0800	ERROR	org.springframework.aop.interceptor.SimpleAsyncUncaughtExceptionHandler	39	EmailExecutor-5	Unexpected exception occurred invoking async method: public void com.system.assessment.service.Impl.EmailServiceImpl.sendMessage(java.lang.String,java.lang.String,java.lang.String)
org.springframework.mail.MailAuthenticationException: Authentication failed; nested exception is javax.mail.AuthenticationFailedException: 535 Login Fail. Please enter your authorization code to login. More information in https://service.mail.qq.com/detail/0/53

	at org.springframework.mail.javamail.JavaMailSenderImpl.doSend(JavaMailSenderImpl.java:440) ~[spring-context-support-5.2.0.RELEASE.jar:5.2.0.RELEASE]
	at org.springframework.mail.javamail.JavaMailSenderImpl.send(JavaMailSenderImpl.java:361) ~[spring-context-support-5.2.0.RELEASE.jar:5.2.0.RELEASE]
	at org.springframework.mail.javamail.JavaMailSenderImpl.send(JavaMailSenderImpl.java:356) ~[spring-context-support-5.2.0.RELEASE.jar:5.2.0.RELEASE]
	at com.system.assessment.service.Impl.EmailServiceImpl.sendMessage(EmailServiceImpl.java:49) ~[classes/:?]
	at sun.reflect.NativeMethodAccessorImpl.invoke0(Native Method) ~[?:1.8.0_301]
	at sun.reflect.NativeMethodAccessorImpl.invoke(NativeMethodAccessorImpl.java:62) ~[?:1.8.0_301]
	at sun.reflect.DelegatingMethodAccessorImpl.invoke(DelegatingMethodAccessorImpl.java:43) ~[?:1.8.0_301]
	at java.lang.reflect.Method.invoke(Method.java:498) ~[?:1.8.0_301]
	at org.springframework.aop.support.AopUtils.invokeJoinpointUsingReflection(AopUtils.java:344) ~[spring-aop-5.2.0.RELEASE.jar:5.2.0.RELEASE]
	at org.springframework.aop.framework.ReflectiveMethodInvocation.invokeJoinpoint(ReflectiveMethodInvocation.java:198) ~[spring-aop-5.2.0.RELEASE.jar:5.2.0.RELEASE]
	at org.springframework.aop.framework.ReflectiveMethodInvocation.proceed(ReflectiveMethodInvocation.java:163) ~[spring-aop-5.2.0.RELEASE.jar:5.2.0.RELEASE]
	at org.springframework.aop.interceptor.AsyncExecutionInterceptor.lambda$invoke$0(AsyncExecutionInterceptor.java:115) ~[spring-aop-5.2.0.RELEASE.jar:5.2.0.RELEASE]
	at java.util.concurrent.FutureTask.run(FutureTask.java:266) [?:1.8.0_301]
	at java.util.concurrent.ThreadPoolExecutor.runWorker(ThreadPoolExecutor.java:1149) [?:1.8.0_301]
	at java.util.concurrent.ThreadPoolExecutor$Worker.run(ThreadPoolExecutor.java:624) [?:1.8.0_301]
	at java.lang.Thread.run(Thread.java:748) [?:1.8.0_301]
Caused by: javax.mail.AuthenticationFailedException: 535 Login Fail. Please enter your authorization code to login. More information in https://service.mail.qq.com/detail/0/53

	at com.sun.mail.smtp.SMTPTransport$Authenticator.authenticate(SMTPTransport.java:947) ~[jakarta.mail-1.6.4.jar:1.6.4]
	at com.sun.mail.smtp.SMTPTransport.authenticate(SMTPTransport.java:858) ~[jakarta.mail-1.6.4.jar:1.6.4]
	at com.sun.mail.smtp.SMTPTransport.protocolConnect(SMTPTransport.java:762) ~[jakarta.mail-1.6.4.jar:1.6.4]
	at javax.mail.Service.connect(Service.java:342) ~[jakarta.mail-1.6.4.jar:1.6.4]
	at org.springframework.mail.javamail.JavaMailSenderImpl.connectTransport(JavaMailSenderImpl.java:518) ~[spring-context-support-5.2.0.RELEASE.jar:5.2.0.RELEASE]
	at org.springframework.mail.javamail.JavaMailSenderImpl.doSend(JavaMailSenderImpl.java:437) ~[spring-context-support-5.2.0.RELEASE.jar:5.2.0.RELEASE]
	... 15 more
2024-11-14 14:44:49.931 +0800	ERROR	org.springframework.aop.interceptor.SimpleAsyncUncaughtExceptionHandler	39	EmailExecutor-4	Unexpected exception occurred invoking async method: public void com.system.assessment.service.Impl.EmailServiceImpl.sendMessage(java.lang.String,java.lang.String,java.lang.String)
org.springframework.mail.MailAuthenticationException: Authentication failed; nested exception is javax.mail.AuthenticationFailedException: 535 Login Fail. Please enter your authorization code to login. More information in https://service.mail.qq.com/detail/0/53

	at org.springframework.mail.javamail.JavaMailSenderImpl.doSend(JavaMailSenderImpl.java:440) ~[spring-context-support-5.2.0.RELEASE.jar:5.2.0.RELEASE]
	at org.springframework.mail.javamail.JavaMailSenderImpl.send(JavaMailSenderImpl.java:361) ~[spring-context-support-5.2.0.RELEASE.jar:5.2.0.RELEASE]
	at org.springframework.mail.javamail.JavaMailSenderImpl.send(JavaMailSenderImpl.java:356) ~[spring-context-support-5.2.0.RELEASE.jar:5.2.0.RELEASE]
	at com.system.assessment.service.Impl.EmailServiceImpl.sendMessage(EmailServiceImpl.java:49) ~[classes/:?]
	at sun.reflect.NativeMethodAccessorImpl.invoke0(Native Method) ~[?:1.8.0_301]
	at sun.reflect.NativeMethodAccessorImpl.invoke(NativeMethodAccessorImpl.java:62) ~[?:1.8.0_301]
	at sun.reflect.DelegatingMethodAccessorImpl.invoke(DelegatingMethodAccessorImpl.java:43) ~[?:1.8.0_301]
	at java.lang.reflect.Method.invoke(Method.java:498) ~[?:1.8.0_301]
	at org.springframework.aop.support.AopUtils.invokeJoinpointUsingReflection(AopUtils.java:344) ~[spring-aop-5.2.0.RELEASE.jar:5.2.0.RELEASE]
	at org.springframework.aop.framework.ReflectiveMethodInvocation.invokeJoinpoint(ReflectiveMethodInvocation.java:198) ~[spring-aop-5.2.0.RELEASE.jar:5.2.0.RELEASE]
	at org.springframework.aop.framework.ReflectiveMethodInvocation.proceed(ReflectiveMethodInvocation.java:163) ~[spring-aop-5.2.0.RELEASE.jar:5.2.0.RELEASE]
	at org.springframework.aop.interceptor.AsyncExecutionInterceptor.lambda$invoke$0(AsyncExecutionInterceptor.java:115) ~[spring-aop-5.2.0.RELEASE.jar:5.2.0.RELEASE]
	at java.util.concurrent.FutureTask.run(FutureTask.java:266) [?:1.8.0_301]
	at java.util.concurrent.ThreadPoolExecutor.runWorker(ThreadPoolExecutor.java:1149) [?:1.8.0_301]
	at java.util.concurrent.ThreadPoolExecutor$Worker.run(ThreadPoolExecutor.java:624) [?:1.8.0_301]
	at java.lang.Thread.run(Thread.java:748) [?:1.8.0_301]
Caused by: javax.mail.AuthenticationFailedException: 535 Login Fail. Please enter your authorization code to login. More information in https://service.mail.qq.com/detail/0/53

	at com.sun.mail.smtp.SMTPTransport$Authenticator.authenticate(SMTPTransport.java:947) ~[jakarta.mail-1.6.4.jar:1.6.4]
	at com.sun.mail.smtp.SMTPTransport.authenticate(SMTPTransport.java:858) ~[jakarta.mail-1.6.4.jar:1.6.4]
	at com.sun.mail.smtp.SMTPTransport.protocolConnect(SMTPTransport.java:762) ~[jakarta.mail-1.6.4.jar:1.6.4]
	at javax.mail.Service.connect(Service.java:342) ~[jakarta.mail-1.6.4.jar:1.6.4]
	at org.springframework.mail.javamail.JavaMailSenderImpl.connectTransport(JavaMailSenderImpl.java:518) ~[spring-context-support-5.2.0.RELEASE.jar:5.2.0.RELEASE]
	at org.springframework.mail.javamail.JavaMailSenderImpl.doSend(JavaMailSenderImpl.java:437) ~[spring-context-support-5.2.0.RELEASE.jar:5.2.0.RELEASE]
	... 15 more
2024-11-14 14:44:49.941 +0800	ERROR	org.springframework.aop.interceptor.SimpleAsyncUncaughtExceptionHandler	39	EmailExecutor-2	Unexpected exception occurred invoking async method: public void com.system.assessment.service.Impl.EmailServiceImpl.sendMessage(java.lang.String,java.lang.String,java.lang.String)
org.springframework.mail.MailAuthenticationException: Authentication failed; nested exception is javax.mail.AuthenticationFailedException: 535 Login Fail. Please enter your authorization code to login. More information in https://service.mail.qq.com/detail/0/53

	at org.springframework.mail.javamail.JavaMailSenderImpl.doSend(JavaMailSenderImpl.java:440) ~[spring-context-support-5.2.0.RELEASE.jar:5.2.0.RELEASE]
	at org.springframework.mail.javamail.JavaMailSenderImpl.send(JavaMailSenderImpl.java:361) ~[spring-context-support-5.2.0.RELEASE.jar:5.2.0.RELEASE]
	at org.springframework.mail.javamail.JavaMailSenderImpl.send(JavaMailSenderImpl.java:356) ~[spring-context-support-5.2.0.RELEASE.jar:5.2.0.RELEASE]
	at com.system.assessment.service.Impl.EmailServiceImpl.sendMessage(EmailServiceImpl.java:49) ~[classes/:?]
	at sun.reflect.NativeMethodAccessorImpl.invoke0(Native Method) ~[?:1.8.0_301]
	at sun.reflect.NativeMethodAccessorImpl.invoke(NativeMethodAccessorImpl.java:62) ~[?:1.8.0_301]
	at sun.reflect.DelegatingMethodAccessorImpl.invoke(DelegatingMethodAccessorImpl.java:43) ~[?:1.8.0_301]
	at java.lang.reflect.Method.invoke(Method.java:498) ~[?:1.8.0_301]
	at org.springframework.aop.support.AopUtils.invokeJoinpointUsingReflection(AopUtils.java:344) ~[spring-aop-5.2.0.RELEASE.jar:5.2.0.RELEASE]
	at org.springframework.aop.framework.ReflectiveMethodInvocation.invokeJoinpoint(ReflectiveMethodInvocation.java:198) ~[spring-aop-5.2.0.RELEASE.jar:5.2.0.RELEASE]
	at org.springframework.aop.framework.ReflectiveMethodInvocation.proceed(ReflectiveMethodInvocation.java:163) ~[spring-aop-5.2.0.RELEASE.jar:5.2.0.RELEASE]
	at org.springframework.aop.interceptor.AsyncExecutionInterceptor.lambda$invoke$0(AsyncExecutionInterceptor.java:115) ~[spring-aop-5.2.0.RELEASE.jar:5.2.0.RELEASE]
	at java.util.concurrent.FutureTask.run(FutureTask.java:266) [?:1.8.0_301]
	at java.util.concurrent.ThreadPoolExecutor.runWorker(ThreadPoolExecutor.java:1149) [?:1.8.0_301]
	at java.util.concurrent.ThreadPoolExecutor$Worker.run(ThreadPoolExecutor.java:624) [?:1.8.0_301]
	at java.lang.Thread.run(Thread.java:748) [?:1.8.0_301]
Caused by: javax.mail.AuthenticationFailedException: 535 Login Fail. Please enter your authorization code to login. More information in https://service.mail.qq.com/detail/0/53

	at com.sun.mail.smtp.SMTPTransport$Authenticator.authenticate(SMTPTransport.java:947) ~[jakarta.mail-1.6.4.jar:1.6.4]
	at com.sun.mail.smtp.SMTPTransport.authenticate(SMTPTransport.java:858) ~[jakarta.mail-1.6.4.jar:1.6.4]
	at com.sun.mail.smtp.SMTPTransport.protocolConnect(SMTPTransport.java:762) ~[jakarta.mail-1.6.4.jar:1.6.4]
	at javax.mail.Service.connect(Service.java:342) ~[jakarta.mail-1.6.4.jar:1.6.4]
	at org.springframework.mail.javamail.JavaMailSenderImpl.connectTransport(JavaMailSenderImpl.java:518) ~[spring-context-support-5.2.0.RELEASE.jar:5.2.0.RELEASE]
	at org.springframework.mail.javamail.JavaMailSenderImpl.doSend(JavaMailSenderImpl.java:437) ~[spring-context-support-5.2.0.RELEASE.jar:5.2.0.RELEASE]
	... 15 more
2024-11-14 14:44:49.950 +0800	ERROR	org.springframework.aop.interceptor.SimpleAsyncUncaughtExceptionHandler	39	EmailExecutor-3	Unexpected exception occurred invoking async method: public void com.system.assessment.service.Impl.EmailServiceImpl.sendMessage(java.lang.String,java.lang.String,java.lang.String)
org.springframework.mail.MailAuthenticationException: Authentication failed; nested exception is javax.mail.AuthenticationFailedException: 535 Login Fail. Please enter your authorization code to login. More information in https://service.mail.qq.com/detail/0/53

	at org.springframework.mail.javamail.JavaMailSenderImpl.doSend(JavaMailSenderImpl.java:440) ~[spring-context-support-5.2.0.RELEASE.jar:5.2.0.RELEASE]
	at org.springframework.mail.javamail.JavaMailSenderImpl.send(JavaMailSenderImpl.java:361) ~[spring-context-support-5.2.0.RELEASE.jar:5.2.0.RELEASE]
	at org.springframework.mail.javamail.JavaMailSenderImpl.send(JavaMailSenderImpl.java:356) ~[spring-context-support-5.2.0.RELEASE.jar:5.2.0.RELEASE]
	at com.system.assessment.service.Impl.EmailServiceImpl.sendMessage(EmailServiceImpl.java:49) ~[classes/:?]
	at sun.reflect.NativeMethodAccessorImpl.invoke0(Native Method) ~[?:1.8.0_301]
	at sun.reflect.NativeMethodAccessorImpl.invoke(NativeMethodAccessorImpl.java:62) ~[?:1.8.0_301]
	at sun.reflect.DelegatingMethodAccessorImpl.invoke(DelegatingMethodAccessorImpl.java:43) ~[?:1.8.0_301]
	at java.lang.reflect.Method.invoke(Method.java:498) ~[?:1.8.0_301]
	at org.springframework.aop.support.AopUtils.invokeJoinpointUsingReflection(AopUtils.java:344) ~[spring-aop-5.2.0.RELEASE.jar:5.2.0.RELEASE]
	at org.springframework.aop.framework.ReflectiveMethodInvocation.invokeJoinpoint(ReflectiveMethodInvocation.java:198) ~[spring-aop-5.2.0.RELEASE.jar:5.2.0.RELEASE]
	at org.springframework.aop.framework.ReflectiveMethodInvocation.proceed(ReflectiveMethodInvocation.java:163) ~[spring-aop-5.2.0.RELEASE.jar:5.2.0.RELEASE]
	at org.springframework.aop.interceptor.AsyncExecutionInterceptor.lambda$invoke$0(AsyncExecutionInterceptor.java:115) ~[spring-aop-5.2.0.RELEASE.jar:5.2.0.RELEASE]
	at java.util.concurrent.FutureTask.run(FutureTask.java:266) [?:1.8.0_301]
	at java.util.concurrent.ThreadPoolExecutor.runWorker(ThreadPoolExecutor.java:1149) [?:1.8.0_301]
	at java.util.concurrent.ThreadPoolExecutor$Worker.run(ThreadPoolExecutor.java:624) [?:1.8.0_301]
	at java.lang.Thread.run(Thread.java:748) [?:1.8.0_301]
Caused by: javax.mail.AuthenticationFailedException: 535 Login Fail. Please enter your authorization code to login. More information in https://service.mail.qq.com/detail/0/53

	at com.sun.mail.smtp.SMTPTransport$Authenticator.authenticate(SMTPTransport.java:947) ~[jakarta.mail-1.6.4.jar:1.6.4]
	at com.sun.mail.smtp.SMTPTransport.authenticate(SMTPTransport.java:858) ~[jakarta.mail-1.6.4.jar:1.6.4]
	at com.sun.mail.smtp.SMTPTransport.protocolConnect(SMTPTransport.java:762) ~[jakarta.mail-1.6.4.jar:1.6.4]
	at javax.mail.Service.connect(Service.java:342) ~[jakarta.mail-1.6.4.jar:1.6.4]
	at org.springframework.mail.javamail.JavaMailSenderImpl.connectTransport(JavaMailSenderImpl.java:518) ~[spring-context-support-5.2.0.RELEASE.jar:5.2.0.RELEASE]
	at org.springframework.mail.javamail.JavaMailSenderImpl.doSend(JavaMailSenderImpl.java:437) ~[spring-context-support-5.2.0.RELEASE.jar:5.2.0.RELEASE]
	... 15 more
2024-11-14 14:44:49.956 +0800	ERROR	org.springframework.aop.interceptor.SimpleAsyncUncaughtExceptionHandler	39	EmailExecutor-1	Unexpected exception occurred invoking async method: public void com.system.assessment.service.Impl.EmailServiceImpl.sendMessage(java.lang.String,java.lang.String,java.lang.String)
org.springframework.mail.MailAuthenticationException: Authentication failed; nested exception is javax.mail.AuthenticationFailedException: 535 Login Fail. Please enter your authorization code to login. More information in https://service.mail.qq.com/detail/0/53

	at org.springframework.mail.javamail.JavaMailSenderImpl.doSend(JavaMailSenderImpl.java:440) ~[spring-context-support-5.2.0.RELEASE.jar:5.2.0.RELEASE]
	at org.springframework.mail.javamail.JavaMailSenderImpl.send(JavaMailSenderImpl.java:361) ~[spring-context-support-5.2.0.RELEASE.jar:5.2.0.RELEASE]
	at org.springframework.mail.javamail.JavaMailSenderImpl.send(JavaMailSenderImpl.java:356) ~[spring-context-support-5.2.0.RELEASE.jar:5.2.0.RELEASE]
	at com.system.assessment.service.Impl.EmailServiceImpl.sendMessage(EmailServiceImpl.java:49) ~[classes/:?]
	at sun.reflect.NativeMethodAccessorImpl.invoke0(Native Method) ~[?:1.8.0_301]
	at sun.reflect.NativeMethodAccessorImpl.invoke(NativeMethodAccessorImpl.java:62) ~[?:1.8.0_301]
	at sun.reflect.DelegatingMethodAccessorImpl.invoke(DelegatingMethodAccessorImpl.java:43) ~[?:1.8.0_301]
	at java.lang.reflect.Method.invoke(Method.java:498) ~[?:1.8.0_301]
	at org.springframework.aop.support.AopUtils.invokeJoinpointUsingReflection(AopUtils.java:344) ~[spring-aop-5.2.0.RELEASE.jar:5.2.0.RELEASE]
	at org.springframework.aop.framework.ReflectiveMethodInvocation.invokeJoinpoint(ReflectiveMethodInvocation.java:198) ~[spring-aop-5.2.0.RELEASE.jar:5.2.0.RELEASE]
	at org.springframework.aop.framework.ReflectiveMethodInvocation.proceed(ReflectiveMethodInvocation.java:163) ~[spring-aop-5.2.0.RELEASE.jar:5.2.0.RELEASE]
	at org.springframework.aop.interceptor.AsyncExecutionInterceptor.lambda$invoke$0(AsyncExecutionInterceptor.java:115) ~[spring-aop-5.2.0.RELEASE.jar:5.2.0.RELEASE]
	at java.util.concurrent.FutureTask.run(FutureTask.java:266) [?:1.8.0_301]
	at java.util.concurrent.ThreadPoolExecutor.runWorker(ThreadPoolExecutor.java:1149) [?:1.8.0_301]
	at java.util.concurrent.ThreadPoolExecutor$Worker.run(ThreadPoolExecutor.java:624) [?:1.8.0_301]
	at java.lang.Thread.run(Thread.java:748) [?:1.8.0_301]
Caused by: javax.mail.AuthenticationFailedException: 535 Login Fail. Please enter your authorization code to login. More information in https://service.mail.qq.com/detail/0/53

	at com.sun.mail.smtp.SMTPTransport$Authenticator.authenticate(SMTPTransport.java:947) ~[jakarta.mail-1.6.4.jar:1.6.4]
	at com.sun.mail.smtp.SMTPTransport.authenticate(SMTPTransport.java:858) ~[jakarta.mail-1.6.4.jar:1.6.4]
	at com.sun.mail.smtp.SMTPTransport.protocolConnect(SMTPTransport.java:762) ~[jakarta.mail-1.6.4.jar:1.6.4]
	at javax.mail.Service.connect(Service.java:342) ~[jakarta.mail-1.6.4.jar:1.6.4]
	at org.springframework.mail.javamail.JavaMailSenderImpl.connectTransport(JavaMailSenderImpl.java:518) ~[spring-context-support-5.2.0.RELEASE.jar:5.2.0.RELEASE]
	at org.springframework.mail.javamail.JavaMailSenderImpl.doSend(JavaMailSenderImpl.java:437) ~[spring-context-support-5.2.0.RELEASE.jar:5.2.0.RELEASE]
	... 15 more
2024-11-14 14:44:49.988 +0800	ERROR	org.springframework.aop.interceptor.SimpleAsyncUncaughtExceptionHandler	39	EmailExecutor-5	Unexpected exception occurred invoking async method: public void com.system.assessment.service.Impl.EmailServiceImpl.sendMessage(java.lang.String,java.lang.String,java.lang.String)
org.springframework.mail.MailAuthenticationException: Authentication failed; nested exception is javax.mail.AuthenticationFailedException: 535 Login Fail. Please enter your authorization code to login. More information in https://service.mail.qq.com/detail/0/53

	at org.springframework.mail.javamail.JavaMailSenderImpl.doSend(JavaMailSenderImpl.java:440) ~[spring-context-support-5.2.0.RELEASE.jar:5.2.0.RELEASE]
	at org.springframework.mail.javamail.JavaMailSenderImpl.send(JavaMailSenderImpl.java:361) ~[spring-context-support-5.2.0.RELEASE.jar:5.2.0.RELEASE]
	at org.springframework.mail.javamail.JavaMailSenderImpl.send(JavaMailSenderImpl.java:356) ~[spring-context-support-5.2.0.RELEASE.jar:5.2.0.RELEASE]
	at com.system.assessment.service.Impl.EmailServiceImpl.sendMessage(EmailServiceImpl.java:49) ~[classes/:?]
	at sun.reflect.NativeMethodAccessorImpl.invoke0(Native Method) ~[?:1.8.0_301]
	at sun.reflect.NativeMethodAccessorImpl.invoke(NativeMethodAccessorImpl.java:62) ~[?:1.8.0_301]
	at sun.reflect.DelegatingMethodAccessorImpl.invoke(DelegatingMethodAccessorImpl.java:43) ~[?:1.8.0_301]
	at java.lang.reflect.Method.invoke(Method.java:498) ~[?:1.8.0_301]
	at org.springframework.aop.support.AopUtils.invokeJoinpointUsingReflection(AopUtils.java:344) ~[spring-aop-5.2.0.RELEASE.jar:5.2.0.RELEASE]
	at org.springframework.aop.framework.ReflectiveMethodInvocation.invokeJoinpoint(ReflectiveMethodInvocation.java:198) ~[spring-aop-5.2.0.RELEASE.jar:5.2.0.RELEASE]
	at org.springframework.aop.framework.ReflectiveMethodInvocation.proceed(ReflectiveMethodInvocation.java:163) ~[spring-aop-5.2.0.RELEASE.jar:5.2.0.RELEASE]
	at org.springframework.aop.interceptor.AsyncExecutionInterceptor.lambda$invoke$0(AsyncExecutionInterceptor.java:115) ~[spring-aop-5.2.0.RELEASE.jar:5.2.0.RELEASE]
	at java.util.concurrent.FutureTask.run(FutureTask.java:266) [?:1.8.0_301]
	at java.util.concurrent.ThreadPoolExecutor.runWorker(ThreadPoolExecutor.java:1149) [?:1.8.0_301]
	at java.util.concurrent.ThreadPoolExecutor$Worker.run(ThreadPoolExecutor.java:624) [?:1.8.0_301]
	at java.lang.Thread.run(Thread.java:748) [?:1.8.0_301]
Caused by: javax.mail.AuthenticationFailedException: 535 Login Fail. Please enter your authorization code to login. More information in https://service.mail.qq.com/detail/0/53

	at com.sun.mail.smtp.SMTPTransport$Authenticator.authenticate(SMTPTransport.java:947) ~[jakarta.mail-1.6.4.jar:1.6.4]
	at com.sun.mail.smtp.SMTPTransport.authenticate(SMTPTransport.java:858) ~[jakarta.mail-1.6.4.jar:1.6.4]
	at com.sun.mail.smtp.SMTPTransport.protocolConnect(SMTPTransport.java:762) ~[jakarta.mail-1.6.4.jar:1.6.4]
	at javax.mail.Service.connect(Service.java:342) ~[jakarta.mail-1.6.4.jar:1.6.4]
	at org.springframework.mail.javamail.JavaMailSenderImpl.connectTransport(JavaMailSenderImpl.java:518) ~[spring-context-support-5.2.0.RELEASE.jar:5.2.0.RELEASE]
	at org.springframework.mail.javamail.JavaMailSenderImpl.doSend(JavaMailSenderImpl.java:437) ~[spring-context-support-5.2.0.RELEASE.jar:5.2.0.RELEASE]
	... 15 more
2024-11-14 14:44:50.814 +0800	ERROR	org.springframework.aop.interceptor.SimpleAsyncUncaughtExceptionHandler	39	EmailExecutor-4	Unexpected exception occurred invoking async method: public void com.system.assessment.service.Impl.EmailServiceImpl.sendMessage(java.lang.String,java.lang.String,java.lang.String)
org.springframework.mail.MailAuthenticationException: Authentication failed; nested exception is javax.mail.AuthenticationFailedException: 535 Login Fail. Please enter your authorization code to login. More information in https://service.mail.qq.com/detail/0/53

	at org.springframework.mail.javamail.JavaMailSenderImpl.doSend(JavaMailSenderImpl.java:440) ~[spring-context-support-5.2.0.RELEASE.jar:5.2.0.RELEASE]
	at org.springframework.mail.javamail.JavaMailSenderImpl.send(JavaMailSenderImpl.java:361) ~[spring-context-support-5.2.0.RELEASE.jar:5.2.0.RELEASE]
	at org.springframework.mail.javamail.JavaMailSenderImpl.send(JavaMailSenderImpl.java:356) ~[spring-context-support-5.2.0.RELEASE.jar:5.2.0.RELEASE]
	at com.system.assessment.service.Impl.EmailServiceImpl.sendMessage(EmailServiceImpl.java:49) ~[classes/:?]
	at sun.reflect.NativeMethodAccessorImpl.invoke0(Native Method) ~[?:1.8.0_301]
	at sun.reflect.NativeMethodAccessorImpl.invoke(NativeMethodAccessorImpl.java:62) ~[?:1.8.0_301]
	at sun.reflect.DelegatingMethodAccessorImpl.invoke(DelegatingMethodAccessorImpl.java:43) ~[?:1.8.0_301]
	at java.lang.reflect.Method.invoke(Method.java:498) ~[?:1.8.0_301]
	at org.springframework.aop.support.AopUtils.invokeJoinpointUsingReflection(AopUtils.java:344) ~[spring-aop-5.2.0.RELEASE.jar:5.2.0.RELEASE]
	at org.springframework.aop.framework.ReflectiveMethodInvocation.invokeJoinpoint(ReflectiveMethodInvocation.java:198) ~[spring-aop-5.2.0.RELEASE.jar:5.2.0.RELEASE]
	at org.springframework.aop.framework.ReflectiveMethodInvocation.proceed(ReflectiveMethodInvocation.java:163) ~[spring-aop-5.2.0.RELEASE.jar:5.2.0.RELEASE]
	at org.springframework.aop.interceptor.AsyncExecutionInterceptor.lambda$invoke$0(AsyncExecutionInterceptor.java:115) ~[spring-aop-5.2.0.RELEASE.jar:5.2.0.RELEASE]
	at java.util.concurrent.FutureTask.run(FutureTask.java:266) [?:1.8.0_301]
	at java.util.concurrent.ThreadPoolExecutor.runWorker(ThreadPoolExecutor.java:1149) [?:1.8.0_301]
	at java.util.concurrent.ThreadPoolExecutor$Worker.run(ThreadPoolExecutor.java:624) [?:1.8.0_301]
	at java.lang.Thread.run(Thread.java:748) [?:1.8.0_301]
Caused by: javax.mail.AuthenticationFailedException: 535 Login Fail. Please enter your authorization code to login. More information in https://service.mail.qq.com/detail/0/53

	at com.sun.mail.smtp.SMTPTransport$Authenticator.authenticate(SMTPTransport.java:947) ~[jakarta.mail-1.6.4.jar:1.6.4]
	at com.sun.mail.smtp.SMTPTransport.authenticate(SMTPTransport.java:858) ~[jakarta.mail-1.6.4.jar:1.6.4]
	at com.sun.mail.smtp.SMTPTransport.protocolConnect(SMTPTransport.java:762) ~[jakarta.mail-1.6.4.jar:1.6.4]
	at javax.mail.Service.connect(Service.java:342) ~[jakarta.mail-1.6.4.jar:1.6.4]
	at org.springframework.mail.javamail.JavaMailSenderImpl.connectTransport(JavaMailSenderImpl.java:518) ~[spring-context-support-5.2.0.RELEASE.jar:5.2.0.RELEASE]
	at org.springframework.mail.javamail.JavaMailSenderImpl.doSend(JavaMailSenderImpl.java:437) ~[spring-context-support-5.2.0.RELEASE.jar:5.2.0.RELEASE]
	... 15 more
2024-11-14 14:47:54.924 +0800	ERROR	org.springframework.aop.interceptor.SimpleAsyncUncaughtExceptionHandler	39	EmailExecutor-1	Unexpected exception occurred invoking async method: public void com.system.assessment.service.Impl.EmailServiceImpl.sendMessage(java.lang.String,java.lang.String,java.lang.String)
org.springframework.mail.MailAuthenticationException: Authentication failed; nested exception is javax.mail.AuthenticationFailedException: 535 Login Fail. Please enter your authorization code to login. More information in https://service.mail.qq.com/detail/0/53

	at org.springframework.mail.javamail.JavaMailSenderImpl.doSend(JavaMailSenderImpl.java:440) ~[spring-context-support-5.2.0.RELEASE.jar:5.2.0.RELEASE]
	at org.springframework.mail.javamail.JavaMailSenderImpl.send(JavaMailSenderImpl.java:361) ~[spring-context-support-5.2.0.RELEASE.jar:5.2.0.RELEASE]
	at org.springframework.mail.javamail.JavaMailSenderImpl.send(JavaMailSenderImpl.java:356) ~[spring-context-support-5.2.0.RELEASE.jar:5.2.0.RELEASE]
	at com.system.assessment.service.Impl.EmailServiceImpl.sendMessage(EmailServiceImpl.java:49) ~[classes/:?]
	at sun.reflect.NativeMethodAccessorImpl.invoke0(Native Method) ~[?:1.8.0_301]
	at sun.reflect.NativeMethodAccessorImpl.invoke(NativeMethodAccessorImpl.java:62) ~[?:1.8.0_301]
	at sun.reflect.DelegatingMethodAccessorImpl.invoke(DelegatingMethodAccessorImpl.java:43) ~[?:1.8.0_301]
	at java.lang.reflect.Method.invoke(Method.java:498) ~[?:1.8.0_301]
	at org.springframework.aop.support.AopUtils.invokeJoinpointUsingReflection(AopUtils.java:344) ~[spring-aop-5.2.0.RELEASE.jar:5.2.0.RELEASE]
	at org.springframework.aop.framework.ReflectiveMethodInvocation.invokeJoinpoint(ReflectiveMethodInvocation.java:198) ~[spring-aop-5.2.0.RELEASE.jar:5.2.0.RELEASE]
	at org.springframework.aop.framework.ReflectiveMethodInvocation.proceed(ReflectiveMethodInvocation.java:163) ~[spring-aop-5.2.0.RELEASE.jar:5.2.0.RELEASE]
	at org.springframework.aop.interceptor.AsyncExecutionInterceptor.lambda$invoke$0(AsyncExecutionInterceptor.java:115) ~[spring-aop-5.2.0.RELEASE.jar:5.2.0.RELEASE]
	at java.util.concurrent.FutureTask.run(FutureTask.java:266) [?:1.8.0_301]
	at java.util.concurrent.ThreadPoolExecutor.runWorker(ThreadPoolExecutor.java:1149) [?:1.8.0_301]
	at java.util.concurrent.ThreadPoolExecutor$Worker.run(ThreadPoolExecutor.java:624) [?:1.8.0_301]
	at java.lang.Thread.run(Thread.java:748) [?:1.8.0_301]
Caused by: javax.mail.AuthenticationFailedException: 535 Login Fail. Please enter your authorization code to login. More information in https://service.mail.qq.com/detail/0/53

	at com.sun.mail.smtp.SMTPTransport$Authenticator.authenticate(SMTPTransport.java:947) ~[jakarta.mail-1.6.4.jar:1.6.4]
	at com.sun.mail.smtp.SMTPTransport.authenticate(SMTPTransport.java:858) ~[jakarta.mail-1.6.4.jar:1.6.4]
	at com.sun.mail.smtp.SMTPTransport.protocolConnect(SMTPTransport.java:762) ~[jakarta.mail-1.6.4.jar:1.6.4]
	at javax.mail.Service.connect(Service.java:342) ~[jakarta.mail-1.6.4.jar:1.6.4]
	at org.springframework.mail.javamail.JavaMailSenderImpl.connectTransport(JavaMailSenderImpl.java:518) ~[spring-context-support-5.2.0.RELEASE.jar:5.2.0.RELEASE]
	at org.springframework.mail.javamail.JavaMailSenderImpl.doSend(JavaMailSenderImpl.java:437) ~[spring-context-support-5.2.0.RELEASE.jar:5.2.0.RELEASE]
	... 15 more
2024-11-14 14:47:54.932 +0800	ERROR	org.springframework.aop.interceptor.SimpleAsyncUncaughtExceptionHandler	39	EmailExecutor-5	Unexpected exception occurred invoking async method: public void com.system.assessment.service.Impl.EmailServiceImpl.sendMessage(java.lang.String,java.lang.String,java.lang.String)
org.springframework.mail.MailAuthenticationException: Authentication failed; nested exception is javax.mail.AuthenticationFailedException: 535 Login Fail. Please enter your authorization code to login. More information in https://service.mail.qq.com/detail/0/53

	at org.springframework.mail.javamail.JavaMailSenderImpl.doSend(JavaMailSenderImpl.java:440) ~[spring-context-support-5.2.0.RELEASE.jar:5.2.0.RELEASE]
	at org.springframework.mail.javamail.JavaMailSenderImpl.send(JavaMailSenderImpl.java:361) ~[spring-context-support-5.2.0.RELEASE.jar:5.2.0.RELEASE]
	at org.springframework.mail.javamail.JavaMailSenderImpl.send(JavaMailSenderImpl.java:356) ~[spring-context-support-5.2.0.RELEASE.jar:5.2.0.RELEASE]
	at com.system.assessment.service.Impl.EmailServiceImpl.sendMessage(EmailServiceImpl.java:49) ~[classes/:?]
	at sun.reflect.NativeMethodAccessorImpl.invoke0(Native Method) ~[?:1.8.0_301]
	at sun.reflect.NativeMethodAccessorImpl.invoke(NativeMethodAccessorImpl.java:62) ~[?:1.8.0_301]
	at sun.reflect.DelegatingMethodAccessorImpl.invoke(DelegatingMethodAccessorImpl.java:43) ~[?:1.8.0_301]
	at java.lang.reflect.Method.invoke(Method.java:498) ~[?:1.8.0_301]
	at org.springframework.aop.support.AopUtils.invokeJoinpointUsingReflection(AopUtils.java:344) ~[spring-aop-5.2.0.RELEASE.jar:5.2.0.RELEASE]
	at org.springframework.aop.framework.ReflectiveMethodInvocation.invokeJoinpoint(ReflectiveMethodInvocation.java:198) ~[spring-aop-5.2.0.RELEASE.jar:5.2.0.RELEASE]
	at org.springframework.aop.framework.ReflectiveMethodInvocation.proceed(ReflectiveMethodInvocation.java:163) ~[spring-aop-5.2.0.RELEASE.jar:5.2.0.RELEASE]
	at org.springframework.aop.interceptor.AsyncExecutionInterceptor.lambda$invoke$0(AsyncExecutionInterceptor.java:115) ~[spring-aop-5.2.0.RELEASE.jar:5.2.0.RELEASE]
	at java.util.concurrent.FutureTask.run(FutureTask.java:266) [?:1.8.0_301]
	at java.util.concurrent.ThreadPoolExecutor.runWorker(ThreadPoolExecutor.java:1149) [?:1.8.0_301]
	at java.util.concurrent.ThreadPoolExecutor$Worker.run(ThreadPoolExecutor.java:624) [?:1.8.0_301]
	at java.lang.Thread.run(Thread.java:748) [?:1.8.0_301]
Caused by: javax.mail.AuthenticationFailedException: 535 Login Fail. Please enter your authorization code to login. More information in https://service.mail.qq.com/detail/0/53

	at com.sun.mail.smtp.SMTPTransport$Authenticator.authenticate(SMTPTransport.java:947) ~[jakarta.mail-1.6.4.jar:1.6.4]
	at com.sun.mail.smtp.SMTPTransport.authenticate(SMTPTransport.java:858) ~[jakarta.mail-1.6.4.jar:1.6.4]
	at com.sun.mail.smtp.SMTPTransport.protocolConnect(SMTPTransport.java:762) ~[jakarta.mail-1.6.4.jar:1.6.4]
	at javax.mail.Service.connect(Service.java:342) ~[jakarta.mail-1.6.4.jar:1.6.4]
	at org.springframework.mail.javamail.JavaMailSenderImpl.connectTransport(JavaMailSenderImpl.java:518) ~[spring-context-support-5.2.0.RELEASE.jar:5.2.0.RELEASE]
	at org.springframework.mail.javamail.JavaMailSenderImpl.doSend(JavaMailSenderImpl.java:437) ~[spring-context-support-5.2.0.RELEASE.jar:5.2.0.RELEASE]
	... 15 more
2024-11-14 14:47:54.940 +0800	ERROR	org.springframework.aop.interceptor.SimpleAsyncUncaughtExceptionHandler	39	EmailExecutor-4	Unexpected exception occurred invoking async method: public void com.system.assessment.service.Impl.EmailServiceImpl.sendMessage(java.lang.String,java.lang.String,java.lang.String)
org.springframework.mail.MailAuthenticationException: Authentication failed; nested exception is javax.mail.AuthenticationFailedException: 535 Login Fail. Please enter your authorization code to login. More information in https://service.mail.qq.com/detail/0/53

	at org.springframework.mail.javamail.JavaMailSenderImpl.doSend(JavaMailSenderImpl.java:440) ~[spring-context-support-5.2.0.RELEASE.jar:5.2.0.RELEASE]
	at org.springframework.mail.javamail.JavaMailSenderImpl.send(JavaMailSenderImpl.java:361) ~[spring-context-support-5.2.0.RELEASE.jar:5.2.0.RELEASE]
	at org.springframework.mail.javamail.JavaMailSenderImpl.send(JavaMailSenderImpl.java:356) ~[spring-context-support-5.2.0.RELEASE.jar:5.2.0.RELEASE]
	at com.system.assessment.service.Impl.EmailServiceImpl.sendMessage(EmailServiceImpl.java:49) ~[classes/:?]
	at sun.reflect.NativeMethodAccessorImpl.invoke0(Native Method) ~[?:1.8.0_301]
	at sun.reflect.NativeMethodAccessorImpl.invoke(NativeMethodAccessorImpl.java:62) ~[?:1.8.0_301]
	at sun.reflect.DelegatingMethodAccessorImpl.invoke(DelegatingMethodAccessorImpl.java:43) ~[?:1.8.0_301]
	at java.lang.reflect.Method.invoke(Method.java:498) ~[?:1.8.0_301]
	at org.springframework.aop.support.AopUtils.invokeJoinpointUsingReflection(AopUtils.java:344) ~[spring-aop-5.2.0.RELEASE.jar:5.2.0.RELEASE]
	at org.springframework.aop.framework.ReflectiveMethodInvocation.invokeJoinpoint(ReflectiveMethodInvocation.java:198) ~[spring-aop-5.2.0.RELEASE.jar:5.2.0.RELEASE]
	at org.springframework.aop.framework.ReflectiveMethodInvocation.proceed(ReflectiveMethodInvocation.java:163) ~[spring-aop-5.2.0.RELEASE.jar:5.2.0.RELEASE]
	at org.springframework.aop.interceptor.AsyncExecutionInterceptor.lambda$invoke$0(AsyncExecutionInterceptor.java:115) ~[spring-aop-5.2.0.RELEASE.jar:5.2.0.RELEASE]
	at java.util.concurrent.FutureTask.run(FutureTask.java:266) [?:1.8.0_301]
	at java.util.concurrent.ThreadPoolExecutor.runWorker(ThreadPoolExecutor.java:1149) [?:1.8.0_301]
	at java.util.concurrent.ThreadPoolExecutor$Worker.run(ThreadPoolExecutor.java:624) [?:1.8.0_301]
	at java.lang.Thread.run(Thread.java:748) [?:1.8.0_301]
Caused by: javax.mail.AuthenticationFailedException: 535 Login Fail. Please enter your authorization code to login. More information in https://service.mail.qq.com/detail/0/53

	at com.sun.mail.smtp.SMTPTransport$Authenticator.authenticate(SMTPTransport.java:947) ~[jakarta.mail-1.6.4.jar:1.6.4]
	at com.sun.mail.smtp.SMTPTransport.authenticate(SMTPTransport.java:858) ~[jakarta.mail-1.6.4.jar:1.6.4]
	at com.sun.mail.smtp.SMTPTransport.protocolConnect(SMTPTransport.java:762) ~[jakarta.mail-1.6.4.jar:1.6.4]
	at javax.mail.Service.connect(Service.java:342) ~[jakarta.mail-1.6.4.jar:1.6.4]
	at org.springframework.mail.javamail.JavaMailSenderImpl.connectTransport(JavaMailSenderImpl.java:518) ~[spring-context-support-5.2.0.RELEASE.jar:5.2.0.RELEASE]
	at org.springframework.mail.javamail.JavaMailSenderImpl.doSend(JavaMailSenderImpl.java:437) ~[spring-context-support-5.2.0.RELEASE.jar:5.2.0.RELEASE]
	... 15 more
2024-11-14 14:47:54.955 +0800	ERROR	org.springframework.aop.interceptor.SimpleAsyncUncaughtExceptionHandler	39	EmailExecutor-2	Unexpected exception occurred invoking async method: public void com.system.assessment.service.Impl.EmailServiceImpl.sendMessage(java.lang.String,java.lang.String,java.lang.String)
org.springframework.mail.MailAuthenticationException: Authentication failed; nested exception is javax.mail.AuthenticationFailedException: 535 Login Fail. Please enter your authorization code to login. More information in https://service.mail.qq.com/detail/0/53

	at org.springframework.mail.javamail.JavaMailSenderImpl.doSend(JavaMailSenderImpl.java:440) ~[spring-context-support-5.2.0.RELEASE.jar:5.2.0.RELEASE]
	at org.springframework.mail.javamail.JavaMailSenderImpl.send(JavaMailSenderImpl.java:361) ~[spring-context-support-5.2.0.RELEASE.jar:5.2.0.RELEASE]
	at org.springframework.mail.javamail.JavaMailSenderImpl.send(JavaMailSenderImpl.java:356) ~[spring-context-support-5.2.0.RELEASE.jar:5.2.0.RELEASE]
	at com.system.assessment.service.Impl.EmailServiceImpl.sendMessage(EmailServiceImpl.java:49) ~[classes/:?]
	at sun.reflect.NativeMethodAccessorImpl.invoke0(Native Method) ~[?:1.8.0_301]
	at sun.reflect.NativeMethodAccessorImpl.invoke(NativeMethodAccessorImpl.java:62) ~[?:1.8.0_301]
	at sun.reflect.DelegatingMethodAccessorImpl.invoke(DelegatingMethodAccessorImpl.java:43) ~[?:1.8.0_301]
	at java.lang.reflect.Method.invoke(Method.java:498) ~[?:1.8.0_301]
	at org.springframework.aop.support.AopUtils.invokeJoinpointUsingReflection(AopUtils.java:344) ~[spring-aop-5.2.0.RELEASE.jar:5.2.0.RELEASE]
	at org.springframework.aop.framework.ReflectiveMethodInvocation.invokeJoinpoint(ReflectiveMethodInvocation.java:198) ~[spring-aop-5.2.0.RELEASE.jar:5.2.0.RELEASE]
	at org.springframework.aop.framework.ReflectiveMethodInvocation.proceed(ReflectiveMethodInvocation.java:163) ~[spring-aop-5.2.0.RELEASE.jar:5.2.0.RELEASE]
	at org.springframework.aop.interceptor.AsyncExecutionInterceptor.lambda$invoke$0(AsyncExecutionInterceptor.java:115) ~[spring-aop-5.2.0.RELEASE.jar:5.2.0.RELEASE]
	at java.util.concurrent.FutureTask.run(FutureTask.java:266) [?:1.8.0_301]
	at java.util.concurrent.ThreadPoolExecutor.runWorker(ThreadPoolExecutor.java:1149) [?:1.8.0_301]
	at java.util.concurrent.ThreadPoolExecutor$Worker.run(ThreadPoolExecutor.java:624) [?:1.8.0_301]
	at java.lang.Thread.run(Thread.java:748) [?:1.8.0_301]
Caused by: javax.mail.AuthenticationFailedException: 535 Login Fail. Please enter your authorization code to login. More information in https://service.mail.qq.com/detail/0/53

	at com.sun.mail.smtp.SMTPTransport$Authenticator.authenticate(SMTPTransport.java:947) ~[jakarta.mail-1.6.4.jar:1.6.4]
	at com.sun.mail.smtp.SMTPTransport.authenticate(SMTPTransport.java:858) ~[jakarta.mail-1.6.4.jar:1.6.4]
	at com.sun.mail.smtp.SMTPTransport.protocolConnect(SMTPTransport.java:762) ~[jakarta.mail-1.6.4.jar:1.6.4]
	at javax.mail.Service.connect(Service.java:342) ~[jakarta.mail-1.6.4.jar:1.6.4]
	at org.springframework.mail.javamail.JavaMailSenderImpl.connectTransport(JavaMailSenderImpl.java:518) ~[spring-context-support-5.2.0.RELEASE.jar:5.2.0.RELEASE]
	at org.springframework.mail.javamail.JavaMailSenderImpl.doSend(JavaMailSenderImpl.java:437) ~[spring-context-support-5.2.0.RELEASE.jar:5.2.0.RELEASE]
	... 15 more
2024-11-14 14:47:54.966 +0800	ERROR	org.springframework.aop.interceptor.SimpleAsyncUncaughtExceptionHandler	39	EmailExecutor-3	Unexpected exception occurred invoking async method: public void com.system.assessment.service.Impl.EmailServiceImpl.sendMessage(java.lang.String,java.lang.String,java.lang.String)
org.springframework.mail.MailAuthenticationException: Authentication failed; nested exception is javax.mail.AuthenticationFailedException: 535 Login Fail. Please enter your authorization code to login. More information in https://service.mail.qq.com/detail/0/53

	at org.springframework.mail.javamail.JavaMailSenderImpl.doSend(JavaMailSenderImpl.java:440) ~[spring-context-support-5.2.0.RELEASE.jar:5.2.0.RELEASE]
	at org.springframework.mail.javamail.JavaMailSenderImpl.send(JavaMailSenderImpl.java:361) ~[spring-context-support-5.2.0.RELEASE.jar:5.2.0.RELEASE]
	at org.springframework.mail.javamail.JavaMailSenderImpl.send(JavaMailSenderImpl.java:356) ~[spring-context-support-5.2.0.RELEASE.jar:5.2.0.RELEASE]
	at com.system.assessment.service.Impl.EmailServiceImpl.sendMessage(EmailServiceImpl.java:49) ~[classes/:?]
	at sun.reflect.NativeMethodAccessorImpl.invoke0(Native Method) ~[?:1.8.0_301]
	at sun.reflect.NativeMethodAccessorImpl.invoke(NativeMethodAccessorImpl.java:62) ~[?:1.8.0_301]
	at sun.reflect.DelegatingMethodAccessorImpl.invoke(DelegatingMethodAccessorImpl.java:43) ~[?:1.8.0_301]
	at java.lang.reflect.Method.invoke(Method.java:498) ~[?:1.8.0_301]
	at org.springframework.aop.support.AopUtils.invokeJoinpointUsingReflection(AopUtils.java:344) ~[spring-aop-5.2.0.RELEASE.jar:5.2.0.RELEASE]
	at org.springframework.aop.framework.ReflectiveMethodInvocation.invokeJoinpoint(ReflectiveMethodInvocation.java:198) ~[spring-aop-5.2.0.RELEASE.jar:5.2.0.RELEASE]
	at org.springframework.aop.framework.ReflectiveMethodInvocation.proceed(ReflectiveMethodInvocation.java:163) ~[spring-aop-5.2.0.RELEASE.jar:5.2.0.RELEASE]
	at org.springframework.aop.interceptor.AsyncExecutionInterceptor.lambda$invoke$0(AsyncExecutionInterceptor.java:115) ~[spring-aop-5.2.0.RELEASE.jar:5.2.0.RELEASE]
	at java.util.concurrent.FutureTask.run(FutureTask.java:266) [?:1.8.0_301]
	at java.util.concurrent.ThreadPoolExecutor.runWorker(ThreadPoolExecutor.java:1149) [?:1.8.0_301]
	at java.util.concurrent.ThreadPoolExecutor$Worker.run(ThreadPoolExecutor.java:624) [?:1.8.0_301]
	at java.lang.Thread.run(Thread.java:748) [?:1.8.0_301]
Caused by: javax.mail.AuthenticationFailedException: 535 Login Fail. Please enter your authorization code to login. More information in https://service.mail.qq.com/detail/0/53

	at com.sun.mail.smtp.SMTPTransport$Authenticator.authenticate(SMTPTransport.java:947) ~[jakarta.mail-1.6.4.jar:1.6.4]
	at com.sun.mail.smtp.SMTPTransport.authenticate(SMTPTransport.java:858) ~[jakarta.mail-1.6.4.jar:1.6.4]
	at com.sun.mail.smtp.SMTPTransport.protocolConnect(SMTPTransport.java:762) ~[jakarta.mail-1.6.4.jar:1.6.4]
	at javax.mail.Service.connect(Service.java:342) ~[jakarta.mail-1.6.4.jar:1.6.4]
	at org.springframework.mail.javamail.JavaMailSenderImpl.connectTransport(JavaMailSenderImpl.java:518) ~[spring-context-support-5.2.0.RELEASE.jar:5.2.0.RELEASE]
	at org.springframework.mail.javamail.JavaMailSenderImpl.doSend(JavaMailSenderImpl.java:437) ~[spring-context-support-5.2.0.RELEASE.jar:5.2.0.RELEASE]
	... 15 more
2024-11-14 14:47:55.829 +0800	ERROR	org.springframework.aop.interceptor.SimpleAsyncUncaughtExceptionHandler	39	EmailExecutor-2	Unexpected exception occurred invoking async method: public void com.system.assessment.service.Impl.EmailServiceImpl.sendMessage(java.lang.String,java.lang.String,java.lang.String)
org.springframework.mail.MailAuthenticationException: Authentication failed; nested exception is javax.mail.AuthenticationFailedException: 535 Login Fail. Please enter your authorization code to login. More information in https://service.mail.qq.com/detail/0/53

	at org.springframework.mail.javamail.JavaMailSenderImpl.doSend(JavaMailSenderImpl.java:440) ~[spring-context-support-5.2.0.RELEASE.jar:5.2.0.RELEASE]
	at org.springframework.mail.javamail.JavaMailSenderImpl.send(JavaMailSenderImpl.java:361) ~[spring-context-support-5.2.0.RELEASE.jar:5.2.0.RELEASE]
	at org.springframework.mail.javamail.JavaMailSenderImpl.send(JavaMailSenderImpl.java:356) ~[spring-context-support-5.2.0.RELEASE.jar:5.2.0.RELEASE]
	at com.system.assessment.service.Impl.EmailServiceImpl.sendMessage(EmailServiceImpl.java:49) ~[classes/:?]
	at sun.reflect.NativeMethodAccessorImpl.invoke0(Native Method) ~[?:1.8.0_301]
	at sun.reflect.NativeMethodAccessorImpl.invoke(NativeMethodAccessorImpl.java:62) ~[?:1.8.0_301]
	at sun.reflect.DelegatingMethodAccessorImpl.invoke(DelegatingMethodAccessorImpl.java:43) ~[?:1.8.0_301]
	at java.lang.reflect.Method.invoke(Method.java:498) ~[?:1.8.0_301]
	at org.springframework.aop.support.AopUtils.invokeJoinpointUsingReflection(AopUtils.java:344) ~[spring-aop-5.2.0.RELEASE.jar:5.2.0.RELEASE]
	at org.springframework.aop.framework.ReflectiveMethodInvocation.invokeJoinpoint(ReflectiveMethodInvocation.java:198) ~[spring-aop-5.2.0.RELEASE.jar:5.2.0.RELEASE]
	at org.springframework.aop.framework.ReflectiveMethodInvocation.proceed(ReflectiveMethodInvocation.java:163) ~[spring-aop-5.2.0.RELEASE.jar:5.2.0.RELEASE]
	at org.springframework.aop.interceptor.AsyncExecutionInterceptor.lambda$invoke$0(AsyncExecutionInterceptor.java:115) ~[spring-aop-5.2.0.RELEASE.jar:5.2.0.RELEASE]
	at java.util.concurrent.FutureTask.run(FutureTask.java:266) [?:1.8.0_301]
	at java.util.concurrent.ThreadPoolExecutor.runWorker(ThreadPoolExecutor.java:1149) [?:1.8.0_301]
	at java.util.concurrent.ThreadPoolExecutor$Worker.run(ThreadPoolExecutor.java:624) [?:1.8.0_301]
	at java.lang.Thread.run(Thread.java:748) [?:1.8.0_301]
Caused by: javax.mail.AuthenticationFailedException: 535 Login Fail. Please enter your authorization code to login. More information in https://service.mail.qq.com/detail/0/53

	at com.sun.mail.smtp.SMTPTransport$Authenticator.authenticate(SMTPTransport.java:947) ~[jakarta.mail-1.6.4.jar:1.6.4]
	at com.sun.mail.smtp.SMTPTransport.authenticate(SMTPTransport.java:858) ~[jakarta.mail-1.6.4.jar:1.6.4]
	at com.sun.mail.smtp.SMTPTransport.protocolConnect(SMTPTransport.java:762) ~[jakarta.mail-1.6.4.jar:1.6.4]
	at javax.mail.Service.connect(Service.java:342) ~[jakarta.mail-1.6.4.jar:1.6.4]
	at org.springframework.mail.javamail.JavaMailSenderImpl.connectTransport(JavaMailSenderImpl.java:518) ~[spring-context-support-5.2.0.RELEASE.jar:5.2.0.RELEASE]
	at org.springframework.mail.javamail.JavaMailSenderImpl.doSend(JavaMailSenderImpl.java:437) ~[spring-context-support-5.2.0.RELEASE.jar:5.2.0.RELEASE]
	... 15 more
2024-11-14 14:47:55.840 +0800	ERROR	org.springframework.aop.interceptor.SimpleAsyncUncaughtExceptionHandler	39	EmailExecutor-5	Unexpected exception occurred invoking async method: public void com.system.assessment.service.Impl.EmailServiceImpl.sendMessage(java.lang.String,java.lang.String,java.lang.String)
org.springframework.mail.MailAuthenticationException: Authentication failed; nested exception is javax.mail.AuthenticationFailedException: 535 Login Fail. Please enter your authorization code to login. More information in https://service.mail.qq.com/detail/0/53

	at org.springframework.mail.javamail.JavaMailSenderImpl.doSend(JavaMailSenderImpl.java:440) ~[spring-context-support-5.2.0.RELEASE.jar:5.2.0.RELEASE]
	at org.springframework.mail.javamail.JavaMailSenderImpl.send(JavaMailSenderImpl.java:361) ~[spring-context-support-5.2.0.RELEASE.jar:5.2.0.RELEASE]
	at org.springframework.mail.javamail.JavaMailSenderImpl.send(JavaMailSenderImpl.java:356) ~[spring-context-support-5.2.0.RELEASE.jar:5.2.0.RELEASE]
	at com.system.assessment.service.Impl.EmailServiceImpl.sendMessage(EmailServiceImpl.java:49) ~[classes/:?]
	at sun.reflect.NativeMethodAccessorImpl.invoke0(Native Method) ~[?:1.8.0_301]
	at sun.reflect.NativeMethodAccessorImpl.invoke(NativeMethodAccessorImpl.java:62) ~[?:1.8.0_301]
	at sun.reflect.DelegatingMethodAccessorImpl.invoke(DelegatingMethodAccessorImpl.java:43) ~[?:1.8.0_301]
	at java.lang.reflect.Method.invoke(Method.java:498) ~[?:1.8.0_301]
	at org.springframework.aop.support.AopUtils.invokeJoinpointUsingReflection(AopUtils.java:344) ~[spring-aop-5.2.0.RELEASE.jar:5.2.0.RELEASE]
	at org.springframework.aop.framework.ReflectiveMethodInvocation.invokeJoinpoint(ReflectiveMethodInvocation.java:198) ~[spring-aop-5.2.0.RELEASE.jar:5.2.0.RELEASE]
	at org.springframework.aop.framework.ReflectiveMethodInvocation.proceed(ReflectiveMethodInvocation.java:163) ~[spring-aop-5.2.0.RELEASE.jar:5.2.0.RELEASE]
	at org.springframework.aop.interceptor.AsyncExecutionInterceptor.lambda$invoke$0(AsyncExecutionInterceptor.java:115) ~[spring-aop-5.2.0.RELEASE.jar:5.2.0.RELEASE]
	at java.util.concurrent.FutureTask.run(FutureTask.java:266) [?:1.8.0_301]
	at java.util.concurrent.ThreadPoolExecutor.runWorker(ThreadPoolExecutor.java:1149) [?:1.8.0_301]
	at java.util.concurrent.ThreadPoolExecutor$Worker.run(ThreadPoolExecutor.java:624) [?:1.8.0_301]
	at java.lang.Thread.run(Thread.java:748) [?:1.8.0_301]
Caused by: javax.mail.AuthenticationFailedException: 535 Login Fail. Please enter your authorization code to login. More information in https://service.mail.qq.com/detail/0/53

	at com.sun.mail.smtp.SMTPTransport$Authenticator.authenticate(SMTPTransport.java:947) ~[jakarta.mail-1.6.4.jar:1.6.4]
	at com.sun.mail.smtp.SMTPTransport.authenticate(SMTPTransport.java:858) ~[jakarta.mail-1.6.4.jar:1.6.4]
	at com.sun.mail.smtp.SMTPTransport.protocolConnect(SMTPTransport.java:762) ~[jakarta.mail-1.6.4.jar:1.6.4]
	at javax.mail.Service.connect(Service.java:342) ~[jakarta.mail-1.6.4.jar:1.6.4]
	at org.springframework.mail.javamail.JavaMailSenderImpl.connectTransport(JavaMailSenderImpl.java:518) ~[spring-context-support-5.2.0.RELEASE.jar:5.2.0.RELEASE]
	at org.springframework.mail.javamail.JavaMailSenderImpl.doSend(JavaMailSenderImpl.java:437) ~[spring-context-support-5.2.0.RELEASE.jar:5.2.0.RELEASE]
	... 15 more
2024-11-14 14:47:55.860 +0800	ERROR	org.springframework.aop.interceptor.SimpleAsyncUncaughtExceptionHandler	39	EmailExecutor-1	Unexpected exception occurred invoking async method: public void com.system.assessment.service.Impl.EmailServiceImpl.sendMessage(java.lang.String,java.lang.String,java.lang.String)
org.springframework.mail.MailAuthenticationException: Authentication failed; nested exception is javax.mail.AuthenticationFailedException: 535 Login Fail. Please enter your authorization code to login. More information in https://service.mail.qq.com/detail/0/53

	at org.springframework.mail.javamail.JavaMailSenderImpl.doSend(JavaMailSenderImpl.java:440) ~[spring-context-support-5.2.0.RELEASE.jar:5.2.0.RELEASE]
	at org.springframework.mail.javamail.JavaMailSenderImpl.send(JavaMailSenderImpl.java:361) ~[spring-context-support-5.2.0.RELEASE.jar:5.2.0.RELEASE]
	at org.springframework.mail.javamail.JavaMailSenderImpl.send(JavaMailSenderImpl.java:356) ~[spring-context-support-5.2.0.RELEASE.jar:5.2.0.RELEASE]
	at com.system.assessment.service.Impl.EmailServiceImpl.sendMessage(EmailServiceImpl.java:49) ~[classes/:?]
	at sun.reflect.NativeMethodAccessorImpl.invoke0(Native Method) ~[?:1.8.0_301]
	at sun.reflect.NativeMethodAccessorImpl.invoke(NativeMethodAccessorImpl.java:62) ~[?:1.8.0_301]
	at sun.reflect.DelegatingMethodAccessorImpl.invoke(DelegatingMethodAccessorImpl.java:43) ~[?:1.8.0_301]
	at java.lang.reflect.Method.invoke(Method.java:498) ~[?:1.8.0_301]
	at org.springframework.aop.support.AopUtils.invokeJoinpointUsingReflection(AopUtils.java:344) ~[spring-aop-5.2.0.RELEASE.jar:5.2.0.RELEASE]
	at org.springframework.aop.framework.ReflectiveMethodInvocation.invokeJoinpoint(ReflectiveMethodInvocation.java:198) ~[spring-aop-5.2.0.RELEASE.jar:5.2.0.RELEASE]
	at org.springframework.aop.framework.ReflectiveMethodInvocation.proceed(ReflectiveMethodInvocation.java:163) ~[spring-aop-5.2.0.RELEASE.jar:5.2.0.RELEASE]
	at org.springframework.aop.interceptor.AsyncExecutionInterceptor.lambda$invoke$0(AsyncExecutionInterceptor.java:115) ~[spring-aop-5.2.0.RELEASE.jar:5.2.0.RELEASE]
	at java.util.concurrent.FutureTask.run(FutureTask.java:266) [?:1.8.0_301]
	at java.util.concurrent.ThreadPoolExecutor.runWorker(ThreadPoolExecutor.java:1149) [?:1.8.0_301]
	at java.util.concurrent.ThreadPoolExecutor$Worker.run(ThreadPoolExecutor.java:624) [?:1.8.0_301]
	at java.lang.Thread.run(Thread.java:748) [?:1.8.0_301]
Caused by: javax.mail.AuthenticationFailedException: 535 Login Fail. Please enter your authorization code to login. More information in https://service.mail.qq.com/detail/0/53

	at com.sun.mail.smtp.SMTPTransport$Authenticator.authenticate(SMTPTransport.java:947) ~[jakarta.mail-1.6.4.jar:1.6.4]
	at com.sun.mail.smtp.SMTPTransport.authenticate(SMTPTransport.java:858) ~[jakarta.mail-1.6.4.jar:1.6.4]
	at com.sun.mail.smtp.SMTPTransport.protocolConnect(SMTPTransport.java:762) ~[jakarta.mail-1.6.4.jar:1.6.4]
	at javax.mail.Service.connect(Service.java:342) ~[jakarta.mail-1.6.4.jar:1.6.4]
	at org.springframework.mail.javamail.JavaMailSenderImpl.connectTransport(JavaMailSenderImpl.java:518) ~[spring-context-support-5.2.0.RELEASE.jar:5.2.0.RELEASE]
	at org.springframework.mail.javamail.JavaMailSenderImpl.doSend(JavaMailSenderImpl.java:437) ~[spring-context-support-5.2.0.RELEASE.jar:5.2.0.RELEASE]
	... 15 more
2024-11-14 14:47:55.861 +0800	ERROR	org.springframework.aop.interceptor.SimpleAsyncUncaughtExceptionHandler	39	EmailExecutor-3	Unexpected exception occurred invoking async method: public void com.system.assessment.service.Impl.EmailServiceImpl.sendMessage(java.lang.String,java.lang.String,java.lang.String)
org.springframework.mail.MailAuthenticationException: Authentication failed; nested exception is javax.mail.AuthenticationFailedException: 535 Login Fail. Please enter your authorization code to login. More information in https://service.mail.qq.com/detail/0/53

	at org.springframework.mail.javamail.JavaMailSenderImpl.doSend(JavaMailSenderImpl.java:440) ~[spring-context-support-5.2.0.RELEASE.jar:5.2.0.RELEASE]
	at org.springframework.mail.javamail.JavaMailSenderImpl.send(JavaMailSenderImpl.java:361) ~[spring-context-support-5.2.0.RELEASE.jar:5.2.0.RELEASE]
	at org.springframework.mail.javamail.JavaMailSenderImpl.send(JavaMailSenderImpl.java:356) ~[spring-context-support-5.2.0.RELEASE.jar:5.2.0.RELEASE]
	at com.system.assessment.service.Impl.EmailServiceImpl.sendMessage(EmailServiceImpl.java:49) ~[classes/:?]
	at sun.reflect.NativeMethodAccessorImpl.invoke0(Native Method) ~[?:1.8.0_301]
	at sun.reflect.NativeMethodAccessorImpl.invoke(NativeMethodAccessorImpl.java:62) ~[?:1.8.0_301]
	at sun.reflect.DelegatingMethodAccessorImpl.invoke(DelegatingMethodAccessorImpl.java:43) ~[?:1.8.0_301]
	at java.lang.reflect.Method.invoke(Method.java:498) ~[?:1.8.0_301]
	at org.springframework.aop.support.AopUtils.invokeJoinpointUsingReflection(AopUtils.java:344) ~[spring-aop-5.2.0.RELEASE.jar:5.2.0.RELEASE]
	at org.springframework.aop.framework.ReflectiveMethodInvocation.invokeJoinpoint(ReflectiveMethodInvocation.java:198) ~[spring-aop-5.2.0.RELEASE.jar:5.2.0.RELEASE]
	at org.springframework.aop.framework.ReflectiveMethodInvocation.proceed(ReflectiveMethodInvocation.java:163) ~[spring-aop-5.2.0.RELEASE.jar:5.2.0.RELEASE]
	at org.springframework.aop.interceptor.AsyncExecutionInterceptor.lambda$invoke$0(AsyncExecutionInterceptor.java:115) ~[spring-aop-5.2.0.RELEASE.jar:5.2.0.RELEASE]
	at java.util.concurrent.FutureTask.run(FutureTask.java:266) [?:1.8.0_301]
	at java.util.concurrent.ThreadPoolExecutor.runWorker(ThreadPoolExecutor.java:1149) [?:1.8.0_301]
	at java.util.concurrent.ThreadPoolExecutor$Worker.run(ThreadPoolExecutor.java:624) [?:1.8.0_301]
	at java.lang.Thread.run(Thread.java:748) [?:1.8.0_301]
Caused by: javax.mail.AuthenticationFailedException: 535 Login Fail. Please enter your authorization code to login. More information in https://service.mail.qq.com/detail/0/53

	at com.sun.mail.smtp.SMTPTransport$Authenticator.authenticate(SMTPTransport.java:947) ~[jakarta.mail-1.6.4.jar:1.6.4]
	at com.sun.mail.smtp.SMTPTransport.authenticate(SMTPTransport.java:858) ~[jakarta.mail-1.6.4.jar:1.6.4]
	at com.sun.mail.smtp.SMTPTransport.protocolConnect(SMTPTransport.java:762) ~[jakarta.mail-1.6.4.jar:1.6.4]
	at javax.mail.Service.connect(Service.java:342) ~[jakarta.mail-1.6.4.jar:1.6.4]
	at org.springframework.mail.javamail.JavaMailSenderImpl.connectTransport(JavaMailSenderImpl.java:518) ~[spring-context-support-5.2.0.RELEASE.jar:5.2.0.RELEASE]
	at org.springframework.mail.javamail.JavaMailSenderImpl.doSend(JavaMailSenderImpl.java:437) ~[spring-context-support-5.2.0.RELEASE.jar:5.2.0.RELEASE]
	... 15 more
2024-11-14 14:47:55.933 +0800	ERROR	org.springframework.aop.interceptor.SimpleAsyncUncaughtExceptionHandler	39	EmailExecutor-4	Unexpected exception occurred invoking async method: public void com.system.assessment.service.Impl.EmailServiceImpl.sendMessage(java.lang.String,java.lang.String,java.lang.String)
org.springframework.mail.MailAuthenticationException: Authentication failed; nested exception is javax.mail.AuthenticationFailedException: 535 Login Fail. Please enter your authorization code to login. More information in https://service.mail.qq.com/detail/0/53

	at org.springframework.mail.javamail.JavaMailSenderImpl.doSend(JavaMailSenderImpl.java:440) ~[spring-context-support-5.2.0.RELEASE.jar:5.2.0.RELEASE]
	at org.springframework.mail.javamail.JavaMailSenderImpl.send(JavaMailSenderImpl.java:361) ~[spring-context-support-5.2.0.RELEASE.jar:5.2.0.RELEASE]
	at org.springframework.mail.javamail.JavaMailSenderImpl.send(JavaMailSenderImpl.java:356) ~[spring-context-support-5.2.0.RELEASE.jar:5.2.0.RELEASE]
	at com.system.assessment.service.Impl.EmailServiceImpl.sendMessage(EmailServiceImpl.java:49) ~[classes/:?]
	at sun.reflect.NativeMethodAccessorImpl.invoke0(Native Method) ~[?:1.8.0_301]
	at sun.reflect.NativeMethodAccessorImpl.invoke(NativeMethodAccessorImpl.java:62) ~[?:1.8.0_301]
	at sun.reflect.DelegatingMethodAccessorImpl.invoke(DelegatingMethodAccessorImpl.java:43) ~[?:1.8.0_301]
	at java.lang.reflect.Method.invoke(Method.java:498) ~[?:1.8.0_301]
	at org.springframework.aop.support.AopUtils.invokeJoinpointUsingReflection(AopUtils.java:344) ~[spring-aop-5.2.0.RELEASE.jar:5.2.0.RELEASE]
	at org.springframework.aop.framework.ReflectiveMethodInvocation.invokeJoinpoint(ReflectiveMethodInvocation.java:198) ~[spring-aop-5.2.0.RELEASE.jar:5.2.0.RELEASE]
	at org.springframework.aop.framework.ReflectiveMethodInvocation.proceed(ReflectiveMethodInvocation.java:163) ~[spring-aop-5.2.0.RELEASE.jar:5.2.0.RELEASE]
	at org.springframework.aop.interceptor.AsyncExecutionInterceptor.lambda$invoke$0(AsyncExecutionInterceptor.java:115) ~[spring-aop-5.2.0.RELEASE.jar:5.2.0.RELEASE]
	at java.util.concurrent.FutureTask.run(FutureTask.java:266) [?:1.8.0_301]
	at java.util.concurrent.ThreadPoolExecutor.runWorker(ThreadPoolExecutor.java:1149) [?:1.8.0_301]
	at java.util.concurrent.ThreadPoolExecutor$Worker.run(ThreadPoolExecutor.java:624) [?:1.8.0_301]
	at java.lang.Thread.run(Thread.java:748) [?:1.8.0_301]
Caused by: javax.mail.AuthenticationFailedException: 535 Login Fail. Please enter your authorization code to login. More information in https://service.mail.qq.com/detail/0/53

	at com.sun.mail.smtp.SMTPTransport$Authenticator.authenticate(SMTPTransport.java:947) ~[jakarta.mail-1.6.4.jar:1.6.4]
	at com.sun.mail.smtp.SMTPTransport.authenticate(SMTPTransport.java:858) ~[jakarta.mail-1.6.4.jar:1.6.4]
	at com.sun.mail.smtp.SMTPTransport.protocolConnect(SMTPTransport.java:762) ~[jakarta.mail-1.6.4.jar:1.6.4]
	at javax.mail.Service.connect(Service.java:342) ~[jakarta.mail-1.6.4.jar:1.6.4]
	at org.springframework.mail.javamail.JavaMailSenderImpl.connectTransport(JavaMailSenderImpl.java:518) ~[spring-context-support-5.2.0.RELEASE.jar:5.2.0.RELEASE]
	at org.springframework.mail.javamail.JavaMailSenderImpl.doSend(JavaMailSenderImpl.java:437) ~[spring-context-support-5.2.0.RELEASE.jar:5.2.0.RELEASE]
	... 15 more
2024-11-14 14:47:56.736 +0800	ERROR	org.springframework.aop.interceptor.SimpleAsyncUncaughtExceptionHandler	39	EmailExecutor-2	Unexpected exception occurred invoking async method: public void com.system.assessment.service.Impl.EmailServiceImpl.sendMessage(java.lang.String,java.lang.String,java.lang.String)
org.springframework.mail.MailAuthenticationException: Authentication failed; nested exception is javax.mail.AuthenticationFailedException: 535 Login Fail. Please enter your authorization code to login. More information in https://service.mail.qq.com/detail/0/53

	at org.springframework.mail.javamail.JavaMailSenderImpl.doSend(JavaMailSenderImpl.java:440) ~[spring-context-support-5.2.0.RELEASE.jar:5.2.0.RELEASE]
	at org.springframework.mail.javamail.JavaMailSenderImpl.send(JavaMailSenderImpl.java:361) ~[spring-context-support-5.2.0.RELEASE.jar:5.2.0.RELEASE]
	at org.springframework.mail.javamail.JavaMailSenderImpl.send(JavaMailSenderImpl.java:356) ~[spring-context-support-5.2.0.RELEASE.jar:5.2.0.RELEASE]
	at com.system.assessment.service.Impl.EmailServiceImpl.sendMessage(EmailServiceImpl.java:49) ~[classes/:?]
	at sun.reflect.NativeMethodAccessorImpl.invoke0(Native Method) ~[?:1.8.0_301]
	at sun.reflect.NativeMethodAccessorImpl.invoke(NativeMethodAccessorImpl.java:62) ~[?:1.8.0_301]
	at sun.reflect.DelegatingMethodAccessorImpl.invoke(DelegatingMethodAccessorImpl.java:43) ~[?:1.8.0_301]
	at java.lang.reflect.Method.invoke(Method.java:498) ~[?:1.8.0_301]
	at org.springframework.aop.support.AopUtils.invokeJoinpointUsingReflection(AopUtils.java:344) ~[spring-aop-5.2.0.RELEASE.jar:5.2.0.RELEASE]
	at org.springframework.aop.framework.ReflectiveMethodInvocation.invokeJoinpoint(ReflectiveMethodInvocation.java:198) ~[spring-aop-5.2.0.RELEASE.jar:5.2.0.RELEASE]
	at org.springframework.aop.framework.ReflectiveMethodInvocation.proceed(ReflectiveMethodInvocation.java:163) ~[spring-aop-5.2.0.RELEASE.jar:5.2.0.RELEASE]
	at org.springframework.aop.interceptor.AsyncExecutionInterceptor.lambda$invoke$0(AsyncExecutionInterceptor.java:115) ~[spring-aop-5.2.0.RELEASE.jar:5.2.0.RELEASE]
	at java.util.concurrent.FutureTask.run(FutureTask.java:266) [?:1.8.0_301]
	at java.util.concurrent.ThreadPoolExecutor.runWorker(ThreadPoolExecutor.java:1149) [?:1.8.0_301]
	at java.util.concurrent.ThreadPoolExecutor$Worker.run(ThreadPoolExecutor.java:624) [?:1.8.0_301]
	at java.lang.Thread.run(Thread.java:748) [?:1.8.0_301]
Caused by: javax.mail.AuthenticationFailedException: 535 Login Fail. Please enter your authorization code to login. More information in https://service.mail.qq.com/detail/0/53

	at com.sun.mail.smtp.SMTPTransport$Authenticator.authenticate(SMTPTransport.java:947) ~[jakarta.mail-1.6.4.jar:1.6.4]
	at com.sun.mail.smtp.SMTPTransport.authenticate(SMTPTransport.java:858) ~[jakarta.mail-1.6.4.jar:1.6.4]
	at com.sun.mail.smtp.SMTPTransport.protocolConnect(SMTPTransport.java:762) ~[jakarta.mail-1.6.4.jar:1.6.4]
	at javax.mail.Service.connect(Service.java:342) ~[jakarta.mail-1.6.4.jar:1.6.4]
	at org.springframework.mail.javamail.JavaMailSenderImpl.connectTransport(JavaMailSenderImpl.java:518) ~[spring-context-support-5.2.0.RELEASE.jar:5.2.0.RELEASE]
	at org.springframework.mail.javamail.JavaMailSenderImpl.doSend(JavaMailSenderImpl.java:437) ~[spring-context-support-5.2.0.RELEASE.jar:5.2.0.RELEASE]
	... 15 more
