2024-12-12 18:02:14.982 +0800	INFO	org.springframework.boot.StartupInfoLogger	55	main	Starting ScoreApplicationTests on LAPTOP-HISRR710 with PID 46032 (started by LENOVO in E:\ScoreSystem)
2024-12-12 18:02:14.995 +0800	INFO	org.springframework.boot.SpringApplication	655	main	The following profiles are active: dev
2024-12-12 18:02:18.998 +0800	INFO	springfox.documentation.spring.web.PropertySourcedRequestMappingHandlerMapping	69	main	Mapped URL path [/v2/api-docs] onto method [springfox.documentation.swagger2.web.Swagger2Controller#getDocumentation(String, HttpServletRequest)]
2024-12-12 18:02:21.030 +0800	INFO	springfox.documentation.spring.web.plugins.DocumentationPluginsBootstrapper	160	main	Context refreshed
2024-12-12 18:02:21.169 +0800	INFO	springfox.documentation.spring.web.plugins.DocumentationPluginsBootstrapper	163	main	Found 1 custom documentation plugin(s)
2024-12-12 18:02:21.198 +0800	INFO	springfox.documentation.spring.web.scanners.ApiListingReferenceScanner	41	main	Scanning for api listing references
2024-12-12 18:02:21.615 +0800	INFO	org.springframework.boot.StartupInfoLogger	61	main	Started ScoreApplicationTests in 7.047 seconds (JVM running for 10.6)
2024-12-12 18:02:22.044 +0800	INFO	com.alibaba.druid.pool.DruidDataSource	2032	SpringContextShutdownHook	{dataSource-0} closing ...
2024-12-12 18:22:20.113 +0800	INFO	org.springframework.boot.StartupInfoLogger	55	main	Starting ScoreApplicationTests on LAPTOP-HISRR710 with PID 41696 (started by LENOVO in E:\ScoreSystem)
2024-12-12 18:22:20.120 +0800	INFO	org.springframework.boot.SpringApplication	655	main	The following profiles are active: dev
2024-12-12 18:22:22.822 +0800	INFO	springfox.documentation.spring.web.PropertySourcedRequestMappingHandlerMapping	69	main	Mapped URL path [/v2/api-docs] onto method [springfox.documentation.swagger2.web.Swagger2Controller#getDocumentation(String, HttpServletRequest)]
2024-12-12 18:22:23.970 +0800	INFO	springfox.documentation.spring.web.plugins.DocumentationPluginsBootstrapper	160	main	Context refreshed
2024-12-12 18:22:23.994 +0800	INFO	springfox.documentation.spring.web.plugins.DocumentationPluginsBootstrapper	163	main	Found 1 custom documentation plugin(s)
2024-12-12 18:22:24.023 +0800	INFO	springfox.documentation.spring.web.scanners.ApiListingReferenceScanner	41	main	Scanning for api listing references
2024-12-12 18:22:24.459 +0800	INFO	org.springframework.boot.StartupInfoLogger	61	main	Started ScoreApplicationTests in 4.576 seconds (JVM running for 7.021)
2024-12-12 18:22:24.689 +0800	INFO	com.alibaba.druid.pool.DruidDataSource	2032	SpringContextShutdownHook	{dataSource-0} closing ...
2024-12-12 18:31:56.850 +0800	INFO	org.springframework.boot.StartupInfoLogger	55	main	Starting ScoreApplicationTests on LAPTOP-HISRR710 with PID 42068 (started by LENOVO in E:\ScoreSystem)
2024-12-12 18:31:56.859 +0800	INFO	org.springframework.boot.SpringApplication	655	main	The following profiles are active: dev
2024-12-12 18:31:59.659 +0800	INFO	springfox.documentation.spring.web.PropertySourcedRequestMappingHandlerMapping	69	main	Mapped URL path [/v2/api-docs] onto method [springfox.documentation.swagger2.web.Swagger2Controller#getDocumentation(String, HttpServletRequest)]
2024-12-12 18:32:00.827 +0800	INFO	springfox.documentation.spring.web.plugins.DocumentationPluginsBootstrapper	160	main	Context refreshed
2024-12-12 18:32:00.857 +0800	INFO	springfox.documentation.spring.web.plugins.DocumentationPluginsBootstrapper	163	main	Found 1 custom documentation plugin(s)
2024-12-12 18:32:00.888 +0800	INFO	springfox.documentation.spring.web.scanners.ApiListingReferenceScanner	41	main	Scanning for api listing references
2024-12-12 18:32:01.319 +0800	INFO	org.springframework.boot.StartupInfoLogger	61	main	Started ScoreApplicationTests in 4.685 seconds (JVM running for 7.142)
2024-12-12 18:32:01.535 +0800	INFO	com.alibaba.druid.pool.DruidDataSource	2032	SpringContextShutdownHook	{dataSource-0} closing ...
2024-12-12 18:33:46.513 +0800	INFO	org.springframework.boot.StartupInfoLogger	55	main	Starting ScoreApplicationTests on LAPTOP-HISRR710 with PID 47844 (started by LENOVO in E:\ScoreSystem)
2024-12-12 18:33:46.520 +0800	INFO	org.springframework.boot.SpringApplication	655	main	The following profiles are active: dev
2024-12-12 18:33:49.218 +0800	INFO	springfox.documentation.spring.web.PropertySourcedRequestMappingHandlerMapping	69	main	Mapped URL path [/v2/api-docs] onto method [springfox.documentation.swagger2.web.Swagger2Controller#getDocumentation(String, HttpServletRequest)]
2024-12-12 18:33:50.376 +0800	INFO	springfox.documentation.spring.web.plugins.DocumentationPluginsBootstrapper	160	main	Context refreshed
2024-12-12 18:33:50.402 +0800	INFO	springfox.documentation.spring.web.plugins.DocumentationPluginsBootstrapper	163	main	Found 1 custom documentation plugin(s)
2024-12-12 18:33:50.434 +0800	INFO	springfox.documentation.spring.web.scanners.ApiListingReferenceScanner	41	main	Scanning for api listing references
2024-12-12 18:33:50.900 +0800	INFO	org.springframework.boot.StartupInfoLogger	61	main	Started ScoreApplicationTests in 4.607 seconds (JVM running for 7.078)
2024-12-12 18:33:51.135 +0800	INFO	com.alibaba.druid.pool.DruidDataSource	2032	SpringContextShutdownHook	{dataSource-0} closing ...
2024-12-12 22:28:37.738 +0800	INFO	org.springframework.boot.StartupInfoLogger	55	main	Starting ScoreApplication on LAPTOP-HISRR710 with PID 37084 (E:\ScoreSystem\target\classes started by LENOVO in E:\ScoreSystem)
2024-12-12 22:28:38.468 +0800	INFO	org.springframework.boot.SpringApplication	655	main	The following profiles are active: dev
2024-12-12 22:28:44.743 +0800	INFO	org.apache.juli.logging.DirectJDKLog	173	main	Initializing ProtocolHandler ["http-nio-80"]
2024-12-12 22:28:44.744 +0800	INFO	org.apache.juli.logging.DirectJDKLog	173	main	Starting service [Tomcat]
2024-12-12 22:28:44.744 +0800	INFO	org.apache.juli.logging.DirectJDKLog	173	main	Starting Servlet engine: [Apache Tomcat/9.0.27]
2024-12-12 22:28:44.746 +0800	INFO	org.apache.juli.logging.DirectJDKLog	173	main	Loaded APR based Apache Tomcat Native library [1.2.39] using APR version [1.7.4].
2024-12-12 22:28:44.746 +0800	INFO	org.apache.juli.logging.DirectJDKLog	173	main	APR capabilities: IPv6 [true], sendfile [true], accept filters [false], random [true].
2024-12-12 22:28:44.746 +0800	INFO	org.apache.juli.logging.DirectJDKLog	173	main	APR/OpenSSL configuration: useAprConnector [false], useOpenSSL [true]
2024-12-12 22:28:45.552 +0800	INFO	org.apache.juli.logging.DirectJDKLog	173	main	OpenSSL successfully initialized [OpenSSL 3.0.11 19 Sep 2023]
2024-12-12 22:28:45.756 +0800	INFO	org.apache.juli.logging.DirectJDKLog	173	main	Initializing Spring embedded WebApplicationContext
2024-12-12 22:28:47.001 +0800	INFO	springfox.documentation.spring.web.PropertySourcedRequestMappingHandlerMapping	69	main	Mapped URL path [/v2/api-docs] onto method [springfox.documentation.swagger2.web.Swagger2Controller#getDocumentation(String, HttpServletRequest)]
2024-12-12 22:28:47.693 +0800	INFO	springfox.documentation.spring.web.plugins.DocumentationPluginsBootstrapper	160	main	Context refreshed
2024-12-12 22:28:47.709 +0800	INFO	springfox.documentation.spring.web.plugins.DocumentationPluginsBootstrapper	163	main	Found 1 custom documentation plugin(s)
2024-12-12 22:28:47.734 +0800	INFO	springfox.documentation.spring.web.scanners.ApiListingReferenceScanner	41	main	Scanning for api listing references
2024-12-12 22:28:47.955 +0800	INFO	org.apache.juli.logging.DirectJDKLog	173	main	Starting ProtocolHandler ["http-nio-80"]
2024-12-12 22:28:47.975 +0800	INFO	org.springframework.boot.StartupInfoLogger	61	main	Started ScoreApplication in 12.415 seconds (JVM running for 17.626)
2024-12-12 22:33:55.129 +0800	INFO	org.springframework.boot.StartupInfoLogger	55	main	Starting ScoreApplication on LAPTOP-HISRR710 with PID 26456 (E:\ScoreSystem\target\classes started by LENOVO in E:\ScoreSystem)
2024-12-12 22:33:55.135 +0800	INFO	org.springframework.boot.SpringApplication	655	main	The following profiles are active: dev
2024-12-12 22:33:57.256 +0800	INFO	org.apache.juli.logging.DirectJDKLog	173	main	Initializing ProtocolHandler ["http-nio-80"]
2024-12-12 22:33:57.257 +0800	INFO	org.apache.juli.logging.DirectJDKLog	173	main	Starting service [Tomcat]
2024-12-12 22:33:57.257 +0800	INFO	org.apache.juli.logging.DirectJDKLog	173	main	Starting Servlet engine: [Apache Tomcat/9.0.27]
2024-12-12 22:33:57.259 +0800	INFO	org.apache.juli.logging.DirectJDKLog	173	main	Loaded APR based Apache Tomcat Native library [1.2.39] using APR version [1.7.4].
2024-12-12 22:33:57.259 +0800	INFO	org.apache.juli.logging.DirectJDKLog	173	main	APR capabilities: IPv6 [true], sendfile [true], accept filters [false], random [true].
2024-12-12 22:33:57.259 +0800	INFO	org.apache.juli.logging.DirectJDKLog	173	main	APR/OpenSSL configuration: useAprConnector [false], useOpenSSL [true]
2024-12-12 22:33:57.265 +0800	INFO	org.apache.juli.logging.DirectJDKLog	173	main	OpenSSL successfully initialized [OpenSSL 3.0.11 19 Sep 2023]
2024-12-12 22:33:57.388 +0800	INFO	org.apache.juli.logging.DirectJDKLog	173	main	Initializing Spring embedded WebApplicationContext
2024-12-12 22:33:58.823 +0800	INFO	springfox.documentation.spring.web.PropertySourcedRequestMappingHandlerMapping	69	main	Mapped URL path [/v2/api-docs] onto method [springfox.documentation.swagger2.web.Swagger2Controller#getDocumentation(String, HttpServletRequest)]
2024-12-12 22:33:59.331 +0800	INFO	springfox.documentation.spring.web.plugins.DocumentationPluginsBootstrapper	160	main	Context refreshed
2024-12-12 22:33:59.347 +0800	INFO	springfox.documentation.spring.web.plugins.DocumentationPluginsBootstrapper	163	main	Found 1 custom documentation plugin(s)
2024-12-12 22:33:59.371 +0800	INFO	springfox.documentation.spring.web.scanners.ApiListingReferenceScanner	41	main	Scanning for api listing references
2024-12-12 22:33:59.566 +0800	INFO	org.apache.juli.logging.DirectJDKLog	173	main	Starting ProtocolHandler ["http-nio-80"]
2024-12-12 22:33:59.583 +0800	INFO	org.springframework.boot.StartupInfoLogger	61	main	Started ScoreApplication in 4.808 seconds (JVM running for 7.474)
2024-12-12 22:34:04.677 +0800	INFO	org.apache.juli.logging.DirectJDKLog	173	http-nio-80-exec-1	Initializing Spring DispatcherServlet 'dispatcherServlet'
2024-12-12 22:34:07.555 +0800	INFO	com.alibaba.druid.pool.DruidDataSource	985	http-nio-80-exec-3	{dataSource-1} inited
2024-12-12 22:36:58.426 +0800	WARN	com.alibaba.druid.pool.DruidAbstractDataSource	1489	http-nio-80-exec-8	discard long time none received connection. , jdbcUrl : jdbc:mysql://47.108.213.249/company_score?useUnicode=true&characterEncoding=utf-8&useSSL=false&serverTimezone=CTT&serverTimezone=GMT%2B8&allowPublicKeyRetrieval=true&useSSL=false, version : 1.2.3, lastPacketReceivedIdleMillis : 153729
2024-12-12 22:36:58.426 +0800	WARN	com.alibaba.druid.pool.DruidAbstractDataSource	1489	http-nio-80-exec-9	discard long time none received connection. , jdbcUrl : jdbc:mysql://47.108.213.249/company_score?useUnicode=true&characterEncoding=utf-8&useSSL=false&serverTimezone=CTT&serverTimezone=GMT%2B8&allowPublicKeyRetrieval=true&useSSL=false, version : 1.2.3, lastPacketReceivedIdleMillis : 153796
2024-12-12 22:39:02.109 +0800	ERROR	com.system.assessment.exception.WebExceptionController	167	http-nio-80-exec-10	数据库错误发生: 
org.springframework.jdbc.BadSqlGrammarException: 
### Error updating database.  Cause: java.sql.SQLSyntaxErrorException: You have an error in your SQL syntax; check the manual that corresponds to your MySQL server version for the right syntax to use near '1 and enable = (0, 1)' at line 4
### The error may exist in com/system/assessment/mapper/TodoListMapper.xml
### The error may involve defaultParameterMap
### The error occurred while setting parameters
### SQL: UPDATE todo_list         SET operation = ?         where evaluator_id = ? and evaluated_id = ? and epoch = ?           and operation in 1 and enable = (0, 1)
### Cause: java.sql.SQLSyntaxErrorException: You have an error in your SQL syntax; check the manual that corresponds to your MySQL server version for the right syntax to use near '1 and enable = (0, 1)' at line 4
; bad SQL grammar []; nested exception is java.sql.SQLSyntaxErrorException: You have an error in your SQL syntax; check the manual that corresponds to your MySQL server version for the right syntax to use near '1 and enable = (0, 1)' at line 4
	at org.springframework.jdbc.support.SQLErrorCodeSQLExceptionTranslator.doTranslate(SQLErrorCodeSQLExceptionTranslator.java:235) ~[spring-jdbc-5.2.0.RELEASE.jar:5.2.0.RELEASE]
	at org.springframework.jdbc.support.AbstractFallbackSQLExceptionTranslator.translate(AbstractFallbackSQLExceptionTranslator.java:72) ~[spring-jdbc-5.2.0.RELEASE.jar:5.2.0.RELEASE]
	at org.mybatis.spring.MyBatisExceptionTranslator.translateExceptionIfPossible(MyBatisExceptionTranslator.java:88) ~[mybatis-spring-2.0.5.jar:2.0.5]
	at org.mybatis.spring.SqlSessionTemplate$SqlSessionInterceptor.invoke(SqlSessionTemplate.java:440) ~[mybatis-spring-2.0.5.jar:2.0.5]
	at com.sun.proxy.$Proxy98.update(Unknown Source) ~[?:?]
	at org.mybatis.spring.SqlSessionTemplate.update(SqlSessionTemplate.java:287) ~[mybatis-spring-2.0.5.jar:2.0.5]
	at org.apache.ibatis.binding.MapperMethod.execute(MapperMethod.java:67) ~[mybatis-3.5.5.jar:3.5.5]
	at org.apache.ibatis.binding.MapperProxy$PlainMethodInvoker.invoke(MapperProxy.java:152) ~[mybatis-3.5.5.jar:3.5.5]
	at org.apache.ibatis.binding.MapperProxy.invoke(MapperProxy.java:85) ~[mybatis-3.5.5.jar:3.5.5]
	at com.sun.proxy.$Proxy109.setFinishedOperationToDeleted(Unknown Source) ~[?:?]
	at com.system.assessment.service.Impl.RelationshipServiceImpl.deleteEvaluationMatrixAtSecondStage(RelationshipServiceImpl.java:289) ~[classes/:?]
	at com.system.assessment.service.Impl.RelationshipServiceImpl$$FastClassBySpringCGLIB$$2cf750e2.invoke(<generated>) ~[classes/:?]
	at org.springframework.cglib.proxy.MethodProxy.invoke(MethodProxy.java:218) ~[spring-core-5.2.0.RELEASE.jar:5.2.0.RELEASE]
	at org.springframework.aop.framework.CglibAopProxy$CglibMethodInvocation.invokeJoinpoint(CglibAopProxy.java:769) ~[spring-aop-5.2.0.RELEASE.jar:5.2.0.RELEASE]
	at org.springframework.aop.framework.ReflectiveMethodInvocation.proceed(ReflectiveMethodInvocation.java:163) ~[spring-aop-5.2.0.RELEASE.jar:5.2.0.RELEASE]
	at org.springframework.aop.framework.CglibAopProxy$CglibMethodInvocation.proceed(CglibAopProxy.java:747) ~[spring-aop-5.2.0.RELEASE.jar:5.2.0.RELEASE]
	at org.springframework.transaction.interceptor.TransactionAspectSupport.invokeWithinTransaction(TransactionAspectSupport.java:353) ~[spring-tx-5.2.0.RELEASE.jar:5.2.0.RELEASE]
	at org.springframework.transaction.interceptor.TransactionInterceptor.invoke(TransactionInterceptor.java:99) ~[spring-tx-5.2.0.RELEASE.jar:5.2.0.RELEASE]
	at org.springframework.aop.framework.ReflectiveMethodInvocation.proceed(ReflectiveMethodInvocation.java:186) ~[spring-aop-5.2.0.RELEASE.jar:5.2.0.RELEASE]
	at org.springframework.aop.framework.CglibAopProxy$CglibMethodInvocation.proceed(CglibAopProxy.java:747) ~[spring-aop-5.2.0.RELEASE.jar:5.2.0.RELEASE]
	at org.springframework.aop.framework.CglibAopProxy$DynamicAdvisedInterceptor.intercept(CglibAopProxy.java:689) ~[spring-aop-5.2.0.RELEASE.jar:5.2.0.RELEASE]
	at com.system.assessment.service.Impl.RelationshipServiceImpl$$EnhancerBySpringCGLIB$$296c5201.deleteEvaluationMatrixAtSecondStage(<generated>) ~[classes/:?]
	at com.system.assessment.controller.RelationshipController.updateEvaluationMatrix(RelationshipController.java:81) ~[classes/:?]
	at sun.reflect.NativeMethodAccessorImpl.invoke0(Native Method) ~[?:1.8.0_301]
	at sun.reflect.NativeMethodAccessorImpl.invoke(NativeMethodAccessorImpl.java:62) ~[?:1.8.0_301]
	at sun.reflect.DelegatingMethodAccessorImpl.invoke(DelegatingMethodAccessorImpl.java:43) ~[?:1.8.0_301]
	at java.lang.reflect.Method.invoke(Method.java:498) ~[?:1.8.0_301]
	at org.springframework.web.method.support.InvocableHandlerMethod.doInvoke(InvocableHandlerMethod.java:190) ~[spring-web-5.2.0.RELEASE.jar:5.2.0.RELEASE]
	at org.springframework.web.method.support.InvocableHandlerMethod.invokeForRequest(InvocableHandlerMethod.java:138) ~[spring-web-5.2.0.RELEASE.jar:5.2.0.RELEASE]
	at org.springframework.web.servlet.mvc.method.annotation.ServletInvocableHandlerMethod.invokeAndHandle(ServletInvocableHandlerMethod.java:106) ~[spring-webmvc-5.2.0.RELEASE.jar:5.2.0.RELEASE]
	at org.springframework.web.servlet.mvc.method.annotation.RequestMappingHandlerAdapter.invokeHandlerMethod(RequestMappingHandlerAdapter.java:888) ~[spring-webmvc-5.2.0.RELEASE.jar:5.2.0.RELEASE]
	at org.springframework.web.servlet.mvc.method.annotation.RequestMappingHandlerAdapter.handleInternal(RequestMappingHandlerAdapter.java:793) ~[spring-webmvc-5.2.0.RELEASE.jar:5.2.0.RELEASE]
	at org.springframework.web.servlet.mvc.method.AbstractHandlerMethodAdapter.handle(AbstractHandlerMethodAdapter.java:87) ~[spring-webmvc-5.2.0.RELEASE.jar:5.2.0.RELEASE]
	at org.springframework.web.servlet.DispatcherServlet.doDispatch(DispatcherServlet.java:1040) [spring-webmvc-5.2.0.RELEASE.jar:5.2.0.RELEASE]
	at org.springframework.web.servlet.DispatcherServlet.doService(DispatcherServlet.java:943) [spring-webmvc-5.2.0.RELEASE.jar:5.2.0.RELEASE]
	at org.springframework.web.servlet.FrameworkServlet.processRequest(FrameworkServlet.java:1006) [spring-webmvc-5.2.0.RELEASE.jar:5.2.0.RELEASE]
	at org.springframework.web.servlet.FrameworkServlet.doDelete(FrameworkServlet.java:931) [spring-webmvc-5.2.0.RELEASE.jar:5.2.0.RELEASE]
	at javax.servlet.http.HttpServlet.service(HttpServlet.java:666) [tomcat-embed-core-9.0.27.jar:9.0.27]
	at org.springframework.web.servlet.FrameworkServlet.service(FrameworkServlet.java:883) [spring-webmvc-5.2.0.RELEASE.jar:5.2.0.RELEASE]
	at javax.servlet.http.HttpServlet.service(HttpServlet.java:741) [tomcat-embed-core-9.0.27.jar:9.0.27]
	at org.apache.catalina.core.ApplicationFilterChain.internalDoFilter(ApplicationFilterChain.java:231) [tomcat-embed-core-9.0.27.jar:9.0.27]
	at org.apache.catalina.core.ApplicationFilterChain.doFilter(ApplicationFilterChain.java:166) [tomcat-embed-core-9.0.27.jar:9.0.27]
	at org.apache.tomcat.websocket.server.WsFilter.doFilter(WsFilter.java:53) [tomcat-embed-websocket-9.0.27.jar:9.0.27]
	at org.apache.catalina.core.ApplicationFilterChain.internalDoFilter(ApplicationFilterChain.java:193) [tomcat-embed-core-9.0.27.jar:9.0.27]
	at org.apache.catalina.core.ApplicationFilterChain.doFilter(ApplicationFilterChain.java:166) [tomcat-embed-core-9.0.27.jar:9.0.27]
	at org.springframework.security.web.authentication.AbstractAuthenticationProcessingFilter.doFilter(AbstractAuthenticationProcessingFilter.java:200) [spring-security-web-5.2.0.RELEASE.jar:5.2.0.RELEASE]
	at org.apache.catalina.core.ApplicationFilterChain.internalDoFilter(ApplicationFilterChain.java:193) [tomcat-embed-core-9.0.27.jar:9.0.27]
	at org.apache.catalina.core.ApplicationFilterChain.doFilter(ApplicationFilterChain.java:166) [tomcat-embed-core-9.0.27.jar:9.0.27]
	at org.springframework.web.filter.OncePerRequestFilter.doFilter(OncePerRequestFilter.java:113) [spring-web-5.2.0.RELEASE.jar:5.2.0.RELEASE]
	at org.apache.catalina.core.ApplicationFilterChain.internalDoFilter(ApplicationFilterChain.java:193) [tomcat-embed-core-9.0.27.jar:9.0.27]
	at org.apache.catalina.core.ApplicationFilterChain.doFilter(ApplicationFilterChain.java:166) [tomcat-embed-core-9.0.27.jar:9.0.27]
	at org.springframework.security.web.FilterChainProxy$VirtualFilterChain.doFilter(FilterChainProxy.java:320) [spring-security-web-5.2.0.RELEASE.jar:5.2.0.RELEASE]
	at org.springframework.security.web.access.intercept.FilterSecurityInterceptor.invoke(FilterSecurityInterceptor.java:126) [spring-security-web-5.2.0.RELEASE.jar:5.2.0.RELEASE]
	at org.springframework.security.web.access.intercept.FilterSecurityInterceptor.doFilter(FilterSecurityInterceptor.java:90) [spring-security-web-5.2.0.RELEASE.jar:5.2.0.RELEASE]
	at org.springframework.security.web.FilterChainProxy$VirtualFilterChain.doFilter(FilterChainProxy.java:334) [spring-security-web-5.2.0.RELEASE.jar:5.2.0.RELEASE]
	at org.springframework.security.web.access.ExceptionTranslationFilter.doFilter(ExceptionTranslationFilter.java:118) [spring-security-web-5.2.0.RELEASE.jar:5.2.0.RELEASE]
	at org.springframework.security.web.FilterChainProxy$VirtualFilterChain.doFilter(FilterChainProxy.java:334) [spring-security-web-5.2.0.RELEASE.jar:5.2.0.RELEASE]
	at org.springframework.security.web.session.SessionManagementFilter.doFilter(SessionManagementFilter.java:137) [spring-security-web-5.2.0.RELEASE.jar:5.2.0.RELEASE]
	at org.springframework.security.web.FilterChainProxy$VirtualFilterChain.doFilter(FilterChainProxy.java:334) [spring-security-web-5.2.0.RELEASE.jar:5.2.0.RELEASE]
	at org.springframework.security.web.authentication.AnonymousAuthenticationFilter.doFilter(AnonymousAuthenticationFilter.java:111) [spring-security-web-5.2.0.RELEASE.jar:5.2.0.RELEASE]
	at org.springframework.security.web.FilterChainProxy$VirtualFilterChain.doFilter(FilterChainProxy.java:334) [spring-security-web-5.2.0.RELEASE.jar:5.2.0.RELEASE]
	at org.springframework.security.web.servletapi.SecurityContextHolderAwareRequestFilter.doFilter(SecurityContextHolderAwareRequestFilter.java:158) [spring-security-web-5.2.0.RELEASE.jar:5.2.0.RELEASE]
	at org.springframework.security.web.FilterChainProxy$VirtualFilterChain.doFilter(FilterChainProxy.java:334) [spring-security-web-5.2.0.RELEASE.jar:5.2.0.RELEASE]
	at org.springframework.security.web.savedrequest.RequestCacheAwareFilter.doFilter(RequestCacheAwareFilter.java:63) [spring-security-web-5.2.0.RELEASE.jar:5.2.0.RELEASE]
	at org.springframework.security.web.FilterChainProxy$VirtualFilterChain.doFilter(FilterChainProxy.java:334) [spring-security-web-5.2.0.RELEASE.jar:5.2.0.RELEASE]
	at org.springframework.security.web.session.ConcurrentSessionFilter.doFilter(ConcurrentSessionFilter.java:152) [spring-security-web-5.2.0.RELEASE.jar:5.2.0.RELEASE]
	at org.springframework.security.web.FilterChainProxy$VirtualFilterChain.doFilter(FilterChainProxy.java:334) [spring-security-web-5.2.0.RELEASE.jar:5.2.0.RELEASE]
	at org.springframework.security.web.authentication.AbstractAuthenticationProcessingFilter.doFilter(AbstractAuthenticationProcessingFilter.java:200) [spring-security-web-5.2.0.RELEASE.jar:5.2.0.RELEASE]
	at org.springframework.security.web.FilterChainProxy$VirtualFilterChain.doFilter(FilterChainProxy.java:334) [spring-security-web-5.2.0.RELEASE.jar:5.2.0.RELEASE]
	at org.springframework.security.web.authentication.AbstractAuthenticationProcessingFilter.doFilter(AbstractAuthenticationProcessingFilter.java:200) [spring-security-web-5.2.0.RELEASE.jar:5.2.0.RELEASE]
	at org.springframework.security.web.FilterChainProxy$VirtualFilterChain.doFilter(FilterChainProxy.java:334) [spring-security-web-5.2.0.RELEASE.jar:5.2.0.RELEASE]
	at com.system.assessment.filter.SessionIsValuedTokenFilter.doFilterInternal(SessionIsValuedTokenFilter.java:36) [classes/:?]
	at org.springframework.web.filter.OncePerRequestFilter.doFilter(OncePerRequestFilter.java:119) [spring-web-5.2.0.RELEASE.jar:5.2.0.RELEASE]
	at org.springframework.security.web.FilterChainProxy$VirtualFilterChain.doFilter(FilterChainProxy.java:334) [spring-security-web-5.2.0.RELEASE.jar:5.2.0.RELEASE]
	at org.springframework.security.web.authentication.logout.LogoutFilter.doFilter(LogoutFilter.java:116) [spring-security-web-5.2.0.RELEASE.jar:5.2.0.RELEASE]
	at org.springframework.security.web.FilterChainProxy$VirtualFilterChain.doFilter(FilterChainProxy.java:334) [spring-security-web-5.2.0.RELEASE.jar:5.2.0.RELEASE]
	at org.springframework.security.web.header.HeaderWriterFilter.doHeadersAfter(HeaderWriterFilter.java:92) [spring-security-web-5.2.0.RELEASE.jar:5.2.0.RELEASE]
	at org.springframework.security.web.header.HeaderWriterFilter.doFilterInternal(HeaderWriterFilter.java:77) [spring-security-web-5.2.0.RELEASE.jar:5.2.0.RELEASE]
	at org.springframework.web.filter.OncePerRequestFilter.doFilter(OncePerRequestFilter.java:119) [spring-web-5.2.0.RELEASE.jar:5.2.0.RELEASE]
	at org.springframework.security.web.FilterChainProxy$VirtualFilterChain.doFilter(FilterChainProxy.java:334) [spring-security-web-5.2.0.RELEASE.jar:5.2.0.RELEASE]
	at org.springframework.security.web.context.SecurityContextPersistenceFilter.doFilter(SecurityContextPersistenceFilter.java:105) [spring-security-web-5.2.0.RELEASE.jar:5.2.0.RELEASE]
	at org.springframework.security.web.FilterChainProxy$VirtualFilterChain.doFilter(FilterChainProxy.java:334) [spring-security-web-5.2.0.RELEASE.jar:5.2.0.RELEASE]
	at org.springframework.security.web.context.request.async.WebAsyncManagerIntegrationFilter.doFilterInternal(WebAsyncManagerIntegrationFilter.java:56) [spring-security-web-5.2.0.RELEASE.jar:5.2.0.RELEASE]
	at org.springframework.web.filter.OncePerRequestFilter.doFilter(OncePerRequestFilter.java:119) [spring-web-5.2.0.RELEASE.jar:5.2.0.RELEASE]
	at org.springframework.security.web.FilterChainProxy$VirtualFilterChain.doFilter(FilterChainProxy.java:334) [spring-security-web-5.2.0.RELEASE.jar:5.2.0.RELEASE]
	at org.springframework.security.web.FilterChainProxy.doFilterInternal(FilterChainProxy.java:215) [spring-security-web-5.2.0.RELEASE.jar:5.2.0.RELEASE]
	at org.springframework.security.web.FilterChainProxy.doFilter(FilterChainProxy.java:178) [spring-security-web-5.2.0.RELEASE.jar:5.2.0.RELEASE]
	at org.springframework.web.filter.DelegatingFilterProxy.invokeDelegate(DelegatingFilterProxy.java:358) [spring-web-5.2.0.RELEASE.jar:5.2.0.RELEASE]
	at org.springframework.web.filter.DelegatingFilterProxy.doFilter(DelegatingFilterProxy.java:271) [spring-web-5.2.0.RELEASE.jar:5.2.0.RELEASE]
	at org.apache.catalina.core.ApplicationFilterChain.internalDoFilter(ApplicationFilterChain.java:193) [tomcat-embed-core-9.0.27.jar:9.0.27]
	at org.apache.catalina.core.ApplicationFilterChain.doFilter(ApplicationFilterChain.java:166) [tomcat-embed-core-9.0.27.jar:9.0.27]
	at org.springframework.web.filter.RequestContextFilter.doFilterInternal(RequestContextFilter.java:100) [spring-web-5.2.0.RELEASE.jar:5.2.0.RELEASE]
	at org.springframework.web.filter.OncePerRequestFilter.doFilter(OncePerRequestFilter.java:119) [spring-web-5.2.0.RELEASE.jar:5.2.0.RELEASE]
	at org.apache.catalina.core.ApplicationFilterChain.internalDoFilter(ApplicationFilterChain.java:193) [tomcat-embed-core-9.0.27.jar:9.0.27]
	at org.apache.catalina.core.ApplicationFilterChain.doFilter(ApplicationFilterChain.java:166) [tomcat-embed-core-9.0.27.jar:9.0.27]
	at org.springframework.web.filter.FormContentFilter.doFilterInternal(FormContentFilter.java:93) [spring-web-5.2.0.RELEASE.jar:5.2.0.RELEASE]
	at org.springframework.web.filter.OncePerRequestFilter.doFilter(OncePerRequestFilter.java:119) [spring-web-5.2.0.RELEASE.jar:5.2.0.RELEASE]
	at org.apache.catalina.core.ApplicationFilterChain.internalDoFilter(ApplicationFilterChain.java:193) [tomcat-embed-core-9.0.27.jar:9.0.27]
	at org.apache.catalina.core.ApplicationFilterChain.doFilter(ApplicationFilterChain.java:166) [tomcat-embed-core-9.0.27.jar:9.0.27]
	at org.springframework.web.filter.CharacterEncodingFilter.doFilterInternal(CharacterEncodingFilter.java:201) [spring-web-5.2.0.RELEASE.jar:5.2.0.RELEASE]
	at org.springframework.web.filter.OncePerRequestFilter.doFilter(OncePerRequestFilter.java:119) [spring-web-5.2.0.RELEASE.jar:5.2.0.RELEASE]
	at org.apache.catalina.core.ApplicationFilterChain.internalDoFilter(ApplicationFilterChain.java:193) [tomcat-embed-core-9.0.27.jar:9.0.27]
	at org.apache.catalina.core.ApplicationFilterChain.doFilter(ApplicationFilterChain.java:166) [tomcat-embed-core-9.0.27.jar:9.0.27]
	at org.apache.catalina.core.StandardWrapperValve.invoke(StandardWrapperValve.java:202) [tomcat-embed-core-9.0.27.jar:9.0.27]
	at org.apache.catalina.core.StandardContextValve.invoke(StandardContextValve.java:96) [tomcat-embed-core-9.0.27.jar:9.0.27]
	at org.apache.catalina.authenticator.AuthenticatorBase.invoke(AuthenticatorBase.java:526) [tomcat-embed-core-9.0.27.jar:9.0.27]
	at org.apache.catalina.core.StandardHostValve.invoke(StandardHostValve.java:139) [tomcat-embed-core-9.0.27.jar:9.0.27]
	at org.apache.catalina.valves.ErrorReportValve.invoke(ErrorReportValve.java:92) [tomcat-embed-core-9.0.27.jar:9.0.27]
	at org.apache.catalina.core.StandardEngineValve.invoke(StandardEngineValve.java:74) [tomcat-embed-core-9.0.27.jar:9.0.27]
	at org.apache.catalina.connector.CoyoteAdapter.service(CoyoteAdapter.java:343) [tomcat-embed-core-9.0.27.jar:9.0.27]
	at org.apache.coyote.http11.Http11Processor.service(Http11Processor.java:408) [tomcat-embed-core-9.0.27.jar:9.0.27]
	at org.apache.coyote.AbstractProcessorLight.process(AbstractProcessorLight.java:66) [tomcat-embed-core-9.0.27.jar:9.0.27]
	at org.apache.coyote.AbstractProtocol$ConnectionHandler.process(AbstractProtocol.java:861) [tomcat-embed-core-9.0.27.jar:9.0.27]
	at org.apache.tomcat.util.net.NioEndpoint$SocketProcessor.doRun(NioEndpoint.java:1579) [tomcat-embed-core-9.0.27.jar:9.0.27]
	at org.apache.tomcat.util.net.SocketProcessorBase.run(SocketProcessorBase.java:49) [tomcat-embed-core-9.0.27.jar:9.0.27]
	at java.util.concurrent.ThreadPoolExecutor.runWorker(ThreadPoolExecutor.java:1149) [?:1.8.0_301]
	at java.util.concurrent.ThreadPoolExecutor$Worker.run(ThreadPoolExecutor.java:624) [?:1.8.0_301]
	at org.apache.tomcat.util.threads.TaskThread$WrappingRunnable.run(TaskThread.java:61) [tomcat-embed-core-9.0.27.jar:9.0.27]
	at java.lang.Thread.run(Thread.java:748) [?:1.8.0_301]
Caused by: java.sql.SQLSyntaxErrorException: You have an error in your SQL syntax; check the manual that corresponds to your MySQL server version for the right syntax to use near '1 and enable = (0, 1)' at line 4
	at com.mysql.cj.jdbc.exceptions.SQLError.createSQLException(SQLError.java:120) ~[mysql-connector-java-8.0.18.jar:8.0.18]
	at com.mysql.cj.jdbc.exceptions.SQLError.createSQLException(SQLError.java:97) ~[mysql-connector-java-8.0.18.jar:8.0.18]
	at com.mysql.cj.jdbc.exceptions.SQLExceptionsMapping.translateException(SQLExceptionsMapping.java:122) ~[mysql-connector-java-8.0.18.jar:8.0.18]
	at com.mysql.cj.jdbc.ClientPreparedStatement.executeInternal(ClientPreparedStatement.java:953) ~[mysql-connector-java-8.0.18.jar:8.0.18]
	at com.mysql.cj.jdbc.ClientPreparedStatement.execute(ClientPreparedStatement.java:370) ~[mysql-connector-java-8.0.18.jar:8.0.18]
	at com.alibaba.druid.pool.DruidPooledPreparedStatement.execute(DruidPooledPreparedStatement.java:497) ~[druid-1.2.3.jar:1.2.3]
	at org.apache.ibatis.executor.statement.PreparedStatementHandler.update(PreparedStatementHandler.java:47) ~[mybatis-3.5.5.jar:3.5.5]
	at org.apache.ibatis.executor.statement.RoutingStatementHandler.update(RoutingStatementHandler.java:74) ~[mybatis-3.5.5.jar:3.5.5]
	at org.apache.ibatis.executor.SimpleExecutor.doUpdate(SimpleExecutor.java:50) ~[mybatis-3.5.5.jar:3.5.5]
	at org.apache.ibatis.executor.BaseExecutor.update(BaseExecutor.java:117) ~[mybatis-3.5.5.jar:3.5.5]
	at org.apache.ibatis.executor.CachingExecutor.update(CachingExecutor.java:76) ~[mybatis-3.5.5.jar:3.5.5]
	at sun.reflect.NativeMethodAccessorImpl.invoke0(Native Method) ~[?:1.8.0_301]
	at sun.reflect.NativeMethodAccessorImpl.invoke(NativeMethodAccessorImpl.java:62) ~[?:1.8.0_301]
	at sun.reflect.DelegatingMethodAccessorImpl.invoke(DelegatingMethodAccessorImpl.java:43) ~[?:1.8.0_301]
	at java.lang.reflect.Method.invoke(Method.java:498) ~[?:1.8.0_301]
	at org.apache.ibatis.plugin.Plugin.invoke(Plugin.java:63) ~[mybatis-3.5.5.jar:3.5.5]
	at com.sun.proxy.$Proxy153.update(Unknown Source) ~[?:?]
	at org.apache.ibatis.session.defaults.DefaultSqlSession.update(DefaultSqlSession.java:197) ~[mybatis-3.5.5.jar:3.5.5]
	at sun.reflect.NativeMethodAccessorImpl.invoke0(Native Method) ~[?:1.8.0_301]
	at sun.reflect.NativeMethodAccessorImpl.invoke(NativeMethodAccessorImpl.java:62) ~[?:1.8.0_301]
	at sun.reflect.DelegatingMethodAccessorImpl.invoke(DelegatingMethodAccessorImpl.java:43) ~[?:1.8.0_301]
	at java.lang.reflect.Method.invoke(Method.java:498) ~[?:1.8.0_301]
	at org.mybatis.spring.SqlSessionTemplate$SqlSessionInterceptor.invoke(SqlSessionTemplate.java:426) ~[mybatis-spring-2.0.5.jar:2.0.5]
	... 115 more
2024-12-12 22:39:02.154 +0800	ERROR	com.system.assessment.exception.WebExceptionController	168	http-nio-80-exec-10	全局异常处理器将handleUncategorizedSQLException异常抛出,信息为数据库操作错误
2024-12-12 22:40:33.947 +0800	INFO	org.springframework.boot.StartupInfoLogger	55	main	Starting ScoreApplication on LAPTOP-HISRR710 with PID 12768 (E:\ScoreSystem\target\classes started by LENOVO in E:\ScoreSystem)
2024-12-12 22:40:33.953 +0800	INFO	org.springframework.boot.SpringApplication	655	main	The following profiles are active: dev
2024-12-12 22:40:35.050 +0800	INFO	org.apache.juli.logging.DirectJDKLog	173	main	Initializing ProtocolHandler ["http-nio-80"]
2024-12-12 22:40:35.050 +0800	INFO	org.apache.juli.logging.DirectJDKLog	173	main	Starting service [Tomcat]
2024-12-12 22:40:35.050 +0800	INFO	org.apache.juli.logging.DirectJDKLog	173	main	Starting Servlet engine: [Apache Tomcat/9.0.27]
2024-12-12 22:40:35.052 +0800	INFO	org.apache.juli.logging.DirectJDKLog	173	main	Loaded APR based Apache Tomcat Native library [1.2.39] using APR version [1.7.4].
2024-12-12 22:40:35.052 +0800	INFO	org.apache.juli.logging.DirectJDKLog	173	main	APR capabilities: IPv6 [true], sendfile [true], accept filters [false], random [true].
2024-12-12 22:40:35.052 +0800	INFO	org.apache.juli.logging.DirectJDKLog	173	main	APR/OpenSSL configuration: useAprConnector [false], useOpenSSL [true]
2024-12-12 22:40:35.057 +0800	INFO	org.apache.juli.logging.DirectJDKLog	173	main	OpenSSL successfully initialized [OpenSSL 3.0.11 19 Sep 2023]
2024-12-12 22:40:35.145 +0800	INFO	org.apache.juli.logging.DirectJDKLog	173	main	Initializing Spring embedded WebApplicationContext
2024-12-12 22:40:35.813 +0800	INFO	springfox.documentation.spring.web.PropertySourcedRequestMappingHandlerMapping	69	main	Mapped URL path [/v2/api-docs] onto method [springfox.documentation.swagger2.web.Swagger2Controller#getDocumentation(String, HttpServletRequest)]
2024-12-12 22:40:36.311 +0800	INFO	springfox.documentation.spring.web.plugins.DocumentationPluginsBootstrapper	160	main	Context refreshed
2024-12-12 22:40:36.323 +0800	INFO	springfox.documentation.spring.web.plugins.DocumentationPluginsBootstrapper	163	main	Found 1 custom documentation plugin(s)
2024-12-12 22:40:36.345 +0800	INFO	springfox.documentation.spring.web.scanners.ApiListingReferenceScanner	41	main	Scanning for api listing references
2024-12-12 22:40:36.538 +0800	INFO	org.apache.juli.logging.DirectJDKLog	173	main	Starting ProtocolHandler ["http-nio-80"]
2024-12-12 22:40:36.555 +0800	INFO	org.springframework.boot.StartupInfoLogger	61	main	Started ScoreApplication in 2.85 seconds (JVM running for 5.121)
2024-12-12 22:40:40.967 +0800	INFO	org.apache.juli.logging.DirectJDKLog	173	http-nio-80-exec-1	Initializing Spring DispatcherServlet 'dispatcherServlet'
2024-12-12 22:40:50.950 +0800	INFO	com.alibaba.druid.pool.DruidDataSource	985	http-nio-80-exec-1	{dataSource-1} inited
2024-12-12 22:41:12.975 +0800	ERROR	com.system.assessment.exception.WebExceptionController	167	http-nio-80-exec-7	数据库错误发生: 
org.springframework.jdbc.BadSqlGrammarException: 
### Error updating database.  Cause: java.sql.SQLException: Operand should contain 1 column(s)
### The error may exist in com/system/assessment/mapper/TodoListMapper.xml
### The error may involve defaultParameterMap
### The error occurred while setting parameters
### SQL: UPDATE todo_list         SET operation = ?         where evaluator_id = ? and evaluated_id = ? and epoch = ?           and operation = 1 and enable = (0, 1)
### Cause: java.sql.SQLException: Operand should contain 1 column(s)
; bad SQL grammar []; nested exception is java.sql.SQLException: Operand should contain 1 column(s)
	at org.springframework.jdbc.support.SQLStateSQLExceptionTranslator.doTranslate(SQLStateSQLExceptionTranslator.java:101) ~[spring-jdbc-5.2.0.RELEASE.jar:5.2.0.RELEASE]
	at org.springframework.jdbc.support.AbstractFallbackSQLExceptionTranslator.translate(AbstractFallbackSQLExceptionTranslator.java:72) ~[spring-jdbc-5.2.0.RELEASE.jar:5.2.0.RELEASE]
	at org.springframework.jdbc.support.AbstractFallbackSQLExceptionTranslator.translate(AbstractFallbackSQLExceptionTranslator.java:81) ~[spring-jdbc-5.2.0.RELEASE.jar:5.2.0.RELEASE]
	at org.springframework.jdbc.support.AbstractFallbackSQLExceptionTranslator.translate(AbstractFallbackSQLExceptionTranslator.java:81) ~[spring-jdbc-5.2.0.RELEASE.jar:5.2.0.RELEASE]
	at org.mybatis.spring.MyBatisExceptionTranslator.translateExceptionIfPossible(MyBatisExceptionTranslator.java:88) ~[mybatis-spring-2.0.5.jar:2.0.5]
	at org.mybatis.spring.SqlSessionTemplate$SqlSessionInterceptor.invoke(SqlSessionTemplate.java:440) ~[mybatis-spring-2.0.5.jar:2.0.5]
	at com.sun.proxy.$Proxy98.update(Unknown Source) ~[?:?]
	at org.mybatis.spring.SqlSessionTemplate.update(SqlSessionTemplate.java:287) ~[mybatis-spring-2.0.5.jar:2.0.5]
	at org.apache.ibatis.binding.MapperMethod.execute(MapperMethod.java:67) ~[mybatis-3.5.5.jar:3.5.5]
	at org.apache.ibatis.binding.MapperProxy$PlainMethodInvoker.invoke(MapperProxy.java:152) ~[mybatis-3.5.5.jar:3.5.5]
	at org.apache.ibatis.binding.MapperProxy.invoke(MapperProxy.java:85) ~[mybatis-3.5.5.jar:3.5.5]
	at com.sun.proxy.$Proxy109.setFinishedOperationToDeleted(Unknown Source) ~[?:?]
	at com.system.assessment.service.Impl.RelationshipServiceImpl.deleteEvaluationMatrixAtSecondStage(RelationshipServiceImpl.java:289) ~[classes/:?]
	at com.system.assessment.service.Impl.RelationshipServiceImpl$$FastClassBySpringCGLIB$$2cf750e2.invoke(<generated>) ~[classes/:?]
	at org.springframework.cglib.proxy.MethodProxy.invoke(MethodProxy.java:218) ~[spring-core-5.2.0.RELEASE.jar:5.2.0.RELEASE]
	at org.springframework.aop.framework.CglibAopProxy$CglibMethodInvocation.invokeJoinpoint(CglibAopProxy.java:769) ~[spring-aop-5.2.0.RELEASE.jar:5.2.0.RELEASE]
	at org.springframework.aop.framework.ReflectiveMethodInvocation.proceed(ReflectiveMethodInvocation.java:163) ~[spring-aop-5.2.0.RELEASE.jar:5.2.0.RELEASE]
	at org.springframework.aop.framework.CglibAopProxy$CglibMethodInvocation.proceed(CglibAopProxy.java:747) ~[spring-aop-5.2.0.RELEASE.jar:5.2.0.RELEASE]
	at org.springframework.transaction.interceptor.TransactionAspectSupport.invokeWithinTransaction(TransactionAspectSupport.java:353) ~[spring-tx-5.2.0.RELEASE.jar:5.2.0.RELEASE]
	at org.springframework.transaction.interceptor.TransactionInterceptor.invoke(TransactionInterceptor.java:99) ~[spring-tx-5.2.0.RELEASE.jar:5.2.0.RELEASE]
	at org.springframework.aop.framework.ReflectiveMethodInvocation.proceed(ReflectiveMethodInvocation.java:186) ~[spring-aop-5.2.0.RELEASE.jar:5.2.0.RELEASE]
	at org.springframework.aop.framework.CglibAopProxy$CglibMethodInvocation.proceed(CglibAopProxy.java:747) ~[spring-aop-5.2.0.RELEASE.jar:5.2.0.RELEASE]
	at org.springframework.aop.framework.CglibAopProxy$DynamicAdvisedInterceptor.intercept(CglibAopProxy.java:689) ~[spring-aop-5.2.0.RELEASE.jar:5.2.0.RELEASE]
	at com.system.assessment.service.Impl.RelationshipServiceImpl$$EnhancerBySpringCGLIB$$6eda3588.deleteEvaluationMatrixAtSecondStage(<generated>) ~[classes/:?]
	at com.system.assessment.controller.RelationshipController.updateEvaluationMatrix(RelationshipController.java:81) ~[classes/:?]
	at sun.reflect.NativeMethodAccessorImpl.invoke0(Native Method) ~[?:1.8.0_301]
	at sun.reflect.NativeMethodAccessorImpl.invoke(NativeMethodAccessorImpl.java:62) ~[?:1.8.0_301]
	at sun.reflect.DelegatingMethodAccessorImpl.invoke(DelegatingMethodAccessorImpl.java:43) ~[?:1.8.0_301]
	at java.lang.reflect.Method.invoke(Method.java:498) ~[?:1.8.0_301]
	at org.springframework.web.method.support.InvocableHandlerMethod.doInvoke(InvocableHandlerMethod.java:190) ~[spring-web-5.2.0.RELEASE.jar:5.2.0.RELEASE]
	at org.springframework.web.method.support.InvocableHandlerMethod.invokeForRequest(InvocableHandlerMethod.java:138) ~[spring-web-5.2.0.RELEASE.jar:5.2.0.RELEASE]
	at org.springframework.web.servlet.mvc.method.annotation.ServletInvocableHandlerMethod.invokeAndHandle(ServletInvocableHandlerMethod.java:106) ~[spring-webmvc-5.2.0.RELEASE.jar:5.2.0.RELEASE]
	at org.springframework.web.servlet.mvc.method.annotation.RequestMappingHandlerAdapter.invokeHandlerMethod(RequestMappingHandlerAdapter.java:888) ~[spring-webmvc-5.2.0.RELEASE.jar:5.2.0.RELEASE]
	at org.springframework.web.servlet.mvc.method.annotation.RequestMappingHandlerAdapter.handleInternal(RequestMappingHandlerAdapter.java:793) ~[spring-webmvc-5.2.0.RELEASE.jar:5.2.0.RELEASE]
	at org.springframework.web.servlet.mvc.method.AbstractHandlerMethodAdapter.handle(AbstractHandlerMethodAdapter.java:87) ~[spring-webmvc-5.2.0.RELEASE.jar:5.2.0.RELEASE]
	at org.springframework.web.servlet.DispatcherServlet.doDispatch(DispatcherServlet.java:1040) [spring-webmvc-5.2.0.RELEASE.jar:5.2.0.RELEASE]
	at org.springframework.web.servlet.DispatcherServlet.doService(DispatcherServlet.java:943) [spring-webmvc-5.2.0.RELEASE.jar:5.2.0.RELEASE]
	at org.springframework.web.servlet.FrameworkServlet.processRequest(FrameworkServlet.java:1006) [spring-webmvc-5.2.0.RELEASE.jar:5.2.0.RELEASE]
	at org.springframework.web.servlet.FrameworkServlet.doDelete(FrameworkServlet.java:931) [spring-webmvc-5.2.0.RELEASE.jar:5.2.0.RELEASE]
	at javax.servlet.http.HttpServlet.service(HttpServlet.java:666) [tomcat-embed-core-9.0.27.jar:9.0.27]
	at org.springframework.web.servlet.FrameworkServlet.service(FrameworkServlet.java:883) [spring-webmvc-5.2.0.RELEASE.jar:5.2.0.RELEASE]
	at javax.servlet.http.HttpServlet.service(HttpServlet.java:741) [tomcat-embed-core-9.0.27.jar:9.0.27]
	at org.apache.catalina.core.ApplicationFilterChain.internalDoFilter(ApplicationFilterChain.java:231) [tomcat-embed-core-9.0.27.jar:9.0.27]
	at org.apache.catalina.core.ApplicationFilterChain.doFilter(ApplicationFilterChain.java:166) [tomcat-embed-core-9.0.27.jar:9.0.27]
	at org.apache.tomcat.websocket.server.WsFilter.doFilter(WsFilter.java:53) [tomcat-embed-websocket-9.0.27.jar:9.0.27]
	at org.apache.catalina.core.ApplicationFilterChain.internalDoFilter(ApplicationFilterChain.java:193) [tomcat-embed-core-9.0.27.jar:9.0.27]
	at org.apache.catalina.core.ApplicationFilterChain.doFilter(ApplicationFilterChain.java:166) [tomcat-embed-core-9.0.27.jar:9.0.27]
	at org.springframework.security.web.authentication.AbstractAuthenticationProcessingFilter.doFilter(AbstractAuthenticationProcessingFilter.java:200) [spring-security-web-5.2.0.RELEASE.jar:5.2.0.RELEASE]
	at org.apache.catalina.core.ApplicationFilterChain.internalDoFilter(ApplicationFilterChain.java:193) [tomcat-embed-core-9.0.27.jar:9.0.27]
	at org.apache.catalina.core.ApplicationFilterChain.doFilter(ApplicationFilterChain.java:166) [tomcat-embed-core-9.0.27.jar:9.0.27]
	at org.springframework.web.filter.OncePerRequestFilter.doFilter(OncePerRequestFilter.java:113) [spring-web-5.2.0.RELEASE.jar:5.2.0.RELEASE]
	at org.apache.catalina.core.ApplicationFilterChain.internalDoFilter(ApplicationFilterChain.java:193) [tomcat-embed-core-9.0.27.jar:9.0.27]
	at org.apache.catalina.core.ApplicationFilterChain.doFilter(ApplicationFilterChain.java:166) [tomcat-embed-core-9.0.27.jar:9.0.27]
	at org.springframework.security.web.FilterChainProxy$VirtualFilterChain.doFilter(FilterChainProxy.java:320) [spring-security-web-5.2.0.RELEASE.jar:5.2.0.RELEASE]
	at org.springframework.security.web.access.intercept.FilterSecurityInterceptor.invoke(FilterSecurityInterceptor.java:126) [spring-security-web-5.2.0.RELEASE.jar:5.2.0.RELEASE]
	at org.springframework.security.web.access.intercept.FilterSecurityInterceptor.doFilter(FilterSecurityInterceptor.java:90) [spring-security-web-5.2.0.RELEASE.jar:5.2.0.RELEASE]
	at org.springframework.security.web.FilterChainProxy$VirtualFilterChain.doFilter(FilterChainProxy.java:334) [spring-security-web-5.2.0.RELEASE.jar:5.2.0.RELEASE]
	at org.springframework.security.web.access.ExceptionTranslationFilter.doFilter(ExceptionTranslationFilter.java:118) [spring-security-web-5.2.0.RELEASE.jar:5.2.0.RELEASE]
	at org.springframework.security.web.FilterChainProxy$VirtualFilterChain.doFilter(FilterChainProxy.java:334) [spring-security-web-5.2.0.RELEASE.jar:5.2.0.RELEASE]
	at org.springframework.security.web.session.SessionManagementFilter.doFilter(SessionManagementFilter.java:137) [spring-security-web-5.2.0.RELEASE.jar:5.2.0.RELEASE]
	at org.springframework.security.web.FilterChainProxy$VirtualFilterChain.doFilter(FilterChainProxy.java:334) [spring-security-web-5.2.0.RELEASE.jar:5.2.0.RELEASE]
	at org.springframework.security.web.authentication.AnonymousAuthenticationFilter.doFilter(AnonymousAuthenticationFilter.java:111) [spring-security-web-5.2.0.RELEASE.jar:5.2.0.RELEASE]
	at org.springframework.security.web.FilterChainProxy$VirtualFilterChain.doFilter(FilterChainProxy.java:334) [spring-security-web-5.2.0.RELEASE.jar:5.2.0.RELEASE]
	at org.springframework.security.web.servletapi.SecurityContextHolderAwareRequestFilter.doFilter(SecurityContextHolderAwareRequestFilter.java:158) [spring-security-web-5.2.0.RELEASE.jar:5.2.0.RELEASE]
	at org.springframework.security.web.FilterChainProxy$VirtualFilterChain.doFilter(FilterChainProxy.java:334) [spring-security-web-5.2.0.RELEASE.jar:5.2.0.RELEASE]
	at org.springframework.security.web.savedrequest.RequestCacheAwareFilter.doFilter(RequestCacheAwareFilter.java:63) [spring-security-web-5.2.0.RELEASE.jar:5.2.0.RELEASE]
	at org.springframework.security.web.FilterChainProxy$VirtualFilterChain.doFilter(FilterChainProxy.java:334) [spring-security-web-5.2.0.RELEASE.jar:5.2.0.RELEASE]
	at org.springframework.security.web.session.ConcurrentSessionFilter.doFilter(ConcurrentSessionFilter.java:152) [spring-security-web-5.2.0.RELEASE.jar:5.2.0.RELEASE]
	at org.springframework.security.web.FilterChainProxy$VirtualFilterChain.doFilter(FilterChainProxy.java:334) [spring-security-web-5.2.0.RELEASE.jar:5.2.0.RELEASE]
	at org.springframework.security.web.authentication.AbstractAuthenticationProcessingFilter.doFilter(AbstractAuthenticationProcessingFilter.java:200) [spring-security-web-5.2.0.RELEASE.jar:5.2.0.RELEASE]
	at org.springframework.security.web.FilterChainProxy$VirtualFilterChain.doFilter(FilterChainProxy.java:334) [spring-security-web-5.2.0.RELEASE.jar:5.2.0.RELEASE]
	at org.springframework.security.web.authentication.AbstractAuthenticationProcessingFilter.doFilter(AbstractAuthenticationProcessingFilter.java:200) [spring-security-web-5.2.0.RELEASE.jar:5.2.0.RELEASE]
	at org.springframework.security.web.FilterChainProxy$VirtualFilterChain.doFilter(FilterChainProxy.java:334) [spring-security-web-5.2.0.RELEASE.jar:5.2.0.RELEASE]
	at com.system.assessment.filter.SessionIsValuedTokenFilter.doFilterInternal(SessionIsValuedTokenFilter.java:36) [classes/:?]
	at org.springframework.web.filter.OncePerRequestFilter.doFilter(OncePerRequestFilter.java:119) [spring-web-5.2.0.RELEASE.jar:5.2.0.RELEASE]
	at org.springframework.security.web.FilterChainProxy$VirtualFilterChain.doFilter(FilterChainProxy.java:334) [spring-security-web-5.2.0.RELEASE.jar:5.2.0.RELEASE]
	at org.springframework.security.web.authentication.logout.LogoutFilter.doFilter(LogoutFilter.java:116) [spring-security-web-5.2.0.RELEASE.jar:5.2.0.RELEASE]
	at org.springframework.security.web.FilterChainProxy$VirtualFilterChain.doFilter(FilterChainProxy.java:334) [spring-security-web-5.2.0.RELEASE.jar:5.2.0.RELEASE]
	at org.springframework.security.web.header.HeaderWriterFilter.doHeadersAfter(HeaderWriterFilter.java:92) [spring-security-web-5.2.0.RELEASE.jar:5.2.0.RELEASE]
	at org.springframework.security.web.header.HeaderWriterFilter.doFilterInternal(HeaderWriterFilter.java:77) [spring-security-web-5.2.0.RELEASE.jar:5.2.0.RELEASE]
	at org.springframework.web.filter.OncePerRequestFilter.doFilter(OncePerRequestFilter.java:119) [spring-web-5.2.0.RELEASE.jar:5.2.0.RELEASE]
	at org.springframework.security.web.FilterChainProxy$VirtualFilterChain.doFilter(FilterChainProxy.java:334) [spring-security-web-5.2.0.RELEASE.jar:5.2.0.RELEASE]
	at org.springframework.security.web.context.SecurityContextPersistenceFilter.doFilter(SecurityContextPersistenceFilter.java:105) [spring-security-web-5.2.0.RELEASE.jar:5.2.0.RELEASE]
	at org.springframework.security.web.FilterChainProxy$VirtualFilterChain.doFilter(FilterChainProxy.java:334) [spring-security-web-5.2.0.RELEASE.jar:5.2.0.RELEASE]
	at org.springframework.security.web.context.request.async.WebAsyncManagerIntegrationFilter.doFilterInternal(WebAsyncManagerIntegrationFilter.java:56) [spring-security-web-5.2.0.RELEASE.jar:5.2.0.RELEASE]
	at org.springframework.web.filter.OncePerRequestFilter.doFilter(OncePerRequestFilter.java:119) [spring-web-5.2.0.RELEASE.jar:5.2.0.RELEASE]
	at org.springframework.security.web.FilterChainProxy$VirtualFilterChain.doFilter(FilterChainProxy.java:334) [spring-security-web-5.2.0.RELEASE.jar:5.2.0.RELEASE]
	at org.springframework.security.web.FilterChainProxy.doFilterInternal(FilterChainProxy.java:215) [spring-security-web-5.2.0.RELEASE.jar:5.2.0.RELEASE]
	at org.springframework.security.web.FilterChainProxy.doFilter(FilterChainProxy.java:178) [spring-security-web-5.2.0.RELEASE.jar:5.2.0.RELEASE]
	at org.springframework.web.filter.DelegatingFilterProxy.invokeDelegate(DelegatingFilterProxy.java:358) [spring-web-5.2.0.RELEASE.jar:5.2.0.RELEASE]
	at org.springframework.web.filter.DelegatingFilterProxy.doFilter(DelegatingFilterProxy.java:271) [spring-web-5.2.0.RELEASE.jar:5.2.0.RELEASE]
	at org.apache.catalina.core.ApplicationFilterChain.internalDoFilter(ApplicationFilterChain.java:193) [tomcat-embed-core-9.0.27.jar:9.0.27]
	at org.apache.catalina.core.ApplicationFilterChain.doFilter(ApplicationFilterChain.java:166) [tomcat-embed-core-9.0.27.jar:9.0.27]
	at org.springframework.web.filter.RequestContextFilter.doFilterInternal(RequestContextFilter.java:100) [spring-web-5.2.0.RELEASE.jar:5.2.0.RELEASE]
	at org.springframework.web.filter.OncePerRequestFilter.doFilter(OncePerRequestFilter.java:119) [spring-web-5.2.0.RELEASE.jar:5.2.0.RELEASE]
	at org.apache.catalina.core.ApplicationFilterChain.internalDoFilter(ApplicationFilterChain.java:193) [tomcat-embed-core-9.0.27.jar:9.0.27]
	at org.apache.catalina.core.ApplicationFilterChain.doFilter(ApplicationFilterChain.java:166) [tomcat-embed-core-9.0.27.jar:9.0.27]
	at org.springframework.web.filter.FormContentFilter.doFilterInternal(FormContentFilter.java:93) [spring-web-5.2.0.RELEASE.jar:5.2.0.RELEASE]
	at org.springframework.web.filter.OncePerRequestFilter.doFilter(OncePerRequestFilter.java:119) [spring-web-5.2.0.RELEASE.jar:5.2.0.RELEASE]
	at org.apache.catalina.core.ApplicationFilterChain.internalDoFilter(ApplicationFilterChain.java:193) [tomcat-embed-core-9.0.27.jar:9.0.27]
	at org.apache.catalina.core.ApplicationFilterChain.doFilter(ApplicationFilterChain.java:166) [tomcat-embed-core-9.0.27.jar:9.0.27]
	at org.springframework.web.filter.CharacterEncodingFilter.doFilterInternal(CharacterEncodingFilter.java:201) [spring-web-5.2.0.RELEASE.jar:5.2.0.RELEASE]
	at org.springframework.web.filter.OncePerRequestFilter.doFilter(OncePerRequestFilter.java:119) [spring-web-5.2.0.RELEASE.jar:5.2.0.RELEASE]
	at org.apache.catalina.core.ApplicationFilterChain.internalDoFilter(ApplicationFilterChain.java:193) [tomcat-embed-core-9.0.27.jar:9.0.27]
	at org.apache.catalina.core.ApplicationFilterChain.doFilter(ApplicationFilterChain.java:166) [tomcat-embed-core-9.0.27.jar:9.0.27]
	at org.apache.catalina.core.StandardWrapperValve.invoke(StandardWrapperValve.java:202) [tomcat-embed-core-9.0.27.jar:9.0.27]
	at org.apache.catalina.core.StandardContextValve.invoke(StandardContextValve.java:96) [tomcat-embed-core-9.0.27.jar:9.0.27]
	at org.apache.catalina.authenticator.AuthenticatorBase.invoke(AuthenticatorBase.java:526) [tomcat-embed-core-9.0.27.jar:9.0.27]
	at org.apache.catalina.core.StandardHostValve.invoke(StandardHostValve.java:139) [tomcat-embed-core-9.0.27.jar:9.0.27]
	at org.apache.catalina.valves.ErrorReportValve.invoke(ErrorReportValve.java:92) [tomcat-embed-core-9.0.27.jar:9.0.27]
	at org.apache.catalina.core.StandardEngineValve.invoke(StandardEngineValve.java:74) [tomcat-embed-core-9.0.27.jar:9.0.27]
	at org.apache.catalina.connector.CoyoteAdapter.service(CoyoteAdapter.java:343) [tomcat-embed-core-9.0.27.jar:9.0.27]
	at org.apache.coyote.http11.Http11Processor.service(Http11Processor.java:408) [tomcat-embed-core-9.0.27.jar:9.0.27]
	at org.apache.coyote.AbstractProcessorLight.process(AbstractProcessorLight.java:66) [tomcat-embed-core-9.0.27.jar:9.0.27]
	at org.apache.coyote.AbstractProtocol$ConnectionHandler.process(AbstractProtocol.java:861) [tomcat-embed-core-9.0.27.jar:9.0.27]
	at org.apache.tomcat.util.net.NioEndpoint$SocketProcessor.doRun(NioEndpoint.java:1579) [tomcat-embed-core-9.0.27.jar:9.0.27]
	at org.apache.tomcat.util.net.SocketProcessorBase.run(SocketProcessorBase.java:49) [tomcat-embed-core-9.0.27.jar:9.0.27]
	at java.util.concurrent.ThreadPoolExecutor.runWorker(ThreadPoolExecutor.java:1149) [?:1.8.0_301]
	at java.util.concurrent.ThreadPoolExecutor$Worker.run(ThreadPoolExecutor.java:624) [?:1.8.0_301]
	at org.apache.tomcat.util.threads.TaskThread$WrappingRunnable.run(TaskThread.java:61) [tomcat-embed-core-9.0.27.jar:9.0.27]
	at java.lang.Thread.run(Thread.java:748) [?:1.8.0_301]
Caused by: java.sql.SQLException: Operand should contain 1 column(s)
	at com.mysql.cj.jdbc.exceptions.SQLError.createSQLException(SQLError.java:129) ~[mysql-connector-java-8.0.18.jar:8.0.18]
	at com.mysql.cj.jdbc.exceptions.SQLError.createSQLException(SQLError.java:97) ~[mysql-connector-java-8.0.18.jar:8.0.18]
	at com.mysql.cj.jdbc.exceptions.SQLExceptionsMapping.translateException(SQLExceptionsMapping.java:122) ~[mysql-connector-java-8.0.18.jar:8.0.18]
	at com.mysql.cj.jdbc.ClientPreparedStatement.executeInternal(ClientPreparedStatement.java:953) ~[mysql-connector-java-8.0.18.jar:8.0.18]
	at com.mysql.cj.jdbc.ClientPreparedStatement.execute(ClientPreparedStatement.java:370) ~[mysql-connector-java-8.0.18.jar:8.0.18]
	at com.alibaba.druid.pool.DruidPooledPreparedStatement.execute(DruidPooledPreparedStatement.java:497) ~[druid-1.2.3.jar:1.2.3]
	at org.apache.ibatis.executor.statement.PreparedStatementHandler.update(PreparedStatementHandler.java:47) ~[mybatis-3.5.5.jar:3.5.5]
	at org.apache.ibatis.executor.statement.RoutingStatementHandler.update(RoutingStatementHandler.java:74) ~[mybatis-3.5.5.jar:3.5.5]
	at org.apache.ibatis.executor.SimpleExecutor.doUpdate(SimpleExecutor.java:50) ~[mybatis-3.5.5.jar:3.5.5]
	at org.apache.ibatis.executor.BaseExecutor.update(BaseExecutor.java:117) ~[mybatis-3.5.5.jar:3.5.5]
	at org.apache.ibatis.executor.CachingExecutor.update(CachingExecutor.java:76) ~[mybatis-3.5.5.jar:3.5.5]
	at sun.reflect.NativeMethodAccessorImpl.invoke0(Native Method) ~[?:1.8.0_301]
	at sun.reflect.NativeMethodAccessorImpl.invoke(NativeMethodAccessorImpl.java:62) ~[?:1.8.0_301]
	at sun.reflect.DelegatingMethodAccessorImpl.invoke(DelegatingMethodAccessorImpl.java:43) ~[?:1.8.0_301]
	at java.lang.reflect.Method.invoke(Method.java:498) ~[?:1.8.0_301]
	at org.apache.ibatis.plugin.Plugin.invoke(Plugin.java:63) ~[mybatis-3.5.5.jar:3.5.5]
	at com.sun.proxy.$Proxy153.update(Unknown Source) ~[?:?]
	at org.apache.ibatis.session.defaults.DefaultSqlSession.update(DefaultSqlSession.java:197) ~[mybatis-3.5.5.jar:3.5.5]
	at sun.reflect.NativeMethodAccessorImpl.invoke0(Native Method) ~[?:1.8.0_301]
	at sun.reflect.NativeMethodAccessorImpl.invoke(NativeMethodAccessorImpl.java:62) ~[?:1.8.0_301]
	at sun.reflect.DelegatingMethodAccessorImpl.invoke(DelegatingMethodAccessorImpl.java:43) ~[?:1.8.0_301]
	at java.lang.reflect.Method.invoke(Method.java:498) ~[?:1.8.0_301]
	at org.mybatis.spring.SqlSessionTemplate$SqlSessionInterceptor.invoke(SqlSessionTemplate.java:426) ~[mybatis-spring-2.0.5.jar:2.0.5]
	... 115 more
2024-12-12 22:41:12.982 +0800	ERROR	com.system.assessment.exception.WebExceptionController	168	http-nio-80-exec-7	全局异常处理器将handleUncategorizedSQLException异常抛出,信息为数据库操作错误
2024-12-12 22:41:36.185 +0800	INFO	org.springframework.boot.StartupInfoLogger	55	main	Starting ScoreApplication on LAPTOP-HISRR710 with PID 44808 (E:\ScoreSystem\target\classes started by LENOVO in E:\ScoreSystem)
2024-12-12 22:41:36.191 +0800	INFO	org.springframework.boot.SpringApplication	655	main	The following profiles are active: dev
2024-12-12 22:41:37.300 +0800	INFO	org.apache.juli.logging.DirectJDKLog	173	main	Initializing ProtocolHandler ["http-nio-80"]
2024-12-12 22:41:37.301 +0800	INFO	org.apache.juli.logging.DirectJDKLog	173	main	Starting service [Tomcat]
2024-12-12 22:41:37.301 +0800	INFO	org.apache.juli.logging.DirectJDKLog	173	main	Starting Servlet engine: [Apache Tomcat/9.0.27]
2024-12-12 22:41:37.302 +0800	INFO	org.apache.juli.logging.DirectJDKLog	173	main	Loaded APR based Apache Tomcat Native library [1.2.39] using APR version [1.7.4].
2024-12-12 22:41:37.303 +0800	INFO	org.apache.juli.logging.DirectJDKLog	173	main	APR capabilities: IPv6 [true], sendfile [true], accept filters [false], random [true].
2024-12-12 22:41:37.303 +0800	INFO	org.apache.juli.logging.DirectJDKLog	173	main	APR/OpenSSL configuration: useAprConnector [false], useOpenSSL [true]
2024-12-12 22:41:37.308 +0800	INFO	org.apache.juli.logging.DirectJDKLog	173	main	OpenSSL successfully initialized [OpenSSL 3.0.11 19 Sep 2023]
2024-12-12 22:41:37.404 +0800	INFO	org.apache.juli.logging.DirectJDKLog	173	main	Initializing Spring embedded WebApplicationContext
2024-12-12 22:41:38.091 +0800	INFO	springfox.documentation.spring.web.PropertySourcedRequestMappingHandlerMapping	69	main	Mapped URL path [/v2/api-docs] onto method [springfox.documentation.swagger2.web.Swagger2Controller#getDocumentation(String, HttpServletRequest)]
2024-12-12 22:41:38.594 +0800	INFO	springfox.documentation.spring.web.plugins.DocumentationPluginsBootstrapper	160	main	Context refreshed
2024-12-12 22:41:38.607 +0800	INFO	springfox.documentation.spring.web.plugins.DocumentationPluginsBootstrapper	163	main	Found 1 custom documentation plugin(s)
2024-12-12 22:41:38.627 +0800	INFO	springfox.documentation.spring.web.scanners.ApiListingReferenceScanner	41	main	Scanning for api listing references
2024-12-12 22:41:38.814 +0800	INFO	org.apache.juli.logging.DirectJDKLog	173	main	Starting ProtocolHandler ["http-nio-80"]
2024-12-12 22:41:38.831 +0800	INFO	org.springframework.boot.StartupInfoLogger	61	main	Started ScoreApplication in 2.885 seconds (JVM running for 5.136)
2024-12-12 22:41:42.308 +0800	INFO	org.apache.juli.logging.DirectJDKLog	173	http-nio-80-exec-1	Initializing Spring DispatcherServlet 'dispatcherServlet'
2024-12-12 22:41:47.651 +0800	INFO	com.alibaba.druid.pool.DruidDataSource	985	http-nio-80-exec-8	{dataSource-1} inited
2024-12-12 22:44:39.710 +0800	WARN	com.alibaba.druid.pool.DruidAbstractDataSource	1489	http-nio-80-exec-4	discard long time none received connection. , jdbcUrl : jdbc:mysql://47.108.213.249/company_score?useUnicode=true&characterEncoding=utf-8&useSSL=false&serverTimezone=CTT&serverTimezone=GMT%2B8&allowPublicKeyRetrieval=true&useSSL=false, version : 1.2.3, lastPacketReceivedIdleMillis : 136203
2024-12-12 22:44:40.866 +0800	WARN	com.alibaba.druid.pool.DruidAbstractDataSource	1489	http-nio-80-exec-5	discard long time none received connection. , jdbcUrl : jdbc:mysql://47.108.213.249/company_score?useUnicode=true&characterEncoding=utf-8&useSSL=false&serverTimezone=CTT&serverTimezone=GMT%2B8&allowPublicKeyRetrieval=true&useSSL=false, version : 1.2.3, lastPacketReceivedIdleMillis : 138011
2024-12-12 22:47:52.554 +0800	INFO	org.springframework.boot.StartupInfoLogger	55	main	Starting ScoreApplicationTests on LAPTOP-HISRR710 with PID 7428 (started by LENOVO in E:\ScoreSystem)
2024-12-12 22:47:52.561 +0800	INFO	org.springframework.boot.SpringApplication	655	main	The following profiles are active: dev
2024-12-12 22:47:55.510 +0800	INFO	springfox.documentation.spring.web.PropertySourcedRequestMappingHandlerMapping	69	main	Mapped URL path [/v2/api-docs] onto method [springfox.documentation.swagger2.web.Swagger2Controller#getDocumentation(String, HttpServletRequest)]
2024-12-12 22:47:57.183 +0800	INFO	springfox.documentation.spring.web.plugins.DocumentationPluginsBootstrapper	160	main	Context refreshed
2024-12-12 22:47:57.207 +0800	INFO	springfox.documentation.spring.web.plugins.DocumentationPluginsBootstrapper	163	main	Found 1 custom documentation plugin(s)
2024-12-12 22:47:57.237 +0800	INFO	springfox.documentation.spring.web.scanners.ApiListingReferenceScanner	41	main	Scanning for api listing references
2024-12-12 22:47:57.643 +0800	INFO	org.springframework.boot.StartupInfoLogger	61	main	Started ScoreApplicationTests in 5.303 seconds (JVM running for 7.779)
2024-12-12 22:47:58.103 +0800	INFO	com.alibaba.druid.pool.DruidDataSource	2032	SpringContextShutdownHook	{dataSource-0} closing ...
2024-12-12 22:52:36.623 +0800	INFO	org.springframework.boot.StartupInfoLogger	55	main	Starting ScoreApplicationTests on LAPTOP-HISRR710 with PID 7544 (started by LENOVO in E:\ScoreSystem)
2024-12-12 22:52:36.631 +0800	INFO	org.springframework.boot.SpringApplication	655	main	The following profiles are active: dev
2024-12-12 22:52:39.190 +0800	INFO	springfox.documentation.spring.web.PropertySourcedRequestMappingHandlerMapping	69	main	Mapped URL path [/v2/api-docs] onto method [springfox.documentation.swagger2.web.Swagger2Controller#getDocumentation(String, HttpServletRequest)]
2024-12-12 22:52:40.307 +0800	INFO	springfox.documentation.spring.web.plugins.DocumentationPluginsBootstrapper	160	main	Context refreshed
2024-12-12 22:52:40.331 +0800	INFO	springfox.documentation.spring.web.plugins.DocumentationPluginsBootstrapper	163	main	Found 1 custom documentation plugin(s)
2024-12-12 22:52:40.362 +0800	INFO	springfox.documentation.spring.web.scanners.ApiListingReferenceScanner	41	main	Scanning for api listing references
2024-12-12 22:52:40.750 +0800	INFO	org.springframework.boot.StartupInfoLogger	61	main	Started ScoreApplicationTests in 4.337 seconds (JVM running for 6.734)
2024-12-12 22:52:40.943 +0800	INFO	com.alibaba.druid.pool.DruidDataSource	2032	SpringContextShutdownHook	{dataSource-0} closing ...
