2024-11-22 12:40:42.786 +0800	INFO	org.springframework.boot.StartupInfoLogger	55	main	Starting ScoreApplication on LAPTOP-HISRR710 with PID 15272 (E:\ScoreSystem\target\classes started by LENOVO in E:\ScoreSystem)
2024-11-22 12:40:42.829 +0800	INFO	org.springframework.boot.SpringApplication	655	main	The following profiles are active: dev
2024-11-22 12:40:56.575 +0800	INFO	org.springframework.data.repository.config.RepositoryConfigurationDelegate	244	main	Multiple Spring Data modules found, entering strict repository configuration mode!
2024-11-22 12:40:56.584 +0800	INFO	org.springframework.data.repository.config.RepositoryConfigurationDelegate	126	main	Bootstrapping Spring Data repositories in DEFAULT mode.
2024-11-22 12:40:56.759 +0800	INFO	org.springframework.data.repository.config.RepositoryConfigurationDelegate	182	main	Finished Spring Data repository scanning in 62ms. Found 0 repository interfaces.
2024-11-22 12:41:03.751 +0800	INFO	org.springframework.context.support.PostProcessorRegistrationDelegate$BeanPostProcessorChecker	330	main	Bean 'org.springframework.transaction.annotation.ProxyTransactionManagementConfiguration' of type [org.springframework.transaction.annotation.ProxyTransactionManagementConfiguration] is not eligible for getting processed by all BeanPostProcessors (for example: not eligible for auto-proxying)
2024-11-22 12:41:12.152 +0800	INFO	org.springframework.boot.web.embedded.tomcat.TomcatWebServer	92	main	Tomcat initialized with port(s): 80 (http)
2024-11-22 12:41:12.160 +0800	INFO	org.apache.juli.logging.DirectJDKLog	173	main	Initializing ProtocolHandler ["http-nio-80"]
2024-11-22 12:41:12.160 +0800	INFO	org.apache.juli.logging.DirectJDKLog	173	main	Starting service [Tomcat]
2024-11-22 12:41:12.161 +0800	INFO	org.apache.juli.logging.DirectJDKLog	173	main	Starting Servlet engine: [Apache Tomcat/9.0.27]
2024-11-22 12:41:12.162 +0800	INFO	org.apache.juli.logging.DirectJDKLog	173	main	Loaded APR based Apache Tomcat Native library [1.2.39] using APR version [1.7.4].
2024-11-22 12:41:12.162 +0800	INFO	org.apache.juli.logging.DirectJDKLog	173	main	APR capabilities: IPv6 [true], sendfile [true], accept filters [false], random [true].
2024-11-22 12:41:12.162 +0800	INFO	org.apache.juli.logging.DirectJDKLog	173	main	APR/OpenSSL configuration: useAprConnector [false], useOpenSSL [true]
2024-11-22 12:41:12.352 +0800	INFO	org.apache.juli.logging.DirectJDKLog	173	main	OpenSSL successfully initialized [OpenSSL 3.0.11 19 Sep 2023]
2024-11-22 12:41:12.550 +0800	INFO	org.apache.juli.logging.DirectJDKLog	173	main	Initializing Spring embedded WebApplicationContext
2024-11-22 12:41:12.550 +0800	INFO	org.springframework.boot.web.servlet.context.ServletWebServerApplicationContext	284	main	Root WebApplicationContext: initialization completed in 29658 ms
2024-11-22 12:41:14.486 +0800	INFO	org.springframework.scheduling.concurrent.ExecutorConfigurationSupport	171	main	Initializing ExecutorService
2024-11-22 12:41:14.487 +0800	INFO	org.springframework.scheduling.concurrent.ExecutorConfigurationSupport	171	main	Initializing ExecutorService 'emailExecutor'
2024-11-22 12:41:14.542 +0800	INFO	springfox.documentation.spring.web.PropertySourcedRequestMappingHandlerMapping	69	main	Mapped URL path [/v2/api-docs] onto method [springfox.documentation.swagger2.web.Swagger2Controller#getDocumentation(String, HttpServletRequest)]
2024-11-22 12:41:14.854 +0800	INFO	org.springframework.boot.autoconfigure.web.servlet.WelcomePageHandlerMapping	54	main	Adding welcome page: class path resource [static/index.html]
2024-11-22 12:41:16.286 +0800	INFO	org.springframework.security.web.DefaultSecurityFilterChain	43	main	Creating filter chain: any request, [org.springframework.security.web.context.request.async.WebAsyncManagerIntegrationFilter@3b96f8b0, org.springframework.security.web.context.SecurityContextPersistenceFilter@7e2c6702, org.springframework.security.web.header.HeaderWriterFilter@629b780f, org.springframework.security.web.authentication.logout.LogoutFilter@12cd129c, com.system.assessment.config.filter.LoginFilter@4c0e426a, org.springframework.security.web.authentication.UsernamePasswordAuthenticationFilter@698d6d30, org.springframework.security.web.savedrequest.RequestCacheAwareFilter@6734ff92, org.springframework.security.web.servletapi.SecurityContextHolderAwareRequestFilter@74500e4f, org.springframework.security.web.authentication.AnonymousAuthenticationFilter@2b170932, org.springframework.security.web.session.SessionManagementFilter@609b041c, org.springframework.security.web.access.ExceptionTranslationFilter@42730828, org.springframework.security.web.access.intercept.FilterSecurityInterceptor@790ac3e0]
2024-11-22 12:41:16.303 +0800	INFO	org.springframework.scheduling.concurrent.ExecutorConfigurationSupport	171	main	Initializing ExecutorService 'taskScheduler'
2024-11-22 12:41:16.335 +0800	INFO	springfox.documentation.spring.web.plugins.DocumentationPluginsBootstrapper	160	main	Context refreshed
2024-11-22 12:41:16.418 +0800	INFO	springfox.documentation.spring.web.plugins.DocumentationPluginsBootstrapper	163	main	Found 1 custom documentation plugin(s)
2024-11-22 12:41:16.487 +0800	INFO	springfox.documentation.spring.web.scanners.ApiListingReferenceScanner	41	main	Scanning for api listing references
2024-11-22 12:41:16.854 +0800	INFO	org.apache.juli.logging.DirectJDKLog	173	main	Starting ProtocolHandler ["http-nio-80"]
2024-11-22 12:41:16.888 +0800	INFO	org.springframework.boot.web.embedded.tomcat.TomcatWebServer	204	main	Tomcat started on port(s): 80 (http) with context path ''
2024-11-22 12:41:16.890 +0800	INFO	org.springframework.boot.StartupInfoLogger	61	main	Started ScoreApplication in 35.368 seconds (JVM running for 39.256)
