2024-11-28 12:08:09.647 +0800	INFO	org.springframework.boot.StartupInfoLogger	55	main	Starting ScoreApplication on LAPTOP-HISRR710 with PID 600 (E:\ScoreSystem\target\classes started by LENOVO in E:\ScoreSystem)
2024-11-28 12:08:09.661 +0800	INFO	org.springframework.boot.SpringApplication	655	main	The following profiles are active: dev
2024-11-28 12:08:13.556 +0800	INFO	org.springframework.data.repository.config.RepositoryConfigurationDelegate	244	main	Multiple Spring Data modules found, entering strict repository configuration mode!
2024-11-28 12:08:13.559 +0800	INFO	org.springframework.data.repository.config.RepositoryConfigurationDelegate	126	main	Bootstrapping Spring Data repositories in DEFAULT mode.
2024-11-28 12:08:13.634 +0800	INFO	org.springframework.data.repository.config.RepositoryConfigurationDelegate	182	main	Finished Spring Data repository scanning in 21ms. Found 0 repository interfaces.
2024-11-28 12:08:14.180 +0800	INFO	org.springframework.context.support.PostProcessorRegistrationDelegate$BeanPostProcessorChecker	330	main	Bean 'org.springframework.transaction.annotation.ProxyTransactionManagementConfiguration' of type [org.springframework.transaction.annotation.ProxyTransactionManagementConfiguration] is not eligible for getting processed by all BeanPostProcessors (for example: not eligible for auto-proxying)
2024-11-28 12:08:14.913 +0800	INFO	org.springframework.boot.web.embedded.tomcat.TomcatWebServer	92	main	Tomcat initialized with port(s): 80 (http)
2024-11-28 12:08:14.940 +0800	INFO	org.apache.juli.logging.DirectJDKLog	173	main	Initializing ProtocolHandler ["http-nio-80"]
2024-11-28 12:08:14.941 +0800	INFO	org.apache.juli.logging.DirectJDKLog	173	main	Starting service [Tomcat]
2024-11-28 12:08:14.941 +0800	INFO	org.apache.juli.logging.DirectJDKLog	173	main	Starting Servlet engine: [Apache Tomcat/9.0.27]
2024-11-28 12:08:14.943 +0800	INFO	org.apache.juli.logging.DirectJDKLog	173	main	Loaded APR based Apache Tomcat Native library [1.2.39] using APR version [1.7.4].
2024-11-28 12:08:14.943 +0800	INFO	org.apache.juli.logging.DirectJDKLog	173	main	APR capabilities: IPv6 [true], sendfile [true], accept filters [false], random [true].
2024-11-28 12:08:14.944 +0800	INFO	org.apache.juli.logging.DirectJDKLog	173	main	APR/OpenSSL configuration: useAprConnector [false], useOpenSSL [true]
2024-11-28 12:08:15.133 +0800	INFO	org.apache.juli.logging.DirectJDKLog	173	main	OpenSSL successfully initialized [OpenSSL 3.0.11 19 Sep 2023]
2024-11-28 12:08:15.434 +0800	INFO	org.apache.juli.logging.DirectJDKLog	173	main	Initializing Spring embedded WebApplicationContext
2024-11-28 12:08:15.434 +0800	INFO	org.springframework.boot.web.servlet.context.ServletWebServerApplicationContext	284	main	Root WebApplicationContext: initialization completed in 5743 ms
2024-11-28 12:08:17.161 +0800	INFO	org.springframework.scheduling.concurrent.ExecutorConfigurationSupport	171	main	Initializing ExecutorService
2024-11-28 12:08:17.162 +0800	INFO	org.springframework.scheduling.concurrent.ExecutorConfigurationSupport	171	main	Initializing ExecutorService 'emailExecutor'
2024-11-28 12:08:17.203 +0800	INFO	springfox.documentation.spring.web.PropertySourcedRequestMappingHandlerMapping	69	main	Mapped URL path [/v2/api-docs] onto method [springfox.documentation.swagger2.web.Swagger2Controller#getDocumentation(String, HttpServletRequest)]
2024-11-28 12:08:17.597 +0800	INFO	org.springframework.boot.autoconfigure.web.servlet.WelcomePageHandlerMapping	54	main	Adding welcome page: class path resource [static/index.html]
2024-11-28 12:08:20.621 +0800	INFO	org.springframework.security.web.DefaultSecurityFilterChain	43	main	Creating filter chain: any request, [org.springframework.security.web.context.request.async.WebAsyncManagerIntegrationFilter@6d4a05f7, org.springframework.security.web.context.SecurityContextPersistenceFilter@3a0896b3, org.springframework.security.web.header.HeaderWriterFilter@27358a19, org.springframework.security.web.authentication.logout.LogoutFilter@394a6d2b, com.system.assessment.config.filter.LoginFilter@12c0c0b3, org.springframework.security.web.authentication.UsernamePasswordAuthenticationFilter@7f5ce33e, org.springframework.security.web.session.ConcurrentSessionFilter@7e18ced7, org.springframework.security.web.savedrequest.RequestCacheAwareFilter@54c11750, org.springframework.security.web.servletapi.SecurityContextHolderAwareRequestFilter@63e4484d, org.springframework.security.web.authentication.AnonymousAuthenticationFilter@51d8f2f2, org.springframework.security.web.session.SessionManagementFilter@22865072, org.springframework.security.web.access.ExceptionTranslationFilter@4e5c8ef3, org.springframework.security.web.access.intercept.FilterSecurityInterceptor@3407aa4f]
2024-11-28 12:08:20.630 +0800	INFO	org.springframework.scheduling.concurrent.ExecutorConfigurationSupport	171	main	Initializing ExecutorService 'taskScheduler'
2024-11-28 12:08:20.658 +0800	INFO	springfox.documentation.spring.web.plugins.DocumentationPluginsBootstrapper	160	main	Context refreshed
2024-11-28 12:08:20.693 +0800	INFO	springfox.documentation.spring.web.plugins.DocumentationPluginsBootstrapper	163	main	Found 1 custom documentation plugin(s)
2024-11-28 12:08:20.720 +0800	INFO	springfox.documentation.spring.web.scanners.ApiListingReferenceScanner	41	main	Scanning for api listing references
2024-11-28 12:08:21.159 +0800	INFO	org.apache.juli.logging.DirectJDKLog	173	main	Starting ProtocolHandler ["http-nio-80"]
2024-11-28 12:08:21.189 +0800	INFO	org.springframework.boot.web.embedded.tomcat.TomcatWebServer	204	main	Tomcat started on port(s): 80 (http) with context path ''
2024-11-28 12:08:21.191 +0800	INFO	org.springframework.boot.StartupInfoLogger	61	main	Started ScoreApplication in 12.891 seconds (JVM running for 16.034)
2024-11-28 12:08:27.476 +0800	INFO	org.apache.juli.logging.DirectJDKLog	173	http-nio-80-exec-1	Initializing Spring DispatcherServlet 'dispatcherServlet'
2024-11-28 12:08:27.476 +0800	INFO	org.springframework.web.servlet.FrameworkServlet	525	http-nio-80-exec-1	Initializing Servlet 'dispatcherServlet'
2024-11-28 12:08:27.481 +0800	INFO	org.springframework.web.servlet.FrameworkServlet	547	http-nio-80-exec-1	Completed initialization in 5 ms
2024-11-28 12:08:27.918 +0800	INFO	com.alibaba.druid.pool.DruidDataSource	985	http-nio-80-exec-1	{dataSource-1} inited
2024-11-28 12:08:35.539 +0800	INFO	com.system.assessment.service.Impl.EmailServiceImpl	79	EmailExecutor-1	标题为评议结果的邮件已成功发送到2339134840@qq.com
2024-11-28 12:10:42.050 +0800	INFO	org.springframework.boot.StartupInfoLogger	55	main	Starting ScoreApplication on LAPTOP-HISRR710 with PID 24748 (E:\ScoreSystem\target\classes started by LENOVO in E:\ScoreSystem)
2024-11-28 12:10:42.056 +0800	INFO	org.springframework.boot.SpringApplication	655	main	The following profiles are active: dev
2024-11-28 12:10:42.732 +0800	INFO	org.springframework.data.repository.config.RepositoryConfigurationDelegate	244	main	Multiple Spring Data modules found, entering strict repository configuration mode!
2024-11-28 12:10:42.735 +0800	INFO	org.springframework.data.repository.config.RepositoryConfigurationDelegate	126	main	Bootstrapping Spring Data repositories in DEFAULT mode.
2024-11-28 12:10:42.765 +0800	INFO	org.springframework.data.repository.config.RepositoryConfigurationDelegate	182	main	Finished Spring Data repository scanning in 20ms. Found 0 repository interfaces.
2024-11-28 12:10:42.998 +0800	INFO	org.springframework.context.support.PostProcessorRegistrationDelegate$BeanPostProcessorChecker	330	main	Bean 'org.springframework.transaction.annotation.ProxyTransactionManagementConfiguration' of type [org.springframework.transaction.annotation.ProxyTransactionManagementConfiguration] is not eligible for getting processed by all BeanPostProcessors (for example: not eligible for auto-proxying)
2024-11-28 12:10:43.200 +0800	INFO	org.springframework.boot.web.embedded.tomcat.TomcatWebServer	92	main	Tomcat initialized with port(s): 80 (http)
2024-11-28 12:10:43.207 +0800	INFO	org.apache.juli.logging.DirectJDKLog	173	main	Initializing ProtocolHandler ["http-nio-80"]
2024-11-28 12:10:43.207 +0800	INFO	org.apache.juli.logging.DirectJDKLog	173	main	Starting service [Tomcat]
2024-11-28 12:10:43.208 +0800	INFO	org.apache.juli.logging.DirectJDKLog	173	main	Starting Servlet engine: [Apache Tomcat/9.0.27]
2024-11-28 12:10:43.209 +0800	INFO	org.apache.juli.logging.DirectJDKLog	173	main	Loaded APR based Apache Tomcat Native library [1.2.39] using APR version [1.7.4].
2024-11-28 12:10:43.209 +0800	INFO	org.apache.juli.logging.DirectJDKLog	173	main	APR capabilities: IPv6 [true], sendfile [true], accept filters [false], random [true].
2024-11-28 12:10:43.209 +0800	INFO	org.apache.juli.logging.DirectJDKLog	173	main	APR/OpenSSL configuration: useAprConnector [false], useOpenSSL [true]
2024-11-28 12:10:43.214 +0800	INFO	org.apache.juli.logging.DirectJDKLog	173	main	OpenSSL successfully initialized [OpenSSL 3.0.11 19 Sep 2023]
2024-11-28 12:10:43.311 +0800	INFO	org.apache.juli.logging.DirectJDKLog	173	main	Initializing Spring embedded WebApplicationContext
2024-11-28 12:10:43.311 +0800	INFO	org.springframework.boot.web.servlet.context.ServletWebServerApplicationContext	284	main	Root WebApplicationContext: initialization completed in 1227 ms
2024-11-28 12:10:43.983 +0800	INFO	org.springframework.scheduling.concurrent.ExecutorConfigurationSupport	171	main	Initializing ExecutorService
2024-11-28 12:10:43.984 +0800	INFO	org.springframework.scheduling.concurrent.ExecutorConfigurationSupport	171	main	Initializing ExecutorService 'emailExecutor'
2024-11-28 12:10:44.009 +0800	INFO	springfox.documentation.spring.web.PropertySourcedRequestMappingHandlerMapping	69	main	Mapped URL path [/v2/api-docs] onto method [springfox.documentation.swagger2.web.Swagger2Controller#getDocumentation(String, HttpServletRequest)]
2024-11-28 12:10:44.127 +0800	INFO	org.springframework.boot.autoconfigure.web.servlet.WelcomePageHandlerMapping	54	main	Adding welcome page: class path resource [static/index.html]
2024-11-28 12:10:44.490 +0800	INFO	org.springframework.security.web.DefaultSecurityFilterChain	43	main	Creating filter chain: any request, [org.springframework.security.web.context.request.async.WebAsyncManagerIntegrationFilter@10e56da9, org.springframework.security.web.context.SecurityContextPersistenceFilter@5d5d3a5c, org.springframework.security.web.header.HeaderWriterFilter@1b0e031b, org.springframework.security.web.authentication.logout.LogoutFilter@6a5dd083, com.system.assessment.config.filter.LoginFilter@4997552e, org.springframework.security.web.authentication.UsernamePasswordAuthenticationFilter@582dcd35, org.springframework.security.web.session.ConcurrentSessionFilter@27358a19, org.springframework.security.web.savedrequest.RequestCacheAwareFilter@7e18ced7, org.springframework.security.web.servletapi.SecurityContextHolderAwareRequestFilter@32a8ca06, org.springframework.security.web.authentication.AnonymousAuthenticationFilter@28cb86b2, org.springframework.security.web.session.SessionManagementFilter@65844c96, org.springframework.security.web.access.ExceptionTranslationFilter@c212536, org.springframework.security.web.access.intercept.FilterSecurityInterceptor@12cd129c]
2024-11-28 12:10:44.498 +0800	INFO	org.springframework.scheduling.concurrent.ExecutorConfigurationSupport	171	main	Initializing ExecutorService 'taskScheduler'
2024-11-28 12:10:44.522 +0800	INFO	springfox.documentation.spring.web.plugins.DocumentationPluginsBootstrapper	160	main	Context refreshed
2024-11-28 12:10:44.538 +0800	INFO	springfox.documentation.spring.web.plugins.DocumentationPluginsBootstrapper	163	main	Found 1 custom documentation plugin(s)
2024-11-28 12:10:44.559 +0800	INFO	springfox.documentation.spring.web.scanners.ApiListingReferenceScanner	41	main	Scanning for api listing references
2024-11-28 12:10:44.758 +0800	INFO	org.apache.juli.logging.DirectJDKLog	173	main	Starting ProtocolHandler ["http-nio-80"]
2024-11-28 12:10:44.774 +0800	INFO	org.springframework.boot.web.embedded.tomcat.TomcatWebServer	204	main	Tomcat started on port(s): 80 (http) with context path ''
2024-11-28 12:10:44.776 +0800	INFO	org.springframework.boot.StartupInfoLogger	61	main	Started ScoreApplication in 2.974 seconds (JVM running for 5.374)
2024-11-28 12:10:55.725 +0800	INFO	org.springframework.boot.StartupInfoLogger	55	main	Starting ScoreApplication on LAPTOP-HISRR710 with PID 8664 (E:\ScoreSystem\target\classes started by LENOVO in E:\ScoreSystem)
2024-11-28 12:10:55.730 +0800	INFO	org.springframework.boot.SpringApplication	655	main	The following profiles are active: dev
2024-11-28 12:10:56.424 +0800	INFO	org.springframework.data.repository.config.RepositoryConfigurationDelegate	244	main	Multiple Spring Data modules found, entering strict repository configuration mode!
2024-11-28 12:10:56.427 +0800	INFO	org.springframework.data.repository.config.RepositoryConfigurationDelegate	126	main	Bootstrapping Spring Data repositories in DEFAULT mode.
2024-11-28 12:10:56.459 +0800	INFO	org.springframework.data.repository.config.RepositoryConfigurationDelegate	182	main	Finished Spring Data repository scanning in 20ms. Found 0 repository interfaces.
2024-11-28 12:10:56.695 +0800	INFO	org.springframework.context.support.PostProcessorRegistrationDelegate$BeanPostProcessorChecker	330	main	Bean 'org.springframework.transaction.annotation.ProxyTransactionManagementConfiguration' of type [org.springframework.transaction.annotation.ProxyTransactionManagementConfiguration] is not eligible for getting processed by all BeanPostProcessors (for example: not eligible for auto-proxying)
2024-11-28 12:10:56.897 +0800	INFO	org.springframework.boot.web.embedded.tomcat.TomcatWebServer	92	main	Tomcat initialized with port(s): 80 (http)
2024-11-28 12:10:56.903 +0800	INFO	org.apache.juli.logging.DirectJDKLog	173	main	Initializing ProtocolHandler ["http-nio-80"]
2024-11-28 12:10:56.903 +0800	INFO	org.apache.juli.logging.DirectJDKLog	173	main	Starting service [Tomcat]
2024-11-28 12:10:56.904 +0800	INFO	org.apache.juli.logging.DirectJDKLog	173	main	Starting Servlet engine: [Apache Tomcat/9.0.27]
2024-11-28 12:10:56.905 +0800	INFO	org.apache.juli.logging.DirectJDKLog	173	main	Loaded APR based Apache Tomcat Native library [1.2.39] using APR version [1.7.4].
2024-11-28 12:10:56.905 +0800	INFO	org.apache.juli.logging.DirectJDKLog	173	main	APR capabilities: IPv6 [true], sendfile [true], accept filters [false], random [true].
2024-11-28 12:10:56.905 +0800	INFO	org.apache.juli.logging.DirectJDKLog	173	main	APR/OpenSSL configuration: useAprConnector [false], useOpenSSL [true]
2024-11-28 12:10:56.910 +0800	INFO	org.apache.juli.logging.DirectJDKLog	173	main	OpenSSL successfully initialized [OpenSSL 3.0.11 19 Sep 2023]
2024-11-28 12:10:57.002 +0800	INFO	org.apache.juli.logging.DirectJDKLog	173	main	Initializing Spring embedded WebApplicationContext
2024-11-28 12:10:57.002 +0800	INFO	org.springframework.boot.web.servlet.context.ServletWebServerApplicationContext	284	main	Root WebApplicationContext: initialization completed in 1245 ms
2024-11-28 12:10:57.665 +0800	INFO	org.springframework.scheduling.concurrent.ExecutorConfigurationSupport	171	main	Initializing ExecutorService
2024-11-28 12:10:57.666 +0800	INFO	org.springframework.scheduling.concurrent.ExecutorConfigurationSupport	171	main	Initializing ExecutorService 'emailExecutor'
2024-11-28 12:10:57.691 +0800	INFO	springfox.documentation.spring.web.PropertySourcedRequestMappingHandlerMapping	69	main	Mapped URL path [/v2/api-docs] onto method [springfox.documentation.swagger2.web.Swagger2Controller#getDocumentation(String, HttpServletRequest)]
2024-11-28 12:10:57.809 +0800	INFO	org.springframework.boot.autoconfigure.web.servlet.WelcomePageHandlerMapping	54	main	Adding welcome page: class path resource [static/index.html]
2024-11-28 12:10:58.162 +0800	INFO	org.springframework.security.web.DefaultSecurityFilterChain	43	main	Creating filter chain: any request, [org.springframework.security.web.context.request.async.WebAsyncManagerIntegrationFilter@13aed42b, org.springframework.security.web.context.SecurityContextPersistenceFilter@25214797, org.springframework.security.web.header.HeaderWriterFilter@2755617b, org.springframework.security.web.authentication.logout.LogoutFilter@32a8ca06, com.system.assessment.config.filter.LoginFilter@74606204, org.springframework.security.web.authentication.UsernamePasswordAuthenticationFilter@799c8758, org.springframework.security.web.session.ConcurrentSessionFilter@7b377a53, org.springframework.security.web.savedrequest.RequestCacheAwareFilter@60928a61, org.springframework.security.web.servletapi.SecurityContextHolderAwareRequestFilter@4601047, org.springframework.security.web.authentication.AnonymousAuthenticationFilter@698d6d30, org.springframework.security.web.session.SessionManagementFilter@d9f5fce, org.springframework.security.web.access.ExceptionTranslationFilter@59262a90, org.springframework.security.web.access.intercept.FilterSecurityInterceptor@7fc7152e]
2024-11-28 12:10:58.169 +0800	INFO	org.springframework.scheduling.concurrent.ExecutorConfigurationSupport	171	main	Initializing ExecutorService 'taskScheduler'
2024-11-28 12:10:58.196 +0800	INFO	springfox.documentation.spring.web.plugins.DocumentationPluginsBootstrapper	160	main	Context refreshed
2024-11-28 12:10:58.209 +0800	INFO	springfox.documentation.spring.web.plugins.DocumentationPluginsBootstrapper	163	main	Found 1 custom documentation plugin(s)
2024-11-28 12:10:58.230 +0800	INFO	springfox.documentation.spring.web.scanners.ApiListingReferenceScanner	41	main	Scanning for api listing references
2024-11-28 12:10:58.418 +0800	INFO	org.apache.juli.logging.DirectJDKLog	173	main	Starting ProtocolHandler ["http-nio-80"]
2024-11-28 12:10:58.435 +0800	INFO	org.springframework.boot.web.embedded.tomcat.TomcatWebServer	204	main	Tomcat started on port(s): 80 (http) with context path ''
2024-11-28 12:10:58.437 +0800	INFO	org.springframework.boot.StartupInfoLogger	61	main	Started ScoreApplication in 2.962 seconds (JVM running for 5.299)
2024-11-28 12:11:05.819 +0800	INFO	org.apache.juli.logging.DirectJDKLog	173	http-nio-80-exec-1	Initializing Spring DispatcherServlet 'dispatcherServlet'
2024-11-28 12:11:05.820 +0800	INFO	org.springframework.web.servlet.FrameworkServlet	525	http-nio-80-exec-1	Initializing Servlet 'dispatcherServlet'
2024-11-28 12:11:05.824 +0800	INFO	org.springframework.web.servlet.FrameworkServlet	547	http-nio-80-exec-1	Completed initialization in 4 ms
2024-11-28 12:11:05.970 +0800	INFO	com.alibaba.druid.pool.DruidDataSource	985	http-nio-80-exec-1	{dataSource-1} inited
2024-11-28 12:11:14.395 +0800	INFO	com.system.assessment.service.Impl.EmailServiceImpl	79	EmailExecutor-1	标题为评议结果的邮件已成功发送到2339134840@qq.com
2024-11-28 12:13:01.928 +0800	INFO	org.springframework.boot.StartupInfoLogger	55	main	Starting ScoreApplication on LAPTOP-HISRR710 with PID 25292 (E:\ScoreSystem\target\classes started by LENOVO in E:\ScoreSystem)
2024-11-28 12:13:01.935 +0800	INFO	org.springframework.boot.SpringApplication	655	main	The following profiles are active: dev
2024-11-28 12:13:02.593 +0800	INFO	org.springframework.data.repository.config.RepositoryConfigurationDelegate	244	main	Multiple Spring Data modules found, entering strict repository configuration mode!
2024-11-28 12:13:02.596 +0800	INFO	org.springframework.data.repository.config.RepositoryConfigurationDelegate	126	main	Bootstrapping Spring Data repositories in DEFAULT mode.
2024-11-28 12:13:02.627 +0800	INFO	org.springframework.data.repository.config.RepositoryConfigurationDelegate	182	main	Finished Spring Data repository scanning in 20ms. Found 0 repository interfaces.
2024-11-28 12:13:02.864 +0800	INFO	org.springframework.context.support.PostProcessorRegistrationDelegate$BeanPostProcessorChecker	330	main	Bean 'org.springframework.transaction.annotation.ProxyTransactionManagementConfiguration' of type [org.springframework.transaction.annotation.ProxyTransactionManagementConfiguration] is not eligible for getting processed by all BeanPostProcessors (for example: not eligible for auto-proxying)
2024-11-28 12:13:03.073 +0800	INFO	org.springframework.boot.web.embedded.tomcat.TomcatWebServer	92	main	Tomcat initialized with port(s): 80 (http)
2024-11-28 12:13:03.079 +0800	INFO	org.apache.juli.logging.DirectJDKLog	173	main	Initializing ProtocolHandler ["http-nio-80"]
2024-11-28 12:13:03.080 +0800	INFO	org.apache.juli.logging.DirectJDKLog	173	main	Starting service [Tomcat]
2024-11-28 12:13:03.081 +0800	INFO	org.apache.juli.logging.DirectJDKLog	173	main	Starting Servlet engine: [Apache Tomcat/9.0.27]
2024-11-28 12:13:03.082 +0800	INFO	org.apache.juli.logging.DirectJDKLog	173	main	Loaded APR based Apache Tomcat Native library [1.2.39] using APR version [1.7.4].
2024-11-28 12:13:03.082 +0800	INFO	org.apache.juli.logging.DirectJDKLog	173	main	APR capabilities: IPv6 [true], sendfile [true], accept filters [false], random [true].
2024-11-28 12:13:03.082 +0800	INFO	org.apache.juli.logging.DirectJDKLog	173	main	APR/OpenSSL configuration: useAprConnector [false], useOpenSSL [true]
2024-11-28 12:13:03.087 +0800	INFO	org.apache.juli.logging.DirectJDKLog	173	main	OpenSSL successfully initialized [OpenSSL 3.0.11 19 Sep 2023]
2024-11-28 12:13:03.178 +0800	INFO	org.apache.juli.logging.DirectJDKLog	173	main	Initializing Spring embedded WebApplicationContext
2024-11-28 12:13:03.178 +0800	INFO	org.springframework.boot.web.servlet.context.ServletWebServerApplicationContext	284	main	Root WebApplicationContext: initialization completed in 1216 ms
2024-11-28 12:13:03.833 +0800	INFO	org.springframework.scheduling.concurrent.ExecutorConfigurationSupport	171	main	Initializing ExecutorService
2024-11-28 12:13:03.834 +0800	INFO	org.springframework.scheduling.concurrent.ExecutorConfigurationSupport	171	main	Initializing ExecutorService 'emailExecutor'
2024-11-28 12:13:03.858 +0800	INFO	springfox.documentation.spring.web.PropertySourcedRequestMappingHandlerMapping	69	main	Mapped URL path [/v2/api-docs] onto method [springfox.documentation.swagger2.web.Swagger2Controller#getDocumentation(String, HttpServletRequest)]
2024-11-28 12:13:03.978 +0800	INFO	org.springframework.boot.autoconfigure.web.servlet.WelcomePageHandlerMapping	54	main	Adding welcome page: class path resource [static/index.html]
2024-11-28 12:13:04.339 +0800	INFO	org.springframework.security.web.DefaultSecurityFilterChain	43	main	Creating filter chain: any request, [org.springframework.security.web.context.request.async.WebAsyncManagerIntegrationFilter@5e98032e, org.springframework.security.web.context.SecurityContextPersistenceFilter@4fbaa7f5, org.springframework.security.web.header.HeaderWriterFilter@698d6d30, org.springframework.security.web.authentication.logout.LogoutFilter@7cd3e0da, com.system.assessment.config.filter.LoginFilter@4dac121d, org.springframework.security.web.authentication.UsernamePasswordAuthenticationFilter@1d1bf7bf, org.springframework.security.web.session.ConcurrentSessionFilter@10e56da9, org.springframework.security.web.savedrequest.RequestCacheAwareFilter@6d4a05f7, org.springframework.security.web.servletapi.SecurityContextHolderAwareRequestFilter@586843bc, org.springframework.security.web.authentication.AnonymousAuthenticationFilter@4fe8f2ae, org.springframework.security.web.session.SessionManagementFilter@3407aa4f, org.springframework.security.web.access.ExceptionTranslationFilter@4cb00fa5, org.springframework.security.web.access.intercept.FilterSecurityInterceptor@73aaec54]
2024-11-28 12:13:04.346 +0800	INFO	org.springframework.scheduling.concurrent.ExecutorConfigurationSupport	171	main	Initializing ExecutorService 'taskScheduler'
2024-11-28 12:13:04.370 +0800	INFO	springfox.documentation.spring.web.plugins.DocumentationPluginsBootstrapper	160	main	Context refreshed
2024-11-28 12:13:04.382 +0800	INFO	springfox.documentation.spring.web.plugins.DocumentationPluginsBootstrapper	163	main	Found 1 custom documentation plugin(s)
2024-11-28 12:13:04.404 +0800	INFO	springfox.documentation.spring.web.scanners.ApiListingReferenceScanner	41	main	Scanning for api listing references
2024-11-28 12:13:04.593 +0800	INFO	org.apache.juli.logging.DirectJDKLog	173	main	Starting ProtocolHandler ["http-nio-80"]
2024-11-28 12:13:04.609 +0800	INFO	org.springframework.boot.web.embedded.tomcat.TomcatWebServer	204	main	Tomcat started on port(s): 80 (http) with context path ''
2024-11-28 12:13:04.611 +0800	INFO	org.springframework.boot.StartupInfoLogger	61	main	Started ScoreApplication in 2.937 seconds (JVM running for 5.341)
2024-11-28 12:13:17.234 +0800	INFO	org.apache.juli.logging.DirectJDKLog	173	http-nio-80-exec-1	Initializing Spring DispatcherServlet 'dispatcherServlet'
2024-11-28 12:13:17.234 +0800	INFO	org.springframework.web.servlet.FrameworkServlet	525	http-nio-80-exec-1	Initializing Servlet 'dispatcherServlet'
2024-11-28 12:13:17.239 +0800	INFO	org.springframework.web.servlet.FrameworkServlet	547	http-nio-80-exec-1	Completed initialization in 5 ms
2024-11-28 12:13:17.394 +0800	INFO	com.alibaba.druid.pool.DruidDataSource	985	http-nio-80-exec-1	{dataSource-1} inited
2024-11-28 12:13:32.333 +0800	INFO	com.system.assessment.service.Impl.EmailServiceImpl	79	EmailExecutor-1	标题为评议结果的邮件已成功发送到2339134840@qq.com
2024-11-28 12:19:58.411 +0800	INFO	org.springframework.boot.StartupInfoLogger	55	main	Starting ScoreApplication on LAPTOP-HISRR710 with PID 6868 (E:\ScoreSystem\target\classes started by LENOVO in E:\ScoreSystem)
2024-11-28 12:19:58.417 +0800	INFO	org.springframework.boot.SpringApplication	655	main	The following profiles are active: dev
2024-11-28 12:19:59.080 +0800	INFO	org.springframework.data.repository.config.RepositoryConfigurationDelegate	244	main	Multiple Spring Data modules found, entering strict repository configuration mode!
2024-11-28 12:19:59.083 +0800	INFO	org.springframework.data.repository.config.RepositoryConfigurationDelegate	126	main	Bootstrapping Spring Data repositories in DEFAULT mode.
2024-11-28 12:19:59.110 +0800	INFO	org.springframework.data.repository.config.RepositoryConfigurationDelegate	182	main	Finished Spring Data repository scanning in 19ms. Found 0 repository interfaces.
2024-11-28 12:19:59.334 +0800	INFO	org.springframework.context.support.PostProcessorRegistrationDelegate$BeanPostProcessorChecker	330	main	Bean 'org.springframework.transaction.annotation.ProxyTransactionManagementConfiguration' of type [org.springframework.transaction.annotation.ProxyTransactionManagementConfiguration] is not eligible for getting processed by all BeanPostProcessors (for example: not eligible for auto-proxying)
2024-11-28 12:19:59.506 +0800	INFO	org.springframework.boot.web.embedded.tomcat.TomcatWebServer	92	main	Tomcat initialized with port(s): 80 (http)
2024-11-28 12:19:59.513 +0800	INFO	org.apache.juli.logging.DirectJDKLog	173	main	Initializing ProtocolHandler ["http-nio-80"]
2024-11-28 12:19:59.513 +0800	INFO	org.apache.juli.logging.DirectJDKLog	173	main	Starting service [Tomcat]
2024-11-28 12:19:59.513 +0800	INFO	org.apache.juli.logging.DirectJDKLog	173	main	Starting Servlet engine: [Apache Tomcat/9.0.27]
2024-11-28 12:19:59.515 +0800	INFO	org.apache.juli.logging.DirectJDKLog	173	main	Loaded APR based Apache Tomcat Native library [1.2.39] using APR version [1.7.4].
2024-11-28 12:19:59.515 +0800	INFO	org.apache.juli.logging.DirectJDKLog	173	main	APR capabilities: IPv6 [true], sendfile [true], accept filters [false], random [true].
2024-11-28 12:19:59.515 +0800	INFO	org.apache.juli.logging.DirectJDKLog	173	main	APR/OpenSSL configuration: useAprConnector [false], useOpenSSL [true]
2024-11-28 12:19:59.519 +0800	INFO	org.apache.juli.logging.DirectJDKLog	173	main	OpenSSL successfully initialized [OpenSSL 3.0.11 19 Sep 2023]
2024-11-28 12:19:59.652 +0800	INFO	org.apache.juli.logging.DirectJDKLog	173	main	Initializing Spring embedded WebApplicationContext
2024-11-28 12:19:59.652 +0800	INFO	org.springframework.boot.web.servlet.context.ServletWebServerApplicationContext	284	main	Root WebApplicationContext: initialization completed in 1208 ms
2024-11-28 12:20:00.291 +0800	INFO	org.springframework.scheduling.concurrent.ExecutorConfigurationSupport	171	main	Initializing ExecutorService
2024-11-28 12:20:00.292 +0800	INFO	org.springframework.scheduling.concurrent.ExecutorConfigurationSupport	171	main	Initializing ExecutorService 'emailExecutor'
2024-11-28 12:20:00.314 +0800	INFO	springfox.documentation.spring.web.PropertySourcedRequestMappingHandlerMapping	69	main	Mapped URL path [/v2/api-docs] onto method [springfox.documentation.swagger2.web.Swagger2Controller#getDocumentation(String, HttpServletRequest)]
2024-11-28 12:20:00.440 +0800	INFO	org.springframework.boot.autoconfigure.web.servlet.WelcomePageHandlerMapping	54	main	Adding welcome page: class path resource [static/index.html]
2024-11-28 12:20:00.826 +0800	INFO	org.springframework.security.web.DefaultSecurityFilterChain	43	main	Creating filter chain: any request, [org.springframework.security.web.context.request.async.WebAsyncManagerIntegrationFilter@7c2b6acb, org.springframework.security.web.context.SecurityContextPersistenceFilter@1412682c, org.springframework.security.web.header.HeaderWriterFilter@6ee37ca7, org.springframework.security.web.authentication.logout.LogoutFilter@4fbaa7f5, com.system.assessment.config.filter.LoginFilter@7ab1127c, org.springframework.security.web.authentication.UsernamePasswordAuthenticationFilter@4b476233, org.springframework.security.web.session.ConcurrentSessionFilter@7c91fe86, org.springframework.security.web.savedrequest.RequestCacheAwareFilter@54a056e4, org.springframework.security.web.servletapi.SecurityContextHolderAwareRequestFilter@51ed2f68, org.springframework.security.web.authentication.AnonymousAuthenticationFilter@28367da7, org.springframework.security.web.session.SessionManagementFilter@38f617f4, org.springframework.security.web.access.ExceptionTranslationFilter@4ce267cc, org.springframework.security.web.access.intercept.FilterSecurityInterceptor@4e4f4092]
2024-11-28 12:20:00.833 +0800	INFO	org.springframework.scheduling.concurrent.ExecutorConfigurationSupport	171	main	Initializing ExecutorService 'taskScheduler'
2024-11-28 12:20:00.859 +0800	INFO	springfox.documentation.spring.web.plugins.DocumentationPluginsBootstrapper	160	main	Context refreshed
2024-11-28 12:20:00.870 +0800	INFO	springfox.documentation.spring.web.plugins.DocumentationPluginsBootstrapper	163	main	Found 1 custom documentation plugin(s)
2024-11-28 12:20:00.890 +0800	INFO	springfox.documentation.spring.web.scanners.ApiListingReferenceScanner	41	main	Scanning for api listing references
2024-11-28 12:20:01.081 +0800	INFO	org.apache.juli.logging.DirectJDKLog	173	main	Starting ProtocolHandler ["http-nio-80"]
2024-11-28 12:20:01.097 +0800	INFO	org.springframework.boot.web.embedded.tomcat.TomcatWebServer	204	main	Tomcat started on port(s): 80 (http) with context path ''
2024-11-28 12:20:01.099 +0800	INFO	org.springframework.boot.StartupInfoLogger	61	main	Started ScoreApplication in 2.954 seconds (JVM running for 5.258)
2024-11-28 12:20:04.534 +0800	INFO	org.apache.juli.logging.DirectJDKLog	173	http-nio-80-exec-1	Initializing Spring DispatcherServlet 'dispatcherServlet'
2024-11-28 12:20:04.535 +0800	INFO	org.springframework.web.servlet.FrameworkServlet	525	http-nio-80-exec-1	Initializing Servlet 'dispatcherServlet'
2024-11-28 12:20:04.539 +0800	INFO	org.springframework.web.servlet.FrameworkServlet	547	http-nio-80-exec-1	Completed initialization in 4 ms
2024-11-28 12:20:04.683 +0800	INFO	com.alibaba.druid.pool.DruidDataSource	985	http-nio-80-exec-1	{dataSource-1} inited
2024-11-28 12:20:07.320 +0800	INFO	com.system.assessment.service.Impl.EmailServiceImpl	79	EmailExecutor-1	标题为评议结果的邮件已成功发送到2339134840@qq.com
2024-11-28 12:24:19.124 +0800	INFO	org.springframework.boot.StartupInfoLogger	55	main	Starting ScoreApplication on LAPTOP-HISRR710 with PID 25956 (E:\ScoreSystem\target\classes started by LENOVO in E:\ScoreSystem)
2024-11-28 12:24:19.130 +0800	INFO	org.springframework.boot.SpringApplication	655	main	The following profiles are active: dev
2024-11-28 12:24:19.784 +0800	INFO	org.springframework.data.repository.config.RepositoryConfigurationDelegate	244	main	Multiple Spring Data modules found, entering strict repository configuration mode!
2024-11-28 12:24:19.787 +0800	INFO	org.springframework.data.repository.config.RepositoryConfigurationDelegate	126	main	Bootstrapping Spring Data repositories in DEFAULT mode.
2024-11-28 12:24:19.818 +0800	INFO	org.springframework.data.repository.config.RepositoryConfigurationDelegate	182	main	Finished Spring Data repository scanning in 21ms. Found 0 repository interfaces.
2024-11-28 12:24:20.055 +0800	INFO	org.springframework.context.support.PostProcessorRegistrationDelegate$BeanPostProcessorChecker	330	main	Bean 'org.springframework.transaction.annotation.ProxyTransactionManagementConfiguration' of type [org.springframework.transaction.annotation.ProxyTransactionManagementConfiguration] is not eligible for getting processed by all BeanPostProcessors (for example: not eligible for auto-proxying)
2024-11-28 12:24:20.258 +0800	INFO	org.springframework.boot.web.embedded.tomcat.TomcatWebServer	92	main	Tomcat initialized with port(s): 80 (http)
2024-11-28 12:24:20.264 +0800	INFO	org.apache.juli.logging.DirectJDKLog	173	main	Initializing ProtocolHandler ["http-nio-80"]
2024-11-28 12:24:20.265 +0800	INFO	org.apache.juli.logging.DirectJDKLog	173	main	Starting service [Tomcat]
2024-11-28 12:24:20.265 +0800	INFO	org.apache.juli.logging.DirectJDKLog	173	main	Starting Servlet engine: [Apache Tomcat/9.0.27]
2024-11-28 12:24:20.267 +0800	INFO	org.apache.juli.logging.DirectJDKLog	173	main	Loaded APR based Apache Tomcat Native library [1.2.39] using APR version [1.7.4].
2024-11-28 12:24:20.267 +0800	INFO	org.apache.juli.logging.DirectJDKLog	173	main	APR capabilities: IPv6 [true], sendfile [true], accept filters [false], random [true].
2024-11-28 12:24:20.267 +0800	INFO	org.apache.juli.logging.DirectJDKLog	173	main	APR/OpenSSL configuration: useAprConnector [false], useOpenSSL [true]
2024-11-28 12:24:20.272 +0800	INFO	org.apache.juli.logging.DirectJDKLog	173	main	OpenSSL successfully initialized [OpenSSL 3.0.11 19 Sep 2023]
2024-11-28 12:24:20.364 +0800	INFO	org.apache.juli.logging.DirectJDKLog	173	main	Initializing Spring embedded WebApplicationContext
2024-11-28 12:24:20.364 +0800	INFO	org.springframework.boot.web.servlet.context.ServletWebServerApplicationContext	284	main	Root WebApplicationContext: initialization completed in 1208 ms
2024-11-28 12:24:21.011 +0800	INFO	org.springframework.scheduling.concurrent.ExecutorConfigurationSupport	171	main	Initializing ExecutorService
2024-11-28 12:24:21.012 +0800	INFO	org.springframework.scheduling.concurrent.ExecutorConfigurationSupport	171	main	Initializing ExecutorService 'emailExecutor'
2024-11-28 12:24:21.037 +0800	INFO	springfox.documentation.spring.web.PropertySourcedRequestMappingHandlerMapping	69	main	Mapped URL path [/v2/api-docs] onto method [springfox.documentation.swagger2.web.Swagger2Controller#getDocumentation(String, HttpServletRequest)]
2024-11-28 12:24:21.156 +0800	INFO	org.springframework.boot.autoconfigure.web.servlet.WelcomePageHandlerMapping	54	main	Adding welcome page: class path resource [static/index.html]
2024-11-28 12:24:21.518 +0800	INFO	org.springframework.security.web.DefaultSecurityFilterChain	43	main	Creating filter chain: any request, [org.springframework.security.web.context.request.async.WebAsyncManagerIntegrationFilter@43e3a390, org.springframework.security.web.context.SecurityContextPersistenceFilter@59f45950, org.springframework.security.web.header.HeaderWriterFilter@43e8f1c, org.springframework.security.web.authentication.logout.LogoutFilter@4e50ae56, com.system.assessment.config.filter.LoginFilter@29be997f, org.springframework.security.web.authentication.UsernamePasswordAuthenticationFilter@42730828, org.springframework.security.web.session.ConcurrentSessionFilter@570b2057, org.springframework.security.web.savedrequest.RequestCacheAwareFilter@58164e9a, org.springframework.security.web.servletapi.SecurityContextHolderAwareRequestFilter@40dd552c, org.springframework.security.web.authentication.AnonymousAuthenticationFilter@44aa91e2, org.springframework.security.web.session.SessionManagementFilter@675ec28b, org.springframework.security.web.access.ExceptionTranslationFilter@6eede35e, org.springframework.security.web.access.intercept.FilterSecurityInterceptor@6b9697ae]
2024-11-28 12:24:21.526 +0800	INFO	org.springframework.scheduling.concurrent.ExecutorConfigurationSupport	171	main	Initializing ExecutorService 'taskScheduler'
2024-11-28 12:24:21.551 +0800	INFO	springfox.documentation.spring.web.plugins.DocumentationPluginsBootstrapper	160	main	Context refreshed
2024-11-28 12:24:21.563 +0800	INFO	springfox.documentation.spring.web.plugins.DocumentationPluginsBootstrapper	163	main	Found 1 custom documentation plugin(s)
2024-11-28 12:24:21.584 +0800	INFO	springfox.documentation.spring.web.scanners.ApiListingReferenceScanner	41	main	Scanning for api listing references
2024-11-28 12:24:21.772 +0800	INFO	org.apache.juli.logging.DirectJDKLog	173	main	Starting ProtocolHandler ["http-nio-80"]
2024-11-28 12:24:21.787 +0800	INFO	org.springframework.boot.web.embedded.tomcat.TomcatWebServer	204	main	Tomcat started on port(s): 80 (http) with context path ''
2024-11-28 12:24:21.789 +0800	INFO	org.springframework.boot.StartupInfoLogger	61	main	Started ScoreApplication in 2.909 seconds (JVM running for 5.174)
2024-11-28 12:24:26.241 +0800	INFO	org.apache.juli.logging.DirectJDKLog	173	http-nio-80-exec-1	Initializing Spring DispatcherServlet 'dispatcherServlet'
2024-11-28 12:24:26.241 +0800	INFO	org.springframework.web.servlet.FrameworkServlet	525	http-nio-80-exec-1	Initializing Servlet 'dispatcherServlet'
2024-11-28 12:24:26.246 +0800	INFO	org.springframework.web.servlet.FrameworkServlet	547	http-nio-80-exec-1	Completed initialization in 4 ms
2024-11-28 12:24:26.386 +0800	INFO	com.alibaba.druid.pool.DruidDataSource	985	http-nio-80-exec-1	{dataSource-1} inited
2024-11-28 12:24:29.073 +0800	INFO	com.system.assessment.service.Impl.EmailServiceImpl	79	EmailExecutor-1	标题为评议结果的邮件已成功发送到2339134840@qq.com
2024-11-28 12:25:10.019 +0800	INFO	org.springframework.boot.StartupInfoLogger	55	main	Starting ScoreApplication on LAPTOP-HISRR710 with PID 31724 (E:\ScoreSystem\target\classes started by LENOVO in E:\ScoreSystem)
2024-11-28 12:25:10.025 +0800	INFO	org.springframework.boot.SpringApplication	655	main	The following profiles are active: dev
2024-11-28 12:25:10.696 +0800	INFO	org.springframework.data.repository.config.RepositoryConfigurationDelegate	244	main	Multiple Spring Data modules found, entering strict repository configuration mode!
2024-11-28 12:25:10.699 +0800	INFO	org.springframework.data.repository.config.RepositoryConfigurationDelegate	126	main	Bootstrapping Spring Data repositories in DEFAULT mode.
2024-11-28 12:25:10.732 +0800	INFO	org.springframework.data.repository.config.RepositoryConfigurationDelegate	182	main	Finished Spring Data repository scanning in 21ms. Found 0 repository interfaces.
2024-11-28 12:25:10.985 +0800	INFO	org.springframework.context.support.PostProcessorRegistrationDelegate$BeanPostProcessorChecker	330	main	Bean 'org.springframework.transaction.annotation.ProxyTransactionManagementConfiguration' of type [org.springframework.transaction.annotation.ProxyTransactionManagementConfiguration] is not eligible for getting processed by all BeanPostProcessors (for example: not eligible for auto-proxying)
2024-11-28 12:25:11.185 +0800	INFO	org.springframework.boot.web.embedded.tomcat.TomcatWebServer	92	main	Tomcat initialized with port(s): 80 (http)
2024-11-28 12:25:11.192 +0800	INFO	org.apache.juli.logging.DirectJDKLog	173	main	Initializing ProtocolHandler ["http-nio-80"]
2024-11-28 12:25:11.192 +0800	INFO	org.apache.juli.logging.DirectJDKLog	173	main	Starting service [Tomcat]
2024-11-28 12:25:11.193 +0800	INFO	org.apache.juli.logging.DirectJDKLog	173	main	Starting Servlet engine: [Apache Tomcat/9.0.27]
2024-11-28 12:25:11.194 +0800	INFO	org.apache.juli.logging.DirectJDKLog	173	main	Loaded APR based Apache Tomcat Native library [1.2.39] using APR version [1.7.4].
2024-11-28 12:25:11.194 +0800	INFO	org.apache.juli.logging.DirectJDKLog	173	main	APR capabilities: IPv6 [true], sendfile [true], accept filters [false], random [true].
2024-11-28 12:25:11.194 +0800	INFO	org.apache.juli.logging.DirectJDKLog	173	main	APR/OpenSSL configuration: useAprConnector [false], useOpenSSL [true]
2024-11-28 12:25:11.199 +0800	INFO	org.apache.juli.logging.DirectJDKLog	173	main	OpenSSL successfully initialized [OpenSSL 3.0.11 19 Sep 2023]
2024-11-28 12:25:11.292 +0800	INFO	org.apache.juli.logging.DirectJDKLog	173	main	Initializing Spring embedded WebApplicationContext
2024-11-28 12:25:11.292 +0800	INFO	org.springframework.boot.web.servlet.context.ServletWebServerApplicationContext	284	main	Root WebApplicationContext: initialization completed in 1240 ms
2024-11-28 12:25:11.950 +0800	INFO	org.springframework.scheduling.concurrent.ExecutorConfigurationSupport	171	main	Initializing ExecutorService
2024-11-28 12:25:11.951 +0800	INFO	org.springframework.scheduling.concurrent.ExecutorConfigurationSupport	171	main	Initializing ExecutorService 'emailExecutor'
2024-11-28 12:25:11.978 +0800	INFO	springfox.documentation.spring.web.PropertySourcedRequestMappingHandlerMapping	69	main	Mapped URL path [/v2/api-docs] onto method [springfox.documentation.swagger2.web.Swagger2Controller#getDocumentation(String, HttpServletRequest)]
2024-11-28 12:25:12.112 +0800	INFO	org.springframework.boot.autoconfigure.web.servlet.WelcomePageHandlerMapping	54	main	Adding welcome page: class path resource [static/index.html]
2024-11-28 12:25:12.476 +0800	INFO	org.springframework.security.web.DefaultSecurityFilterChain	43	main	Creating filter chain: any request, [org.springframework.security.web.context.request.async.WebAsyncManagerIntegrationFilter@3babcaed, org.springframework.security.web.context.SecurityContextPersistenceFilter@6a7a1a0d, org.springframework.security.web.header.HeaderWriterFilter@610fbe1c, org.springframework.security.web.authentication.logout.LogoutFilter@42730828, com.system.assessment.config.filter.LoginFilter@1727e03a, org.springframework.security.web.authentication.UsernamePasswordAuthenticationFilter@609b041c, org.springframework.security.web.session.ConcurrentSessionFilter@59f45950, org.springframework.security.web.savedrequest.RequestCacheAwareFilter@76e6c070, org.springframework.security.web.servletapi.SecurityContextHolderAwareRequestFilter@7404ddca, org.springframework.security.web.authentication.AnonymousAuthenticationFilter@2b9e69fb, org.springframework.security.web.session.SessionManagementFilter@570b2057, org.springframework.security.web.access.ExceptionTranslationFilter@675ec28b, org.springframework.security.web.access.intercept.FilterSecurityInterceptor@5546e754]
2024-11-28 12:25:12.483 +0800	INFO	org.springframework.scheduling.concurrent.ExecutorConfigurationSupport	171	main	Initializing ExecutorService 'taskScheduler'
2024-11-28 12:25:12.507 +0800	INFO	springfox.documentation.spring.web.plugins.DocumentationPluginsBootstrapper	160	main	Context refreshed
2024-11-28 12:25:12.520 +0800	INFO	springfox.documentation.spring.web.plugins.DocumentationPluginsBootstrapper	163	main	Found 1 custom documentation plugin(s)
2024-11-28 12:25:12.541 +0800	INFO	springfox.documentation.spring.web.scanners.ApiListingReferenceScanner	41	main	Scanning for api listing references
2024-11-28 12:25:12.728 +0800	INFO	org.apache.juli.logging.DirectJDKLog	173	main	Starting ProtocolHandler ["http-nio-80"]
2024-11-28 12:25:12.743 +0800	INFO	org.springframework.boot.web.embedded.tomcat.TomcatWebServer	204	main	Tomcat started on port(s): 80 (http) with context path ''
2024-11-28 12:25:12.745 +0800	INFO	org.springframework.boot.StartupInfoLogger	61	main	Started ScoreApplication in 2.986 seconds (JVM running for 5.309)
2024-11-28 12:25:19.990 +0800	INFO	org.apache.juli.logging.DirectJDKLog	173	http-nio-80-exec-1	Initializing Spring DispatcherServlet 'dispatcherServlet'
2024-11-28 12:25:19.990 +0800	INFO	org.springframework.web.servlet.FrameworkServlet	525	http-nio-80-exec-1	Initializing Servlet 'dispatcherServlet'
2024-11-28 12:25:19.995 +0800	INFO	org.springframework.web.servlet.FrameworkServlet	547	http-nio-80-exec-1	Completed initialization in 5 ms
2024-11-28 12:25:20.139 +0800	INFO	com.alibaba.druid.pool.DruidDataSource	985	http-nio-80-exec-1	{dataSource-1} inited
2024-11-28 12:25:24.055 +0800	INFO	com.system.assessment.service.Impl.EmailServiceImpl	79	EmailExecutor-1	标题为评议结果的邮件已成功发送到2339134840@qq.com
2024-11-28 13:02:16.588 +0800	INFO	org.springframework.boot.StartupInfoLogger	55	main	Starting ScoreApplication on LAPTOP-HISRR710 with PID 20976 (E:\ScoreSystem\target\classes started by LENOVO in E:\ScoreSystem)
2024-11-28 13:02:16.619 +0800	INFO	org.springframework.boot.SpringApplication	655	main	The following profiles are active: dev
2024-11-28 13:02:19.264 +0800	INFO	org.springframework.data.repository.config.RepositoryConfigurationDelegate	244	main	Multiple Spring Data modules found, entering strict repository configuration mode!
2024-11-28 13:02:19.267 +0800	INFO	org.springframework.data.repository.config.RepositoryConfigurationDelegate	126	main	Bootstrapping Spring Data repositories in DEFAULT mode.
2024-11-28 13:02:19.306 +0800	INFO	org.springframework.data.repository.config.RepositoryConfigurationDelegate	182	main	Finished Spring Data repository scanning in 26ms. Found 0 repository interfaces.
2024-11-28 13:02:19.538 +0800	INFO	org.springframework.context.support.PostProcessorRegistrationDelegate$BeanPostProcessorChecker	330	main	Bean 'org.springframework.transaction.annotation.ProxyTransactionManagementConfiguration' of type [org.springframework.transaction.annotation.ProxyTransactionManagementConfiguration] is not eligible for getting processed by all BeanPostProcessors (for example: not eligible for auto-proxying)
2024-11-28 13:02:20.049 +0800	INFO	org.springframework.boot.web.embedded.tomcat.TomcatWebServer	92	main	Tomcat initialized with port(s): 80 (http)
2024-11-28 13:02:20.056 +0800	INFO	org.apache.juli.logging.DirectJDKLog	173	main	Initializing ProtocolHandler ["http-nio-80"]
2024-11-28 13:02:20.056 +0800	INFO	org.apache.juli.logging.DirectJDKLog	173	main	Starting service [Tomcat]
2024-11-28 13:02:20.057 +0800	INFO	org.apache.juli.logging.DirectJDKLog	173	main	Starting Servlet engine: [Apache Tomcat/9.0.27]
2024-11-28 13:02:20.058 +0800	INFO	org.apache.juli.logging.DirectJDKLog	173	main	Loaded APR based Apache Tomcat Native library [1.2.39] using APR version [1.7.4].
2024-11-28 13:02:20.058 +0800	INFO	org.apache.juli.logging.DirectJDKLog	173	main	APR capabilities: IPv6 [true], sendfile [true], accept filters [false], random [true].
2024-11-28 13:02:20.058 +0800	INFO	org.apache.juli.logging.DirectJDKLog	173	main	APR/OpenSSL configuration: useAprConnector [false], useOpenSSL [true]
2024-11-28 13:02:20.079 +0800	INFO	org.apache.juli.logging.DirectJDKLog	173	main	OpenSSL successfully initialized [OpenSSL 3.0.11 19 Sep 2023]
2024-11-28 13:02:20.177 +0800	INFO	org.apache.juli.logging.DirectJDKLog	173	main	Initializing Spring embedded WebApplicationContext
2024-11-28 13:02:20.178 +0800	INFO	org.springframework.boot.web.servlet.context.ServletWebServerApplicationContext	284	main	Root WebApplicationContext: initialization completed in 3490 ms
2024-11-28 13:02:21.212 +0800	INFO	org.springframework.scheduling.concurrent.ExecutorConfigurationSupport	171	main	Initializing ExecutorService
2024-11-28 13:02:21.213 +0800	INFO	org.springframework.scheduling.concurrent.ExecutorConfigurationSupport	171	main	Initializing ExecutorService 'emailExecutor'
2024-11-28 13:02:21.240 +0800	INFO	springfox.documentation.spring.web.PropertySourcedRequestMappingHandlerMapping	69	main	Mapped URL path [/v2/api-docs] onto method [springfox.documentation.swagger2.web.Swagger2Controller#getDocumentation(String, HttpServletRequest)]
2024-11-28 13:02:21.497 +0800	INFO	org.springframework.boot.autoconfigure.web.servlet.WelcomePageHandlerMapping	54	main	Adding welcome page: class path resource [static/index.html]
2024-11-28 13:02:22.037 +0800	INFO	org.springframework.security.web.DefaultSecurityFilterChain	43	main	Creating filter chain: any request, [org.springframework.security.web.context.request.async.WebAsyncManagerIntegrationFilter@7ef41ca2, org.springframework.security.web.context.SecurityContextPersistenceFilter@10e56da9, org.springframework.security.web.header.HeaderWriterFilter@12cd129c, org.springframework.security.web.authentication.logout.LogoutFilter@5599b5bb, com.system.assessment.config.filter.LoginFilter@2dbc408c, org.springframework.security.web.authentication.UsernamePasswordAuthenticationFilter@7cd3e0da, org.springframework.security.web.session.ConcurrentSessionFilter@3407aa4f, org.springframework.security.web.savedrequest.RequestCacheAwareFilter@22ae905f, org.springframework.security.web.servletapi.SecurityContextHolderAwareRequestFilter@597a7afa, org.springframework.security.web.authentication.AnonymousAuthenticationFilter@6b3f4bd8, org.springframework.security.web.session.SessionManagementFilter@4cb00fa5, org.springframework.security.web.access.ExceptionTranslationFilter@54a056e4, org.springframework.security.web.access.intercept.FilterSecurityInterceptor@1b3a9ef4]
2024-11-28 13:02:22.045 +0800	INFO	org.springframework.scheduling.concurrent.ExecutorConfigurationSupport	171	main	Initializing ExecutorService 'taskScheduler'
2024-11-28 13:02:22.069 +0800	INFO	springfox.documentation.spring.web.plugins.DocumentationPluginsBootstrapper	160	main	Context refreshed
2024-11-28 13:02:22.099 +0800	INFO	springfox.documentation.spring.web.plugins.DocumentationPluginsBootstrapper	163	main	Found 1 custom documentation plugin(s)
2024-11-28 13:02:22.124 +0800	INFO	springfox.documentation.spring.web.scanners.ApiListingReferenceScanner	41	main	Scanning for api listing references
2024-11-28 13:02:22.333 +0800	INFO	org.apache.juli.logging.DirectJDKLog	173	main	Starting ProtocolHandler ["http-nio-80"]
2024-11-28 13:02:22.350 +0800	INFO	org.springframework.boot.web.embedded.tomcat.TomcatWebServer	204	main	Tomcat started on port(s): 80 (http) with context path ''
2024-11-28 13:02:22.352 +0800	INFO	org.springframework.boot.StartupInfoLogger	61	main	Started ScoreApplication in 6.259 seconds (JVM running for 8.737)
2024-11-28 13:02:30.151 +0800	INFO	org.apache.juli.logging.DirectJDKLog	173	http-nio-80-exec-1	Initializing Spring DispatcherServlet 'dispatcherServlet'
2024-11-28 13:02:30.151 +0800	INFO	org.springframework.web.servlet.FrameworkServlet	525	http-nio-80-exec-1	Initializing Servlet 'dispatcherServlet'
2024-11-28 13:02:30.156 +0800	INFO	org.springframework.web.servlet.FrameworkServlet	547	http-nio-80-exec-1	Completed initialization in 4 ms
2024-11-28 13:02:30.361 +0800	INFO	com.alibaba.druid.pool.DruidDataSource	985	http-nio-80-exec-1	{dataSource-1} inited
2024-11-28 13:04:41.318 +0800	INFO	org.springframework.boot.StartupInfoLogger	55	main	Starting ScoreApplication on LAPTOP-HISRR710 with PID 30532 (E:\ScoreSystem\target\classes started by LENOVO in E:\ScoreSystem)
2024-11-28 13:04:41.324 +0800	INFO	org.springframework.boot.SpringApplication	655	main	The following profiles are active: dev
2024-11-28 13:04:41.951 +0800	INFO	org.springframework.data.repository.config.RepositoryConfigurationDelegate	244	main	Multiple Spring Data modules found, entering strict repository configuration mode!
2024-11-28 13:04:41.955 +0800	INFO	org.springframework.data.repository.config.RepositoryConfigurationDelegate	126	main	Bootstrapping Spring Data repositories in DEFAULT mode.
2024-11-28 13:04:41.985 +0800	INFO	org.springframework.data.repository.config.RepositoryConfigurationDelegate	182	main	Finished Spring Data repository scanning in 18ms. Found 0 repository interfaces.
2024-11-28 13:04:42.233 +0800	INFO	org.springframework.context.support.PostProcessorRegistrationDelegate$BeanPostProcessorChecker	330	main	Bean 'org.springframework.transaction.annotation.ProxyTransactionManagementConfiguration' of type [org.springframework.transaction.annotation.ProxyTransactionManagementConfiguration] is not eligible for getting processed by all BeanPostProcessors (for example: not eligible for auto-proxying)
2024-11-28 13:04:42.435 +0800	INFO	org.springframework.boot.web.embedded.tomcat.TomcatWebServer	92	main	Tomcat initialized with port(s): 80 (http)
2024-11-28 13:04:42.442 +0800	INFO	org.apache.juli.logging.DirectJDKLog	173	main	Initializing ProtocolHandler ["http-nio-80"]
2024-11-28 13:04:42.442 +0800	INFO	org.apache.juli.logging.DirectJDKLog	173	main	Starting service [Tomcat]
2024-11-28 13:04:42.443 +0800	INFO	org.apache.juli.logging.DirectJDKLog	173	main	Starting Servlet engine: [Apache Tomcat/9.0.27]
2024-11-28 13:04:42.444 +0800	INFO	org.apache.juli.logging.DirectJDKLog	173	main	Loaded APR based Apache Tomcat Native library [1.2.39] using APR version [1.7.4].
2024-11-28 13:04:42.444 +0800	INFO	org.apache.juli.logging.DirectJDKLog	173	main	APR capabilities: IPv6 [true], sendfile [true], accept filters [false], random [true].
2024-11-28 13:04:42.445 +0800	INFO	org.apache.juli.logging.DirectJDKLog	173	main	APR/OpenSSL configuration: useAprConnector [false], useOpenSSL [true]
2024-11-28 13:04:42.449 +0800	INFO	org.apache.juli.logging.DirectJDKLog	173	main	OpenSSL successfully initialized [OpenSSL 3.0.11 19 Sep 2023]
2024-11-28 13:04:42.537 +0800	INFO	org.apache.juli.logging.DirectJDKLog	173	main	Initializing Spring embedded WebApplicationContext
2024-11-28 13:04:42.537 +0800	INFO	org.springframework.boot.web.servlet.context.ServletWebServerApplicationContext	284	main	Root WebApplicationContext: initialization completed in 1187 ms
2024-11-28 13:04:43.185 +0800	INFO	org.springframework.scheduling.concurrent.ExecutorConfigurationSupport	171	main	Initializing ExecutorService
2024-11-28 13:04:43.186 +0800	INFO	org.springframework.scheduling.concurrent.ExecutorConfigurationSupport	171	main	Initializing ExecutorService 'emailExecutor'
2024-11-28 13:04:43.210 +0800	INFO	springfox.documentation.spring.web.PropertySourcedRequestMappingHandlerMapping	69	main	Mapped URL path [/v2/api-docs] onto method [springfox.documentation.swagger2.web.Swagger2Controller#getDocumentation(String, HttpServletRequest)]
2024-11-28 13:04:43.328 +0800	INFO	org.springframework.boot.autoconfigure.web.servlet.WelcomePageHandlerMapping	54	main	Adding welcome page: class path resource [static/index.html]
2024-11-28 13:04:43.689 +0800	INFO	org.springframework.security.web.DefaultSecurityFilterChain	43	main	Creating filter chain: any request, [org.springframework.security.web.context.request.async.WebAsyncManagerIntegrationFilter@13aed42b, org.springframework.security.web.context.SecurityContextPersistenceFilter@25214797, org.springframework.security.web.header.HeaderWriterFilter@2755617b, org.springframework.security.web.authentication.logout.LogoutFilter@32a8ca06, com.system.assessment.config.filter.LoginFilter@7c20cdd0, org.springframework.security.web.authentication.UsernamePasswordAuthenticationFilter@799c8758, org.springframework.security.web.session.ConcurrentSessionFilter@7b377a53, org.springframework.security.web.savedrequest.RequestCacheAwareFilter@60928a61, org.springframework.security.web.servletapi.SecurityContextHolderAwareRequestFilter@4601047, org.springframework.security.web.authentication.AnonymousAuthenticationFilter@698d6d30, org.springframework.security.web.session.SessionManagementFilter@d9f5fce, org.springframework.security.web.access.ExceptionTranslationFilter@59262a90, org.springframework.security.web.access.intercept.FilterSecurityInterceptor@7fc7152e]
2024-11-28 13:04:43.697 +0800	INFO	org.springframework.scheduling.concurrent.ExecutorConfigurationSupport	171	main	Initializing ExecutorService 'taskScheduler'
2024-11-28 13:04:43.723 +0800	INFO	springfox.documentation.spring.web.plugins.DocumentationPluginsBootstrapper	160	main	Context refreshed
2024-11-28 13:04:43.735 +0800	INFO	springfox.documentation.spring.web.plugins.DocumentationPluginsBootstrapper	163	main	Found 1 custom documentation plugin(s)
2024-11-28 13:04:43.756 +0800	INFO	springfox.documentation.spring.web.scanners.ApiListingReferenceScanner	41	main	Scanning for api listing references
2024-11-28 13:04:43.955 +0800	INFO	org.apache.juli.logging.DirectJDKLog	173	main	Starting ProtocolHandler ["http-nio-80"]
2024-11-28 13:04:43.971 +0800	INFO	org.springframework.boot.web.embedded.tomcat.TomcatWebServer	204	main	Tomcat started on port(s): 80 (http) with context path ''
2024-11-28 13:04:43.973 +0800	INFO	org.springframework.boot.StartupInfoLogger	61	main	Started ScoreApplication in 2.892 seconds (JVM running for 5.227)
2024-11-28 13:04:50.628 +0800	INFO	org.apache.juli.logging.DirectJDKLog	173	http-nio-80-exec-1	Initializing Spring DispatcherServlet 'dispatcherServlet'
2024-11-28 13:04:50.629 +0800	INFO	org.springframework.web.servlet.FrameworkServlet	525	http-nio-80-exec-1	Initializing Servlet 'dispatcherServlet'
2024-11-28 13:04:50.633 +0800	INFO	org.springframework.web.servlet.FrameworkServlet	547	http-nio-80-exec-1	Completed initialization in 4 ms
2024-11-28 13:04:50.774 +0800	INFO	com.alibaba.druid.pool.DruidDataSource	985	http-nio-80-exec-1	{dataSource-1} inited
2024-11-28 15:37:09.614 +0800	INFO	org.springframework.test.context.support.AbstractTestContextBootstrapper	308	main	Neither @ContextConfiguration nor @ContextHierarchy found for test class [com.system.assessment.ScoreApplicationTests], using SpringBootContextLoader
2024-11-28 15:37:09.644 +0800	INFO	org.springframework.test.context.support.AbstractContextLoader	264	main	Could not detect default resource locations for test class [com.system.assessment.ScoreApplicationTests]: no resource found for suffixes {-context.xml, Context.groovy}.
2024-11-28 15:37:09.644 +0800	INFO	org.springframework.test.context.support.AnnotationConfigContextLoaderUtils	83	main	Could not detect default configuration classes for test class [com.system.assessment.ScoreApplicationTests]: ScoreApplicationTests does not declare any static, non-private, non-final, nested classes annotated with @Configuration.
2024-11-28 15:37:09.844 +0800	INFO	org.springframework.boot.test.context.SpringBootTestContextBootstrapper	235	main	Found @SpringBootConfiguration com.system.assessment.ScoreApplication for test class com.system.assessment.ScoreApplicationTests
2024-11-28 15:37:09.969 +0800	INFO	org.springframework.test.context.support.AbstractTestContextBootstrapper	248	main	Loaded default TestExecutionListener class names from location [META-INF/spring.factories]: [org.springframework.security.test.context.support.WithSecurityContextTestExecutionListener, org.springframework.security.test.context.support.ReactorContextTestExecutionListener, org.springframework.test.context.web.ServletTestExecutionListener, org.springframework.test.context.support.DirtiesContextBeforeModesTestExecutionListener, org.springframework.test.context.support.DependencyInjectionTestExecutionListener, org.springframework.test.context.support.DirtiesContextTestExecutionListener, org.springframework.test.context.transaction.TransactionalTestExecutionListener, org.springframework.test.context.jdbc.SqlScriptsTestExecutionListener, org.springframework.test.context.event.EventPublishingTestExecutionListener, org.springframework.boot.test.mock.mockito.MockitoTestExecutionListener, org.springframework.boot.test.mock.mockito.ResetMocksTestExecutionListener, org.springframework.boot.test.autoconfigure.restdocs.RestDocsTestExecutionListener, org.springframework.boot.test.autoconfigure.web.client.MockRestServiceServerResetTestExecutionListener, org.springframework.boot.test.autoconfigure.web.servlet.MockMvcPrintOnlyOnFailureTestExecutionListener, org.springframework.boot.test.autoconfigure.web.servlet.WebDriverTestExecutionListener]
2024-11-28 15:37:10.042 +0800	INFO	org.springframework.test.context.support.AbstractTestContextBootstrapper	177	main	Using TestExecutionListeners: [org.springframework.test.context.web.ServletTestExecutionListener@6e6d5d29, org.springframework.test.context.support.DirtiesContextBeforeModesTestExecutionListener@5c530d1e, org.springframework.boot.test.mock.mockito.MockitoTestExecutionListener@6c25e6c4, org.springframework.boot.test.autoconfigure.SpringBootDependencyInjectionTestExecutionListener@85e6769, org.springframework.test.context.support.DirtiesContextTestExecutionListener@c5ee75e, org.springframework.test.context.transaction.TransactionalTestExecutionListener@48a12036, org.springframework.test.context.jdbc.SqlScriptsTestExecutionListener@bf1ec20, org.springframework.security.test.context.support.WithSecurityContextTestExecutionListener@70efb718, org.springframework.test.context.event.EventPublishingTestExecutionListener@b70da4c, org.springframework.security.test.context.support.ReactorContextTestExecutionListener@4a11eb84, org.springframework.boot.test.mock.mockito.ResetMocksTestExecutionListener@4e858e0a, org.springframework.boot.test.autoconfigure.restdocs.RestDocsTestExecutionListener@435fb7b5, org.springframework.boot.test.autoconfigure.web.client.MockRestServiceServerResetTestExecutionListener@4e70a728, org.springframework.boot.test.autoconfigure.web.servlet.MockMvcPrintOnlyOnFailureTestExecutionListener@b7838a9, org.springframework.boot.test.autoconfigure.web.servlet.WebDriverTestExecutionListener@696f0212]
2024-11-28 15:37:10.524 +0800	INFO	org.springframework.boot.StartupInfoLogger	55	main	Starting ScoreApplicationTests on LAPTOP-HISRR710 with PID 24428 (started by LENOVO in E:\ScoreSystem)
2024-11-28 15:37:10.526 +0800	INFO	org.springframework.boot.SpringApplication	655	main	The following profiles are active: dev
2024-11-28 15:37:11.885 +0800	INFO	org.springframework.data.repository.config.RepositoryConfigurationDelegate	244	main	Multiple Spring Data modules found, entering strict repository configuration mode!
2024-11-28 15:37:11.889 +0800	INFO	org.springframework.data.repository.config.RepositoryConfigurationDelegate	126	main	Bootstrapping Spring Data repositories in DEFAULT mode.
2024-11-28 15:37:11.930 +0800	INFO	org.springframework.data.repository.config.RepositoryConfigurationDelegate	182	main	Finished Spring Data repository scanning in 25ms. Found 0 repository interfaces.
2024-11-28 15:37:12.507 +0800	INFO	org.springframework.context.support.PostProcessorRegistrationDelegate$BeanPostProcessorChecker	330	main	Bean 'org.springframework.transaction.annotation.ProxyTransactionManagementConfiguration' of type [org.springframework.transaction.annotation.ProxyTransactionManagementConfiguration] is not eligible for getting processed by all BeanPostProcessors (for example: not eligible for auto-proxying)
2024-11-28 15:37:13.972 +0800	INFO	org.springframework.scheduling.concurrent.ExecutorConfigurationSupport	171	main	Initializing ExecutorService
2024-11-28 15:37:13.982 +0800	INFO	org.springframework.scheduling.concurrent.ExecutorConfigurationSupport	171	main	Initializing ExecutorService 'emailExecutor'
2024-11-28 15:37:14.070 +0800	INFO	springfox.documentation.spring.web.PropertySourcedRequestMappingHandlerMapping	69	main	Mapped URL path [/v2/api-docs] onto method [springfox.documentation.swagger2.web.Swagger2Controller#getDocumentation(String, HttpServletRequest)]
2024-11-28 15:37:14.604 +0800	INFO	org.springframework.boot.autoconfigure.web.servlet.WelcomePageHandlerMapping	54	main	Adding welcome page: class path resource [static/index.html]
2024-11-28 15:37:15.457 +0800	INFO	org.springframework.security.web.DefaultSecurityFilterChain	43	main	Creating filter chain: any request, [org.springframework.security.web.context.request.async.WebAsyncManagerIntegrationFilter@39b85a73, org.springframework.security.web.context.SecurityContextPersistenceFilter@5891b7c5, org.springframework.security.web.header.HeaderWriterFilter@4491eaeb, org.springframework.security.web.authentication.logout.LogoutFilter@ca2be53, com.system.assessment.config.filter.LoginFilter@642c6461, org.springframework.security.web.authentication.UsernamePasswordAuthenticationFilter@70697478, org.springframework.security.web.session.ConcurrentSessionFilter@42e202d7, org.springframework.security.web.savedrequest.RequestCacheAwareFilter@38e46765, org.springframework.security.web.servletapi.SecurityContextHolderAwareRequestFilter@35ceec81, org.springframework.security.web.authentication.AnonymousAuthenticationFilter@5788722f, org.springframework.security.web.session.SessionManagementFilter@5f3ddc86, org.springframework.security.web.access.ExceptionTranslationFilter@714bffd5, org.springframework.security.web.access.intercept.FilterSecurityInterceptor@30a01dd8]
2024-11-28 15:37:15.489 +0800	INFO	org.springframework.scheduling.concurrent.ExecutorConfigurationSupport	171	main	Initializing ExecutorService 'taskScheduler'
2024-11-28 15:37:15.535 +0800	INFO	springfox.documentation.spring.web.plugins.DocumentationPluginsBootstrapper	160	main	Context refreshed
2024-11-28 15:37:15.592 +0800	INFO	springfox.documentation.spring.web.plugins.DocumentationPluginsBootstrapper	163	main	Found 1 custom documentation plugin(s)
2024-11-28 15:37:15.625 +0800	INFO	springfox.documentation.spring.web.scanners.ApiListingReferenceScanner	41	main	Scanning for api listing references
2024-11-28 15:37:16.030 +0800	INFO	org.springframework.boot.StartupInfoLogger	61	main	Started ScoreApplicationTests in 5.919 seconds (JVM running for 9.54)
2024-11-28 15:37:16.488 +0800	INFO	org.springframework.scheduling.concurrent.ExecutorConfigurationSupport	208	SpringContextShutdownHook	Shutting down ExecutorService 'taskScheduler'
2024-11-28 15:37:16.503 +0800	INFO	org.springframework.scheduling.concurrent.ExecutorConfigurationSupport	208	SpringContextShutdownHook	Shutting down ExecutorService 'emailExecutor'
2024-11-28 15:37:16.505 +0800	INFO	com.alibaba.druid.pool.DruidDataSource	2032	SpringContextShutdownHook	{dataSource-0} closing ...
