2024-11-15 16:16:48.959 +0800	INFO	org.springframework.test.context.support.AbstractTestContextBootstrapper	308	main	Neither @ContextConfiguration nor @ContextHierarchy found for test class [com.system.assessment.ScoreApplicationTests], using SpringBootContextLoader
2024-11-15 16:16:48.979 +0800	INFO	org.springframework.test.context.support.AbstractContextLoader	264	main	Could not detect default resource locations for test class [com.system.assessment.ScoreApplicationTests]: no resource found for suffixes {-context.xml, Context.groovy}.
2024-11-15 16:16:48.980 +0800	INFO	org.springframework.test.context.support.AnnotationConfigContextLoaderUtils	83	main	Could not detect default configuration classes for test class [com.system.assessment.ScoreApplicationTests]: ScoreApplicationTests does not declare any static, non-private, non-final, nested classes annotated with @Configuration.
2024-11-15 16:16:49.118 +0800	INFO	org.springframework.boot.test.context.SpringBootTestContextBootstrapper	235	main	Found @SpringBootConfiguration com.system.assessment.ScoreApplication for test class com.system.assessment.ScoreApplicationTests
2024-11-15 16:16:49.249 +0800	INFO	org.springframework.test.context.support.AbstractTestContextBootstrapper	248	main	Loaded default TestExecutionListener class names from location [META-INF/spring.factories]: [org.springframework.security.test.context.support.WithSecurityContextTestExecutionListener, org.springframework.security.test.context.support.ReactorContextTestExecutionListener, org.springframework.test.context.web.ServletTestExecutionListener, org.springframework.test.context.support.DirtiesContextBeforeModesTestExecutionListener, org.springframework.test.context.support.DependencyInjectionTestExecutionListener, org.springframework.test.context.support.DirtiesContextTestExecutionListener, org.springframework.test.context.transaction.TransactionalTestExecutionListener, org.springframework.test.context.jdbc.SqlScriptsTestExecutionListener, org.springframework.test.context.event.EventPublishingTestExecutionListener, org.springframework.boot.test.mock.mockito.MockitoTestExecutionListener, org.springframework.boot.test.mock.mockito.ResetMocksTestExecutionListener, org.springframework.boot.test.autoconfigure.restdocs.RestDocsTestExecutionListener, org.springframework.boot.test.autoconfigure.web.client.MockRestServiceServerResetTestExecutionListener, org.springframework.boot.test.autoconfigure.web.servlet.MockMvcPrintOnlyOnFailureTestExecutionListener, org.springframework.boot.test.autoconfigure.web.servlet.WebDriverTestExecutionListener]
2024-11-15 16:16:49.286 +0800	INFO	org.springframework.test.context.support.AbstractTestContextBootstrapper	177	main	Using TestExecutionListeners: [org.springframework.test.context.web.ServletTestExecutionListener@696f0212, org.springframework.test.context.support.DirtiesContextBeforeModesTestExecutionListener@5733f295, org.springframework.boot.test.mock.mockito.MockitoTestExecutionListener@1c3146bc, org.springframework.boot.test.autoconfigure.SpringBootDependencyInjectionTestExecutionListener@56c698e3, org.springframework.test.context.support.DirtiesContextTestExecutionListener@47a86fbb, org.springframework.test.context.transaction.TransactionalTestExecutionListener@f478a81, org.springframework.test.context.jdbc.SqlScriptsTestExecutionListener@19553973, org.springframework.security.test.context.support.WithSecurityContextTestExecutionListener@7bb6ab3a, org.springframework.test.context.event.EventPublishingTestExecutionListener@7fe7c640, org.springframework.security.test.context.support.ReactorContextTestExecutionListener@4c4748bf, org.springframework.boot.test.mock.mockito.ResetMocksTestExecutionListener@7ce97ee5, org.springframework.boot.test.autoconfigure.restdocs.RestDocsTestExecutionListener@32c8e539, org.springframework.boot.test.autoconfigure.web.client.MockRestServiceServerResetTestExecutionListener@73dce0e6, org.springframework.boot.test.autoconfigure.web.servlet.MockMvcPrintOnlyOnFailureTestExecutionListener@5a85c92, org.springframework.boot.test.autoconfigure.web.servlet.WebDriverTestExecutionListener@32811494]
2024-11-15 16:16:49.722 +0800	INFO	org.springframework.boot.StartupInfoLogger	55	main	Starting ScoreApplicationTests on LAPTOP-HISRR710 with PID 28816 (started by LENOVO in C:\Users\LENOVO\OneDrive\桌面\评分系统)
2024-11-15 16:16:49.726 +0800	INFO	org.springframework.boot.SpringApplication	655	main	The following profiles are active: dev
2024-11-15 16:16:51.367 +0800	INFO	org.springframework.data.repository.config.RepositoryConfigurationDelegate	244	main	Multiple Spring Data modules found, entering strict repository configuration mode!
2024-11-15 16:16:51.373 +0800	INFO	org.springframework.data.repository.config.RepositoryConfigurationDelegate	126	main	Bootstrapping Spring Data repositories in DEFAULT mode.
2024-11-15 16:16:51.462 +0800	INFO	org.springframework.data.repository.config.RepositoryConfigurationDelegate	182	main	Finished Spring Data repository scanning in 70ms. Found 0 repository interfaces.
2024-11-15 16:16:52.047 +0800	INFO	org.springframework.context.support.PostProcessorRegistrationDelegate$BeanPostProcessorChecker	330	main	Bean 'org.springframework.transaction.annotation.ProxyTransactionManagementConfiguration' of type [org.springframework.transaction.annotation.ProxyTransactionManagementConfiguration] is not eligible for getting processed by all BeanPostProcessors (for example: not eligible for auto-proxying)
2024-11-15 16:16:53.908 +0800	INFO	org.springframework.scheduling.concurrent.ExecutorConfigurationSupport	171	main	Initializing ExecutorService
2024-11-15 16:16:53.918 +0800	INFO	org.springframework.scheduling.concurrent.ExecutorConfigurationSupport	171	main	Initializing ExecutorService 'emailExecutor'
2024-11-15 16:16:54.024 +0800	INFO	springfox.documentation.spring.web.PropertySourcedRequestMappingHandlerMapping	69	main	Mapped URL path [/v2/api-docs] onto method [springfox.documentation.swagger2.web.Swagger2Controller#getDocumentation(String, HttpServletRequest)]
2024-11-15 16:16:54.720 +0800	INFO	org.springframework.boot.autoconfigure.web.servlet.WelcomePageHandlerMapping	54	main	Adding welcome page: class path resource [static/index.html]
2024-11-15 16:16:55.807 +0800	INFO	org.springframework.security.web.DefaultSecurityFilterChain	43	main	Creating filter chain: any request, [org.springframework.security.web.context.request.async.WebAsyncManagerIntegrationFilter@1e8bccfb, org.springframework.security.web.context.SecurityContextPersistenceFilter@6ae42248, org.springframework.security.web.header.HeaderWriterFilter@50672905, org.springframework.security.web.authentication.logout.LogoutFilter@36665c11, com.system.assessment.config.filter.LoginFilter@4b4814d0, org.springframework.security.web.authentication.UsernamePasswordAuthenticationFilter@3a709cc7, org.springframework.security.web.savedrequest.RequestCacheAwareFilter@cf984d9, org.springframework.security.web.servletapi.SecurityContextHolderAwareRequestFilter@341ccfd1, org.springframework.security.web.authentication.AnonymousAuthenticationFilter@77eb607e, org.springframework.security.web.session.SessionManagementFilter@58f290bc, org.springframework.security.web.access.ExceptionTranslationFilter@11015ca0, org.springframework.security.web.access.intercept.FilterSecurityInterceptor@17df689e]
2024-11-15 16:16:55.869 +0800	INFO	org.springframework.scheduling.concurrent.ExecutorConfigurationSupport	171	main	Initializing ExecutorService 'taskScheduler'
2024-11-15 16:16:55.925 +0800	INFO	springfox.documentation.spring.web.plugins.DocumentationPluginsBootstrapper	160	main	Context refreshed
2024-11-15 16:16:55.958 +0800	INFO	springfox.documentation.spring.web.plugins.DocumentationPluginsBootstrapper	163	main	Found 1 custom documentation plugin(s)
2024-11-15 16:16:56.001 +0800	INFO	springfox.documentation.spring.web.scanners.ApiListingReferenceScanner	41	main	Scanning for api listing references
2024-11-15 16:16:56.474 +0800	INFO	org.springframework.boot.StartupInfoLogger	61	main	Started ScoreApplicationTests in 7.131 seconds (JVM running for 10.118)
2024-11-15 16:16:57.637 +0800	INFO	org.springframework.scheduling.concurrent.ExecutorConfigurationSupport	208	SpringContextShutdownHook	Shutting down ExecutorService 'taskScheduler'
2024-11-15 16:16:57.653 +0800	INFO	org.springframework.scheduling.concurrent.ExecutorConfigurationSupport	208	SpringContextShutdownHook	Shutting down ExecutorService 'emailExecutor'
2024-11-15 16:16:57.655 +0800	INFO	com.alibaba.druid.pool.DruidDataSource	2032	SpringContextShutdownHook	{dataSource-0} closing ...
2024-11-15 16:21:33.822 +0800	INFO	org.springframework.boot.StartupInfoLogger	55	main	Starting ScoreApplication on LAPTOP-HISRR710 with PID 24924 (started by LENOVO in C:\Users\LENOVO\OneDrive\妗\璇绯荤)
2024-11-15 16:21:33.829 +0800	INFO	org.springframework.boot.SpringApplication	655	main	The following profiles are active: dev
2024-11-15 16:21:34.746 +0800	INFO	org.springframework.data.repository.config.RepositoryConfigurationDelegate	244	main	Multiple Spring Data modules found, entering strict repository configuration mode!
2024-11-15 16:21:34.749 +0800	INFO	org.springframework.data.repository.config.RepositoryConfigurationDelegate	126	main	Bootstrapping Spring Data repositories in DEFAULT mode.
2024-11-15 16:21:34.819 +0800	INFO	org.springframework.data.repository.config.RepositoryConfigurationDelegate	182	main	Finished Spring Data repository scanning in 58ms. Found 0 repository interfaces.
2024-11-15 16:21:35.101 +0800	INFO	org.springframework.context.support.PostProcessorRegistrationDelegate$BeanPostProcessorChecker	330	main	Bean 'org.springframework.transaction.annotation.ProxyTransactionManagementConfiguration' of type [org.springframework.transaction.annotation.ProxyTransactionManagementConfiguration] is not eligible for getting processed by all BeanPostProcessors (for example: not eligible for auto-proxying)
2024-11-15 16:21:35.348 +0800	INFO	org.springframework.boot.web.embedded.tomcat.TomcatWebServer	92	main	Tomcat initialized with port(s): 80 (http)
2024-11-15 16:21:35.356 +0800	INFO	org.apache.juli.logging.DirectJDKLog	173	main	Initializing ProtocolHandler ["http-nio-80"]
2024-11-15 16:21:35.356 +0800	INFO	org.apache.juli.logging.DirectJDKLog	173	main	Starting service [Tomcat]
2024-11-15 16:21:35.357 +0800	INFO	org.apache.juli.logging.DirectJDKLog	173	main	Starting Servlet engine: [Apache Tomcat/9.0.27]
2024-11-15 16:21:35.358 +0800	INFO	org.apache.juli.logging.DirectJDKLog	173	main	Loaded APR based Apache Tomcat Native library [1.2.39] using APR version [1.7.4].
2024-11-15 16:21:35.359 +0800	INFO	org.apache.juli.logging.DirectJDKLog	173	main	APR capabilities: IPv6 [true], sendfile [true], accept filters [false], random [true].
2024-11-15 16:21:35.359 +0800	INFO	org.apache.juli.logging.DirectJDKLog	173	main	APR/OpenSSL configuration: useAprConnector [false], useOpenSSL [true]
2024-11-15 16:21:35.757 +0800	INFO	org.apache.juli.logging.DirectJDKLog	173	main	OpenSSL successfully initialized [OpenSSL 3.0.11 19 Sep 2023]
2024-11-15 16:21:35.899 +0800	INFO	org.apache.juli.logging.DirectJDKLog	173	main	Initializing Spring embedded WebApplicationContext
2024-11-15 16:21:35.900 +0800	INFO	org.springframework.boot.web.servlet.context.ServletWebServerApplicationContext	284	main	Root WebApplicationContext: initialization completed in 2034 ms
2024-11-15 16:21:36.631 +0800	INFO	org.springframework.scheduling.concurrent.ExecutorConfigurationSupport	171	main	Initializing ExecutorService
2024-11-15 16:21:36.632 +0800	INFO	org.springframework.scheduling.concurrent.ExecutorConfigurationSupport	171	main	Initializing ExecutorService 'emailExecutor'
2024-11-15 16:21:36.662 +0800	INFO	springfox.documentation.spring.web.PropertySourcedRequestMappingHandlerMapping	69	main	Mapped URL path [/v2/api-docs] onto method [springfox.documentation.swagger2.web.Swagger2Controller#getDocumentation(String, HttpServletRequest)]
2024-11-15 16:21:36.821 +0800	INFO	org.springframework.boot.autoconfigure.web.servlet.WelcomePageHandlerMapping	54	main	Adding welcome page: class path resource [static/index.html]
2024-11-15 16:21:37.256 +0800	INFO	org.springframework.security.web.DefaultSecurityFilterChain	43	main	Creating filter chain: any request, [org.springframework.security.web.context.request.async.WebAsyncManagerIntegrationFilter@28cb86b2, org.springframework.security.web.context.SecurityContextPersistenceFilter@563317c1, org.springframework.security.web.header.HeaderWriterFilter@60928a61, org.springframework.security.web.authentication.logout.LogoutFilter@77663cd7, com.system.assessment.config.filter.LoginFilter@7f9e8421, org.springframework.security.web.authentication.UsernamePasswordAuthenticationFilter@1e6bd263, org.springframework.security.web.savedrequest.RequestCacheAwareFilter@6e0d16a4, org.springframework.security.web.servletapi.SecurityContextHolderAwareRequestFilter@5cd8d029, org.springframework.security.web.authentication.AnonymousAuthenticationFilter@22ae905f, org.springframework.security.web.session.SessionManagementFilter@8077c97, org.springframework.security.web.access.ExceptionTranslationFilter@25214797, org.springframework.security.web.access.intercept.FilterSecurityInterceptor@1a717d79]
2024-11-15 16:21:37.265 +0800	INFO	org.springframework.scheduling.concurrent.ExecutorConfigurationSupport	171	main	Initializing ExecutorService 'taskScheduler'
2024-11-15 16:21:37.292 +0800	INFO	springfox.documentation.spring.web.plugins.DocumentationPluginsBootstrapper	160	main	Context refreshed
2024-11-15 16:21:37.308 +0800	INFO	springfox.documentation.spring.web.plugins.DocumentationPluginsBootstrapper	163	main	Found 1 custom documentation plugin(s)
2024-11-15 16:21:37.336 +0800	INFO	springfox.documentation.spring.web.scanners.ApiListingReferenceScanner	41	main	Scanning for api listing references
2024-11-15 16:21:37.550 +0800	INFO	org.apache.juli.logging.DirectJDKLog	173	main	Starting ProtocolHandler ["http-nio-80"]
2024-11-15 16:21:37.569 +0800	INFO	org.springframework.boot.web.embedded.tomcat.TomcatWebServer	204	main	Tomcat started on port(s): 80 (http) with context path ''
2024-11-15 16:21:37.571 +0800	INFO	org.springframework.boot.StartupInfoLogger	61	main	Started ScoreApplication in 4.12 seconds (JVM running for 6.427)
2024-11-15 16:23:04.249 +0800	INFO	org.springframework.test.context.support.AbstractTestContextBootstrapper	308	main	Neither @ContextConfiguration nor @ContextHierarchy found for test class [com.system.assessment.ScoreApplicationTests], using SpringBootContextLoader
2024-11-15 16:23:04.262 +0800	INFO	org.springframework.test.context.support.AbstractContextLoader	264	main	Could not detect default resource locations for test class [com.system.assessment.ScoreApplicationTests]: no resource found for suffixes {-context.xml, Context.groovy}.
2024-11-15 16:23:04.263 +0800	INFO	org.springframework.test.context.support.AnnotationConfigContextLoaderUtils	83	main	Could not detect default configuration classes for test class [com.system.assessment.ScoreApplicationTests]: ScoreApplicationTests does not declare any static, non-private, non-final, nested classes annotated with @Configuration.
2024-11-15 16:23:04.366 +0800	INFO	org.springframework.boot.test.context.SpringBootTestContextBootstrapper	235	main	Found @SpringBootConfiguration com.system.assessment.ScoreApplication for test class com.system.assessment.ScoreApplicationTests
2024-11-15 16:23:04.465 +0800	INFO	org.springframework.test.context.support.AbstractTestContextBootstrapper	248	main	Loaded default TestExecutionListener class names from location [META-INF/spring.factories]: [org.springframework.security.test.context.support.WithSecurityContextTestExecutionListener, org.springframework.security.test.context.support.ReactorContextTestExecutionListener, org.springframework.test.context.web.ServletTestExecutionListener, org.springframework.test.context.support.DirtiesContextBeforeModesTestExecutionListener, org.springframework.test.context.support.DependencyInjectionTestExecutionListener, org.springframework.test.context.support.DirtiesContextTestExecutionListener, org.springframework.test.context.transaction.TransactionalTestExecutionListener, org.springframework.test.context.jdbc.SqlScriptsTestExecutionListener, org.springframework.test.context.event.EventPublishingTestExecutionListener, org.springframework.boot.test.mock.mockito.MockitoTestExecutionListener, org.springframework.boot.test.mock.mockito.ResetMocksTestExecutionListener, org.springframework.boot.test.autoconfigure.restdocs.RestDocsTestExecutionListener, org.springframework.boot.test.autoconfigure.web.client.MockRestServiceServerResetTestExecutionListener, org.springframework.boot.test.autoconfigure.web.servlet.MockMvcPrintOnlyOnFailureTestExecutionListener, org.springframework.boot.test.autoconfigure.web.servlet.WebDriverTestExecutionListener]
2024-11-15 16:23:04.493 +0800	INFO	org.springframework.test.context.support.AbstractTestContextBootstrapper	177	main	Using TestExecutionListeners: [org.springframework.test.context.web.ServletTestExecutionListener@6e6d5d29, org.springframework.test.context.support.DirtiesContextBeforeModesTestExecutionListener@5c530d1e, org.springframework.boot.test.mock.mockito.MockitoTestExecutionListener@6c25e6c4, org.springframework.boot.test.autoconfigure.SpringBootDependencyInjectionTestExecutionListener@85e6769, org.springframework.test.context.support.DirtiesContextTestExecutionListener@c5ee75e, org.springframework.test.context.transaction.TransactionalTestExecutionListener@48a12036, org.springframework.test.context.jdbc.SqlScriptsTestExecutionListener@bf1ec20, org.springframework.security.test.context.support.WithSecurityContextTestExecutionListener@70efb718, org.springframework.test.context.event.EventPublishingTestExecutionListener@b70da4c, org.springframework.security.test.context.support.ReactorContextTestExecutionListener@4a11eb84, org.springframework.boot.test.mock.mockito.ResetMocksTestExecutionListener@4e858e0a, org.springframework.boot.test.autoconfigure.restdocs.RestDocsTestExecutionListener@435fb7b5, org.springframework.boot.test.autoconfigure.web.client.MockRestServiceServerResetTestExecutionListener@4e70a728, org.springframework.boot.test.autoconfigure.web.servlet.MockMvcPrintOnlyOnFailureTestExecutionListener@b7838a9, org.springframework.boot.test.autoconfigure.web.servlet.WebDriverTestExecutionListener@696f0212]
2024-11-15 16:23:04.849 +0800	INFO	org.springframework.boot.StartupInfoLogger	55	main	Starting ScoreApplicationTests on LAPTOP-HISRR710 with PID 15424 (started by LENOVO in C:\Users\LENOVO\OneDrive\桌面\评分系统)
2024-11-15 16:23:04.852 +0800	INFO	org.springframework.boot.SpringApplication	655	main	The following profiles are active: dev
2024-11-15 16:23:06.062 +0800	INFO	org.springframework.data.repository.config.RepositoryConfigurationDelegate	244	main	Multiple Spring Data modules found, entering strict repository configuration mode!
2024-11-15 16:23:06.067 +0800	INFO	org.springframework.data.repository.config.RepositoryConfigurationDelegate	126	main	Bootstrapping Spring Data repositories in DEFAULT mode.
2024-11-15 16:23:06.145 +0800	INFO	org.springframework.data.repository.config.RepositoryConfigurationDelegate	182	main	Finished Spring Data repository scanning in 61ms. Found 0 repository interfaces.
2024-11-15 16:23:06.731 +0800	INFO	org.springframework.context.support.PostProcessorRegistrationDelegate$BeanPostProcessorChecker	330	main	Bean 'org.springframework.transaction.annotation.ProxyTransactionManagementConfiguration' of type [org.springframework.transaction.annotation.ProxyTransactionManagementConfiguration] is not eligible for getting processed by all BeanPostProcessors (for example: not eligible for auto-proxying)
2024-11-15 16:23:08.514 +0800	INFO	org.springframework.scheduling.concurrent.ExecutorConfigurationSupport	171	main	Initializing ExecutorService
2024-11-15 16:23:08.529 +0800	INFO	org.springframework.scheduling.concurrent.ExecutorConfigurationSupport	171	main	Initializing ExecutorService 'emailExecutor'
2024-11-15 16:23:08.667 +0800	INFO	springfox.documentation.spring.web.PropertySourcedRequestMappingHandlerMapping	69	main	Mapped URL path [/v2/api-docs] onto method [springfox.documentation.swagger2.web.Swagger2Controller#getDocumentation(String, HttpServletRequest)]
2024-11-15 16:23:09.157 +0800	INFO	org.springframework.boot.autoconfigure.web.servlet.WelcomePageHandlerMapping	54	main	Adding welcome page: class path resource [static/index.html]
2024-11-15 16:23:10.130 +0800	INFO	org.springframework.security.web.DefaultSecurityFilterChain	43	main	Creating filter chain: any request, [org.springframework.security.web.context.request.async.WebAsyncManagerIntegrationFilter@2152fde5, org.springframework.security.web.context.SecurityContextPersistenceFilter@70c31b17, org.springframework.security.web.header.HeaderWriterFilter@3129299f, org.springframework.security.web.authentication.logout.LogoutFilter@4045fd1f, com.system.assessment.config.filter.LoginFilter@167a21b, org.springframework.security.web.authentication.UsernamePasswordAuthenticationFilter@67e11bda, org.springframework.security.web.savedrequest.RequestCacheAwareFilter@5950054d, org.springframework.security.web.servletapi.SecurityContextHolderAwareRequestFilter@6ebbc06, org.springframework.security.web.authentication.AnonymousAuthenticationFilter@5d58dc61, org.springframework.security.web.session.SessionManagementFilter@4fdac2a7, org.springframework.security.web.access.ExceptionTranslationFilter@17befef0, org.springframework.security.web.access.intercept.FilterSecurityInterceptor@70ee1963]
2024-11-15 16:23:10.195 +0800	INFO	org.springframework.scheduling.concurrent.ExecutorConfigurationSupport	171	main	Initializing ExecutorService 'taskScheduler'
2024-11-15 16:23:10.248 +0800	INFO	springfox.documentation.spring.web.plugins.DocumentationPluginsBootstrapper	160	main	Context refreshed
2024-11-15 16:23:10.283 +0800	INFO	springfox.documentation.spring.web.plugins.DocumentationPluginsBootstrapper	163	main	Found 1 custom documentation plugin(s)
2024-11-15 16:23:10.326 +0800	INFO	springfox.documentation.spring.web.scanners.ApiListingReferenceScanner	41	main	Scanning for api listing references
2024-11-15 16:23:10.778 +0800	INFO	org.springframework.boot.StartupInfoLogger	61	main	Started ScoreApplicationTests in 6.238 seconds (JVM running for 8.725)
2024-11-15 16:23:11.036 +0800	INFO	org.springframework.scheduling.concurrent.ExecutorConfigurationSupport	208	SpringContextShutdownHook	Shutting down ExecutorService 'taskScheduler'
2024-11-15 16:23:11.052 +0800	INFO	org.springframework.scheduling.concurrent.ExecutorConfigurationSupport	208	SpringContextShutdownHook	Shutting down ExecutorService 'emailExecutor'
2024-11-15 16:23:11.054 +0800	INFO	com.alibaba.druid.pool.DruidDataSource	2032	SpringContextShutdownHook	{dataSource-0} closing ...
2024-11-15 16:58:42.728 +0800	INFO	org.springframework.boot.StartupInfoLogger	55	main	Starting ScoreApplication on LAPTOP-HISRR710 with PID 33208 (started by LENOVO in C:\Users\LENOVO\OneDrive\妗\璇绯荤)
2024-11-15 16:58:42.736 +0800	INFO	org.springframework.boot.SpringApplication	655	main	The following profiles are active: dev
2024-11-15 16:58:43.717 +0800	INFO	org.springframework.data.repository.config.RepositoryConfigurationDelegate	244	main	Multiple Spring Data modules found, entering strict repository configuration mode!
2024-11-15 16:58:43.721 +0800	INFO	org.springframework.data.repository.config.RepositoryConfigurationDelegate	126	main	Bootstrapping Spring Data repositories in DEFAULT mode.
2024-11-15 16:58:43.790 +0800	INFO	org.springframework.data.repository.config.RepositoryConfigurationDelegate	182	main	Finished Spring Data repository scanning in 54ms. Found 0 repository interfaces.
2024-11-15 16:58:44.094 +0800	INFO	org.springframework.context.support.PostProcessorRegistrationDelegate$BeanPostProcessorChecker	330	main	Bean 'org.springframework.transaction.annotation.ProxyTransactionManagementConfiguration' of type [org.springframework.transaction.annotation.ProxyTransactionManagementConfiguration] is not eligible for getting processed by all BeanPostProcessors (for example: not eligible for auto-proxying)
2024-11-15 16:58:44.475 +0800	INFO	org.springframework.boot.web.embedded.tomcat.TomcatWebServer	92	main	Tomcat initialized with port(s): 80 (http)
2024-11-15 16:58:44.483 +0800	INFO	org.apache.juli.logging.DirectJDKLog	173	main	Initializing ProtocolHandler ["http-nio-80"]
2024-11-15 16:58:44.484 +0800	INFO	org.apache.juli.logging.DirectJDKLog	173	main	Starting service [Tomcat]
2024-11-15 16:58:44.484 +0800	INFO	org.apache.juli.logging.DirectJDKLog	173	main	Starting Servlet engine: [Apache Tomcat/9.0.27]
2024-11-15 16:58:44.486 +0800	INFO	org.apache.juli.logging.DirectJDKLog	173	main	Loaded APR based Apache Tomcat Native library [1.2.39] using APR version [1.7.4].
2024-11-15 16:58:44.486 +0800	INFO	org.apache.juli.logging.DirectJDKLog	173	main	APR capabilities: IPv6 [true], sendfile [true], accept filters [false], random [true].
2024-11-15 16:58:44.487 +0800	INFO	org.apache.juli.logging.DirectJDKLog	173	main	APR/OpenSSL configuration: useAprConnector [false], useOpenSSL [true]
2024-11-15 16:58:44.637 +0800	INFO	org.apache.juli.logging.DirectJDKLog	173	main	OpenSSL successfully initialized [OpenSSL 3.0.11 19 Sep 2023]
2024-11-15 16:58:44.789 +0800	INFO	org.apache.juli.logging.DirectJDKLog	173	main	Initializing Spring embedded WebApplicationContext
2024-11-15 16:58:44.790 +0800	INFO	org.springframework.boot.web.servlet.context.ServletWebServerApplicationContext	284	main	Root WebApplicationContext: initialization completed in 2018 ms
2024-11-15 16:58:45.553 +0800	INFO	org.springframework.scheduling.concurrent.ExecutorConfigurationSupport	171	main	Initializing ExecutorService
2024-11-15 16:58:45.554 +0800	INFO	org.springframework.scheduling.concurrent.ExecutorConfigurationSupport	171	main	Initializing ExecutorService 'emailExecutor'
2024-11-15 16:58:45.586 +0800	INFO	springfox.documentation.spring.web.PropertySourcedRequestMappingHandlerMapping	69	main	Mapped URL path [/v2/api-docs] onto method [springfox.documentation.swagger2.web.Swagger2Controller#getDocumentation(String, HttpServletRequest)]
2024-11-15 16:58:45.742 +0800	INFO	org.springframework.boot.autoconfigure.web.servlet.WelcomePageHandlerMapping	54	main	Adding welcome page: class path resource [static/index.html]
2024-11-15 16:58:46.206 +0800	INFO	org.springframework.security.web.DefaultSecurityFilterChain	43	main	Creating filter chain: any request, [org.springframework.security.web.context.request.async.WebAsyncManagerIntegrationFilter@4ebd6fd6, org.springframework.security.web.context.SecurityContextPersistenceFilter@45984654, org.springframework.security.web.header.HeaderWriterFilter@f95d64d, org.springframework.security.web.authentication.logout.LogoutFilter@4e4894d, com.system.assessment.config.filter.LoginFilter@77c1e611, org.springframework.security.web.authentication.UsernamePasswordAuthenticationFilter@dc1fadd, org.springframework.security.web.savedrequest.RequestCacheAwareFilter@66b0e207, org.springframework.security.web.servletapi.SecurityContextHolderAwareRequestFilter@3e52ed5d, org.springframework.security.web.authentication.AnonymousAuthenticationFilter@5e5a8718, org.springframework.security.web.session.SessionManagementFilter@b7d2d51, org.springframework.security.web.access.ExceptionTranslationFilter@3214bad, org.springframework.security.web.access.intercept.FilterSecurityInterceptor@11bfffb3]
2024-11-15 16:58:46.216 +0800	INFO	org.springframework.scheduling.concurrent.ExecutorConfigurationSupport	171	main	Initializing ExecutorService 'taskScheduler'
2024-11-15 16:58:46.244 +0800	INFO	springfox.documentation.spring.web.plugins.DocumentationPluginsBootstrapper	160	main	Context refreshed
2024-11-15 16:58:46.260 +0800	INFO	springfox.documentation.spring.web.plugins.DocumentationPluginsBootstrapper	163	main	Found 1 custom documentation plugin(s)
2024-11-15 16:58:46.289 +0800	INFO	springfox.documentation.spring.web.scanners.ApiListingReferenceScanner	41	main	Scanning for api listing references
2024-11-15 16:58:46.529 +0800	INFO	org.apache.juli.logging.DirectJDKLog	173	main	Starting ProtocolHandler ["http-nio-80"]
2024-11-15 16:58:46.547 +0800	INFO	org.springframework.boot.web.embedded.tomcat.TomcatWebServer	204	main	Tomcat started on port(s): 80 (http) with context path ''
2024-11-15 16:58:46.549 +0800	INFO	org.springframework.boot.StartupInfoLogger	61	main	Started ScoreApplication in 4.16 seconds (JVM running for 6.463)
2024-11-15 16:58:56.078 +0800	INFO	org.apache.juli.logging.DirectJDKLog	173	http-nio-80-exec-1	Initializing Spring DispatcherServlet 'dispatcherServlet'
2024-11-15 16:58:56.079 +0800	INFO	org.springframework.web.servlet.FrameworkServlet	525	http-nio-80-exec-1	Initializing Servlet 'dispatcherServlet'
2024-11-15 16:58:56.083 +0800	INFO	org.springframework.web.servlet.FrameworkServlet	547	http-nio-80-exec-1	Completed initialization in 4 ms
2024-11-15 16:58:56.257 +0800	INFO	com.alibaba.druid.pool.DruidDataSource	985	http-nio-80-exec-1	{dataSource-1} inited
2024-11-15 16:59:11.693 +0800	INFO	org.springframework.test.context.support.AbstractTestContextBootstrapper	308	main	Neither @ContextConfiguration nor @ContextHierarchy found for test class [com.system.assessment.ScoreApplicationTests], using SpringBootContextLoader
2024-11-15 16:59:11.707 +0800	INFO	org.springframework.test.context.support.AbstractContextLoader	264	main	Could not detect default resource locations for test class [com.system.assessment.ScoreApplicationTests]: no resource found for suffixes {-context.xml, Context.groovy}.
2024-11-15 16:59:11.708 +0800	INFO	org.springframework.test.context.support.AnnotationConfigContextLoaderUtils	83	main	Could not detect default configuration classes for test class [com.system.assessment.ScoreApplicationTests]: ScoreApplicationTests does not declare any static, non-private, non-final, nested classes annotated with @Configuration.
2024-11-15 16:59:11.818 +0800	INFO	org.springframework.boot.test.context.SpringBootTestContextBootstrapper	235	main	Found @SpringBootConfiguration com.system.assessment.ScoreApplication for test class com.system.assessment.ScoreApplicationTests
2024-11-15 16:59:11.921 +0800	INFO	org.springframework.test.context.support.AbstractTestContextBootstrapper	248	main	Loaded default TestExecutionListener class names from location [META-INF/spring.factories]: [org.springframework.security.test.context.support.WithSecurityContextTestExecutionListener, org.springframework.security.test.context.support.ReactorContextTestExecutionListener, org.springframework.test.context.web.ServletTestExecutionListener, org.springframework.test.context.support.DirtiesContextBeforeModesTestExecutionListener, org.springframework.test.context.support.DependencyInjectionTestExecutionListener, org.springframework.test.context.support.DirtiesContextTestExecutionListener, org.springframework.test.context.transaction.TransactionalTestExecutionListener, org.springframework.test.context.jdbc.SqlScriptsTestExecutionListener, org.springframework.test.context.event.EventPublishingTestExecutionListener, org.springframework.boot.test.mock.mockito.MockitoTestExecutionListener, org.springframework.boot.test.mock.mockito.ResetMocksTestExecutionListener, org.springframework.boot.test.autoconfigure.restdocs.RestDocsTestExecutionListener, org.springframework.boot.test.autoconfigure.web.client.MockRestServiceServerResetTestExecutionListener, org.springframework.boot.test.autoconfigure.web.servlet.MockMvcPrintOnlyOnFailureTestExecutionListener, org.springframework.boot.test.autoconfigure.web.servlet.WebDriverTestExecutionListener]
2024-11-15 16:59:11.950 +0800	INFO	org.springframework.test.context.support.AbstractTestContextBootstrapper	177	main	Using TestExecutionListeners: [org.springframework.test.context.web.ServletTestExecutionListener@6e6d5d29, org.springframework.test.context.support.DirtiesContextBeforeModesTestExecutionListener@5c530d1e, org.springframework.boot.test.mock.mockito.MockitoTestExecutionListener@6c25e6c4, org.springframework.boot.test.autoconfigure.SpringBootDependencyInjectionTestExecutionListener@85e6769, org.springframework.test.context.support.DirtiesContextTestExecutionListener@c5ee75e, org.springframework.test.context.transaction.TransactionalTestExecutionListener@48a12036, org.springframework.test.context.jdbc.SqlScriptsTestExecutionListener@bf1ec20, org.springframework.security.test.context.support.WithSecurityContextTestExecutionListener@70efb718, org.springframework.test.context.event.EventPublishingTestExecutionListener@b70da4c, org.springframework.security.test.context.support.ReactorContextTestExecutionListener@4a11eb84, org.springframework.boot.test.mock.mockito.ResetMocksTestExecutionListener@4e858e0a, org.springframework.boot.test.autoconfigure.restdocs.RestDocsTestExecutionListener@435fb7b5, org.springframework.boot.test.autoconfigure.web.client.MockRestServiceServerResetTestExecutionListener@4e70a728, org.springframework.boot.test.autoconfigure.web.servlet.MockMvcPrintOnlyOnFailureTestExecutionListener@b7838a9, org.springframework.boot.test.autoconfigure.web.servlet.WebDriverTestExecutionListener@696f0212]
2024-11-15 16:59:12.300 +0800	INFO	org.springframework.boot.StartupInfoLogger	55	main	Starting ScoreApplicationTests on LAPTOP-HISRR710 with PID 25140 (started by LENOVO in C:\Users\LENOVO\OneDrive\桌面\评分系统)
2024-11-15 16:59:12.303 +0800	INFO	org.springframework.boot.SpringApplication	655	main	The following profiles are active: dev
2024-11-15 16:59:13.527 +0800	INFO	org.springframework.data.repository.config.RepositoryConfigurationDelegate	244	main	Multiple Spring Data modules found, entering strict repository configuration mode!
2024-11-15 16:59:13.534 +0800	INFO	org.springframework.data.repository.config.RepositoryConfigurationDelegate	126	main	Bootstrapping Spring Data repositories in DEFAULT mode.
2024-11-15 16:59:13.621 +0800	INFO	org.springframework.data.repository.config.RepositoryConfigurationDelegate	182	main	Finished Spring Data repository scanning in 71ms. Found 0 repository interfaces.
2024-11-15 16:59:14.192 +0800	INFO	org.springframework.context.support.PostProcessorRegistrationDelegate$BeanPostProcessorChecker	330	main	Bean 'org.springframework.transaction.annotation.ProxyTransactionManagementConfiguration' of type [org.springframework.transaction.annotation.ProxyTransactionManagementConfiguration] is not eligible for getting processed by all BeanPostProcessors (for example: not eligible for auto-proxying)
2024-11-15 16:59:15.835 +0800	INFO	org.springframework.scheduling.concurrent.ExecutorConfigurationSupport	171	main	Initializing ExecutorService
2024-11-15 16:59:15.845 +0800	INFO	org.springframework.scheduling.concurrent.ExecutorConfigurationSupport	171	main	Initializing ExecutorService 'emailExecutor'
2024-11-15 16:59:15.952 +0800	INFO	springfox.documentation.spring.web.PropertySourcedRequestMappingHandlerMapping	69	main	Mapped URL path [/v2/api-docs] onto method [springfox.documentation.swagger2.web.Swagger2Controller#getDocumentation(String, HttpServletRequest)]
2024-11-15 16:59:16.484 +0800	INFO	org.springframework.boot.autoconfigure.web.servlet.WelcomePageHandlerMapping	54	main	Adding welcome page: class path resource [static/index.html]
2024-11-15 16:59:17.485 +0800	INFO	org.springframework.security.web.DefaultSecurityFilterChain	43	main	Creating filter chain: any request, [org.springframework.security.web.context.request.async.WebAsyncManagerIntegrationFilter@32328dc4, org.springframework.security.web.context.SecurityContextPersistenceFilter@70c31b17, org.springframework.security.web.header.HeaderWriterFilter@3129299f, org.springframework.security.web.authentication.logout.LogoutFilter@4045fd1f, com.system.assessment.config.filter.LoginFilter@167a21b, org.springframework.security.web.authentication.UsernamePasswordAuthenticationFilter@5bde6148, org.springframework.security.web.savedrequest.RequestCacheAwareFilter@5950054d, org.springframework.security.web.servletapi.SecurityContextHolderAwareRequestFilter@6ebbc06, org.springframework.security.web.authentication.AnonymousAuthenticationFilter@17df689e, org.springframework.security.web.session.SessionManagementFilter@4fdac2a7, org.springframework.security.web.access.ExceptionTranslationFilter@17befef0, org.springframework.security.web.access.intercept.FilterSecurityInterceptor@22c29aa8]
2024-11-15 16:59:17.534 +0800	INFO	org.springframework.scheduling.concurrent.ExecutorConfigurationSupport	171	main	Initializing ExecutorService 'taskScheduler'
2024-11-15 16:59:17.588 +0800	INFO	springfox.documentation.spring.web.plugins.DocumentationPluginsBootstrapper	160	main	Context refreshed
2024-11-15 16:59:17.639 +0800	INFO	springfox.documentation.spring.web.plugins.DocumentationPluginsBootstrapper	163	main	Found 1 custom documentation plugin(s)
2024-11-15 16:59:17.678 +0800	INFO	springfox.documentation.spring.web.scanners.ApiListingReferenceScanner	41	main	Scanning for api listing references
2024-11-15 16:59:18.164 +0800	INFO	org.springframework.boot.StartupInfoLogger	61	main	Started ScoreApplicationTests in 6.168 seconds (JVM running for 8.721)
2024-11-15 16:59:18.461 +0800	INFO	org.springframework.scheduling.concurrent.ExecutorConfigurationSupport	208	SpringContextShutdownHook	Shutting down ExecutorService 'taskScheduler'
2024-11-15 16:59:18.479 +0800	INFO	org.springframework.scheduling.concurrent.ExecutorConfigurationSupport	208	SpringContextShutdownHook	Shutting down ExecutorService 'emailExecutor'
2024-11-15 16:59:18.481 +0800	INFO	com.alibaba.druid.pool.DruidDataSource	2032	SpringContextShutdownHook	{dataSource-0} closing ...
2024-11-15 17:12:25.874 +0800	INFO	org.springframework.test.context.support.AbstractTestContextBootstrapper	308	main	Neither @ContextConfiguration nor @ContextHierarchy found for test class [com.system.assessment.ScoreApplicationTests], using SpringBootContextLoader
2024-11-15 17:12:25.884 +0800	INFO	org.springframework.test.context.support.AbstractContextLoader	264	main	Could not detect default resource locations for test class [com.system.assessment.ScoreApplicationTests]: no resource found for suffixes {-context.xml, Context.groovy}.
2024-11-15 17:12:25.885 +0800	INFO	org.springframework.test.context.support.AnnotationConfigContextLoaderUtils	83	main	Could not detect default configuration classes for test class [com.system.assessment.ScoreApplicationTests]: ScoreApplicationTests does not declare any static, non-private, non-final, nested classes annotated with @Configuration.
2024-11-15 17:12:25.996 +0800	INFO	org.springframework.boot.test.context.SpringBootTestContextBootstrapper	235	main	Found @SpringBootConfiguration com.system.assessment.ScoreApplication for test class com.system.assessment.ScoreApplicationTests
2024-11-15 17:12:26.099 +0800	INFO	org.springframework.test.context.support.AbstractTestContextBootstrapper	248	main	Loaded default TestExecutionListener class names from location [META-INF/spring.factories]: [org.springframework.security.test.context.support.WithSecurityContextTestExecutionListener, org.springframework.security.test.context.support.ReactorContextTestExecutionListener, org.springframework.test.context.web.ServletTestExecutionListener, org.springframework.test.context.support.DirtiesContextBeforeModesTestExecutionListener, org.springframework.test.context.support.DependencyInjectionTestExecutionListener, org.springframework.test.context.support.DirtiesContextTestExecutionListener, org.springframework.test.context.transaction.TransactionalTestExecutionListener, org.springframework.test.context.jdbc.SqlScriptsTestExecutionListener, org.springframework.test.context.event.EventPublishingTestExecutionListener, org.springframework.boot.test.mock.mockito.MockitoTestExecutionListener, org.springframework.boot.test.mock.mockito.ResetMocksTestExecutionListener, org.springframework.boot.test.autoconfigure.restdocs.RestDocsTestExecutionListener, org.springframework.boot.test.autoconfigure.web.client.MockRestServiceServerResetTestExecutionListener, org.springframework.boot.test.autoconfigure.web.servlet.MockMvcPrintOnlyOnFailureTestExecutionListener, org.springframework.boot.test.autoconfigure.web.servlet.WebDriverTestExecutionListener]
2024-11-15 17:12:26.128 +0800	INFO	org.springframework.test.context.support.AbstractTestContextBootstrapper	177	main	Using TestExecutionListeners: [org.springframework.test.context.web.ServletTestExecutionListener@6e6d5d29, org.springframework.test.context.support.DirtiesContextBeforeModesTestExecutionListener@5c530d1e, org.springframework.boot.test.mock.mockito.MockitoTestExecutionListener@6c25e6c4, org.springframework.boot.test.autoconfigure.SpringBootDependencyInjectionTestExecutionListener@85e6769, org.springframework.test.context.support.DirtiesContextTestExecutionListener@c5ee75e, org.springframework.test.context.transaction.TransactionalTestExecutionListener@48a12036, org.springframework.test.context.jdbc.SqlScriptsTestExecutionListener@bf1ec20, org.springframework.security.test.context.support.WithSecurityContextTestExecutionListener@70efb718, org.springframework.test.context.event.EventPublishingTestExecutionListener@b70da4c, org.springframework.security.test.context.support.ReactorContextTestExecutionListener@4a11eb84, org.springframework.boot.test.mock.mockito.ResetMocksTestExecutionListener@4e858e0a, org.springframework.boot.test.autoconfigure.restdocs.RestDocsTestExecutionListener@435fb7b5, org.springframework.boot.test.autoconfigure.web.client.MockRestServiceServerResetTestExecutionListener@4e70a728, org.springframework.boot.test.autoconfigure.web.servlet.MockMvcPrintOnlyOnFailureTestExecutionListener@b7838a9, org.springframework.boot.test.autoconfigure.web.servlet.WebDriverTestExecutionListener@696f0212]
2024-11-15 17:12:26.491 +0800	INFO	org.springframework.boot.StartupInfoLogger	55	main	Starting ScoreApplicationTests on LAPTOP-HISRR710 with PID 15636 (started by LENOVO in C:\Users\LENOVO\OneDrive\桌面\评分系统)
2024-11-15 17:12:26.494 +0800	INFO	org.springframework.boot.SpringApplication	655	main	The following profiles are active: dev
2024-11-15 17:12:27.674 +0800	INFO	org.springframework.data.repository.config.RepositoryConfigurationDelegate	244	main	Multiple Spring Data modules found, entering strict repository configuration mode!
2024-11-15 17:12:27.678 +0800	INFO	org.springframework.data.repository.config.RepositoryConfigurationDelegate	126	main	Bootstrapping Spring Data repositories in DEFAULT mode.
2024-11-15 17:12:27.749 +0800	INFO	org.springframework.data.repository.config.RepositoryConfigurationDelegate	182	main	Finished Spring Data repository scanning in 57ms. Found 0 repository interfaces.
2024-11-15 17:12:28.278 +0800	INFO	org.springframework.context.support.PostProcessorRegistrationDelegate$BeanPostProcessorChecker	330	main	Bean 'org.springframework.transaction.annotation.ProxyTransactionManagementConfiguration' of type [org.springframework.transaction.annotation.ProxyTransactionManagementConfiguration] is not eligible for getting processed by all BeanPostProcessors (for example: not eligible for auto-proxying)
2024-11-15 17:12:29.827 +0800	INFO	org.springframework.scheduling.concurrent.ExecutorConfigurationSupport	171	main	Initializing ExecutorService
2024-11-15 17:12:29.839 +0800	INFO	org.springframework.scheduling.concurrent.ExecutorConfigurationSupport	171	main	Initializing ExecutorService 'emailExecutor'
2024-11-15 17:12:29.941 +0800	INFO	springfox.documentation.spring.web.PropertySourcedRequestMappingHandlerMapping	69	main	Mapped URL path [/v2/api-docs] onto method [springfox.documentation.swagger2.web.Swagger2Controller#getDocumentation(String, HttpServletRequest)]
2024-11-15 17:12:30.475 +0800	INFO	org.springframework.boot.autoconfigure.web.servlet.WelcomePageHandlerMapping	54	main	Adding welcome page: class path resource [static/index.html]
2024-11-15 17:12:31.445 +0800	INFO	org.springframework.security.web.DefaultSecurityFilterChain	43	main	Creating filter chain: any request, [org.springframework.security.web.context.request.async.WebAsyncManagerIntegrationFilter@2152fde5, org.springframework.security.web.context.SecurityContextPersistenceFilter@70c31b17, org.springframework.security.web.header.HeaderWriterFilter@3129299f, org.springframework.security.web.authentication.logout.LogoutFilter@4045fd1f, com.system.assessment.config.filter.LoginFilter@167a21b, org.springframework.security.web.authentication.UsernamePasswordAuthenticationFilter@67e11bda, org.springframework.security.web.savedrequest.RequestCacheAwareFilter@5950054d, org.springframework.security.web.servletapi.SecurityContextHolderAwareRequestFilter@6ebbc06, org.springframework.security.web.authentication.AnonymousAuthenticationFilter@5d58dc61, org.springframework.security.web.session.SessionManagementFilter@4fdac2a7, org.springframework.security.web.access.ExceptionTranslationFilter@17befef0, org.springframework.security.web.access.intercept.FilterSecurityInterceptor@70ee1963]
2024-11-15 17:12:31.492 +0800	INFO	org.springframework.scheduling.concurrent.ExecutorConfigurationSupport	171	main	Initializing ExecutorService 'taskScheduler'
2024-11-15 17:12:31.556 +0800	INFO	springfox.documentation.spring.web.plugins.DocumentationPluginsBootstrapper	160	main	Context refreshed
2024-11-15 17:12:31.598 +0800	INFO	springfox.documentation.spring.web.plugins.DocumentationPluginsBootstrapper	163	main	Found 1 custom documentation plugin(s)
2024-11-15 17:12:31.643 +0800	INFO	springfox.documentation.spring.web.scanners.ApiListingReferenceScanner	41	main	Scanning for api listing references
2024-11-15 17:12:32.071 +0800	INFO	org.springframework.boot.StartupInfoLogger	61	main	Started ScoreApplicationTests in 5.897 seconds (JVM running for 8.428)
2024-11-15 17:12:32.403 +0800	INFO	org.springframework.scheduling.concurrent.ExecutorConfigurationSupport	208	SpringContextShutdownHook	Shutting down ExecutorService 'taskScheduler'
2024-11-15 17:12:32.420 +0800	INFO	org.springframework.scheduling.concurrent.ExecutorConfigurationSupport	208	SpringContextShutdownHook	Shutting down ExecutorService 'emailExecutor'
2024-11-15 17:12:32.423 +0800	INFO	com.alibaba.druid.pool.DruidDataSource	2032	SpringContextShutdownHook	{dataSource-0} closing ...
2024-11-15 17:21:15.120 +0800	INFO	org.springframework.test.context.support.AbstractTestContextBootstrapper	308	main	Neither @ContextConfiguration nor @ContextHierarchy found for test class [com.system.assessment.ScoreApplicationTests], using SpringBootContextLoader
2024-11-15 17:21:15.131 +0800	INFO	org.springframework.test.context.support.AbstractContextLoader	264	main	Could not detect default resource locations for test class [com.system.assessment.ScoreApplicationTests]: no resource found for suffixes {-context.xml, Context.groovy}.
2024-11-15 17:21:15.132 +0800	INFO	org.springframework.test.context.support.AnnotationConfigContextLoaderUtils	83	main	Could not detect default configuration classes for test class [com.system.assessment.ScoreApplicationTests]: ScoreApplicationTests does not declare any static, non-private, non-final, nested classes annotated with @Configuration.
2024-11-15 17:21:15.237 +0800	INFO	org.springframework.boot.test.context.SpringBootTestContextBootstrapper	235	main	Found @SpringBootConfiguration com.system.assessment.ScoreApplication for test class com.system.assessment.ScoreApplicationTests
2024-11-15 17:21:15.336 +0800	INFO	org.springframework.test.context.support.AbstractTestContextBootstrapper	248	main	Loaded default TestExecutionListener class names from location [META-INF/spring.factories]: [org.springframework.security.test.context.support.WithSecurityContextTestExecutionListener, org.springframework.security.test.context.support.ReactorContextTestExecutionListener, org.springframework.test.context.web.ServletTestExecutionListener, org.springframework.test.context.support.DirtiesContextBeforeModesTestExecutionListener, org.springframework.test.context.support.DependencyInjectionTestExecutionListener, org.springframework.test.context.support.DirtiesContextTestExecutionListener, org.springframework.test.context.transaction.TransactionalTestExecutionListener, org.springframework.test.context.jdbc.SqlScriptsTestExecutionListener, org.springframework.test.context.event.EventPublishingTestExecutionListener, org.springframework.boot.test.mock.mockito.MockitoTestExecutionListener, org.springframework.boot.test.mock.mockito.ResetMocksTestExecutionListener, org.springframework.boot.test.autoconfigure.restdocs.RestDocsTestExecutionListener, org.springframework.boot.test.autoconfigure.web.client.MockRestServiceServerResetTestExecutionListener, org.springframework.boot.test.autoconfigure.web.servlet.MockMvcPrintOnlyOnFailureTestExecutionListener, org.springframework.boot.test.autoconfigure.web.servlet.WebDriverTestExecutionListener]
2024-11-15 17:21:15.367 +0800	INFO	org.springframework.test.context.support.AbstractTestContextBootstrapper	177	main	Using TestExecutionListeners: [org.springframework.test.context.web.ServletTestExecutionListener@6e6d5d29, org.springframework.test.context.support.DirtiesContextBeforeModesTestExecutionListener@5c530d1e, org.springframework.boot.test.mock.mockito.MockitoTestExecutionListener@6c25e6c4, org.springframework.boot.test.autoconfigure.SpringBootDependencyInjectionTestExecutionListener@85e6769, org.springframework.test.context.support.DirtiesContextTestExecutionListener@c5ee75e, org.springframework.test.context.transaction.TransactionalTestExecutionListener@48a12036, org.springframework.test.context.jdbc.SqlScriptsTestExecutionListener@bf1ec20, org.springframework.security.test.context.support.WithSecurityContextTestExecutionListener@70efb718, org.springframework.test.context.event.EventPublishingTestExecutionListener@b70da4c, org.springframework.security.test.context.support.ReactorContextTestExecutionListener@4a11eb84, org.springframework.boot.test.mock.mockito.ResetMocksTestExecutionListener@4e858e0a, org.springframework.boot.test.autoconfigure.restdocs.RestDocsTestExecutionListener@435fb7b5, org.springframework.boot.test.autoconfigure.web.client.MockRestServiceServerResetTestExecutionListener@4e70a728, org.springframework.boot.test.autoconfigure.web.servlet.MockMvcPrintOnlyOnFailureTestExecutionListener@b7838a9, org.springframework.boot.test.autoconfigure.web.servlet.WebDriverTestExecutionListener@696f0212]
2024-11-15 17:21:15.760 +0800	INFO	org.springframework.boot.StartupInfoLogger	55	main	Starting ScoreApplicationTests on LAPTOP-HISRR710 with PID 25096 (started by LENOVO in C:\Users\LENOVO\OneDrive\桌面\评分系统)
2024-11-15 17:21:15.763 +0800	INFO	org.springframework.boot.SpringApplication	655	main	The following profiles are active: dev
2024-11-15 17:21:17.029 +0800	INFO	org.springframework.data.repository.config.RepositoryConfigurationDelegate	244	main	Multiple Spring Data modules found, entering strict repository configuration mode!
2024-11-15 17:21:17.034 +0800	INFO	org.springframework.data.repository.config.RepositoryConfigurationDelegate	126	main	Bootstrapping Spring Data repositories in DEFAULT mode.
2024-11-15 17:21:17.121 +0800	INFO	org.springframework.data.repository.config.RepositoryConfigurationDelegate	182	main	Finished Spring Data repository scanning in 68ms. Found 0 repository interfaces.
2024-11-15 17:21:17.681 +0800	INFO	org.springframework.context.support.PostProcessorRegistrationDelegate$BeanPostProcessorChecker	330	main	Bean 'org.springframework.transaction.annotation.ProxyTransactionManagementConfiguration' of type [org.springframework.transaction.annotation.ProxyTransactionManagementConfiguration] is not eligible for getting processed by all BeanPostProcessors (for example: not eligible for auto-proxying)
2024-11-15 17:21:19.312 +0800	INFO	org.springframework.scheduling.concurrent.ExecutorConfigurationSupport	171	main	Initializing ExecutorService
2024-11-15 17:21:19.324 +0800	INFO	org.springframework.scheduling.concurrent.ExecutorConfigurationSupport	171	main	Initializing ExecutorService 'emailExecutor'
2024-11-15 17:21:19.438 +0800	INFO	springfox.documentation.spring.web.PropertySourcedRequestMappingHandlerMapping	69	main	Mapped URL path [/v2/api-docs] onto method [springfox.documentation.swagger2.web.Swagger2Controller#getDocumentation(String, HttpServletRequest)]
2024-11-15 17:21:20.072 +0800	INFO	org.springframework.boot.autoconfigure.web.servlet.WelcomePageHandlerMapping	54	main	Adding welcome page: class path resource [static/index.html]
2024-11-15 17:21:21.123 +0800	INFO	org.springframework.security.web.DefaultSecurityFilterChain	43	main	Creating filter chain: any request, [org.springframework.security.web.context.request.async.WebAsyncManagerIntegrationFilter@2152fde5, org.springframework.security.web.context.SecurityContextPersistenceFilter@70c31b17, org.springframework.security.web.header.HeaderWriterFilter@3129299f, org.springframework.security.web.authentication.logout.LogoutFilter@4045fd1f, com.system.assessment.config.filter.LoginFilter@167a21b, org.springframework.security.web.authentication.UsernamePasswordAuthenticationFilter@67e11bda, org.springframework.security.web.savedrequest.RequestCacheAwareFilter@5950054d, org.springframework.security.web.servletapi.SecurityContextHolderAwareRequestFilter@6ebbc06, org.springframework.security.web.authentication.AnonymousAuthenticationFilter@5d58dc61, org.springframework.security.web.session.SessionManagementFilter@4fdac2a7, org.springframework.security.web.access.ExceptionTranslationFilter@17befef0, org.springframework.security.web.access.intercept.FilterSecurityInterceptor@70ee1963]
2024-11-15 17:21:21.206 +0800	INFO	org.springframework.scheduling.concurrent.ExecutorConfigurationSupport	171	main	Initializing ExecutorService 'taskScheduler'
2024-11-15 17:21:21.321 +0800	INFO	springfox.documentation.spring.web.plugins.DocumentationPluginsBootstrapper	160	main	Context refreshed
2024-11-15 17:21:21.371 +0800	INFO	springfox.documentation.spring.web.plugins.DocumentationPluginsBootstrapper	163	main	Found 1 custom documentation plugin(s)
2024-11-15 17:21:21.434 +0800	INFO	springfox.documentation.spring.web.scanners.ApiListingReferenceScanner	41	main	Scanning for api listing references
2024-11-15 17:21:21.913 +0800	INFO	org.springframework.boot.StartupInfoLogger	61	main	Started ScoreApplicationTests in 6.495 seconds (JVM running for 9.032)
2024-11-15 17:21:22.182 +0800	INFO	org.springframework.scheduling.concurrent.ExecutorConfigurationSupport	208	SpringContextShutdownHook	Shutting down ExecutorService 'taskScheduler'
2024-11-15 17:21:22.198 +0800	INFO	org.springframework.scheduling.concurrent.ExecutorConfigurationSupport	208	SpringContextShutdownHook	Shutting down ExecutorService 'emailExecutor'
2024-11-15 17:21:22.201 +0800	INFO	com.alibaba.druid.pool.DruidDataSource	2032	SpringContextShutdownHook	{dataSource-0} closing ...
2024-11-15 17:27:52.624 +0800	INFO	org.springframework.test.context.support.AbstractTestContextBootstrapper	308	main	Neither @ContextConfiguration nor @ContextHierarchy found for test class [com.system.assessment.ScoreApplicationTests], using SpringBootContextLoader
2024-11-15 17:27:52.635 +0800	INFO	org.springframework.test.context.support.AbstractContextLoader	264	main	Could not detect default resource locations for test class [com.system.assessment.ScoreApplicationTests]: no resource found for suffixes {-context.xml, Context.groovy}.
2024-11-15 17:27:52.636 +0800	INFO	org.springframework.test.context.support.AnnotationConfigContextLoaderUtils	83	main	Could not detect default configuration classes for test class [com.system.assessment.ScoreApplicationTests]: ScoreApplicationTests does not declare any static, non-private, non-final, nested classes annotated with @Configuration.
2024-11-15 17:27:52.739 +0800	INFO	org.springframework.boot.test.context.SpringBootTestContextBootstrapper	235	main	Found @SpringBootConfiguration com.system.assessment.ScoreApplication for test class com.system.assessment.ScoreApplicationTests
2024-11-15 17:27:52.832 +0800	INFO	org.springframework.test.context.support.AbstractTestContextBootstrapper	248	main	Loaded default TestExecutionListener class names from location [META-INF/spring.factories]: [org.springframework.security.test.context.support.WithSecurityContextTestExecutionListener, org.springframework.security.test.context.support.ReactorContextTestExecutionListener, org.springframework.test.context.web.ServletTestExecutionListener, org.springframework.test.context.support.DirtiesContextBeforeModesTestExecutionListener, org.springframework.test.context.support.DependencyInjectionTestExecutionListener, org.springframework.test.context.support.DirtiesContextTestExecutionListener, org.springframework.test.context.transaction.TransactionalTestExecutionListener, org.springframework.test.context.jdbc.SqlScriptsTestExecutionListener, org.springframework.test.context.event.EventPublishingTestExecutionListener, org.springframework.boot.test.mock.mockito.MockitoTestExecutionListener, org.springframework.boot.test.mock.mockito.ResetMocksTestExecutionListener, org.springframework.boot.test.autoconfigure.restdocs.RestDocsTestExecutionListener, org.springframework.boot.test.autoconfigure.web.client.MockRestServiceServerResetTestExecutionListener, org.springframework.boot.test.autoconfigure.web.servlet.MockMvcPrintOnlyOnFailureTestExecutionListener, org.springframework.boot.test.autoconfigure.web.servlet.WebDriverTestExecutionListener]
2024-11-15 17:27:52.859 +0800	INFO	org.springframework.test.context.support.AbstractTestContextBootstrapper	177	main	Using TestExecutionListeners: [org.springframework.test.context.web.ServletTestExecutionListener@6e6d5d29, org.springframework.test.context.support.DirtiesContextBeforeModesTestExecutionListener@5c530d1e, org.springframework.boot.test.mock.mockito.MockitoTestExecutionListener@6c25e6c4, org.springframework.boot.test.autoconfigure.SpringBootDependencyInjectionTestExecutionListener@85e6769, org.springframework.test.context.support.DirtiesContextTestExecutionListener@c5ee75e, org.springframework.test.context.transaction.TransactionalTestExecutionListener@48a12036, org.springframework.test.context.jdbc.SqlScriptsTestExecutionListener@bf1ec20, org.springframework.security.test.context.support.WithSecurityContextTestExecutionListener@70efb718, org.springframework.test.context.event.EventPublishingTestExecutionListener@b70da4c, org.springframework.security.test.context.support.ReactorContextTestExecutionListener@4a11eb84, org.springframework.boot.test.mock.mockito.ResetMocksTestExecutionListener@4e858e0a, org.springframework.boot.test.autoconfigure.restdocs.RestDocsTestExecutionListener@435fb7b5, org.springframework.boot.test.autoconfigure.web.client.MockRestServiceServerResetTestExecutionListener@4e70a728, org.springframework.boot.test.autoconfigure.web.servlet.MockMvcPrintOnlyOnFailureTestExecutionListener@b7838a9, org.springframework.boot.test.autoconfigure.web.servlet.WebDriverTestExecutionListener@696f0212]
2024-11-15 17:27:53.210 +0800	INFO	org.springframework.boot.StartupInfoLogger	55	main	Starting ScoreApplicationTests on LAPTOP-HISRR710 with PID 8384 (started by LENOVO in C:\Users\LENOVO\OneDrive\桌面\评分系统)
2024-11-15 17:27:53.213 +0800	INFO	org.springframework.boot.SpringApplication	655	main	The following profiles are active: dev
2024-11-15 17:27:54.401 +0800	INFO	org.springframework.data.repository.config.RepositoryConfigurationDelegate	244	main	Multiple Spring Data modules found, entering strict repository configuration mode!
2024-11-15 17:27:54.407 +0800	INFO	org.springframework.data.repository.config.RepositoryConfigurationDelegate	126	main	Bootstrapping Spring Data repositories in DEFAULT mode.
2024-11-15 17:27:54.487 +0800	INFO	org.springframework.data.repository.config.RepositoryConfigurationDelegate	182	main	Finished Spring Data repository scanning in 62ms. Found 0 repository interfaces.
2024-11-15 17:27:55.045 +0800	INFO	org.springframework.context.support.PostProcessorRegistrationDelegate$BeanPostProcessorChecker	330	main	Bean 'org.springframework.transaction.annotation.ProxyTransactionManagementConfiguration' of type [org.springframework.transaction.annotation.ProxyTransactionManagementConfiguration] is not eligible for getting processed by all BeanPostProcessors (for example: not eligible for auto-proxying)
2024-11-15 17:27:56.640 +0800	INFO	org.springframework.scheduling.concurrent.ExecutorConfigurationSupport	171	main	Initializing ExecutorService
2024-11-15 17:27:56.650 +0800	INFO	org.springframework.scheduling.concurrent.ExecutorConfigurationSupport	171	main	Initializing ExecutorService 'emailExecutor'
2024-11-15 17:27:56.761 +0800	INFO	springfox.documentation.spring.web.PropertySourcedRequestMappingHandlerMapping	69	main	Mapped URL path [/v2/api-docs] onto method [springfox.documentation.swagger2.web.Swagger2Controller#getDocumentation(String, HttpServletRequest)]
2024-11-15 17:27:57.293 +0800	INFO	org.springframework.boot.autoconfigure.web.servlet.WelcomePageHandlerMapping	54	main	Adding welcome page: class path resource [static/index.html]
2024-11-15 17:27:58.375 +0800	INFO	org.springframework.security.web.DefaultSecurityFilterChain	43	main	Creating filter chain: any request, [org.springframework.security.web.context.request.async.WebAsyncManagerIntegrationFilter@2152fde5, org.springframework.security.web.context.SecurityContextPersistenceFilter@70c31b17, org.springframework.security.web.header.HeaderWriterFilter@3129299f, org.springframework.security.web.authentication.logout.LogoutFilter@4045fd1f, com.system.assessment.config.filter.LoginFilter@167a21b, org.springframework.security.web.authentication.UsernamePasswordAuthenticationFilter@67e11bda, org.springframework.security.web.savedrequest.RequestCacheAwareFilter@5950054d, org.springframework.security.web.servletapi.SecurityContextHolderAwareRequestFilter@6ebbc06, org.springframework.security.web.authentication.AnonymousAuthenticationFilter@5d58dc61, org.springframework.security.web.session.SessionManagementFilter@4fdac2a7, org.springframework.security.web.access.ExceptionTranslationFilter@17befef0, org.springframework.security.web.access.intercept.FilterSecurityInterceptor@70ee1963]
2024-11-15 17:27:58.449 +0800	INFO	org.springframework.scheduling.concurrent.ExecutorConfigurationSupport	171	main	Initializing ExecutorService 'taskScheduler'
2024-11-15 17:27:58.500 +0800	INFO	springfox.documentation.spring.web.plugins.DocumentationPluginsBootstrapper	160	main	Context refreshed
2024-11-15 17:27:58.535 +0800	INFO	springfox.documentation.spring.web.plugins.DocumentationPluginsBootstrapper	163	main	Found 1 custom documentation plugin(s)
2024-11-15 17:27:58.580 +0800	INFO	springfox.documentation.spring.web.scanners.ApiListingReferenceScanner	41	main	Scanning for api listing references
2024-11-15 17:27:59.066 +0800	INFO	org.springframework.boot.StartupInfoLogger	61	main	Started ScoreApplicationTests in 6.163 seconds (JVM running for 8.655)
2024-11-15 17:27:59.364 +0800	INFO	org.springframework.scheduling.concurrent.ExecutorConfigurationSupport	208	SpringContextShutdownHook	Shutting down ExecutorService 'taskScheduler'
2024-11-15 17:27:59.382 +0800	INFO	org.springframework.scheduling.concurrent.ExecutorConfigurationSupport	208	SpringContextShutdownHook	Shutting down ExecutorService 'emailExecutor'
2024-11-15 17:27:59.385 +0800	INFO	com.alibaba.druid.pool.DruidDataSource	2032	SpringContextShutdownHook	{dataSource-0} closing ...
