2024-11-26 12:17:38.783 +0800	INFO	org.springframework.boot.StartupInfoLogger	55	main	Starting ScoreApplication on LAPTOP-HISRR710 with PID 13724 (E:\ScoreSystem\target\classes started by LENOVO in E:\ScoreSystem)
2024-11-26 12:17:38.890 +0800	INFO	org.springframework.boot.SpringApplication	655	main	The following profiles are active: dev
2024-11-26 12:17:46.715 +0800	INFO	org.springframework.data.repository.config.RepositoryConfigurationDelegate	244	main	Multiple Spring Data modules found, entering strict repository configuration mode!
2024-11-26 12:17:46.718 +0800	INFO	org.springframework.data.repository.config.RepositoryConfigurationDelegate	126	main	Bootstrapping Spring Data repositories in DEFAULT mode.
2024-11-26 12:17:46.768 +0800	INFO	org.springframework.data.repository.config.RepositoryConfigurationDelegate	182	main	Finished Spring Data repository scanning in 18ms. Found 0 repository interfaces.
2024-11-26 12:17:47.301 +0800	INFO	org.springframework.context.support.PostProcessorRegistrationDelegate$BeanPostProcessorChecker	330	main	Bean 'org.springframework.transaction.annotation.ProxyTransactionManagementConfiguration' of type [org.springframework.transaction.annotation.ProxyTransactionManagementConfiguration] is not eligible for getting processed by all BeanPostProcessors (for example: not eligible for auto-proxying)
2024-11-26 12:17:48.005 +0800	INFO	org.springframework.boot.web.embedded.tomcat.TomcatWebServer	92	main	Tomcat initialized with port(s): 80 (http)
2024-11-26 12:17:48.013 +0800	INFO	org.apache.juli.logging.DirectJDKLog	173	main	Initializing ProtocolHandler ["http-nio-80"]
2024-11-26 12:17:48.013 +0800	INFO	org.apache.juli.logging.DirectJDKLog	173	main	Starting service [Tomcat]
2024-11-26 12:17:48.014 +0800	INFO	org.apache.juli.logging.DirectJDKLog	173	main	Starting Servlet engine: [Apache Tomcat/9.0.27]
2024-11-26 12:17:48.015 +0800	INFO	org.apache.juli.logging.DirectJDKLog	173	main	Loaded APR based Apache Tomcat Native library [1.2.39] using APR version [1.7.4].
2024-11-26 12:17:48.015 +0800	INFO	org.apache.juli.logging.DirectJDKLog	173	main	APR capabilities: IPv6 [true], sendfile [true], accept filters [false], random [true].
2024-11-26 12:17:48.016 +0800	INFO	org.apache.juli.logging.DirectJDKLog	173	main	APR/OpenSSL configuration: useAprConnector [false], useOpenSSL [true]
2024-11-26 12:17:48.098 +0800	INFO	org.apache.juli.logging.DirectJDKLog	173	main	OpenSSL successfully initialized [OpenSSL 3.0.11 19 Sep 2023]
2024-11-26 12:17:48.266 +0800	INFO	org.apache.juli.logging.DirectJDKLog	173	main	Initializing Spring embedded WebApplicationContext
2024-11-26 12:17:48.267 +0800	INFO	org.springframework.boot.web.servlet.context.ServletWebServerApplicationContext	284	main	Root WebApplicationContext: initialization completed in 9185 ms
2024-11-26 12:17:49.949 +0800	INFO	org.springframework.scheduling.concurrent.ExecutorConfigurationSupport	171	main	Initializing ExecutorService
2024-11-26 12:17:49.950 +0800	INFO	org.springframework.scheduling.concurrent.ExecutorConfigurationSupport	171	main	Initializing ExecutorService 'emailExecutor'
2024-11-26 12:17:50.044 +0800	INFO	springfox.documentation.spring.web.PropertySourcedRequestMappingHandlerMapping	69	main	Mapped URL path [/v2/api-docs] onto method [springfox.documentation.swagger2.web.Swagger2Controller#getDocumentation(String, HttpServletRequest)]
2024-11-26 12:17:50.425 +0800	INFO	org.springframework.boot.autoconfigure.web.servlet.WelcomePageHandlerMapping	54	main	Adding welcome page: class path resource [static/index.html]
2024-11-26 12:17:51.776 +0800	INFO	org.springframework.security.web.DefaultSecurityFilterChain	43	main	Creating filter chain: any request, [org.springframework.security.web.context.request.async.WebAsyncManagerIntegrationFilter@19b9f903, org.springframework.security.web.context.SecurityContextPersistenceFilter@8077c97, org.springframework.security.web.header.HeaderWriterFilter@25214797, org.springframework.security.web.authentication.logout.LogoutFilter@63e4484d, com.system.assessment.config.filter.LoginFilter@1a07bf6, org.springframework.security.web.authentication.UsernamePasswordAuthenticationFilter@5c70d7f0, org.springframework.security.web.savedrequest.RequestCacheAwareFilter@563317c1, org.springframework.security.web.servletapi.SecurityContextHolderAwareRequestFilter@54c11750, org.springframework.security.web.authentication.AnonymousAuthenticationFilter@10e56da9, org.springframework.security.web.session.SessionManagementFilter@60928a61, org.springframework.security.web.access.ExceptionTranslationFilter@6009cd34, org.springframework.security.web.access.intercept.FilterSecurityInterceptor@15994b0b]
2024-11-26 12:17:51.795 +0800	INFO	org.springframework.scheduling.concurrent.ExecutorConfigurationSupport	171	main	Initializing ExecutorService 'taskScheduler'
2024-11-26 12:17:51.820 +0800	INFO	springfox.documentation.spring.web.plugins.DocumentationPluginsBootstrapper	160	main	Context refreshed
2024-11-26 12:17:51.874 +0800	INFO	springfox.documentation.spring.web.plugins.DocumentationPluginsBootstrapper	163	main	Found 1 custom documentation plugin(s)
2024-11-26 12:17:51.916 +0800	INFO	springfox.documentation.spring.web.scanners.ApiListingReferenceScanner	41	main	Scanning for api listing references
2024-11-26 12:17:52.239 +0800	INFO	org.apache.juli.logging.DirectJDKLog	173	main	Starting ProtocolHandler ["http-nio-80"]
2024-11-26 12:17:52.267 +0800	INFO	org.springframework.boot.web.embedded.tomcat.TomcatWebServer	204	main	Tomcat started on port(s): 80 (http) with context path ''
2024-11-26 12:17:52.269 +0800	INFO	org.springframework.boot.StartupInfoLogger	61	main	Started ScoreApplication in 15.606 seconds (JVM running for 21.984)
2024-11-26 12:17:57.741 +0800	INFO	org.apache.juli.logging.DirectJDKLog	173	http-nio-80-exec-1	Initializing Spring DispatcherServlet 'dispatcherServlet'
2024-11-26 12:17:57.741 +0800	INFO	org.springframework.web.servlet.FrameworkServlet	525	http-nio-80-exec-1	Initializing Servlet 'dispatcherServlet'
2024-11-26 12:17:57.747 +0800	INFO	org.springframework.web.servlet.FrameworkServlet	547	http-nio-80-exec-1	Completed initialization in 6 ms
2024-11-26 12:17:58.438 +0800	INFO	com.alibaba.druid.pool.DruidDataSource	985	http-nio-80-exec-1	{dataSource-1} inited
2024-11-26 12:19:09.346 +0800	INFO	org.springframework.boot.StartupInfoLogger	55	main	Starting ScoreApplication on LAPTOP-HISRR710 with PID 9568 (E:\ScoreSystem\target\classes started by LENOVO in E:\ScoreSystem)
2024-11-26 12:19:09.352 +0800	INFO	org.springframework.boot.SpringApplication	655	main	The following profiles are active: dev
2024-11-26 12:19:10.011 +0800	INFO	org.springframework.data.repository.config.RepositoryConfigurationDelegate	244	main	Multiple Spring Data modules found, entering strict repository configuration mode!
2024-11-26 12:19:10.014 +0800	INFO	org.springframework.data.repository.config.RepositoryConfigurationDelegate	126	main	Bootstrapping Spring Data repositories in DEFAULT mode.
2024-11-26 12:19:10.046 +0800	INFO	org.springframework.data.repository.config.RepositoryConfigurationDelegate	182	main	Finished Spring Data repository scanning in 22ms. Found 0 repository interfaces.
2024-11-26 12:19:10.300 +0800	INFO	org.springframework.context.support.PostProcessorRegistrationDelegate$BeanPostProcessorChecker	330	main	Bean 'org.springframework.transaction.annotation.ProxyTransactionManagementConfiguration' of type [org.springframework.transaction.annotation.ProxyTransactionManagementConfiguration] is not eligible for getting processed by all BeanPostProcessors (for example: not eligible for auto-proxying)
2024-11-26 12:19:10.511 +0800	INFO	org.springframework.boot.web.embedded.tomcat.TomcatWebServer	92	main	Tomcat initialized with port(s): 80 (http)
2024-11-26 12:19:10.518 +0800	INFO	org.apache.juli.logging.DirectJDKLog	173	main	Initializing ProtocolHandler ["http-nio-80"]
2024-11-26 12:19:10.518 +0800	INFO	org.apache.juli.logging.DirectJDKLog	173	main	Starting service [Tomcat]
2024-11-26 12:19:10.519 +0800	INFO	org.apache.juli.logging.DirectJDKLog	173	main	Starting Servlet engine: [Apache Tomcat/9.0.27]
2024-11-26 12:19:10.520 +0800	INFO	org.apache.juli.logging.DirectJDKLog	173	main	Loaded APR based Apache Tomcat Native library [1.2.39] using APR version [1.7.4].
2024-11-26 12:19:10.578 +0800	INFO	org.apache.juli.logging.DirectJDKLog	173	main	APR capabilities: IPv6 [true], sendfile [true], accept filters [false], random [true].
2024-11-26 12:19:10.578 +0800	INFO	org.apache.juli.logging.DirectJDKLog	173	main	APR/OpenSSL configuration: useAprConnector [false], useOpenSSL [true]
2024-11-26 12:19:10.583 +0800	INFO	org.apache.juli.logging.DirectJDKLog	173	main	OpenSSL successfully initialized [OpenSSL 3.0.11 19 Sep 2023]
2024-11-26 12:19:10.673 +0800	INFO	org.apache.juli.logging.DirectJDKLog	173	main	Initializing Spring embedded WebApplicationContext
2024-11-26 12:19:10.674 +0800	INFO	org.springframework.boot.web.servlet.context.ServletWebServerApplicationContext	284	main	Root WebApplicationContext: initialization completed in 1287 ms
2024-11-26 12:19:11.316 +0800	INFO	org.springframework.scheduling.concurrent.ExecutorConfigurationSupport	171	main	Initializing ExecutorService
2024-11-26 12:19:11.317 +0800	INFO	org.springframework.scheduling.concurrent.ExecutorConfigurationSupport	171	main	Initializing ExecutorService 'emailExecutor'
2024-11-26 12:19:11.343 +0800	INFO	springfox.documentation.spring.web.PropertySourcedRequestMappingHandlerMapping	69	main	Mapped URL path [/v2/api-docs] onto method [springfox.documentation.swagger2.web.Swagger2Controller#getDocumentation(String, HttpServletRequest)]
2024-11-26 12:19:11.464 +0800	INFO	org.springframework.boot.autoconfigure.web.servlet.WelcomePageHandlerMapping	54	main	Adding welcome page: class path resource [static/index.html]
2024-11-26 12:19:11.828 +0800	INFO	org.springframework.security.web.DefaultSecurityFilterChain	43	main	Creating filter chain: any request, [org.springframework.security.web.context.request.async.WebAsyncManagerIntegrationFilter@3407aa4f, org.springframework.security.web.context.SecurityContextPersistenceFilter@4e5c8ef3, org.springframework.security.web.header.HeaderWriterFilter@1b0e031b, org.springframework.security.web.authentication.logout.LogoutFilter@d108406, com.system.assessment.config.filter.LoginFilter@1e79d43, org.springframework.security.web.authentication.UsernamePasswordAuthenticationFilter@6a5dd083, org.springframework.security.web.savedrequest.RequestCacheAwareFilter@27358a19, org.springframework.security.web.servletapi.SecurityContextHolderAwareRequestFilter@25e8e59, org.springframework.security.web.authentication.AnonymousAuthenticationFilter@51ed2f68, org.springframework.security.web.session.SessionManagementFilter@65844c96, org.springframework.security.web.access.ExceptionTranslationFilter@c212536, org.springframework.security.web.access.intercept.FilterSecurityInterceptor@1412682c]
2024-11-26 12:19:11.835 +0800	INFO	org.springframework.scheduling.concurrent.ExecutorConfigurationSupport	171	main	Initializing ExecutorService 'taskScheduler'
2024-11-26 12:19:11.862 +0800	INFO	springfox.documentation.spring.web.plugins.DocumentationPluginsBootstrapper	160	main	Context refreshed
2024-11-26 12:19:11.876 +0800	INFO	springfox.documentation.spring.web.plugins.DocumentationPluginsBootstrapper	163	main	Found 1 custom documentation plugin(s)
2024-11-26 12:19:11.898 +0800	INFO	springfox.documentation.spring.web.scanners.ApiListingReferenceScanner	41	main	Scanning for api listing references
2024-11-26 12:19:12.097 +0800	INFO	org.apache.juli.logging.DirectJDKLog	173	main	Starting ProtocolHandler ["http-nio-80"]
2024-11-26 12:19:12.112 +0800	INFO	org.springframework.boot.web.embedded.tomcat.TomcatWebServer	204	main	Tomcat started on port(s): 80 (http) with context path ''
2024-11-26 12:19:12.115 +0800	INFO	org.springframework.boot.StartupInfoLogger	61	main	Started ScoreApplication in 3.021 seconds (JVM running for 5.416)
2024-11-26 12:19:17.766 +0800	INFO	org.apache.juli.logging.DirectJDKLog	173	http-nio-80-exec-1	Initializing Spring DispatcherServlet 'dispatcherServlet'
2024-11-26 12:19:17.766 +0800	INFO	org.springframework.web.servlet.FrameworkServlet	525	http-nio-80-exec-1	Initializing Servlet 'dispatcherServlet'
2024-11-26 12:19:17.773 +0800	INFO	org.springframework.web.servlet.FrameworkServlet	547	http-nio-80-exec-1	Completed initialization in 7 ms
2024-11-26 12:19:17.926 +0800	INFO	com.alibaba.druid.pool.DruidDataSource	985	http-nio-80-exec-1	{dataSource-1} inited
2024-11-26 12:21:22.753 +0800	WARN	com.alibaba.druid.pool.DruidAbstractDataSource	1489	http-nio-80-exec-9	discard long time none received connection. , jdbcUrl : jdbc:mysql://localhost/company_score?useUnicode=true&characterEncoding=utf-8&useSSL=false&serverTimezone=CTT&serverTimezone=GMT%2B8&allowPublicKeyRetrieval=true&useSSL=false, version : 1.2.3, lastPacketReceivedIdleMillis : 119899
2024-11-26 12:23:14.636 +0800	INFO	org.springframework.test.context.support.AbstractTestContextBootstrapper	308	main	Neither @ContextConfiguration nor @ContextHierarchy found for test class [com.system.assessment.ScoreApplicationTests], using SpringBootContextLoader
2024-11-26 12:23:14.646 +0800	INFO	org.springframework.test.context.support.AbstractContextLoader	264	main	Could not detect default resource locations for test class [com.system.assessment.ScoreApplicationTests]: no resource found for suffixes {-context.xml, Context.groovy}.
2024-11-26 12:23:14.647 +0800	INFO	org.springframework.test.context.support.AnnotationConfigContextLoaderUtils	83	main	Could not detect default configuration classes for test class [com.system.assessment.ScoreApplicationTests]: ScoreApplicationTests does not declare any static, non-private, non-final, nested classes annotated with @Configuration.
2024-11-26 12:23:14.728 +0800	INFO	org.springframework.boot.test.context.SpringBootTestContextBootstrapper	235	main	Found @SpringBootConfiguration com.system.assessment.ScoreApplication for test class com.system.assessment.ScoreApplicationTests
2024-11-26 12:23:14.798 +0800	INFO	org.springframework.test.context.support.AbstractTestContextBootstrapper	248	main	Loaded default TestExecutionListener class names from location [META-INF/spring.factories]: [org.springframework.security.test.context.support.WithSecurityContextTestExecutionListener, org.springframework.security.test.context.support.ReactorContextTestExecutionListener, org.springframework.test.context.web.ServletTestExecutionListener, org.springframework.test.context.support.DirtiesContextBeforeModesTestExecutionListener, org.springframework.test.context.support.DependencyInjectionTestExecutionListener, org.springframework.test.context.support.DirtiesContextTestExecutionListener, org.springframework.test.context.transaction.TransactionalTestExecutionListener, org.springframework.test.context.jdbc.SqlScriptsTestExecutionListener, org.springframework.test.context.event.EventPublishingTestExecutionListener, org.springframework.boot.test.mock.mockito.MockitoTestExecutionListener, org.springframework.boot.test.mock.mockito.ResetMocksTestExecutionListener, org.springframework.boot.test.autoconfigure.restdocs.RestDocsTestExecutionListener, org.springframework.boot.test.autoconfigure.web.client.MockRestServiceServerResetTestExecutionListener, org.springframework.boot.test.autoconfigure.web.servlet.MockMvcPrintOnlyOnFailureTestExecutionListener, org.springframework.boot.test.autoconfigure.web.servlet.WebDriverTestExecutionListener]
2024-11-26 12:23:14.822 +0800	INFO	org.springframework.test.context.support.AbstractTestContextBootstrapper	177	main	Using TestExecutionListeners: [org.springframework.test.context.web.ServletTestExecutionListener@6e6d5d29, org.springframework.test.context.support.DirtiesContextBeforeModesTestExecutionListener@5c530d1e, org.springframework.boot.test.mock.mockito.MockitoTestExecutionListener@6c25e6c4, org.springframework.boot.test.autoconfigure.SpringBootDependencyInjectionTestExecutionListener@85e6769, org.springframework.test.context.support.DirtiesContextTestExecutionListener@c5ee75e, org.springframework.test.context.transaction.TransactionalTestExecutionListener@48a12036, org.springframework.test.context.jdbc.SqlScriptsTestExecutionListener@bf1ec20, org.springframework.security.test.context.support.WithSecurityContextTestExecutionListener@70efb718, org.springframework.test.context.event.EventPublishingTestExecutionListener@b70da4c, org.springframework.security.test.context.support.ReactorContextTestExecutionListener@4a11eb84, org.springframework.boot.test.mock.mockito.ResetMocksTestExecutionListener@4e858e0a, org.springframework.boot.test.autoconfigure.restdocs.RestDocsTestExecutionListener@435fb7b5, org.springframework.boot.test.autoconfigure.web.client.MockRestServiceServerResetTestExecutionListener@4e70a728, org.springframework.boot.test.autoconfigure.web.servlet.MockMvcPrintOnlyOnFailureTestExecutionListener@b7838a9, org.springframework.boot.test.autoconfigure.web.servlet.WebDriverTestExecutionListener@696f0212]
2024-11-26 12:23:15.084 +0800	INFO	org.springframework.boot.StartupInfoLogger	55	main	Starting ScoreApplicationTests on LAPTOP-HISRR710 with PID 10496 (started by LENOVO in E:\ScoreSystem)
2024-11-26 12:23:15.087 +0800	INFO	org.springframework.boot.SpringApplication	655	main	The following profiles are active: dev
2024-11-26 12:23:15.908 +0800	INFO	org.springframework.data.repository.config.RepositoryConfigurationDelegate	244	main	Multiple Spring Data modules found, entering strict repository configuration mode!
2024-11-26 12:23:15.911 +0800	INFO	org.springframework.data.repository.config.RepositoryConfigurationDelegate	126	main	Bootstrapping Spring Data repositories in DEFAULT mode.
2024-11-26 12:23:15.943 +0800	INFO	org.springframework.data.repository.config.RepositoryConfigurationDelegate	182	main	Finished Spring Data repository scanning in 21ms. Found 0 repository interfaces.
2024-11-26 12:23:16.349 +0800	INFO	org.springframework.context.support.PostProcessorRegistrationDelegate$BeanPostProcessorChecker	330	main	Bean 'org.springframework.transaction.annotation.ProxyTransactionManagementConfiguration' of type [org.springframework.transaction.annotation.ProxyTransactionManagementConfiguration] is not eligible for getting processed by all BeanPostProcessors (for example: not eligible for auto-proxying)
2024-11-26 12:23:18.135 +0800	INFO	org.springframework.scheduling.concurrent.ExecutorConfigurationSupport	171	main	Initializing ExecutorService
2024-11-26 12:23:18.140 +0800	INFO	org.springframework.scheduling.concurrent.ExecutorConfigurationSupport	171	main	Initializing ExecutorService 'emailExecutor'
2024-11-26 12:23:18.214 +0800	INFO	springfox.documentation.spring.web.PropertySourcedRequestMappingHandlerMapping	69	main	Mapped URL path [/v2/api-docs] onto method [springfox.documentation.swagger2.web.Swagger2Controller#getDocumentation(String, HttpServletRequest)]
2024-11-26 12:23:18.603 +0800	INFO	org.springframework.boot.autoconfigure.web.servlet.WelcomePageHandlerMapping	54	main	Adding welcome page: class path resource [static/index.html]
2024-11-26 12:23:19.912 +0800	INFO	org.springframework.security.web.DefaultSecurityFilterChain	43	main	Creating filter chain: any request, [org.springframework.security.web.context.request.async.WebAsyncManagerIntegrationFilter@839755f, org.springframework.security.web.context.SecurityContextPersistenceFilter@10a0a1e, org.springframework.security.web.header.HeaderWriterFilter@341ccfd1, org.springframework.security.web.authentication.logout.LogoutFilter@3e01796a, com.system.assessment.config.filter.LoginFilter@5a47730c, org.springframework.security.web.authentication.UsernamePasswordAuthenticationFilter@e91facf, org.springframework.security.web.savedrequest.RequestCacheAwareFilter@4345fd45, org.springframework.security.web.servletapi.SecurityContextHolderAwareRequestFilter@3a709cc7, org.springframework.security.web.authentication.AnonymousAuthenticationFilter@71d99732, org.springframework.security.web.session.SessionManagementFilter@3cead673, org.springframework.security.web.access.ExceptionTranslationFilter@13ee97af, org.springframework.security.web.access.intercept.FilterSecurityInterceptor@1f1fbc9f]
2024-11-26 12:23:19.945 +0800	INFO	org.springframework.scheduling.concurrent.ExecutorConfigurationSupport	171	main	Initializing ExecutorService 'taskScheduler'
2024-11-26 12:23:19.989 +0800	INFO	springfox.documentation.spring.web.plugins.DocumentationPluginsBootstrapper	160	main	Context refreshed
2024-11-26 12:23:20.012 +0800	INFO	springfox.documentation.spring.web.plugins.DocumentationPluginsBootstrapper	163	main	Found 1 custom documentation plugin(s)
2024-11-26 12:23:20.044 +0800	INFO	springfox.documentation.spring.web.scanners.ApiListingReferenceScanner	41	main	Scanning for api listing references
2024-11-26 12:23:20.481 +0800	INFO	org.springframework.boot.StartupInfoLogger	61	main	Started ScoreApplicationTests in 5.624 seconds (JVM running for 7.991)
2024-11-26 12:23:21.551 +0800	INFO	org.springframework.scheduling.concurrent.ExecutorConfigurationSupport	208	SpringContextShutdownHook	Shutting down ExecutorService 'taskScheduler'
2024-11-26 12:23:21.568 +0800	INFO	org.springframework.scheduling.concurrent.ExecutorConfigurationSupport	208	SpringContextShutdownHook	Shutting down ExecutorService 'emailExecutor'
2024-11-26 12:23:21.569 +0800	INFO	com.alibaba.druid.pool.DruidDataSource	2032	SpringContextShutdownHook	{dataSource-0} closing ...
2024-11-26 23:09:46.028 +0800	INFO	org.springframework.boot.StartupInfoLogger	55	main	Starting ScoreApplication on LAPTOP-HISRR710 with PID 27072 (E:\ScoreSystem\target\classes started by LENOVO in E:\ScoreSystem)
2024-11-26 23:09:46.043 +0800	INFO	org.springframework.boot.SpringApplication	655	main	The following profiles are active: dev
2024-11-26 23:09:47.997 +0800	INFO	org.springframework.data.repository.config.RepositoryConfigurationDelegate	244	main	Multiple Spring Data modules found, entering strict repository configuration mode!
2024-11-26 23:09:48.001 +0800	INFO	org.springframework.data.repository.config.RepositoryConfigurationDelegate	126	main	Bootstrapping Spring Data repositories in DEFAULT mode.
2024-11-26 23:09:48.038 +0800	INFO	org.springframework.data.repository.config.RepositoryConfigurationDelegate	182	main	Finished Spring Data repository scanning in 21ms. Found 0 repository interfaces.
2024-11-26 23:09:48.298 +0800	INFO	org.springframework.context.support.PostProcessorRegistrationDelegate$BeanPostProcessorChecker	330	main	Bean 'org.springframework.transaction.annotation.ProxyTransactionManagementConfiguration' of type [org.springframework.transaction.annotation.ProxyTransactionManagementConfiguration] is not eligible for getting processed by all BeanPostProcessors (for example: not eligible for auto-proxying)
2024-11-26 23:09:48.747 +0800	INFO	org.springframework.boot.web.embedded.tomcat.TomcatWebServer	92	main	Tomcat initialized with port(s): 80 (http)
2024-11-26 23:09:48.754 +0800	INFO	org.apache.juli.logging.DirectJDKLog	173	main	Initializing ProtocolHandler ["http-nio-80"]
2024-11-26 23:09:48.754 +0800	INFO	org.apache.juli.logging.DirectJDKLog	173	main	Starting service [Tomcat]
2024-11-26 23:09:48.755 +0800	INFO	org.apache.juli.logging.DirectJDKLog	173	main	Starting Servlet engine: [Apache Tomcat/9.0.27]
2024-11-26 23:09:48.756 +0800	INFO	org.apache.juli.logging.DirectJDKLog	173	main	Loaded APR based Apache Tomcat Native library [1.2.39] using APR version [1.7.4].
2024-11-26 23:09:48.756 +0800	INFO	org.apache.juli.logging.DirectJDKLog	173	main	APR capabilities: IPv6 [true], sendfile [true], accept filters [false], random [true].
2024-11-26 23:09:48.756 +0800	INFO	org.apache.juli.logging.DirectJDKLog	173	main	APR/OpenSSL configuration: useAprConnector [false], useOpenSSL [true]
2024-11-26 23:09:48.870 +0800	INFO	org.apache.juli.logging.DirectJDKLog	173	main	OpenSSL successfully initialized [OpenSSL 3.0.11 19 Sep 2023]
2024-11-26 23:09:48.998 +0800	INFO	org.apache.juli.logging.DirectJDKLog	173	main	Initializing Spring embedded WebApplicationContext
2024-11-26 23:09:48.998 +0800	INFO	org.springframework.boot.web.servlet.context.ServletWebServerApplicationContext	284	main	Root WebApplicationContext: initialization completed in 2926 ms
2024-11-26 23:09:50.085 +0800	INFO	org.springframework.scheduling.concurrent.ExecutorConfigurationSupport	171	main	Initializing ExecutorService
2024-11-26 23:09:50.086 +0800	INFO	org.springframework.scheduling.concurrent.ExecutorConfigurationSupport	171	main	Initializing ExecutorService 'emailExecutor'
2024-11-26 23:09:50.111 +0800	INFO	springfox.documentation.spring.web.PropertySourcedRequestMappingHandlerMapping	69	main	Mapped URL path [/v2/api-docs] onto method [springfox.documentation.swagger2.web.Swagger2Controller#getDocumentation(String, HttpServletRequest)]
2024-11-26 23:09:50.236 +0800	INFO	org.springframework.boot.autoconfigure.web.servlet.WelcomePageHandlerMapping	54	main	Adding welcome page: class path resource [static/index.html]
2024-11-26 23:09:50.848 +0800	INFO	org.springframework.security.web.DefaultSecurityFilterChain	43	main	Creating filter chain: any request, [org.springframework.security.web.context.request.async.WebAsyncManagerIntegrationFilter@1c6e3ff9, org.springframework.security.web.context.SecurityContextPersistenceFilter@3214bad, org.springframework.security.web.header.HeaderWriterFilter@32da97fd, org.springframework.security.web.csrf.CsrfFilter@28554ac8, org.springframework.security.web.authentication.logout.LogoutFilter@6a96d639, com.system.assessment.config.filter.LoginFilter@5d94a2dc, org.springframework.security.web.authentication.UsernamePasswordAuthenticationFilter@482a58c7, org.springframework.security.web.session.ConcurrentSessionFilter@59d6642a, org.springframework.security.web.savedrequest.RequestCacheAwareFilter@f95d64d, org.springframework.security.web.servletapi.SecurityContextHolderAwareRequestFilter@5d601832, org.springframework.security.web.authentication.AnonymousAuthenticationFilter@76e6c070, org.springframework.security.web.session.SessionManagementFilter@4aa22cc2, org.springframework.security.web.access.ExceptionTranslationFilter@5cce40d7, org.springframework.security.web.access.intercept.FilterSecurityInterceptor@46d0f89c]
2024-11-26 23:09:50.856 +0800	INFO	org.springframework.scheduling.concurrent.ExecutorConfigurationSupport	171	main	Initializing ExecutorService 'taskScheduler'
2024-11-26 23:09:50.884 +0800	INFO	springfox.documentation.spring.web.plugins.DocumentationPluginsBootstrapper	160	main	Context refreshed
2024-11-26 23:09:50.917 +0800	INFO	springfox.documentation.spring.web.plugins.DocumentationPluginsBootstrapper	163	main	Found 1 custom documentation plugin(s)
2024-11-26 23:09:50.941 +0800	INFO	springfox.documentation.spring.web.scanners.ApiListingReferenceScanner	41	main	Scanning for api listing references
2024-11-26 23:09:51.158 +0800	INFO	org.apache.juli.logging.DirectJDKLog	173	main	Starting ProtocolHandler ["http-nio-80"]
2024-11-26 23:09:51.173 +0800	INFO	org.springframework.boot.web.embedded.tomcat.TomcatWebServer	204	main	Tomcat started on port(s): 80 (http) with context path ''
2024-11-26 23:09:51.175 +0800	INFO	org.springframework.boot.StartupInfoLogger	61	main	Started ScoreApplication in 5.65 seconds (JVM running for 8.344)
2024-11-26 23:09:57.221 +0800	INFO	org.apache.juli.logging.DirectJDKLog	173	http-nio-80-exec-1	Initializing Spring DispatcherServlet 'dispatcherServlet'
2024-11-26 23:09:57.221 +0800	INFO	org.springframework.web.servlet.FrameworkServlet	525	http-nio-80-exec-1	Initializing Servlet 'dispatcherServlet'
2024-11-26 23:09:57.227 +0800	INFO	org.springframework.web.servlet.FrameworkServlet	547	http-nio-80-exec-1	Completed initialization in 5 ms
2024-11-26 23:11:17.288 +0800	INFO	org.springframework.boot.StartupInfoLogger	55	main	Starting ScoreApplication on LAPTOP-HISRR710 with PID 27552 (E:\ScoreSystem\target\classes started by LENOVO in E:\ScoreSystem)
2024-11-26 23:11:17.294 +0800	INFO	org.springframework.boot.SpringApplication	655	main	The following profiles are active: dev
2024-11-26 23:11:17.896 +0800	INFO	org.springframework.data.repository.config.RepositoryConfigurationDelegate	244	main	Multiple Spring Data modules found, entering strict repository configuration mode!
2024-11-26 23:11:17.901 +0800	INFO	org.springframework.data.repository.config.RepositoryConfigurationDelegate	126	main	Bootstrapping Spring Data repositories in DEFAULT mode.
2024-11-26 23:11:17.931 +0800	INFO	org.springframework.data.repository.config.RepositoryConfigurationDelegate	182	main	Finished Spring Data repository scanning in 18ms. Found 0 repository interfaces.
2024-11-26 23:11:18.218 +0800	INFO	org.springframework.context.support.PostProcessorRegistrationDelegate$BeanPostProcessorChecker	330	main	Bean 'org.springframework.transaction.annotation.ProxyTransactionManagementConfiguration' of type [org.springframework.transaction.annotation.ProxyTransactionManagementConfiguration] is not eligible for getting processed by all BeanPostProcessors (for example: not eligible for auto-proxying)
2024-11-26 23:11:18.466 +0800	INFO	org.springframework.boot.web.embedded.tomcat.TomcatWebServer	92	main	Tomcat initialized with port(s): 80 (http)
2024-11-26 23:11:18.473 +0800	INFO	org.apache.juli.logging.DirectJDKLog	173	main	Initializing ProtocolHandler ["http-nio-80"]
2024-11-26 23:11:18.473 +0800	INFO	org.apache.juli.logging.DirectJDKLog	173	main	Starting service [Tomcat]
2024-11-26 23:11:18.474 +0800	INFO	org.apache.juli.logging.DirectJDKLog	173	main	Starting Servlet engine: [Apache Tomcat/9.0.27]
2024-11-26 23:11:18.475 +0800	INFO	org.apache.juli.logging.DirectJDKLog	173	main	Loaded APR based Apache Tomcat Native library [1.2.39] using APR version [1.7.4].
2024-11-26 23:11:18.475 +0800	INFO	org.apache.juli.logging.DirectJDKLog	173	main	APR capabilities: IPv6 [true], sendfile [true], accept filters [false], random [true].
2024-11-26 23:11:18.475 +0800	INFO	org.apache.juli.logging.DirectJDKLog	173	main	APR/OpenSSL configuration: useAprConnector [false], useOpenSSL [true]
2024-11-26 23:11:18.480 +0800	INFO	org.apache.juli.logging.DirectJDKLog	173	main	OpenSSL successfully initialized [OpenSSL 3.0.11 19 Sep 2023]
2024-11-26 23:11:18.569 +0800	INFO	org.apache.juli.logging.DirectJDKLog	173	main	Initializing Spring embedded WebApplicationContext
2024-11-26 23:11:18.569 +0800	INFO	org.springframework.boot.web.servlet.context.ServletWebServerApplicationContext	284	main	Root WebApplicationContext: initialization completed in 1248 ms
2024-11-26 23:11:19.187 +0800	INFO	org.springframework.scheduling.concurrent.ExecutorConfigurationSupport	171	main	Initializing ExecutorService
2024-11-26 23:11:19.188 +0800	INFO	org.springframework.scheduling.concurrent.ExecutorConfigurationSupport	171	main	Initializing ExecutorService 'emailExecutor'
2024-11-26 23:11:19.212 +0800	INFO	springfox.documentation.spring.web.PropertySourcedRequestMappingHandlerMapping	69	main	Mapped URL path [/v2/api-docs] onto method [springfox.documentation.swagger2.web.Swagger2Controller#getDocumentation(String, HttpServletRequest)]
2024-11-26 23:11:19.338 +0800	INFO	org.springframework.boot.autoconfigure.web.servlet.WelcomePageHandlerMapping	54	main	Adding welcome page: class path resource [static/index.html]
2024-11-26 23:11:19.757 +0800	INFO	org.springframework.security.web.DefaultSecurityFilterChain	43	main	Creating filter chain: any request, [org.springframework.security.web.context.request.async.WebAsyncManagerIntegrationFilter@4264beb8, org.springframework.security.web.context.SecurityContextPersistenceFilter@6a5dd083, org.springframework.security.web.header.HeaderWriterFilter@d108406, org.springframework.security.web.csrf.CsrfFilter@8077c97, org.springframework.security.web.authentication.logout.LogoutFilter@66a82a13, com.system.assessment.config.filter.LoginFilter@fe87ddd, org.springframework.security.web.authentication.UsernamePasswordAuthenticationFilter@46d0f89c, org.springframework.security.web.savedrequest.RequestCacheAwareFilter@1d17423f, org.springframework.security.web.servletapi.SecurityContextHolderAwareRequestFilter@62735b13, org.springframework.security.web.authentication.AnonymousAuthenticationFilter@647fb583, org.springframework.security.web.session.SessionManagementFilter@6e00837f, org.springframework.security.web.access.ExceptionTranslationFilter@6e8f2094, org.springframework.security.web.access.intercept.FilterSecurityInterceptor@4f235e8e]
2024-11-26 23:11:19.763 +0800	INFO	org.springframework.scheduling.concurrent.ExecutorConfigurationSupport	171	main	Initializing ExecutorService 'taskScheduler'
2024-11-26 23:11:19.790 +0800	INFO	springfox.documentation.spring.web.plugins.DocumentationPluginsBootstrapper	160	main	Context refreshed
2024-11-26 23:11:19.802 +0800	INFO	springfox.documentation.spring.web.plugins.DocumentationPluginsBootstrapper	163	main	Found 1 custom documentation plugin(s)
2024-11-26 23:11:19.824 +0800	INFO	springfox.documentation.spring.web.scanners.ApiListingReferenceScanner	41	main	Scanning for api listing references
2024-11-26 23:11:20.017 +0800	INFO	org.apache.juli.logging.DirectJDKLog	173	main	Starting ProtocolHandler ["http-nio-80"]
2024-11-26 23:11:20.032 +0800	INFO	org.springframework.boot.web.embedded.tomcat.TomcatWebServer	204	main	Tomcat started on port(s): 80 (http) with context path ''
2024-11-26 23:11:20.034 +0800	INFO	org.springframework.boot.StartupInfoLogger	61	main	Started ScoreApplication in 2.984 seconds (JVM running for 5.259)
2024-11-26 23:11:22.829 +0800	INFO	org.apache.juli.logging.DirectJDKLog	173	http-nio-80-exec-1	Initializing Spring DispatcherServlet 'dispatcherServlet'
2024-11-26 23:11:22.829 +0800	INFO	org.springframework.web.servlet.FrameworkServlet	525	http-nio-80-exec-1	Initializing Servlet 'dispatcherServlet'
2024-11-26 23:11:22.833 +0800	INFO	org.springframework.web.servlet.FrameworkServlet	547	http-nio-80-exec-1	Completed initialization in 4 ms
2024-11-26 23:12:16.795 +0800	INFO	org.springframework.boot.StartupInfoLogger	55	main	Starting ScoreApplication on LAPTOP-HISRR710 with PID 15988 (E:\ScoreSystem\target\classes started by LENOVO in E:\ScoreSystem)
2024-11-26 23:12:16.801 +0800	INFO	org.springframework.boot.SpringApplication	655	main	The following profiles are active: dev
2024-11-26 23:12:17.418 +0800	INFO	org.springframework.data.repository.config.RepositoryConfigurationDelegate	244	main	Multiple Spring Data modules found, entering strict repository configuration mode!
2024-11-26 23:12:17.421 +0800	INFO	org.springframework.data.repository.config.RepositoryConfigurationDelegate	126	main	Bootstrapping Spring Data repositories in DEFAULT mode.
2024-11-26 23:12:17.449 +0800	INFO	org.springframework.data.repository.config.RepositoryConfigurationDelegate	182	main	Finished Spring Data repository scanning in 18ms. Found 0 repository interfaces.
2024-11-26 23:12:17.678 +0800	INFO	org.springframework.context.support.PostProcessorRegistrationDelegate$BeanPostProcessorChecker	330	main	Bean 'org.springframework.transaction.annotation.ProxyTransactionManagementConfiguration' of type [org.springframework.transaction.annotation.ProxyTransactionManagementConfiguration] is not eligible for getting processed by all BeanPostProcessors (for example: not eligible for auto-proxying)
2024-11-26 23:12:17.875 +0800	INFO	org.springframework.boot.web.embedded.tomcat.TomcatWebServer	92	main	Tomcat initialized with port(s): 80 (http)
2024-11-26 23:12:17.880 +0800	INFO	org.apache.juli.logging.DirectJDKLog	173	main	Initializing ProtocolHandler ["http-nio-80"]
2024-11-26 23:12:17.881 +0800	INFO	org.apache.juli.logging.DirectJDKLog	173	main	Starting service [Tomcat]
2024-11-26 23:12:17.881 +0800	INFO	org.apache.juli.logging.DirectJDKLog	173	main	Starting Servlet engine: [Apache Tomcat/9.0.27]
2024-11-26 23:12:17.882 +0800	INFO	org.apache.juli.logging.DirectJDKLog	173	main	Loaded APR based Apache Tomcat Native library [1.2.39] using APR version [1.7.4].
2024-11-26 23:12:17.882 +0800	INFO	org.apache.juli.logging.DirectJDKLog	173	main	APR capabilities: IPv6 [true], sendfile [true], accept filters [false], random [true].
2024-11-26 23:12:17.883 +0800	INFO	org.apache.juli.logging.DirectJDKLog	173	main	APR/OpenSSL configuration: useAprConnector [false], useOpenSSL [true]
2024-11-26 23:12:17.887 +0800	INFO	org.apache.juli.logging.DirectJDKLog	173	main	OpenSSL successfully initialized [OpenSSL 3.0.11 19 Sep 2023]
2024-11-26 23:12:17.979 +0800	INFO	org.apache.juli.logging.DirectJDKLog	173	main	Initializing Spring embedded WebApplicationContext
2024-11-26 23:12:17.979 +0800	INFO	org.springframework.boot.web.servlet.context.ServletWebServerApplicationContext	284	main	Root WebApplicationContext: initialization completed in 1151 ms
2024-11-26 23:12:18.583 +0800	INFO	org.springframework.scheduling.concurrent.ExecutorConfigurationSupport	171	main	Initializing ExecutorService
2024-11-26 23:12:18.584 +0800	INFO	org.springframework.scheduling.concurrent.ExecutorConfigurationSupport	171	main	Initializing ExecutorService 'emailExecutor'
2024-11-26 23:12:18.607 +0800	INFO	springfox.documentation.spring.web.PropertySourcedRequestMappingHandlerMapping	69	main	Mapped URL path [/v2/api-docs] onto method [springfox.documentation.swagger2.web.Swagger2Controller#getDocumentation(String, HttpServletRequest)]
2024-11-26 23:12:18.722 +0800	INFO	org.springframework.boot.autoconfigure.web.servlet.WelcomePageHandlerMapping	54	main	Adding welcome page: class path resource [static/index.html]
2024-11-26 23:12:19.070 +0800	INFO	org.springframework.security.web.DefaultSecurityFilterChain	43	main	Creating filter chain: any request, [org.springframework.security.web.context.request.async.WebAsyncManagerIntegrationFilter@524f5ea5, org.springframework.security.web.context.SecurityContextPersistenceFilter@6e8f2094, org.springframework.security.web.header.HeaderWriterFilter@54c11750, org.springframework.security.web.csrf.CsrfFilter@6009cd34, org.springframework.security.web.authentication.logout.LogoutFilter@7aae1170, com.system.assessment.config.filter.LoginFilter@6361b799, org.springframework.security.web.authentication.UsernamePasswordAuthenticationFilter@64c25a62, org.springframework.security.web.savedrequest.RequestCacheAwareFilter@d108406, org.springframework.security.web.servletapi.SecurityContextHolderAwareRequestFilter@635ff2a5, org.springframework.security.web.authentication.AnonymousAuthenticationFilter@586843bc, org.springframework.security.web.session.SessionManagementFilter@5cd8d029, org.springframework.security.web.access.ExceptionTranslationFilter@3a0896b3, org.springframework.security.web.access.intercept.FilterSecurityInterceptor@4fbaa7f5]
2024-11-26 23:12:19.076 +0800	INFO	org.springframework.scheduling.concurrent.ExecutorConfigurationSupport	171	main	Initializing ExecutorService 'taskScheduler'
2024-11-26 23:12:19.100 +0800	INFO	springfox.documentation.spring.web.plugins.DocumentationPluginsBootstrapper	160	main	Context refreshed
2024-11-26 23:12:19.111 +0800	INFO	springfox.documentation.spring.web.plugins.DocumentationPluginsBootstrapper	163	main	Found 1 custom documentation plugin(s)
2024-11-26 23:12:19.132 +0800	INFO	springfox.documentation.spring.web.scanners.ApiListingReferenceScanner	41	main	Scanning for api listing references
2024-11-26 23:12:19.308 +0800	INFO	org.apache.juli.logging.DirectJDKLog	173	main	Starting ProtocolHandler ["http-nio-80"]
2024-11-26 23:12:19.323 +0800	INFO	org.springframework.boot.web.embedded.tomcat.TomcatWebServer	204	main	Tomcat started on port(s): 80 (http) with context path ''
2024-11-26 23:12:19.327 +0800	INFO	org.springframework.boot.StartupInfoLogger	61	main	Started ScoreApplication in 2.774 seconds (JVM running for 5.069)
2024-11-26 23:12:21.264 +0800	INFO	org.apache.juli.logging.DirectJDKLog	173	http-nio-80-exec-1	Initializing Spring DispatcherServlet 'dispatcherServlet'
2024-11-26 23:12:21.264 +0800	INFO	org.springframework.web.servlet.FrameworkServlet	525	http-nio-80-exec-1	Initializing Servlet 'dispatcherServlet'
2024-11-26 23:12:21.268 +0800	INFO	org.springframework.web.servlet.FrameworkServlet	547	http-nio-80-exec-1	Completed initialization in 4 ms
2024-11-26 23:13:39.061 +0800	INFO	org.springframework.boot.StartupInfoLogger	55	main	Starting ScoreApplication on LAPTOP-HISRR710 with PID 24928 (E:\ScoreSystem\target\classes started by LENOVO in E:\ScoreSystem)
2024-11-26 23:13:39.067 +0800	INFO	org.springframework.boot.SpringApplication	655	main	The following profiles are active: dev
2024-11-26 23:13:39.670 +0800	INFO	org.springframework.data.repository.config.RepositoryConfigurationDelegate	244	main	Multiple Spring Data modules found, entering strict repository configuration mode!
2024-11-26 23:13:39.673 +0800	INFO	org.springframework.data.repository.config.RepositoryConfigurationDelegate	126	main	Bootstrapping Spring Data repositories in DEFAULT mode.
2024-11-26 23:13:39.700 +0800	INFO	org.springframework.data.repository.config.RepositoryConfigurationDelegate	182	main	Finished Spring Data repository scanning in 18ms. Found 0 repository interfaces.
2024-11-26 23:13:39.941 +0800	INFO	org.springframework.context.support.PostProcessorRegistrationDelegate$BeanPostProcessorChecker	330	main	Bean 'org.springframework.transaction.annotation.ProxyTransactionManagementConfiguration' of type [org.springframework.transaction.annotation.ProxyTransactionManagementConfiguration] is not eligible for getting processed by all BeanPostProcessors (for example: not eligible for auto-proxying)
2024-11-26 23:13:40.149 +0800	INFO	org.springframework.boot.web.embedded.tomcat.TomcatWebServer	92	main	Tomcat initialized with port(s): 80 (http)
2024-11-26 23:13:40.156 +0800	INFO	org.apache.juli.logging.DirectJDKLog	173	main	Initializing ProtocolHandler ["http-nio-80"]
2024-11-26 23:13:40.156 +0800	INFO	org.apache.juli.logging.DirectJDKLog	173	main	Starting service [Tomcat]
2024-11-26 23:13:40.156 +0800	INFO	org.apache.juli.logging.DirectJDKLog	173	main	Starting Servlet engine: [Apache Tomcat/9.0.27]
2024-11-26 23:13:40.158 +0800	INFO	org.apache.juli.logging.DirectJDKLog	173	main	Loaded APR based Apache Tomcat Native library [1.2.39] using APR version [1.7.4].
2024-11-26 23:13:40.158 +0800	INFO	org.apache.juli.logging.DirectJDKLog	173	main	APR capabilities: IPv6 [true], sendfile [true], accept filters [false], random [true].
2024-11-26 23:13:40.158 +0800	INFO	org.apache.juli.logging.DirectJDKLog	173	main	APR/OpenSSL configuration: useAprConnector [false], useOpenSSL [true]
2024-11-26 23:13:40.163 +0800	INFO	org.apache.juli.logging.DirectJDKLog	173	main	OpenSSL successfully initialized [OpenSSL 3.0.11 19 Sep 2023]
2024-11-26 23:13:40.250 +0800	INFO	org.apache.juli.logging.DirectJDKLog	173	main	Initializing Spring embedded WebApplicationContext
2024-11-26 23:13:40.250 +0800	INFO	org.springframework.boot.web.servlet.context.ServletWebServerApplicationContext	284	main	Root WebApplicationContext: initialization completed in 1157 ms
2024-11-26 23:13:40.851 +0800	INFO	org.springframework.scheduling.concurrent.ExecutorConfigurationSupport	171	main	Initializing ExecutorService
2024-11-26 23:13:40.852 +0800	INFO	org.springframework.scheduling.concurrent.ExecutorConfigurationSupport	171	main	Initializing ExecutorService 'emailExecutor'
2024-11-26 23:13:40.876 +0800	INFO	springfox.documentation.spring.web.PropertySourcedRequestMappingHandlerMapping	69	main	Mapped URL path [/v2/api-docs] onto method [springfox.documentation.swagger2.web.Swagger2Controller#getDocumentation(String, HttpServletRequest)]
2024-11-26 23:13:40.990 +0800	INFO	org.springframework.boot.autoconfigure.web.servlet.WelcomePageHandlerMapping	54	main	Adding welcome page: class path resource [static/index.html]
2024-11-26 23:13:41.391 +0800	INFO	org.springframework.security.web.DefaultSecurityFilterChain	43	main	Creating filter chain: any request, [org.springframework.security.web.context.request.async.WebAsyncManagerIntegrationFilter@5d829ef0, org.springframework.security.web.context.SecurityContextPersistenceFilter@6775c0d1, org.springframework.security.web.header.HeaderWriterFilter@3af36922, org.springframework.security.web.authentication.logout.LogoutFilter@78065fcd, com.system.assessment.config.filter.LoginFilter@310ed6b4, org.springframework.security.web.authentication.UsernamePasswordAuthenticationFilter@19b9f903, org.springframework.security.web.session.ConcurrentSessionFilter@51eb0e84, org.springframework.security.web.savedrequest.RequestCacheAwareFilter@4899799b, org.springframework.security.web.servletapi.SecurityContextHolderAwareRequestFilter@54a056e4, org.springframework.security.web.authentication.AnonymousAuthenticationFilter@4416e18d, org.springframework.security.web.session.SessionManagementFilter@474e34e4, org.springframework.security.web.access.ExceptionTranslationFilter@18c7f6b5, org.springframework.security.web.access.intercept.FilterSecurityInterceptor@1a7163e3]
2024-11-26 23:13:41.398 +0800	INFO	org.springframework.scheduling.concurrent.ExecutorConfigurationSupport	171	main	Initializing ExecutorService 'taskScheduler'
2024-11-26 23:13:41.424 +0800	INFO	springfox.documentation.spring.web.plugins.DocumentationPluginsBootstrapper	160	main	Context refreshed
2024-11-26 23:13:41.436 +0800	INFO	springfox.documentation.spring.web.plugins.DocumentationPluginsBootstrapper	163	main	Found 1 custom documentation plugin(s)
2024-11-26 23:13:41.459 +0800	INFO	springfox.documentation.spring.web.scanners.ApiListingReferenceScanner	41	main	Scanning for api listing references
2024-11-26 23:13:41.646 +0800	INFO	org.apache.juli.logging.DirectJDKLog	173	main	Starting ProtocolHandler ["http-nio-80"]
2024-11-26 23:13:41.662 +0800	INFO	org.springframework.boot.web.embedded.tomcat.TomcatWebServer	204	main	Tomcat started on port(s): 80 (http) with context path ''
2024-11-26 23:13:41.664 +0800	INFO	org.springframework.boot.StartupInfoLogger	61	main	Started ScoreApplication in 2.839 seconds (JVM running for 5.111)
2024-11-26 23:13:43.462 +0800	INFO	org.apache.juli.logging.DirectJDKLog	173	http-nio-80-exec-1	Initializing Spring DispatcherServlet 'dispatcherServlet'
2024-11-26 23:13:43.462 +0800	INFO	org.springframework.web.servlet.FrameworkServlet	525	http-nio-80-exec-1	Initializing Servlet 'dispatcherServlet'
2024-11-26 23:13:43.467 +0800	INFO	org.springframework.web.servlet.FrameworkServlet	547	http-nio-80-exec-1	Completed initialization in 3 ms
2024-11-26 23:13:43.812 +0800	INFO	com.alibaba.druid.pool.DruidDataSource	985	http-nio-80-exec-1	{dataSource-1} inited
