2024-12-19 15:22:16.548 +0800	INFO	org.springframework.boot.StartupInfoLogger	55	main	Starting ScoreApplication on LAPTOP-HISRR710 with PID 47600 (E:\ScoreSystem\target\classes started by LENOVO in E:\ScoreSystem)
2024-12-19 15:22:16.559 +0800	INFO	org.springframework.boot.SpringApplication	655	main	The following profiles are active: dev
2024-12-19 15:22:21.273 +0800	INFO	org.apache.juli.logging.DirectJDKLog	173	main	Initializing ProtocolHandler ["http-nio-80"]
2024-12-19 15:22:21.273 +0800	INFO	org.apache.juli.logging.DirectJDKLog	173	main	Starting service [Tomcat]
2024-12-19 15:22:21.274 +0800	INFO	org.apache.juli.logging.DirectJDKLog	173	main	Starting Servlet engine: [Apache Tomcat/9.0.27]
2024-12-19 15:22:21.303 +0800	INFO	org.apache.juli.logging.DirectJDKLog	173	main	Loaded APR based Apache Tomcat Native library [1.2.39] using APR version [1.7.4].
2024-12-19 15:22:21.303 +0800	INFO	org.apache.juli.logging.DirectJDKLog	173	main	APR capabilities: IPv6 [true], sendfile [true], accept filters [false], random [true].
2024-12-19 15:22:21.303 +0800	INFO	org.apache.juli.logging.DirectJDKLog	173	main	APR/OpenSSL configuration: useAprConnector [false], useOpenSSL [true]
2024-12-19 15:22:21.322 +0800	INFO	org.apache.juli.logging.DirectJDKLog	173	main	OpenSSL successfully initialized [OpenSSL 3.0.11 19 Sep 2023]
2024-12-19 15:22:21.458 +0800	INFO	org.apache.juli.logging.DirectJDKLog	173	main	Initializing Spring embedded WebApplicationContext
2024-12-19 15:22:22.994 +0800	INFO	springfox.documentation.spring.web.PropertySourcedRequestMappingHandlerMapping	69	main	Mapped URL path [/v2/api-docs] onto method [springfox.documentation.swagger2.web.Swagger2Controller#getDocumentation(String, HttpServletRequest)]
2024-12-19 15:22:23.661 +0800	INFO	springfox.documentation.spring.web.plugins.DocumentationPluginsBootstrapper	160	main	Context refreshed
2024-12-19 15:22:23.695 +0800	INFO	springfox.documentation.spring.web.plugins.DocumentationPluginsBootstrapper	163	main	Found 1 custom documentation plugin(s)
2024-12-19 15:22:23.721 +0800	INFO	springfox.documentation.spring.web.scanners.ApiListingReferenceScanner	41	main	Scanning for api listing references
2024-12-19 15:22:23.997 +0800	INFO	org.apache.juli.logging.DirectJDKLog	173	main	Starting ProtocolHandler ["http-nio-80"]
2024-12-19 15:22:24.015 +0800	INFO	org.springframework.boot.StartupInfoLogger	61	main	Started ScoreApplication in 8.0 seconds (JVM running for 10.76)
2024-12-19 15:59:12.895 +0800	INFO	org.springframework.boot.StartupInfoLogger	55	main	Starting ScoreApplication on LAPTOP-HISRR710 with PID 47068 (E:\ScoreSystem\target\classes started by LENOVO in E:\ScoreSystem)
2024-12-19 15:59:12.900 +0800	INFO	org.springframework.boot.SpringApplication	655	main	The following profiles are active: dev
2024-12-19 15:59:14.010 +0800	INFO	org.apache.juli.logging.DirectJDKLog	173	main	Initializing ProtocolHandler ["http-nio-80"]
2024-12-19 15:59:14.010 +0800	INFO	org.apache.juli.logging.DirectJDKLog	173	main	Starting service [Tomcat]
2024-12-19 15:59:14.011 +0800	INFO	org.apache.juli.logging.DirectJDKLog	173	main	Starting Servlet engine: [Apache Tomcat/9.0.27]
2024-12-19 15:59:14.013 +0800	INFO	org.apache.juli.logging.DirectJDKLog	173	main	Loaded APR based Apache Tomcat Native library [1.2.39] using APR version [1.7.4].
2024-12-19 15:59:14.013 +0800	INFO	org.apache.juli.logging.DirectJDKLog	173	main	APR capabilities: IPv6 [true], sendfile [true], accept filters [false], random [true].
2024-12-19 15:59:14.013 +0800	INFO	org.apache.juli.logging.DirectJDKLog	173	main	APR/OpenSSL configuration: useAprConnector [false], useOpenSSL [true]
2024-12-19 15:59:14.017 +0800	INFO	org.apache.juli.logging.DirectJDKLog	173	main	OpenSSL successfully initialized [OpenSSL 3.0.11 19 Sep 2023]
2024-12-19 15:59:14.105 +0800	INFO	org.apache.juli.logging.DirectJDKLog	173	main	Initializing Spring embedded WebApplicationContext
2024-12-19 15:59:14.814 +0800	INFO	springfox.documentation.spring.web.PropertySourcedRequestMappingHandlerMapping	69	main	Mapped URL path [/v2/api-docs] onto method [springfox.documentation.swagger2.web.Swagger2Controller#getDocumentation(String, HttpServletRequest)]
2024-12-19 15:59:15.327 +0800	INFO	springfox.documentation.spring.web.plugins.DocumentationPluginsBootstrapper	160	main	Context refreshed
2024-12-19 15:59:15.340 +0800	INFO	springfox.documentation.spring.web.plugins.DocumentationPluginsBootstrapper	163	main	Found 1 custom documentation plugin(s)
2024-12-19 15:59:15.361 +0800	INFO	springfox.documentation.spring.web.scanners.ApiListingReferenceScanner	41	main	Scanning for api listing references
2024-12-19 15:59:15.558 +0800	INFO	org.apache.juli.logging.DirectJDKLog	173	main	Starting ProtocolHandler ["http-nio-80"]
2024-12-19 15:59:15.577 +0800	INFO	org.springframework.boot.StartupInfoLogger	61	main	Started ScoreApplication in 2.934 seconds (JVM running for 5.227)
2024-12-19 16:00:13.862 +0800	INFO	org.apache.juli.logging.DirectJDKLog	173	http-nio-80-exec-1	Initializing Spring DispatcherServlet 'dispatcherServlet'
2024-12-19 16:00:23.239 +0800	INFO	com.alibaba.druid.pool.DruidDataSource	985	http-nio-80-exec-2	{dataSource-1} inited
2024-12-19 16:00:52.111 +0800	INFO	com.system.assessment.service.Impl.AsyncEmailServiceImpl$EmailProcessor	113	Thread-7	邮件发送成功: to=2339134840@qq.com, subject=评估关系矩阵发布
2024-12-19 16:00:54.287 +0800	INFO	com.system.assessment.service.Impl.AsyncEmailServiceImpl$EmailProcessor	113	Thread-7	邮件发送成功: to=2339134840@qq.com, subject=评估关系矩阵发布
2024-12-19 16:00:56.406 +0800	INFO	com.system.assessment.service.Impl.AsyncEmailServiceImpl$EmailProcessor	113	Thread-7	邮件发送成功: to=user3@example.com, subject=评估关系矩阵发布
2024-12-19 16:00:58.577 +0800	INFO	com.system.assessment.service.Impl.AsyncEmailServiceImpl$EmailProcessor	113	Thread-7	邮件发送成功: to=2339134840@qq.com, subject=评估关系矩阵发布
2024-12-19 16:01:00.675 +0800	INFO	com.system.assessment.service.Impl.AsyncEmailServiceImpl$EmailProcessor	113	Thread-7	邮件发送成功: to=user6@example.com, subject=评估关系矩阵发布
2024-12-19 16:01:03.097 +0800	INFO	com.system.assessment.service.Impl.AsyncEmailServiceImpl$EmailProcessor	113	Thread-7	邮件发送成功: to=user7@example.com, subject=评估关系矩阵发布
2024-12-19 16:01:05.164 +0800	INFO	com.system.assessment.service.Impl.AsyncEmailServiceImpl$EmailProcessor	113	Thread-7	邮件发送成功: to=user8@example.com, subject=评估关系矩阵发布
2024-12-19 16:01:07.208 +0800	INFO	com.system.assessment.service.Impl.AsyncEmailServiceImpl$EmailProcessor	113	Thread-7	邮件发送成功: to=user9@example.com, subject=评估关系矩阵发布
2024-12-19 16:01:09.333 +0800	INFO	com.system.assessment.service.Impl.AsyncEmailServiceImpl$EmailProcessor	113	Thread-7	邮件发送成功: to=user10@example.com, subject=评估关系矩阵发布
2024-12-19 16:01:11.449 +0800	INFO	com.system.assessment.service.Impl.AsyncEmailServiceImpl$EmailProcessor	113	Thread-7	邮件发送成功: to=2339134840@qq.com, subject=评估关系矩阵发布
2024-12-19 16:01:13.554 +0800	INFO	com.system.assessment.service.Impl.AsyncEmailServiceImpl$EmailProcessor	113	Thread-7	邮件发送成功: to=user10@example.com, subject=评估关系矩阵发布
2024-12-19 16:01:15.654 +0800	INFO	com.system.assessment.service.Impl.AsyncEmailServiceImpl$EmailProcessor	113	Thread-7	邮件发送成功: to=user10@example.com, subject=评估关系矩阵发布
2024-12-19 16:02:37.177 +0800	INFO	com.system.assessment.service.Impl.AsyncEmailServiceImpl$EmailProcessor	113	Thread-7	邮件发送成功: to=2339134840@qq.com, subject=你好！您在本轮的评估打分已被管理员驳回。驳回理由如下:<不好>。请您重新完成打分任务！
2024-12-19 20:56:29.067 +0800	INFO	org.springframework.boot.StartupInfoLogger	55	main	Starting ScoreApplicationTests on LAPTOP-HISRR710 with PID 32240 (started by LENOVO in E:\ScoreSystem)
2024-12-19 20:56:29.161 +0800	INFO	org.springframework.boot.SpringApplication	655	main	The following profiles are active: dev
2024-12-19 20:56:46.151 +0800	INFO	springfox.documentation.spring.web.PropertySourcedRequestMappingHandlerMapping	69	main	Mapped URL path [/v2/api-docs] onto method [springfox.documentation.swagger2.web.Swagger2Controller#getDocumentation(String, HttpServletRequest)]
2024-12-19 20:56:54.349 +0800	INFO	springfox.documentation.spring.web.plugins.DocumentationPluginsBootstrapper	160	main	Context refreshed
2024-12-19 20:56:54.601 +0800	INFO	springfox.documentation.spring.web.plugins.DocumentationPluginsBootstrapper	163	main	Found 1 custom documentation plugin(s)
2024-12-19 20:56:54.654 +0800	INFO	springfox.documentation.spring.web.scanners.ApiListingReferenceScanner	41	main	Scanning for api listing references
2024-12-19 20:56:55.520 +0800	INFO	org.springframework.boot.StartupInfoLogger	61	main	Started ScoreApplicationTests in 27.718 seconds (JVM running for 31.439)
2024-12-19 20:56:57.139 +0800	INFO	com.alibaba.druid.pool.DruidDataSource	2032	SpringContextShutdownHook	{dataSource-0} closing ...
2024-12-19 20:59:19.542 +0800	INFO	org.springframework.boot.StartupInfoLogger	55	main	Starting ScoreApplication on LAPTOP-HISRR710 with PID 35220 (E:\ScoreSystem\target\classes started by LENOVO in E:\ScoreSystem)
2024-12-19 20:59:19.549 +0800	INFO	org.springframework.boot.SpringApplication	655	main	The following profiles are active: dev
2024-12-19 20:59:20.760 +0800	INFO	org.apache.juli.logging.DirectJDKLog	173	main	Initializing ProtocolHandler ["http-nio-80"]
2024-12-19 20:59:20.760 +0800	INFO	org.apache.juli.logging.DirectJDKLog	173	main	Starting service [Tomcat]
2024-12-19 20:59:20.761 +0800	INFO	org.apache.juli.logging.DirectJDKLog	173	main	Starting Servlet engine: [Apache Tomcat/9.0.27]
2024-12-19 20:59:20.762 +0800	INFO	org.apache.juli.logging.DirectJDKLog	173	main	Loaded APR based Apache Tomcat Native library [1.2.39] using APR version [1.7.4].
2024-12-19 20:59:20.762 +0800	INFO	org.apache.juli.logging.DirectJDKLog	173	main	APR capabilities: IPv6 [true], sendfile [true], accept filters [false], random [true].
2024-12-19 20:59:20.762 +0800	INFO	org.apache.juli.logging.DirectJDKLog	173	main	APR/OpenSSL configuration: useAprConnector [false], useOpenSSL [true]
2024-12-19 20:59:21.004 +0800	INFO	org.apache.juli.logging.DirectJDKLog	173	main	OpenSSL successfully initialized [OpenSSL 3.0.11 19 Sep 2023]
2024-12-19 20:59:21.093 +0800	INFO	org.apache.juli.logging.DirectJDKLog	173	main	Initializing Spring embedded WebApplicationContext
2024-12-19 20:59:21.766 +0800	INFO	springfox.documentation.spring.web.PropertySourcedRequestMappingHandlerMapping	69	main	Mapped URL path [/v2/api-docs] onto method [springfox.documentation.swagger2.web.Swagger2Controller#getDocumentation(String, HttpServletRequest)]
2024-12-19 20:59:22.262 +0800	INFO	springfox.documentation.spring.web.plugins.DocumentationPluginsBootstrapper	160	main	Context refreshed
2024-12-19 20:59:22.274 +0800	INFO	springfox.documentation.spring.web.plugins.DocumentationPluginsBootstrapper	163	main	Found 1 custom documentation plugin(s)
2024-12-19 20:59:22.297 +0800	INFO	springfox.documentation.spring.web.scanners.ApiListingReferenceScanner	41	main	Scanning for api listing references
2024-12-19 20:59:22.490 +0800	INFO	org.apache.juli.logging.DirectJDKLog	173	main	Starting ProtocolHandler ["http-nio-80"]
2024-12-19 20:59:22.507 +0800	INFO	org.springframework.boot.StartupInfoLogger	61	main	Started ScoreApplication in 3.238 seconds (JVM running for 5.582)
2024-12-19 21:03:18.642 +0800	INFO	org.springframework.boot.StartupInfoLogger	55	main	Starting ScoreApplicationTests on LAPTOP-HISRR710 with PID 34828 (started by LENOVO in E:\ScoreSystem)
2024-12-19 21:03:18.649 +0800	INFO	org.springframework.boot.SpringApplication	655	main	The following profiles are active: dev
2024-12-19 21:03:21.335 +0800	INFO	springfox.documentation.spring.web.PropertySourcedRequestMappingHandlerMapping	69	main	Mapped URL path [/v2/api-docs] onto method [springfox.documentation.swagger2.web.Swagger2Controller#getDocumentation(String, HttpServletRequest)]
2024-12-19 21:03:22.501 +0800	INFO	springfox.documentation.spring.web.plugins.DocumentationPluginsBootstrapper	160	main	Context refreshed
2024-12-19 21:03:22.529 +0800	INFO	springfox.documentation.spring.web.plugins.DocumentationPluginsBootstrapper	163	main	Found 1 custom documentation plugin(s)
2024-12-19 21:03:22.563 +0800	INFO	springfox.documentation.spring.web.scanners.ApiListingReferenceScanner	41	main	Scanning for api listing references
2024-12-19 21:03:23.015 +0800	INFO	org.springframework.boot.StartupInfoLogger	61	main	Started ScoreApplicationTests in 4.592 seconds (JVM running for 7.011)
2024-12-19 21:03:23.554 +0800	INFO	com.alibaba.druid.pool.DruidDataSource	2032	SpringContextShutdownHook	{dataSource-0} closing ...
2024-12-19 21:06:32.916 +0800	INFO	org.springframework.boot.StartupInfoLogger	55	main	Starting ScoreApplication on LAPTOP-HISRR710 with PID 34592 (E:\ScoreSystem\target\classes started by LENOVO in E:\ScoreSystem)
2024-12-19 21:06:32.923 +0800	INFO	org.springframework.boot.SpringApplication	655	main	The following profiles are active: dev
2024-12-19 21:06:34.060 +0800	INFO	org.apache.juli.logging.DirectJDKLog	173	main	Initializing ProtocolHandler ["http-nio-80"]
2024-12-19 21:06:34.061 +0800	INFO	org.apache.juli.logging.DirectJDKLog	173	main	Starting service [Tomcat]
2024-12-19 21:06:34.061 +0800	INFO	org.apache.juli.logging.DirectJDKLog	173	main	Starting Servlet engine: [Apache Tomcat/9.0.27]
2024-12-19 21:06:34.063 +0800	INFO	org.apache.juli.logging.DirectJDKLog	173	main	Loaded APR based Apache Tomcat Native library [1.2.39] using APR version [1.7.4].
2024-12-19 21:06:34.063 +0800	INFO	org.apache.juli.logging.DirectJDKLog	173	main	APR capabilities: IPv6 [true], sendfile [true], accept filters [false], random [true].
2024-12-19 21:06:34.063 +0800	INFO	org.apache.juli.logging.DirectJDKLog	173	main	APR/OpenSSL configuration: useAprConnector [false], useOpenSSL [true]
2024-12-19 21:06:34.068 +0800	INFO	org.apache.juli.logging.DirectJDKLog	173	main	OpenSSL successfully initialized [OpenSSL 3.0.11 19 Sep 2023]
2024-12-19 21:06:34.157 +0800	INFO	org.apache.juli.logging.DirectJDKLog	173	main	Initializing Spring embedded WebApplicationContext
2024-12-19 21:06:34.864 +0800	INFO	springfox.documentation.spring.web.PropertySourcedRequestMappingHandlerMapping	69	main	Mapped URL path [/v2/api-docs] onto method [springfox.documentation.swagger2.web.Swagger2Controller#getDocumentation(String, HttpServletRequest)]
2024-12-19 21:06:35.410 +0800	INFO	springfox.documentation.spring.web.plugins.DocumentationPluginsBootstrapper	160	main	Context refreshed
2024-12-19 21:06:35.423 +0800	INFO	springfox.documentation.spring.web.plugins.DocumentationPluginsBootstrapper	163	main	Found 1 custom documentation plugin(s)
2024-12-19 21:06:35.446 +0800	INFO	springfox.documentation.spring.web.scanners.ApiListingReferenceScanner	41	main	Scanning for api listing references
2024-12-19 21:06:35.662 +0800	INFO	org.apache.juli.logging.DirectJDKLog	173	main	Starting ProtocolHandler ["http-nio-80"]
2024-12-19 21:06:35.679 +0800	INFO	org.springframework.boot.StartupInfoLogger	61	main	Started ScoreApplication in 3.018 seconds (JVM running for 5.37)
2024-12-19 21:07:08.729 +0800	INFO	org.springframework.boot.StartupInfoLogger	55	main	Starting ScoreApplicationTests on LAPTOP-HISRR710 with PID 40984 (started by LENOVO in E:\ScoreSystem)
2024-12-19 21:07:08.736 +0800	INFO	org.springframework.boot.SpringApplication	655	main	The following profiles are active: dev
2024-12-19 21:07:12.645 +0800	INFO	springfox.documentation.spring.web.PropertySourcedRequestMappingHandlerMapping	69	main	Mapped URL path [/v2/api-docs] onto method [springfox.documentation.swagger2.web.Swagger2Controller#getDocumentation(String, HttpServletRequest)]
2024-12-19 21:07:14.058 +0800	INFO	springfox.documentation.spring.web.plugins.DocumentationPluginsBootstrapper	160	main	Context refreshed
2024-12-19 21:07:14.091 +0800	INFO	springfox.documentation.spring.web.plugins.DocumentationPluginsBootstrapper	163	main	Found 1 custom documentation plugin(s)
2024-12-19 21:07:14.128 +0800	INFO	springfox.documentation.spring.web.scanners.ApiListingReferenceScanner	41	main	Scanning for api listing references
2024-12-19 21:07:14.632 +0800	INFO	org.springframework.boot.StartupInfoLogger	61	main	Started ScoreApplicationTests in 6.134 seconds (JVM running for 8.559)
2024-12-19 21:07:15.867 +0800	INFO	com.alibaba.druid.pool.DruidDataSource	2032	SpringContextShutdownHook	{dataSource-0} closing ...
2024-12-19 21:15:32.082 +0800	INFO	org.springframework.boot.StartupInfoLogger	55	main	Starting ScoreApplicationTests on LAPTOP-HISRR710 with PID 37040 (started by LENOVO in E:\ScoreSystem)
2024-12-19 21:15:32.090 +0800	INFO	org.springframework.boot.SpringApplication	655	main	The following profiles are active: dev
2024-12-19 21:15:36.053 +0800	INFO	springfox.documentation.spring.web.PropertySourcedRequestMappingHandlerMapping	69	main	Mapped URL path [/v2/api-docs] onto method [springfox.documentation.swagger2.web.Swagger2Controller#getDocumentation(String, HttpServletRequest)]
2024-12-19 21:15:37.480 +0800	INFO	springfox.documentation.spring.web.plugins.DocumentationPluginsBootstrapper	160	main	Context refreshed
2024-12-19 21:15:37.545 +0800	INFO	springfox.documentation.spring.web.plugins.DocumentationPluginsBootstrapper	163	main	Found 1 custom documentation plugin(s)
2024-12-19 21:15:37.582 +0800	INFO	springfox.documentation.spring.web.scanners.ApiListingReferenceScanner	41	main	Scanning for api listing references
2024-12-19 21:15:38.050 +0800	INFO	org.springframework.boot.StartupInfoLogger	61	main	Started ScoreApplicationTests in 6.2 seconds (JVM running for 8.701)
2024-12-19 21:15:38.589 +0800	INFO	com.alibaba.druid.pool.DruidDataSource	2032	SpringContextShutdownHook	{dataSource-0} closing ...
2024-12-19 21:22:23.028 +0800	INFO	org.springframework.boot.StartupInfoLogger	55	main	Starting ScoreApplicationTests on LAPTOP-HISRR710 with PID 45068 (started by LENOVO in E:\ScoreSystem)
2024-12-19 21:22:23.035 +0800	INFO	org.springframework.boot.SpringApplication	655	main	The following profiles are active: dev
2024-12-19 21:22:26.200 +0800	INFO	springfox.documentation.spring.web.PropertySourcedRequestMappingHandlerMapping	69	main	Mapped URL path [/v2/api-docs] onto method [springfox.documentation.swagger2.web.Swagger2Controller#getDocumentation(String, HttpServletRequest)]
2024-12-19 21:22:27.436 +0800	INFO	springfox.documentation.spring.web.plugins.DocumentationPluginsBootstrapper	160	main	Context refreshed
2024-12-19 21:22:27.505 +0800	INFO	springfox.documentation.spring.web.plugins.DocumentationPluginsBootstrapper	163	main	Found 1 custom documentation plugin(s)
2024-12-19 21:22:27.560 +0800	INFO	springfox.documentation.spring.web.scanners.ApiListingReferenceScanner	41	main	Scanning for api listing references
2024-12-19 21:22:28.040 +0800	INFO	org.springframework.boot.StartupInfoLogger	61	main	Started ScoreApplicationTests in 5.235 seconds (JVM running for 7.609)
2024-12-19 21:22:28.544 +0800	INFO	com.alibaba.druid.pool.DruidDataSource	2032	SpringContextShutdownHook	{dataSource-0} closing ...
