2025-02-26 15:31:03.609 +0800	INFO	org.springframework.boot.StartupInfoLogger	55	main	Starting ScoreApplication on LAPTOP-HISRR710 with PID 13556 (E:\ScoreSystem\target\classes started by LENOVO in E:\ScoreSystem)
2025-02-26 15:31:03.693 +0800	INFO	org.springframework.boot.SpringApplication	655	main	The following profiles are active: dev
2025-02-26 15:31:18.328 +0800	INFO	org.apache.juli.logging.DirectJDKLog	173	main	Initializing ProtocolHandler ["http-nio-80"]
2025-02-26 15:31:18.329 +0800	INFO	org.apache.juli.logging.DirectJDKLog	173	main	Starting service [Tomcat]
2025-02-26 15:31:18.329 +0800	INFO	org.apache.juli.logging.DirectJDKLog	173	main	Starting Servlet engine: [Apache Tomcat/9.0.27]
2025-02-26 15:31:18.331 +0800	INFO	org.apache.juli.logging.DirectJDKLog	173	main	Loaded APR based Apache Tomcat Native library [1.2.39] using APR version [1.7.4].
2025-02-26 15:31:18.332 +0800	INFO	org.apache.juli.logging.DirectJDKLog	173	main	APR capabilities: IPv6 [true], sendfile [true], accept filters [false], random [true].
2025-02-26 15:31:18.332 +0800	INFO	org.apache.juli.logging.DirectJDKLog	173	main	APR/OpenSSL configuration: useAprConnector [false], useOpenSSL [true]
2025-02-26 15:31:18.591 +0800	INFO	org.apache.juli.logging.DirectJDKLog	173	main	OpenSSL successfully initialized [OpenSSL 3.0.11 19 Sep 2023]
2025-02-26 15:31:18.756 +0800	INFO	org.apache.juli.logging.DirectJDKLog	173	main	Initializing Spring embedded WebApplicationContext
2025-02-26 15:31:21.245 +0800	INFO	springfox.documentation.spring.web.PropertySourcedRequestMappingHandlerMapping	69	main	Mapped URL path [/v2/api-docs] onto method [springfox.documentation.swagger2.web.Swagger2Controller#getDocumentation(String, HttpServletRequest)]
2025-02-26 15:31:23.550 +0800	INFO	springfox.documentation.spring.web.plugins.DocumentationPluginsBootstrapper	160	main	Context refreshed
2025-02-26 15:31:23.740 +0800	INFO	springfox.documentation.spring.web.plugins.DocumentationPluginsBootstrapper	163	main	Found 1 custom documentation plugin(s)
2025-02-26 15:31:23.824 +0800	INFO	springfox.documentation.spring.web.scanners.ApiListingReferenceScanner	41	main	Scanning for api listing references
2025-02-26 15:31:24.288 +0800	INFO	springfox.documentation.spring.web.readers.operation.CachingOperationNameGenerator	40	main	Generating unique operation named: exportExcelUsingGET_1
2025-02-26 15:31:24.358 +0800	INFO	org.apache.juli.logging.DirectJDKLog	173	main	Starting ProtocolHandler ["http-nio-80"]
2025-02-26 15:31:24.396 +0800	INFO	org.springframework.boot.StartupInfoLogger	61	main	Started ScoreApplication in 23.794 seconds (JVM running for 30.571)
2025-02-26 15:31:57.955 +0800	INFO	org.apache.juli.logging.DirectJDKLog	173	http-nio-80-exec-1	Initializing Spring DispatcherServlet 'dispatcherServlet'
2025-02-26 15:32:01.742 +0800	INFO	com.alibaba.druid.pool.DruidDataSource	985	http-nio-80-exec-3	{dataSource-1} inited
2025-02-26 15:33:25.371 +0800	INFO	com.system.assessment.service.Impl.RelationshipServiceImpl	319	http-nio-80-exec-5	导入成功!
2025-02-26 15:33:25.780 +0800	INFO	com.system.assessment.service.Impl.RelationshipServiceImpl	319	http-nio-80-exec-5	Arvin/000导入成功!
2025-02-26 15:33:26.898 +0800	INFO	com.system.assessment.service.Impl.RelationshipServiceImpl	319	http-nio-80-exec-5	Fisher/033导入成功!
2025-02-26 15:33:27.545 +0800	INFO	com.system.assessment.service.Impl.RelationshipServiceImpl	319	http-nio-80-exec-5	wilson/002导入成功!
2025-02-26 15:33:28.620 +0800	INFO	com.system.assessment.service.Impl.RelationshipServiceImpl	319	http-nio-80-exec-5	Jimmy/003导入成功!
2025-02-26 15:33:29.946 +0800	INFO	com.system.assessment.service.Impl.RelationshipServiceImpl	319	http-nio-80-exec-5	Lemon/004导入成功!
2025-02-26 15:33:31.269 +0800	INFO	com.system.assessment.service.Impl.RelationshipServiceImpl	319	http-nio-80-exec-5	Webb/005导入成功!
2025-02-26 15:33:31.909 +0800	INFO	com.system.assessment.service.Impl.RelationshipServiceImpl	319	http-nio-80-exec-5	Donny/007导入成功!
2025-02-26 15:33:33.010 +0800	INFO	com.system.assessment.service.Impl.RelationshipServiceImpl	319	http-nio-80-exec-5	Eric/008导入成功!
2025-02-26 15:33:34.079 +0800	INFO	com.system.assessment.service.Impl.RelationshipServiceImpl	319	http-nio-80-exec-5	test1/009导入成功!
2025-02-26 15:33:35.193 +0800	INFO	com.system.assessment.service.Impl.RelationshipServiceImpl	319	http-nio-80-exec-5	test2/010导入成功!
2025-02-26 15:33:36.288 +0800	INFO	com.system.assessment.service.Impl.RelationshipServiceImpl	319	http-nio-80-exec-5	test3/011导入成功!
2025-02-26 15:33:36.369 +0800	ERROR	com.system.assessment.service.Impl.ExcelServiceImpl	604	http-nio-80-exec-5	用户test4-012不存在!
2025-02-26 15:33:36.518 +0800	ERROR	com.system.assessment.service.Impl.RelationshipServiceImpl	322	http-nio-80-exec-5	test4/012导入失败!
2025-02-26 15:33:36.598 +0800	ERROR	com.system.assessment.service.Impl.ExcelServiceImpl	604	http-nio-80-exec-5	用户test5-013不存在!
2025-02-26 15:33:36.722 +0800	ERROR	com.system.assessment.service.Impl.RelationshipServiceImpl	322	http-nio-80-exec-5	test5/013导入失败!
2025-02-26 15:33:36.805 +0800	ERROR	com.system.assessment.service.Impl.ExcelServiceImpl	604	http-nio-80-exec-5	用户test6-014不存在!
2025-02-26 15:33:36.938 +0800	ERROR	com.system.assessment.service.Impl.RelationshipServiceImpl	322	http-nio-80-exec-5	test6/014导入失败!
