2025-01-06 15:16:36.050 +0800	INFO	org.springframework.boot.StartupInfoLogger	55	main	Starting ScoreApplication on LAPTOP-HISRR710 with PID 63204 (E:\ScoreSystem\target\classes started by LENOVO in E:\ScoreSystem)
2025-01-06 15:16:36.062 +0800	INFO	org.springframework.boot.SpringApplication	655	main	The following profiles are active: dev
2025-01-06 15:16:38.541 +0800	INFO	org.apache.juli.logging.DirectJDKLog	173	main	Initializing ProtocolHandler ["http-nio-80"]
2025-01-06 15:16:38.541 +0800	INFO	org.apache.juli.logging.DirectJDKLog	173	main	Starting service [Tomcat]
2025-01-06 15:16:38.542 +0800	INFO	org.apache.juli.logging.DirectJDKLog	173	main	Starting Servlet engine: [Apache Tomcat/9.0.27]
2025-01-06 15:16:38.565 +0800	INFO	org.apache.juli.logging.DirectJDKLog	173	main	Loaded APR based Apache Tomcat Native library [1.2.39] using APR version [1.7.4].
2025-01-06 15:16:38.565 +0800	INFO	org.apache.juli.logging.DirectJDKLog	173	main	APR capabilities: IPv6 [true], sendfile [true], accept filters [false], random [true].
2025-01-06 15:16:38.566 +0800	INFO	org.apache.juli.logging.DirectJDKLog	173	main	APR/OpenSSL configuration: useAprConnector [false], useOpenSSL [true]
2025-01-06 15:16:38.634 +0800	INFO	org.apache.juli.logging.DirectJDKLog	173	main	OpenSSL successfully initialized [OpenSSL 3.0.11 19 Sep 2023]
2025-01-06 15:16:38.730 +0800	INFO	org.apache.juli.logging.DirectJDKLog	173	main	Initializing Spring embedded WebApplicationContext
2025-01-06 15:16:40.046 +0800	INFO	springfox.documentation.spring.web.PropertySourcedRequestMappingHandlerMapping	69	main	Mapped URL path [/v2/api-docs] onto method [springfox.documentation.swagger2.web.Swagger2Controller#getDocumentation(String, HttpServletRequest)]
2025-01-06 15:16:40.694 +0800	INFO	springfox.documentation.spring.web.plugins.DocumentationPluginsBootstrapper	160	main	Context refreshed
2025-01-06 15:16:40.717 +0800	INFO	springfox.documentation.spring.web.plugins.DocumentationPluginsBootstrapper	163	main	Found 1 custom documentation plugin(s)
2025-01-06 15:16:40.742 +0800	INFO	springfox.documentation.spring.web.scanners.ApiListingReferenceScanner	41	main	Scanning for api listing references
2025-01-06 15:16:40.948 +0800	INFO	org.apache.juli.logging.DirectJDKLog	173	main	Starting ProtocolHandler ["http-nio-80"]
2025-01-06 15:16:40.966 +0800	INFO	org.springframework.boot.StartupInfoLogger	61	main	Started ScoreApplication in 5.355 seconds (JVM running for 7.603)
2025-01-06 15:17:08.538 +0800	INFO	org.springframework.boot.StartupInfoLogger	55	main	Starting ScoreApplication on LAPTOP-HISRR710 with PID 54904 (E:\ScoreSystem\target\classes started by LENOVO in E:\ScoreSystem)
2025-01-06 15:17:08.544 +0800	INFO	org.springframework.boot.SpringApplication	655	main	The following profiles are active: dev
2025-01-06 15:17:09.660 +0800	INFO	org.apache.juli.logging.DirectJDKLog	173	main	Initializing ProtocolHandler ["http-nio-80"]
2025-01-06 15:17:09.661 +0800	INFO	org.apache.juli.logging.DirectJDKLog	173	main	Starting service [Tomcat]
2025-01-06 15:17:09.661 +0800	INFO	org.apache.juli.logging.DirectJDKLog	173	main	Starting Servlet engine: [Apache Tomcat/9.0.27]
2025-01-06 15:17:09.662 +0800	INFO	org.apache.juli.logging.DirectJDKLog	173	main	Loaded APR based Apache Tomcat Native library [1.2.39] using APR version [1.7.4].
2025-01-06 15:17:09.663 +0800	INFO	org.apache.juli.logging.DirectJDKLog	173	main	APR capabilities: IPv6 [true], sendfile [true], accept filters [false], random [true].
2025-01-06 15:17:09.663 +0800	INFO	org.apache.juli.logging.DirectJDKLog	173	main	APR/OpenSSL configuration: useAprConnector [false], useOpenSSL [true]
2025-01-06 15:17:09.667 +0800	INFO	org.apache.juli.logging.DirectJDKLog	173	main	OpenSSL successfully initialized [OpenSSL 3.0.11 19 Sep 2023]
2025-01-06 15:17:09.768 +0800	INFO	org.apache.juli.logging.DirectJDKLog	173	main	Initializing Spring embedded WebApplicationContext
2025-01-06 15:17:10.493 +0800	INFO	springfox.documentation.spring.web.PropertySourcedRequestMappingHandlerMapping	69	main	Mapped URL path [/v2/api-docs] onto method [springfox.documentation.swagger2.web.Swagger2Controller#getDocumentation(String, HttpServletRequest)]
2025-01-06 15:17:11.004 +0800	INFO	springfox.documentation.spring.web.plugins.DocumentationPluginsBootstrapper	160	main	Context refreshed
2025-01-06 15:17:11.017 +0800	INFO	springfox.documentation.spring.web.plugins.DocumentationPluginsBootstrapper	163	main	Found 1 custom documentation plugin(s)
2025-01-06 15:17:11.039 +0800	INFO	springfox.documentation.spring.web.scanners.ApiListingReferenceScanner	41	main	Scanning for api listing references
2025-01-06 15:17:11.240 +0800	INFO	org.apache.juli.logging.DirectJDKLog	173	main	Starting ProtocolHandler ["http-nio-80"]
2025-01-06 15:17:11.257 +0800	INFO	org.springframework.boot.StartupInfoLogger	61	main	Started ScoreApplication in 2.968 seconds (JVM running for 5.163)
2025-01-06 15:18:41.095 +0800	INFO	org.springframework.boot.StartupInfoLogger	55	main	Starting ScoreApplication on LAPTOP-HISRR710 with PID 57300 (E:\ScoreSystem\target\classes started by LENOVO in E:\ScoreSystem)
2025-01-06 15:18:41.101 +0800	INFO	org.springframework.boot.SpringApplication	655	main	The following profiles are active: dev
2025-01-06 15:18:42.153 +0800	INFO	org.apache.juli.logging.DirectJDKLog	173	main	Initializing ProtocolHandler ["http-nio-80"]
2025-01-06 15:18:42.154 +0800	INFO	org.apache.juli.logging.DirectJDKLog	173	main	Starting service [Tomcat]
2025-01-06 15:18:42.154 +0800	INFO	org.apache.juli.logging.DirectJDKLog	173	main	Starting Servlet engine: [Apache Tomcat/9.0.27]
2025-01-06 15:18:42.155 +0800	INFO	org.apache.juli.logging.DirectJDKLog	173	main	Loaded APR based Apache Tomcat Native library [1.2.39] using APR version [1.7.4].
2025-01-06 15:18:42.156 +0800	INFO	org.apache.juli.logging.DirectJDKLog	173	main	APR capabilities: IPv6 [true], sendfile [true], accept filters [false], random [true].
2025-01-06 15:18:42.156 +0800	INFO	org.apache.juli.logging.DirectJDKLog	173	main	APR/OpenSSL configuration: useAprConnector [false], useOpenSSL [true]
2025-01-06 15:18:42.160 +0800	INFO	org.apache.juli.logging.DirectJDKLog	173	main	OpenSSL successfully initialized [OpenSSL 3.0.11 19 Sep 2023]
2025-01-06 15:18:42.287 +0800	INFO	org.apache.juli.logging.DirectJDKLog	173	main	Initializing Spring embedded WebApplicationContext
2025-01-06 15:18:42.985 +0800	INFO	springfox.documentation.spring.web.PropertySourcedRequestMappingHandlerMapping	69	main	Mapped URL path [/v2/api-docs] onto method [springfox.documentation.swagger2.web.Swagger2Controller#getDocumentation(String, HttpServletRequest)]
2025-01-06 15:18:43.498 +0800	INFO	springfox.documentation.spring.web.plugins.DocumentationPluginsBootstrapper	160	main	Context refreshed
2025-01-06 15:18:43.511 +0800	INFO	springfox.documentation.spring.web.plugins.DocumentationPluginsBootstrapper	163	main	Found 1 custom documentation plugin(s)
2025-01-06 15:18:43.534 +0800	INFO	springfox.documentation.spring.web.scanners.ApiListingReferenceScanner	41	main	Scanning for api listing references
2025-01-06 15:18:43.756 +0800	INFO	org.apache.juli.logging.DirectJDKLog	173	main	Starting ProtocolHandler ["http-nio-80"]
2025-01-06 15:18:43.773 +0800	INFO	org.springframework.boot.StartupInfoLogger	61	main	Started ScoreApplication in 2.925 seconds (JVM running for 5.181)
2025-01-06 15:18:56.495 +0800	INFO	org.apache.juli.logging.DirectJDKLog	173	http-nio-80-exec-1	Initializing Spring DispatcherServlet 'dispatcherServlet'
2025-01-06 15:18:59.057 +0800	INFO	com.alibaba.druid.pool.DruidDataSource	985	http-nio-80-exec-9	{dataSource-1} inited
2025-01-06 15:19:13.686 +0800	ERROR	com.system.assessment.service.Impl.UserServiceImpl	161	http-nio-80-exec-8	Rock导入失败!
2025-01-06 15:19:13.942 +0800	ERROR	com.system.assessment.service.Impl.UserServiceImpl	161	http-nio-80-exec-8	Jack导入失败!
2025-01-06 15:19:14.626 +0800	ERROR	com.system.assessment.service.Impl.UserServiceImpl	161	http-nio-80-exec-8	Fisher导入失败!
2025-01-06 15:19:14.884 +0800	ERROR	com.system.assessment.service.Impl.UserServiceImpl	161	http-nio-80-exec-8	wilson导入失败!
2025-01-06 15:19:15.396 +0800	ERROR	com.system.assessment.service.Impl.UserServiceImpl	161	http-nio-80-exec-8	Jimmy导入失败!
2025-01-06 15:19:16.033 +0800	ERROR	com.system.assessment.service.Impl.UserServiceImpl	161	http-nio-80-exec-8	Lemon导入失败!
2025-01-06 15:19:16.265 +0800	ERROR	com.system.assessment.service.Impl.UserServiceImpl	161	http-nio-80-exec-8	Webb导入失败!
2025-01-06 15:19:16.655 +0800	ERROR	com.system.assessment.service.Impl.UserServiceImpl	161	http-nio-80-exec-8	Donny导入失败!
2025-01-06 15:19:17.365 +0800	ERROR	com.system.assessment.service.Impl.UserServiceImpl	161	http-nio-80-exec-8	Eric导入失败!
2025-01-06 15:21:38.296 +0800	WARN	com.alibaba.druid.pool.DruidAbstractDataSource	1489	http-nio-80-exec-10	discard long time none received connection. , jdbcUrl : jdbc:mysql://47.109.39.210/company_score?useUnicode=true&characterEncoding=utf-8&useSSL=false&serverTimezone=CTT&serverTimezone=GMT%2B8&allowPublicKeyRetrieval=true&useSSL=false, version : 1.2.3, lastPacketReceivedIdleMillis : 140810
2025-01-06 15:21:38.340 +0800	WARN	com.alibaba.druid.pool.DruidAbstractDataSource	1489	http-nio-80-exec-10	discard long time none received connection. , jdbcUrl : jdbc:mysql://47.109.39.210/company_score?useUnicode=true&characterEncoding=utf-8&useSSL=false&serverTimezone=CTT&serverTimezone=GMT%2B8&allowPublicKeyRetrieval=true&useSSL=false, version : 1.2.3, lastPacketReceivedIdleMillis : 155061
2025-01-06 15:21:42.921 +0800	ERROR	com.system.assessment.service.Impl.UserServiceImpl	161	http-nio-80-exec-10	Rock导入失败!
2025-01-06 15:21:43.163 +0800	ERROR	com.system.assessment.service.Impl.UserServiceImpl	161	http-nio-80-exec-10	Jack导入失败!
2025-01-06 15:21:43.808 +0800	ERROR	com.system.assessment.service.Impl.UserServiceImpl	161	http-nio-80-exec-10	Fisher导入失败!
2025-01-06 15:21:44.216 +0800	ERROR	com.system.assessment.service.Impl.UserServiceImpl	161	http-nio-80-exec-10	wilson导入失败!
2025-01-06 15:21:44.980 +0800	ERROR	com.system.assessment.service.Impl.UserServiceImpl	161	http-nio-80-exec-10	Jimmy导入失败!
2025-01-06 15:21:45.769 +0800	ERROR	com.system.assessment.service.Impl.UserServiceImpl	161	http-nio-80-exec-10	Lemon导入失败!
2025-01-06 15:21:46.517 +0800	ERROR	com.system.assessment.service.Impl.UserServiceImpl	161	http-nio-80-exec-10	Webb导入失败!
2025-01-06 15:21:46.885 +0800	ERROR	com.system.assessment.service.Impl.UserServiceImpl	161	http-nio-80-exec-10	Donny导入失败!
2025-01-06 15:21:47.543 +0800	ERROR	com.system.assessment.service.Impl.UserServiceImpl	161	http-nio-80-exec-10	Eric导入失败!
2025-01-06 15:24:08.466 +0800	ERROR	com.system.assessment.service.Impl.AsyncEmailServiceImpl$EmailProcessor	176	Thread-7	发送邮件时发生未知错误: Authentication failed; nested exception is javax.mail.AuthenticationFailedException: 535 Error: authentication failed, system busy

2025-01-06 15:24:08.467 +0800	INFO	com.system.assessment.service.Impl.AsyncEmailServiceImpl$EmailProcessor	129	Thread-7	邮件发送失败，已重新加入队列: to=2339134840@qq.com, subject=评估关系矩阵发布, retryCount=1
2025-01-06 15:24:11.089 +0800	ERROR	com.system.assessment.service.Impl.AsyncEmailServiceImpl$EmailProcessor	176	Thread-7	发送邮件时发生未知错误: Authentication failed; nested exception is javax.mail.AuthenticationFailedException: 535 Error: authentication failed, system busy

2025-01-06 15:24:11.089 +0800	INFO	com.system.assessment.service.Impl.AsyncEmailServiceImpl$EmailProcessor	129	Thread-7	邮件发送失败，已重新加入队列: to=2339134840@qq.com, subject=评估关系矩阵发布, retryCount=1
2025-01-06 15:24:13.724 +0800	ERROR	com.system.assessment.service.Impl.AsyncEmailServiceImpl$EmailProcessor	176	Thread-7	发送邮件时发生未知错误: Authentication failed; nested exception is javax.mail.AuthenticationFailedException: 535 Error: authentication failed, system busy

2025-01-06 15:24:13.724 +0800	INFO	com.system.assessment.service.Impl.AsyncEmailServiceImpl$EmailProcessor	129	Thread-7	邮件发送失败，已重新加入队列: to=2339134840@qq.com, subject=评估关系矩阵发布, retryCount=2
2025-01-06 15:24:17.382 +0800	ERROR	com.system.assessment.service.Impl.AsyncEmailServiceImpl$EmailProcessor	176	Thread-7	发送邮件时发生未知错误: Authentication failed; nested exception is javax.mail.AuthenticationFailedException: 535 Error: authentication failed, system busy

2025-01-06 15:24:17.382 +0800	INFO	com.system.assessment.service.Impl.AsyncEmailServiceImpl$EmailProcessor	129	Thread-7	邮件发送失败，已重新加入队列: to=2339134840@qq.com, subject=评估关系矩阵发布, retryCount=2
2025-01-06 15:24:21.011 +0800	ERROR	com.system.assessment.service.Impl.AsyncEmailServiceImpl$EmailProcessor	176	Thread-7	发送邮件时发生未知错误: Authentication failed; nested exception is javax.mail.AuthenticationFailedException: 535 Error: authentication failed, system busy

2025-01-06 15:24:21.012 +0800	INFO	com.system.assessment.service.Impl.AsyncEmailServiceImpl$EmailProcessor	129	Thread-7	邮件发送失败，已重新加入队列: to=2339134840@qq.com, subject=评估关系矩阵发布, retryCount=3
2025-01-06 15:24:24.576 +0800	ERROR	com.system.assessment.service.Impl.AsyncEmailServiceImpl$EmailProcessor	176	Thread-7	发送邮件时发生未知错误: Authentication failed; nested exception is javax.mail.AuthenticationFailedException: 550 auth frequency limit

2025-01-06 15:24:24.577 +0800	INFO	com.system.assessment.service.Impl.AsyncEmailServiceImpl$EmailProcessor	129	Thread-7	邮件发送失败，已重新加入队列: to=2339134840@qq.com, subject=评估关系矩阵发布, retryCount=3
2025-01-06 15:24:29.277 +0800	ERROR	com.system.assessment.service.Impl.AsyncEmailServiceImpl$EmailProcessor	176	Thread-7	发送邮件时发生未知错误: Authentication failed; nested exception is javax.mail.AuthenticationFailedException: 535 Error: authentication failed, system busy

2025-01-06 15:24:29.277 +0800	ERROR	com.system.assessment.service.Impl.AsyncEmailServiceImpl$EmailProcessor	134	Thread-7	邮件发送失败，达到最大重试次数，放弃发送: to=2339134840@qq.com, subject=评估关系矩阵发布
2025-01-06 15:24:30.981 +0800	ERROR	com.system.assessment.service.Impl.AsyncEmailServiceImpl$EmailProcessor	176	Thread-7	发送邮件时发生未知错误: Authentication failed; nested exception is javax.mail.AuthenticationFailedException: 535 Error: authentication failed, system busy

2025-01-06 15:24:30.982 +0800	ERROR	com.system.assessment.service.Impl.AsyncEmailServiceImpl$EmailProcessor	134	Thread-7	邮件发送失败，达到最大重试次数，放弃发送: to=2339134840@qq.com, subject=评估关系矩阵发布
2025-01-06 15:42:36.422 +0800	WARN	com.alibaba.druid.pool.DruidAbstractDataSource	1489	http-nio-80-exec-1	discard long time none received connection. , jdbcUrl : jdbc:mysql://47.109.39.210/company_score?useUnicode=true&characterEncoding=utf-8&useSSL=false&serverTimezone=CTT&serverTimezone=GMT%2B8&allowPublicKeyRetrieval=true&useSSL=false, version : 1.2.3, lastPacketReceivedIdleMillis : 1160900
2025-01-06 15:42:36.422 +0800	WARN	com.alibaba.druid.pool.DruidAbstractDataSource	1489	http-nio-80-exec-3	discard long time none received connection. , jdbcUrl : jdbc:mysql://47.109.39.210/company_score?useUnicode=true&characterEncoding=utf-8&useSSL=false&serverTimezone=CTT&serverTimezone=GMT%2B8&allowPublicKeyRetrieval=true&useSSL=false, version : 1.2.3, lastPacketReceivedIdleMillis : 1108141
2025-01-06 15:42:36.423 +0800	WARN	com.alibaba.druid.pool.DruidAbstractDataSource	1489	http-nio-80-exec-10	discard long time none received connection. , jdbcUrl : jdbc:mysql://47.109.39.210/company_score?useUnicode=true&characterEncoding=utf-8&useSSL=false&serverTimezone=CTT&serverTimezone=GMT%2B8&allowPublicKeyRetrieval=true&useSSL=false, version : 1.2.3, lastPacketReceivedIdleMillis : 1146703
2025-01-06 15:46:25.093 +0800	INFO	org.springframework.boot.StartupInfoLogger	55	main	Starting ScoreApplication on LAPTOP-HISRR710 with PID 65984 (E:\ScoreSystem\target\classes started by LENOVO in E:\ScoreSystem)
2025-01-06 15:46:25.098 +0800	INFO	org.springframework.boot.SpringApplication	655	main	The following profiles are active: dev
2025-01-06 15:46:27.263 +0800	INFO	org.apache.juli.logging.DirectJDKLog	173	main	Initializing ProtocolHandler ["http-nio-80"]
2025-01-06 15:46:27.263 +0800	INFO	org.apache.juli.logging.DirectJDKLog	173	main	Starting service [Tomcat]
2025-01-06 15:46:27.264 +0800	INFO	org.apache.juli.logging.DirectJDKLog	173	main	Starting Servlet engine: [Apache Tomcat/9.0.27]
2025-01-06 15:46:27.265 +0800	INFO	org.apache.juli.logging.DirectJDKLog	173	main	Loaded APR based Apache Tomcat Native library [1.2.39] using APR version [1.7.4].
2025-01-06 15:46:27.266 +0800	INFO	org.apache.juli.logging.DirectJDKLog	173	main	APR capabilities: IPv6 [true], sendfile [true], accept filters [false], random [true].
2025-01-06 15:46:27.266 +0800	INFO	org.apache.juli.logging.DirectJDKLog	173	main	APR/OpenSSL configuration: useAprConnector [false], useOpenSSL [true]
2025-01-06 15:46:27.271 +0800	INFO	org.apache.juli.logging.DirectJDKLog	173	main	OpenSSL successfully initialized [OpenSSL 3.0.11 19 Sep 2023]
2025-01-06 15:46:27.366 +0800	INFO	org.apache.juli.logging.DirectJDKLog	173	main	Initializing Spring embedded WebApplicationContext
2025-01-06 15:46:28.348 +0800	INFO	springfox.documentation.spring.web.PropertySourcedRequestMappingHandlerMapping	69	main	Mapped URL path [/v2/api-docs] onto method [springfox.documentation.swagger2.web.Swagger2Controller#getDocumentation(String, HttpServletRequest)]
2025-01-06 15:46:28.858 +0800	INFO	springfox.documentation.spring.web.plugins.DocumentationPluginsBootstrapper	160	main	Context refreshed
2025-01-06 15:46:28.955 +0800	INFO	springfox.documentation.spring.web.plugins.DocumentationPluginsBootstrapper	163	main	Found 1 custom documentation plugin(s)
2025-01-06 15:46:29.026 +0800	INFO	springfox.documentation.spring.web.scanners.ApiListingReferenceScanner	41	main	Scanning for api listing references
2025-01-06 15:46:29.264 +0800	INFO	org.apache.juli.logging.DirectJDKLog	173	main	Starting ProtocolHandler ["http-nio-80"]
2025-01-06 15:46:29.282 +0800	INFO	org.springframework.boot.StartupInfoLogger	61	main	Started ScoreApplication in 4.728 seconds (JVM running for 7.172)
2025-01-06 15:46:55.409 +0800	INFO	org.apache.juli.logging.DirectJDKLog	173	http-nio-80-exec-1	Initializing Spring DispatcherServlet 'dispatcherServlet'
2025-01-06 15:46:57.783 +0800	INFO	com.alibaba.druid.pool.DruidDataSource	985	http-nio-80-exec-8	{dataSource-1} inited
2025-01-06 15:47:11.840 +0800	INFO	com.system.assessment.service.Impl.AsyncEmailServiceImpl$EmailProcessor	113	Thread-10	邮件发送成功: to=2339134840@qq.com, subject=评估关系矩阵发布
2025-01-06 15:47:13.928 +0800	INFO	com.system.assessment.service.Impl.AsyncEmailServiceImpl$EmailProcessor	113	Thread-10	邮件发送成功: to=2339134840@qq.com, subject=评估关系矩阵发布
2025-01-06 15:48:36.163 +0800	WARN	com.alibaba.druid.pool.DruidAbstractDataSource	1489	http-nio-80-exec-2	discard long time none received connection. , jdbcUrl : jdbc:mysql://47.109.39.210/company_score?useUnicode=true&characterEncoding=utf-8&useSSL=false&serverTimezone=CTT&serverTimezone=GMT%2B8&allowPublicKeyRetrieval=true&useSSL=false, version : 1.2.3, lastPacketReceivedIdleMillis : 85659
2025-01-06 15:48:36.203 +0800	WARN	com.alibaba.druid.pool.DruidAbstractDataSource	1489	http-nio-80-exec-2	discard long time none received connection. , jdbcUrl : jdbc:mysql://47.109.39.210/company_score?useUnicode=true&characterEncoding=utf-8&useSSL=false&serverTimezone=CTT&serverTimezone=GMT%2B8&allowPublicKeyRetrieval=true&useSSL=false, version : 1.2.3, lastPacketReceivedIdleMillis : 95102
2025-01-06 15:48:36.736 +0800	ERROR	org.springframework.security.web.authentication.AbstractAuthenticationProcessingFilter	221	http-nio-80-exec-2	An internal error occurred while trying to authenticate the user.
org.springframework.security.authentication.InternalAuthenticationServiceException: 用户名不存在!
	at org.springframework.security.authentication.dao.DaoAuthenticationProvider.retrieveUser(DaoAuthenticationProvider.java:123) ~[spring-security-core-5.2.0.RELEASE.jar:5.2.0.RELEASE]
	at org.springframework.security.authentication.dao.AbstractUserDetailsAuthenticationProvider.authenticate(AbstractUserDetailsAuthenticationProvider.java:144) ~[spring-security-core-5.2.0.RELEASE.jar:5.2.0.RELEASE]
	at org.springframework.security.authentication.ProviderManager.authenticate(ProviderManager.java:175) ~[spring-security-core-5.2.0.RELEASE.jar:5.2.0.RELEASE]
	at org.springframework.security.authentication.ProviderManager.authenticate(ProviderManager.java:195) ~[spring-security-core-5.2.0.RELEASE.jar:5.2.0.RELEASE]
	at org.springframework.security.config.annotation.web.configuration.WebSecurityConfigurerAdapter$AuthenticationManagerDelegator.authenticate(WebSecurityConfigurerAdapter.java:501) ~[spring-security-config-5.2.0.RELEASE.jar:5.2.0.RELEASE]
	at com.system.assessment.config.filter.LoginFilter.attemptAuthentication(LoginFilter.java:37) ~[classes/:?]
	at org.springframework.security.web.authentication.AbstractAuthenticationProcessingFilter.doFilter(AbstractAuthenticationProcessingFilter.java:212) [spring-security-web-5.2.0.RELEASE.jar:5.2.0.RELEASE]
	at org.springframework.security.web.FilterChainProxy$VirtualFilterChain.doFilter(FilterChainProxy.java:334) [spring-security-web-5.2.0.RELEASE.jar:5.2.0.RELEASE]
	at com.system.assessment.filter.SessionIsValuedTokenFilter.doFilterInternal(SessionIsValuedTokenFilter.java:36) [classes/:?]
	at org.springframework.web.filter.OncePerRequestFilter.doFilter(OncePerRequestFilter.java:119) [spring-web-5.2.0.RELEASE.jar:5.2.0.RELEASE]
	at org.springframework.security.web.FilterChainProxy$VirtualFilterChain.doFilter(FilterChainProxy.java:334) [spring-security-web-5.2.0.RELEASE.jar:5.2.0.RELEASE]
	at org.springframework.security.web.authentication.logout.LogoutFilter.doFilter(LogoutFilter.java:116) [spring-security-web-5.2.0.RELEASE.jar:5.2.0.RELEASE]
	at org.springframework.security.web.FilterChainProxy$VirtualFilterChain.doFilter(FilterChainProxy.java:334) [spring-security-web-5.2.0.RELEASE.jar:5.2.0.RELEASE]
	at org.springframework.security.web.header.HeaderWriterFilter.doHeadersAfter(HeaderWriterFilter.java:92) [spring-security-web-5.2.0.RELEASE.jar:5.2.0.RELEASE]
	at org.springframework.security.web.header.HeaderWriterFilter.doFilterInternal(HeaderWriterFilter.java:77) [spring-security-web-5.2.0.RELEASE.jar:5.2.0.RELEASE]
	at org.springframework.web.filter.OncePerRequestFilter.doFilter(OncePerRequestFilter.java:119) [spring-web-5.2.0.RELEASE.jar:5.2.0.RELEASE]
	at org.springframework.security.web.FilterChainProxy$VirtualFilterChain.doFilter(FilterChainProxy.java:334) [spring-security-web-5.2.0.RELEASE.jar:5.2.0.RELEASE]
	at org.springframework.security.web.context.SecurityContextPersistenceFilter.doFilter(SecurityContextPersistenceFilter.java:105) [spring-security-web-5.2.0.RELEASE.jar:5.2.0.RELEASE]
	at org.springframework.security.web.FilterChainProxy$VirtualFilterChain.doFilter(FilterChainProxy.java:334) [spring-security-web-5.2.0.RELEASE.jar:5.2.0.RELEASE]
	at org.springframework.security.web.context.request.async.WebAsyncManagerIntegrationFilter.doFilterInternal(WebAsyncManagerIntegrationFilter.java:56) [spring-security-web-5.2.0.RELEASE.jar:5.2.0.RELEASE]
	at org.springframework.web.filter.OncePerRequestFilter.doFilter(OncePerRequestFilter.java:119) [spring-web-5.2.0.RELEASE.jar:5.2.0.RELEASE]
	at org.springframework.security.web.FilterChainProxy$VirtualFilterChain.doFilter(FilterChainProxy.java:334) [spring-security-web-5.2.0.RELEASE.jar:5.2.0.RELEASE]
	at org.springframework.security.web.FilterChainProxy.doFilterInternal(FilterChainProxy.java:215) [spring-security-web-5.2.0.RELEASE.jar:5.2.0.RELEASE]
	at org.springframework.security.web.FilterChainProxy.doFilter(FilterChainProxy.java:178) [spring-security-web-5.2.0.RELEASE.jar:5.2.0.RELEASE]
	at org.springframework.web.filter.DelegatingFilterProxy.invokeDelegate(DelegatingFilterProxy.java:358) [spring-web-5.2.0.RELEASE.jar:5.2.0.RELEASE]
	at org.springframework.web.filter.DelegatingFilterProxy.doFilter(DelegatingFilterProxy.java:271) [spring-web-5.2.0.RELEASE.jar:5.2.0.RELEASE]
	at org.apache.catalina.core.ApplicationFilterChain.internalDoFilter(ApplicationFilterChain.java:193) [tomcat-embed-core-9.0.27.jar:9.0.27]
	at org.apache.catalina.core.ApplicationFilterChain.doFilter(ApplicationFilterChain.java:166) [tomcat-embed-core-9.0.27.jar:9.0.27]
	at org.springframework.web.filter.RequestContextFilter.doFilterInternal(RequestContextFilter.java:100) [spring-web-5.2.0.RELEASE.jar:5.2.0.RELEASE]
	at org.springframework.web.filter.OncePerRequestFilter.doFilter(OncePerRequestFilter.java:119) [spring-web-5.2.0.RELEASE.jar:5.2.0.RELEASE]
	at org.apache.catalina.core.ApplicationFilterChain.internalDoFilter(ApplicationFilterChain.java:193) [tomcat-embed-core-9.0.27.jar:9.0.27]
	at org.apache.catalina.core.ApplicationFilterChain.doFilter(ApplicationFilterChain.java:166) [tomcat-embed-core-9.0.27.jar:9.0.27]
	at org.springframework.web.filter.FormContentFilter.doFilterInternal(FormContentFilter.java:93) [spring-web-5.2.0.RELEASE.jar:5.2.0.RELEASE]
	at org.springframework.web.filter.OncePerRequestFilter.doFilter(OncePerRequestFilter.java:119) [spring-web-5.2.0.RELEASE.jar:5.2.0.RELEASE]
	at org.apache.catalina.core.ApplicationFilterChain.internalDoFilter(ApplicationFilterChain.java:193) [tomcat-embed-core-9.0.27.jar:9.0.27]
	at org.apache.catalina.core.ApplicationFilterChain.doFilter(ApplicationFilterChain.java:166) [tomcat-embed-core-9.0.27.jar:9.0.27]
	at org.springframework.web.filter.CharacterEncodingFilter.doFilterInternal(CharacterEncodingFilter.java:201) [spring-web-5.2.0.RELEASE.jar:5.2.0.RELEASE]
	at org.springframework.web.filter.OncePerRequestFilter.doFilter(OncePerRequestFilter.java:119) [spring-web-5.2.0.RELEASE.jar:5.2.0.RELEASE]
	at org.apache.catalina.core.ApplicationFilterChain.internalDoFilter(ApplicationFilterChain.java:193) [tomcat-embed-core-9.0.27.jar:9.0.27]
	at org.apache.catalina.core.ApplicationFilterChain.doFilter(ApplicationFilterChain.java:166) [tomcat-embed-core-9.0.27.jar:9.0.27]
	at org.apache.catalina.core.StandardWrapperValve.invoke(StandardWrapperValve.java:202) [tomcat-embed-core-9.0.27.jar:9.0.27]
	at org.apache.catalina.core.StandardContextValve.invoke(StandardContextValve.java:96) [tomcat-embed-core-9.0.27.jar:9.0.27]
	at org.apache.catalina.authenticator.AuthenticatorBase.invoke(AuthenticatorBase.java:526) [tomcat-embed-core-9.0.27.jar:9.0.27]
	at org.apache.catalina.core.StandardHostValve.invoke(StandardHostValve.java:139) [tomcat-embed-core-9.0.27.jar:9.0.27]
	at org.apache.catalina.valves.ErrorReportValve.invoke(ErrorReportValve.java:92) [tomcat-embed-core-9.0.27.jar:9.0.27]
	at org.apache.catalina.core.StandardEngineValve.invoke(StandardEngineValve.java:74) [tomcat-embed-core-9.0.27.jar:9.0.27]
	at org.apache.catalina.connector.CoyoteAdapter.service(CoyoteAdapter.java:343) [tomcat-embed-core-9.0.27.jar:9.0.27]
	at org.apache.coyote.http11.Http11Processor.service(Http11Processor.java:408) [tomcat-embed-core-9.0.27.jar:9.0.27]
	at org.apache.coyote.AbstractProcessorLight.process(AbstractProcessorLight.java:66) [tomcat-embed-core-9.0.27.jar:9.0.27]
	at org.apache.coyote.AbstractProtocol$ConnectionHandler.process(AbstractProtocol.java:861) [tomcat-embed-core-9.0.27.jar:9.0.27]
	at org.apache.tomcat.util.net.NioEndpoint$SocketProcessor.doRun(NioEndpoint.java:1579) [tomcat-embed-core-9.0.27.jar:9.0.27]
	at org.apache.tomcat.util.net.SocketProcessorBase.run(SocketProcessorBase.java:49) [tomcat-embed-core-9.0.27.jar:9.0.27]
	at java.util.concurrent.ThreadPoolExecutor.runWorker(ThreadPoolExecutor.java:1149) [?:1.8.0_301]
	at java.util.concurrent.ThreadPoolExecutor$Worker.run(ThreadPoolExecutor.java:624) [?:1.8.0_301]
	at org.apache.tomcat.util.threads.TaskThread$WrappingRunnable.run(TaskThread.java:61) [tomcat-embed-core-9.0.27.jar:9.0.27]
	at java.lang.Thread.run(Thread.java:748) [?:1.8.0_301]
Caused by: java.lang.RuntimeException: 用户名不存在!
	at com.system.assessment.service.Impl.UserDetailServiceImpl.loadUserByUsername(UserDetailServiceImpl.java:24) ~[classes/:?]
	at org.springframework.security.authentication.dao.DaoAuthenticationProvider.retrieveUser(DaoAuthenticationProvider.java:108) ~[spring-security-core-5.2.0.RELEASE.jar:5.2.0.RELEASE]
	... 55 more
2025-01-06 15:49:41.672 +0800	INFO	com.system.assessment.service.Impl.AsyncEmailServiceImpl$EmailProcessor	113	Thread-10	邮件发送成功: to=2339134840@qq.com, subject=评分提醒！
2025-01-06 15:49:42.184 +0800	ERROR	com.system.assessment.service.Impl.AsyncEmailServiceImpl$EmailProcessor	176	Thread-10	发送邮件时发生未知错误: To address must not be null
2025-01-06 15:49:42.184 +0800	INFO	com.system.assessment.service.Impl.AsyncEmailServiceImpl$EmailProcessor	129	Thread-10	邮件发送失败，已重新加入队列: to=null, subject=督促用户评分提醒！, retryCount=1
2025-01-06 15:49:43.198 +0800	ERROR	com.system.assessment.service.Impl.AsyncEmailServiceImpl$EmailProcessor	176	Thread-10	发送邮件时发生未知错误: To address must not be null
2025-01-06 15:49:43.229 +0800	INFO	com.system.assessment.service.Impl.AsyncEmailServiceImpl$EmailProcessor	129	Thread-10	邮件发送失败，已重新加入队列: to=null, subject=督促用户评分提醒！, retryCount=2
2025-01-06 15:49:45.245 +0800	ERROR	com.system.assessment.service.Impl.AsyncEmailServiceImpl$EmailProcessor	176	Thread-10	发送邮件时发生未知错误: To address must not be null
2025-01-06 15:49:45.245 +0800	INFO	com.system.assessment.service.Impl.AsyncEmailServiceImpl$EmailProcessor	129	Thread-10	邮件发送失败，已重新加入队列: to=null, subject=督促用户评分提醒！, retryCount=3
2025-01-06 15:49:48.250 +0800	ERROR	com.system.assessment.service.Impl.AsyncEmailServiceImpl$EmailProcessor	176	Thread-10	发送邮件时发生未知错误: To address must not be null
2025-01-06 15:49:48.250 +0800	ERROR	com.system.assessment.service.Impl.AsyncEmailServiceImpl$EmailProcessor	134	Thread-10	邮件发送失败，达到最大重试次数，放弃发送: to=null, subject=督促用户评分提醒！
2025-01-06 15:50:27.464 +0800	INFO	com.system.assessment.service.Impl.AsyncEmailServiceImpl$EmailProcessor	113	Thread-10	邮件发送成功: to=2339134840@qq.com, subject=评分提醒！
2025-01-06 15:50:30.109 +0800	INFO	com.system.assessment.service.Impl.AsyncEmailServiceImpl$EmailProcessor	113	Thread-10	邮件发送成功: to=2339134840@qq.com, subject=督促用户评分提醒！
2025-01-06 15:51:02.078 +0800	INFO	com.system.assessment.service.Impl.AsyncEmailServiceImpl$EmailProcessor	113	Thread-10	邮件发送成功: to=2339134840@qq.com, subject=【驳回提醒】Jack/022的打分已被驳回!
2025-01-06 15:51:04.332 +0800	INFO	com.system.assessment.service.Impl.AsyncEmailServiceImpl$EmailProcessor	113	Thread-10	邮件发送成功: to=2339134840@qq.com, subject=成长评估打分驳回提醒!
2025-01-06 15:51:50.100 +0800	INFO	com.system.assessment.service.Impl.AsyncEmailServiceImpl$EmailProcessor	113	Thread-10	邮件发送成功: to=2339134840@qq.com, subject=成长评估结果发布
2025-01-06 15:52:56.911 +0800	INFO	org.springframework.boot.StartupInfoLogger	55	main	Starting ScoreApplicationTests on LAPTOP-HISRR710 with PID 37296 (started by LENOVO in E:\ScoreSystem)
2025-01-06 15:52:56.922 +0800	INFO	org.springframework.boot.SpringApplication	655	main	The following profiles are active: dev
2025-01-06 15:53:00.273 +0800	INFO	springfox.documentation.spring.web.PropertySourcedRequestMappingHandlerMapping	69	main	Mapped URL path [/v2/api-docs] onto method [springfox.documentation.swagger2.web.Swagger2Controller#getDocumentation(String, HttpServletRequest)]
2025-01-06 15:53:01.628 +0800	INFO	springfox.documentation.spring.web.plugins.DocumentationPluginsBootstrapper	160	main	Context refreshed
2025-01-06 15:53:01.667 +0800	INFO	springfox.documentation.spring.web.plugins.DocumentationPluginsBootstrapper	163	main	Found 1 custom documentation plugin(s)
2025-01-06 15:53:01.701 +0800	INFO	springfox.documentation.spring.web.scanners.ApiListingReferenceScanner	41	main	Scanning for api listing references
2025-01-06 15:53:02.259 +0800	INFO	org.springframework.boot.StartupInfoLogger	61	main	Started ScoreApplicationTests in 5.675 seconds (JVM running for 8.058)
2025-01-06 15:53:02.644 +0800	INFO	com.alibaba.druid.pool.DruidDataSource	2032	SpringContextShutdownHook	{dataSource-0} closing ...
