2024-12-20 12:44:59.753 +0800	INFO	org.springframework.boot.StartupInfoLogger	55	main	Starting ScoreApplication on LAPTOP-HISRR710 with PID 15500 (E:\ScoreSystem\target\classes started by LENOVO in E:\ScoreSystem)
2024-12-20 12:44:59.764 +0800	INFO	org.springframework.boot.SpringApplication	655	main	The following profiles are active: dev
2024-12-20 12:45:02.405 +0800	INFO	org.apache.juli.logging.DirectJDKLog	173	main	Initializing ProtocolHandler ["http-nio-80"]
2024-12-20 12:45:02.406 +0800	INFO	org.apache.juli.logging.DirectJDKLog	173	main	Starting service [Tomcat]
2024-12-20 12:45:02.406 +0800	INFO	org.apache.juli.logging.DirectJDKLog	173	main	Starting Servlet engine: [Apache Tomcat/9.0.27]
2024-12-20 12:45:02.408 +0800	INFO	org.apache.juli.logging.DirectJDKLog	173	main	Loaded APR based Apache Tomcat Native library [1.2.39] using APR version [1.7.4].
2024-12-20 12:45:02.408 +0800	INFO	org.apache.juli.logging.DirectJDKLog	173	main	APR capabilities: IPv6 [true], sendfile [true], accept filters [false], random [true].
2024-12-20 12:45:02.408 +0800	INFO	org.apache.juli.logging.DirectJDKLog	173	main	APR/OpenSSL configuration: useAprConnector [false], useOpenSSL [true]
2024-12-20 12:45:02.524 +0800	INFO	org.apache.juli.logging.DirectJDKLog	173	main	OpenSSL successfully initialized [OpenSSL 3.0.11 19 Sep 2023]
2024-12-20 12:45:02.641 +0800	INFO	org.apache.juli.logging.DirectJDKLog	173	main	Initializing Spring embedded WebApplicationContext
2024-12-20 12:45:03.671 +0800	INFO	springfox.documentation.spring.web.PropertySourcedRequestMappingHandlerMapping	69	main	Mapped URL path [/v2/api-docs] onto method [springfox.documentation.swagger2.web.Swagger2Controller#getDocumentation(String, HttpServletRequest)]
2024-12-20 12:45:04.475 +0800	INFO	springfox.documentation.spring.web.plugins.DocumentationPluginsBootstrapper	160	main	Context refreshed
2024-12-20 12:45:04.490 +0800	INFO	springfox.documentation.spring.web.plugins.DocumentationPluginsBootstrapper	163	main	Found 1 custom documentation plugin(s)
2024-12-20 12:45:04.513 +0800	INFO	springfox.documentation.spring.web.scanners.ApiListingReferenceScanner	41	main	Scanning for api listing references
2024-12-20 12:45:04.758 +0800	INFO	org.apache.juli.logging.DirectJDKLog	173	main	Starting ProtocolHandler ["http-nio-80"]
2024-12-20 12:45:04.775 +0800	INFO	org.springframework.boot.StartupInfoLogger	61	main	Started ScoreApplication in 5.502 seconds (JVM running for 8.192)
2024-12-20 12:50:08.049 +0800	INFO	org.springframework.boot.StartupInfoLogger	55	main	Starting ScoreApplication on LAPTOP-HISRR710 with PID 9196 (E:\ScoreSystem\target\classes started by LENOVO in E:\ScoreSystem)
2024-12-20 12:50:08.054 +0800	INFO	org.springframework.boot.SpringApplication	655	main	The following profiles are active: dev
2024-12-20 12:50:09.126 +0800	INFO	org.apache.juli.logging.DirectJDKLog	173	main	Initializing ProtocolHandler ["http-nio-80"]
2024-12-20 12:50:09.126 +0800	INFO	org.apache.juli.logging.DirectJDKLog	173	main	Starting service [Tomcat]
2024-12-20 12:50:09.126 +0800	INFO	org.apache.juli.logging.DirectJDKLog	173	main	Starting Servlet engine: [Apache Tomcat/9.0.27]
2024-12-20 12:50:09.127 +0800	INFO	org.apache.juli.logging.DirectJDKLog	173	main	Loaded APR based Apache Tomcat Native library [1.2.39] using APR version [1.7.4].
2024-12-20 12:50:09.127 +0800	INFO	org.apache.juli.logging.DirectJDKLog	173	main	APR capabilities: IPv6 [true], sendfile [true], accept filters [false], random [true].
2024-12-20 12:50:09.128 +0800	INFO	org.apache.juli.logging.DirectJDKLog	173	main	APR/OpenSSL configuration: useAprConnector [false], useOpenSSL [true]
2024-12-20 12:50:09.132 +0800	INFO	org.apache.juli.logging.DirectJDKLog	173	main	OpenSSL successfully initialized [OpenSSL 3.0.11 19 Sep 2023]
2024-12-20 12:50:09.236 +0800	INFO	org.apache.juli.logging.DirectJDKLog	173	main	Initializing Spring embedded WebApplicationContext
2024-12-20 12:50:09.907 +0800	INFO	springfox.documentation.spring.web.PropertySourcedRequestMappingHandlerMapping	69	main	Mapped URL path [/v2/api-docs] onto method [springfox.documentation.swagger2.web.Swagger2Controller#getDocumentation(String, HttpServletRequest)]
2024-12-20 12:50:10.395 +0800	INFO	springfox.documentation.spring.web.plugins.DocumentationPluginsBootstrapper	160	main	Context refreshed
2024-12-20 12:50:10.407 +0800	INFO	springfox.documentation.spring.web.plugins.DocumentationPluginsBootstrapper	163	main	Found 1 custom documentation plugin(s)
2024-12-20 12:50:10.428 +0800	INFO	springfox.documentation.spring.web.scanners.ApiListingReferenceScanner	41	main	Scanning for api listing references
2024-12-20 12:50:10.623 +0800	INFO	org.apache.juli.logging.DirectJDKLog	173	main	Starting ProtocolHandler ["http-nio-80"]
2024-12-20 12:50:10.640 +0800	INFO	org.springframework.boot.StartupInfoLogger	61	main	Started ScoreApplication in 2.83 seconds (JVM running for 5.062)
2024-12-20 12:50:17.223 +0800	INFO	org.apache.juli.logging.DirectJDKLog	173	http-nio-80-exec-1	Initializing Spring DispatcherServlet 'dispatcherServlet'
2024-12-20 12:50:22.828 +0800	INFO	com.alibaba.druid.pool.DruidDataSource	985	http-nio-80-exec-9	{dataSource-1} inited
2024-12-20 12:52:42.192 +0800	INFO	com.system.assessment.service.Impl.AsyncEmailServiceImpl$EmailProcessor	113	Thread-6	邮件发送成功: to=2339134840@qq.com, subject=成长评估打分驳回提醒!
2024-12-20 12:55:34.745 +0800	WARN	com.alibaba.druid.pool.DruidAbstractDataSource	1489	http-nio-80-exec-2	discard long time none received connection. , jdbcUrl : jdbc:mysql://47.108.213.249/company_score?useUnicode=true&characterEncoding=utf-8&useSSL=false&serverTimezone=CTT&serverTimezone=GMT%2B8&allowPublicKeyRetrieval=true&useSSL=false, version : 1.2.3, lastPacketReceivedIdleMillis : 175095
2024-12-20 12:55:34.746 +0800	WARN	com.alibaba.druid.pool.DruidAbstractDataSource	1489	http-nio-80-exec-1	discard long time none received connection. , jdbcUrl : jdbc:mysql://47.108.213.249/company_score?useUnicode=true&characterEncoding=utf-8&useSSL=false&serverTimezone=CTT&serverTimezone=GMT%2B8&allowPublicKeyRetrieval=true&useSSL=false, version : 1.2.3, lastPacketReceivedIdleMillis : 187142
2024-12-20 12:55:34.747 +0800	WARN	com.alibaba.druid.pool.DruidAbstractDataSource	1489	http-nio-80-exec-9	discard long time none received connection. , jdbcUrl : jdbc:mysql://47.108.213.249/company_score?useUnicode=true&characterEncoding=utf-8&useSSL=false&serverTimezone=CTT&serverTimezone=GMT%2B8&allowPublicKeyRetrieval=true&useSSL=false, version : 1.2.3, lastPacketReceivedIdleMillis : 187058
2024-12-20 13:00:37.860 +0800	INFO	org.springframework.boot.StartupInfoLogger	55	main	Starting ScoreApplicationTests on LAPTOP-HISRR710 with PID 40844 (started by LENOVO in E:\ScoreSystem)
2024-12-20 13:00:37.869 +0800	INFO	org.springframework.boot.SpringApplication	655	main	The following profiles are active: dev
2024-12-20 13:00:42.039 +0800	INFO	springfox.documentation.spring.web.PropertySourcedRequestMappingHandlerMapping	69	main	Mapped URL path [/v2/api-docs] onto method [springfox.documentation.swagger2.web.Swagger2Controller#getDocumentation(String, HttpServletRequest)]
2024-12-20 13:00:43.609 +0800	INFO	springfox.documentation.spring.web.plugins.DocumentationPluginsBootstrapper	160	main	Context refreshed
2024-12-20 13:00:43.635 +0800	INFO	springfox.documentation.spring.web.plugins.DocumentationPluginsBootstrapper	163	main	Found 1 custom documentation plugin(s)
2024-12-20 13:00:43.668 +0800	INFO	springfox.documentation.spring.web.scanners.ApiListingReferenceScanner	41	main	Scanning for api listing references
2024-12-20 13:00:44.104 +0800	INFO	org.springframework.boot.StartupInfoLogger	61	main	Started ScoreApplicationTests in 6.466 seconds (JVM running for 8.925)
2024-12-20 13:00:44.837 +0800	INFO	com.alibaba.druid.pool.DruidDataSource	2032	SpringContextShutdownHook	{dataSource-0} closing ...
2024-12-20 15:15:51.562 +0800	INFO	org.springframework.boot.StartupInfoLogger	55	main	Starting ScoreApplication on LAPTOP-HISRR710 with PID 31120 (E:\ScoreSystem\target\classes started by LENOVO in E:\ScoreSystem)
2024-12-20 15:15:51.627 +0800	INFO	org.springframework.boot.SpringApplication	655	main	The following profiles are active: dev
2024-12-20 15:15:56.678 +0800	INFO	org.apache.juli.logging.DirectJDKLog	173	main	Initializing ProtocolHandler ["http-nio-80"]
2024-12-20 15:15:56.679 +0800	INFO	org.apache.juli.logging.DirectJDKLog	173	main	Starting service [Tomcat]
2024-12-20 15:15:56.679 +0800	INFO	org.apache.juli.logging.DirectJDKLog	173	main	Starting Servlet engine: [Apache Tomcat/9.0.27]
2024-12-20 15:15:56.681 +0800	INFO	org.apache.juli.logging.DirectJDKLog	173	main	Loaded APR based Apache Tomcat Native library [1.2.39] using APR version [1.7.4].
2024-12-20 15:15:56.681 +0800	INFO	org.apache.juli.logging.DirectJDKLog	173	main	APR capabilities: IPv6 [true], sendfile [true], accept filters [false], random [true].
2024-12-20 15:15:56.681 +0800	INFO	org.apache.juli.logging.DirectJDKLog	173	main	APR/OpenSSL configuration: useAprConnector [false], useOpenSSL [true]
2024-12-20 15:15:56.838 +0800	INFO	org.apache.juli.logging.DirectJDKLog	173	main	OpenSSL successfully initialized [OpenSSL 3.0.11 19 Sep 2023]
2024-12-20 15:15:57.030 +0800	INFO	org.apache.juli.logging.DirectJDKLog	173	main	Initializing Spring embedded WebApplicationContext
2024-12-20 15:15:58.198 +0800	INFO	springfox.documentation.spring.web.PropertySourcedRequestMappingHandlerMapping	69	main	Mapped URL path [/v2/api-docs] onto method [springfox.documentation.swagger2.web.Swagger2Controller#getDocumentation(String, HttpServletRequest)]
2024-12-20 15:15:58.858 +0800	INFO	springfox.documentation.spring.web.plugins.DocumentationPluginsBootstrapper	160	main	Context refreshed
2024-12-20 15:15:58.886 +0800	INFO	springfox.documentation.spring.web.plugins.DocumentationPluginsBootstrapper	163	main	Found 1 custom documentation plugin(s)
2024-12-20 15:15:58.909 +0800	INFO	springfox.documentation.spring.web.scanners.ApiListingReferenceScanner	41	main	Scanning for api listing references
2024-12-20 15:15:59.180 +0800	INFO	org.apache.juli.logging.DirectJDKLog	173	main	Starting ProtocolHandler ["http-nio-80"]
2024-12-20 15:15:59.196 +0800	INFO	org.springframework.boot.StartupInfoLogger	61	main	Started ScoreApplication in 8.231 seconds (JVM running for 13.409)
2024-12-20 15:16:19.885 +0800	INFO	org.apache.juli.logging.DirectJDKLog	173	http-nio-80-exec-1	Initializing Spring DispatcherServlet 'dispatcherServlet'
2024-12-20 15:16:22.858 +0800	INFO	com.alibaba.druid.pool.DruidDataSource	985	http-nio-80-exec-8	{dataSource-1} inited
2024-12-20 15:18:29.665 +0800	WARN	com.alibaba.druid.pool.DruidAbstractDataSource	1489	http-nio-80-exec-6	discard long time none received connection. , jdbcUrl : jdbc:mysql://47.108.213.249/company_score?useUnicode=true&characterEncoding=utf-8&useSSL=false&serverTimezone=CTT&serverTimezone=GMT%2B8&allowPublicKeyRetrieval=true&useSSL=false, version : 1.2.3, lastPacketReceivedIdleMillis : 88699
2024-12-20 15:18:29.715 +0800	WARN	com.alibaba.druid.pool.DruidAbstractDataSource	1489	http-nio-80-exec-6	discard long time none received connection. , jdbcUrl : jdbc:mysql://47.108.213.249/company_score?useUnicode=true&characterEncoding=utf-8&useSSL=false&serverTimezone=CTT&serverTimezone=GMT%2B8&allowPublicKeyRetrieval=true&useSSL=false, version : 1.2.3, lastPacketReceivedIdleMillis : 88855
2024-12-20 15:28:07.833 +0800	INFO	org.springframework.boot.StartupInfoLogger	55	main	Starting ScoreApplication on LAPTOP-HISRR710 with PID 40936 (E:\ScoreSystem\target\classes started by LENOVO in E:\ScoreSystem)
2024-12-20 15:28:07.839 +0800	INFO	org.springframework.boot.SpringApplication	655	main	The following profiles are active: dev
2024-12-20 15:28:08.949 +0800	INFO	org.apache.juli.logging.DirectJDKLog	173	main	Initializing ProtocolHandler ["http-nio-80"]
2024-12-20 15:28:08.951 +0800	INFO	org.apache.juli.logging.DirectJDKLog	173	main	Starting service [Tomcat]
2024-12-20 15:28:08.951 +0800	INFO	org.apache.juli.logging.DirectJDKLog	173	main	Starting Servlet engine: [Apache Tomcat/9.0.27]
2024-12-20 15:28:08.953 +0800	INFO	org.apache.juli.logging.DirectJDKLog	173	main	Loaded APR based Apache Tomcat Native library [1.2.39] using APR version [1.7.4].
2024-12-20 15:28:08.953 +0800	INFO	org.apache.juli.logging.DirectJDKLog	173	main	APR capabilities: IPv6 [true], sendfile [true], accept filters [false], random [true].
2024-12-20 15:28:08.953 +0800	INFO	org.apache.juli.logging.DirectJDKLog	173	main	APR/OpenSSL configuration: useAprConnector [false], useOpenSSL [true]
2024-12-20 15:28:08.958 +0800	INFO	org.apache.juli.logging.DirectJDKLog	173	main	OpenSSL successfully initialized [OpenSSL 3.0.11 19 Sep 2023]
2024-12-20 15:28:09.048 +0800	INFO	org.apache.juli.logging.DirectJDKLog	173	main	Initializing Spring embedded WebApplicationContext
2024-12-20 15:28:09.739 +0800	INFO	springfox.documentation.spring.web.PropertySourcedRequestMappingHandlerMapping	69	main	Mapped URL path [/v2/api-docs] onto method [springfox.documentation.swagger2.web.Swagger2Controller#getDocumentation(String, HttpServletRequest)]
2024-12-20 15:28:10.258 +0800	INFO	springfox.documentation.spring.web.plugins.DocumentationPluginsBootstrapper	160	main	Context refreshed
2024-12-20 15:28:10.271 +0800	INFO	springfox.documentation.spring.web.plugins.DocumentationPluginsBootstrapper	163	main	Found 1 custom documentation plugin(s)
2024-12-20 15:28:10.292 +0800	INFO	springfox.documentation.spring.web.scanners.ApiListingReferenceScanner	41	main	Scanning for api listing references
2024-12-20 15:28:10.519 +0800	INFO	org.apache.juli.logging.DirectJDKLog	173	main	Starting ProtocolHandler ["http-nio-80"]
2024-12-20 15:28:10.536 +0800	INFO	org.springframework.boot.StartupInfoLogger	61	main	Started ScoreApplication in 2.942 seconds (JVM running for 5.192)
2024-12-20 15:28:14.360 +0800	INFO	org.apache.juli.logging.DirectJDKLog	173	http-nio-80-exec-1	Initializing Spring DispatcherServlet 'dispatcherServlet'
2024-12-20 15:28:19.645 +0800	INFO	com.alibaba.druid.pool.DruidDataSource	985	http-nio-80-exec-9	{dataSource-1} inited
2024-12-20 15:29:59.767 +0800	WARN	com.alibaba.druid.pool.DruidAbstractDataSource	1489	http-nio-80-exec-2	discard long time none received connection. , jdbcUrl : jdbc:mysql://47.108.213.249/company_score?useUnicode=true&characterEncoding=utf-8&useSSL=false&serverTimezone=CTT&serverTimezone=GMT%2B8&allowPublicKeyRetrieval=true&useSSL=false, version : 1.2.3, lastPacketReceivedIdleMillis : 72951
2024-12-20 15:29:59.807 +0800	WARN	com.alibaba.druid.pool.DruidAbstractDataSource	1489	http-nio-80-exec-2	discard long time none received connection. , jdbcUrl : jdbc:mysql://47.108.213.249/company_score?useUnicode=true&characterEncoding=utf-8&useSSL=false&serverTimezone=CTT&serverTimezone=GMT%2B8&allowPublicKeyRetrieval=true&useSSL=false, version : 1.2.3, lastPacketReceivedIdleMillis : 96562
2024-12-20 15:29:59.847 +0800	WARN	com.alibaba.druid.pool.DruidAbstractDataSource	1489	http-nio-80-exec-2	discard long time none received connection. , jdbcUrl : jdbc:mysql://47.108.213.249/company_score?useUnicode=true&characterEncoding=utf-8&useSSL=false&serverTimezone=CTT&serverTimezone=GMT%2B8&allowPublicKeyRetrieval=true&useSSL=false, version : 1.2.3, lastPacketReceivedIdleMillis : 96942
2024-12-20 15:30:57.244 +0800	INFO	org.springframework.boot.StartupInfoLogger	55	main	Starting ScoreApplication on LAPTOP-HISRR710 with PID 33520 (E:\ScoreSystem\target\classes started by LENOVO in E:\ScoreSystem)
2024-12-20 15:30:57.251 +0800	INFO	org.springframework.boot.SpringApplication	655	main	The following profiles are active: dev
2024-12-20 15:30:58.617 +0800	INFO	org.apache.juli.logging.DirectJDKLog	173	main	Initializing ProtocolHandler ["http-nio-80"]
2024-12-20 15:30:58.617 +0800	INFO	org.apache.juli.logging.DirectJDKLog	173	main	Starting service [Tomcat]
2024-12-20 15:30:58.618 +0800	INFO	org.apache.juli.logging.DirectJDKLog	173	main	Starting Servlet engine: [Apache Tomcat/9.0.27]
2024-12-20 15:30:58.619 +0800	INFO	org.apache.juli.logging.DirectJDKLog	173	main	Loaded APR based Apache Tomcat Native library [1.2.39] using APR version [1.7.4].
2024-12-20 15:30:58.620 +0800	INFO	org.apache.juli.logging.DirectJDKLog	173	main	APR capabilities: IPv6 [true], sendfile [true], accept filters [false], random [true].
2024-12-20 15:30:58.620 +0800	INFO	org.apache.juli.logging.DirectJDKLog	173	main	APR/OpenSSL configuration: useAprConnector [false], useOpenSSL [true]
2024-12-20 15:30:58.627 +0800	INFO	org.apache.juli.logging.DirectJDKLog	173	main	OpenSSL successfully initialized [OpenSSL 3.0.11 19 Sep 2023]
2024-12-20 15:30:58.724 +0800	INFO	org.apache.juli.logging.DirectJDKLog	173	main	Initializing Spring embedded WebApplicationContext
2024-12-20 15:30:59.512 +0800	INFO	springfox.documentation.spring.web.PropertySourcedRequestMappingHandlerMapping	69	main	Mapped URL path [/v2/api-docs] onto method [springfox.documentation.swagger2.web.Swagger2Controller#getDocumentation(String, HttpServletRequest)]
2024-12-20 15:31:00.111 +0800	INFO	springfox.documentation.spring.web.plugins.DocumentationPluginsBootstrapper	160	main	Context refreshed
2024-12-20 15:31:00.126 +0800	INFO	springfox.documentation.spring.web.plugins.DocumentationPluginsBootstrapper	163	main	Found 1 custom documentation plugin(s)
2024-12-20 15:31:00.152 +0800	INFO	springfox.documentation.spring.web.scanners.ApiListingReferenceScanner	41	main	Scanning for api listing references
2024-12-20 15:31:00.369 +0800	INFO	org.apache.juli.logging.DirectJDKLog	173	main	Starting ProtocolHandler ["http-nio-80"]
2024-12-20 15:31:00.388 +0800	INFO	org.springframework.boot.StartupInfoLogger	61	main	Started ScoreApplication in 3.434 seconds (JVM running for 6.941)
2024-12-20 15:31:04.285 +0800	INFO	org.apache.juli.logging.DirectJDKLog	173	http-nio-80-exec-1	Initializing Spring DispatcherServlet 'dispatcherServlet'
2024-12-20 15:31:10.733 +0800	INFO	com.alibaba.druid.pool.DruidDataSource	985	http-nio-80-exec-8	{dataSource-1} inited
2024-12-20 15:33:44.999 +0800	INFO	com.alibaba.druid.pool.DruidDataSource	2032	SpringContextShutdownHook	{dataSource-1} closing ...
2024-12-20 15:33:45.117 +0800	INFO	com.alibaba.druid.pool.DruidDataSource	2104	SpringContextShutdownHook	{dataSource-1} closed
2024-12-20 15:33:54.830 +0800	INFO	org.springframework.boot.StartupInfoLogger	55	main	Starting ScoreApplication on LAPTOP-HISRR710 with PID 14736 (E:\ScoreSystem\target\classes started by LENOVO in E:\ScoreSystem)
2024-12-20 15:33:54.838 +0800	INFO	org.springframework.boot.SpringApplication	655	main	The following profiles are active: dev
2024-12-20 15:33:56.034 +0800	INFO	org.apache.juli.logging.DirectJDKLog	173	main	Initializing ProtocolHandler ["http-nio-80"]
2024-12-20 15:33:56.035 +0800	INFO	org.apache.juli.logging.DirectJDKLog	173	main	Starting service [Tomcat]
2024-12-20 15:33:56.035 +0800	INFO	org.apache.juli.logging.DirectJDKLog	173	main	Starting Servlet engine: [Apache Tomcat/9.0.27]
2024-12-20 15:33:56.036 +0800	INFO	org.apache.juli.logging.DirectJDKLog	173	main	Loaded APR based Apache Tomcat Native library [1.2.39] using APR version [1.7.4].
2024-12-20 15:33:56.036 +0800	INFO	org.apache.juli.logging.DirectJDKLog	173	main	APR capabilities: IPv6 [true], sendfile [true], accept filters [false], random [true].
2024-12-20 15:33:56.037 +0800	INFO	org.apache.juli.logging.DirectJDKLog	173	main	APR/OpenSSL configuration: useAprConnector [false], useOpenSSL [true]
2024-12-20 15:33:56.042 +0800	INFO	org.apache.juli.logging.DirectJDKLog	173	main	OpenSSL successfully initialized [OpenSSL 3.0.11 19 Sep 2023]
2024-12-20 15:33:56.132 +0800	INFO	org.apache.juli.logging.DirectJDKLog	173	main	Initializing Spring embedded WebApplicationContext
2024-12-20 15:33:56.812 +0800	INFO	springfox.documentation.spring.web.PropertySourcedRequestMappingHandlerMapping	69	main	Mapped URL path [/v2/api-docs] onto method [springfox.documentation.swagger2.web.Swagger2Controller#getDocumentation(String, HttpServletRequest)]
2024-12-20 15:33:57.298 +0800	INFO	springfox.documentation.spring.web.plugins.DocumentationPluginsBootstrapper	160	main	Context refreshed
2024-12-20 15:33:57.311 +0800	INFO	springfox.documentation.spring.web.plugins.DocumentationPluginsBootstrapper	163	main	Found 1 custom documentation plugin(s)
2024-12-20 15:33:57.333 +0800	INFO	springfox.documentation.spring.web.scanners.ApiListingReferenceScanner	41	main	Scanning for api listing references
2024-12-20 15:33:57.528 +0800	INFO	org.apache.juli.logging.DirectJDKLog	173	main	Starting ProtocolHandler ["http-nio-80"]
2024-12-20 15:33:57.544 +0800	INFO	org.springframework.boot.StartupInfoLogger	61	main	Started ScoreApplication in 2.988 seconds (JVM running for 5.272)
2024-12-20 15:34:00.322 +0800	INFO	org.apache.juli.logging.DirectJDKLog	173	http-nio-80-exec-1	Initializing Spring DispatcherServlet 'dispatcherServlet'
2024-12-20 15:34:03.732 +0800	INFO	com.alibaba.druid.pool.DruidDataSource	985	http-nio-80-exec-8	{dataSource-1} inited
2024-12-20 15:34:42.560 +0800	INFO	org.springframework.boot.StartupInfoLogger	55	main	Starting ScoreApplication on LAPTOP-HISRR710 with PID 11964 (E:\ScoreSystem\target\classes started by LENOVO in E:\ScoreSystem)
2024-12-20 15:34:42.567 +0800	INFO	org.springframework.boot.SpringApplication	655	main	The following profiles are active: dev
2024-12-20 15:34:44.187 +0800	INFO	org.apache.juli.logging.DirectJDKLog	173	main	Initializing ProtocolHandler ["http-nio-80"]
2024-12-20 15:34:44.188 +0800	INFO	org.apache.juli.logging.DirectJDKLog	173	main	Starting service [Tomcat]
2024-12-20 15:34:44.188 +0800	INFO	org.apache.juli.logging.DirectJDKLog	173	main	Starting Servlet engine: [Apache Tomcat/9.0.27]
2024-12-20 15:34:44.190 +0800	INFO	org.apache.juli.logging.DirectJDKLog	173	main	Loaded APR based Apache Tomcat Native library [1.2.39] using APR version [1.7.4].
2024-12-20 15:34:44.190 +0800	INFO	org.apache.juli.logging.DirectJDKLog	173	main	APR capabilities: IPv6 [true], sendfile [true], accept filters [false], random [true].
2024-12-20 15:34:44.190 +0800	INFO	org.apache.juli.logging.DirectJDKLog	173	main	APR/OpenSSL configuration: useAprConnector [false], useOpenSSL [true]
2024-12-20 15:34:44.195 +0800	INFO	org.apache.juli.logging.DirectJDKLog	173	main	OpenSSL successfully initialized [OpenSSL 3.0.11 19 Sep 2023]
2024-12-20 15:34:44.298 +0800	INFO	org.apache.juli.logging.DirectJDKLog	173	main	Initializing Spring embedded WebApplicationContext
2024-12-20 15:34:45.102 +0800	INFO	springfox.documentation.spring.web.PropertySourcedRequestMappingHandlerMapping	69	main	Mapped URL path [/v2/api-docs] onto method [springfox.documentation.swagger2.web.Swagger2Controller#getDocumentation(String, HttpServletRequest)]
2024-12-20 15:34:45.713 +0800	INFO	springfox.documentation.spring.web.plugins.DocumentationPluginsBootstrapper	160	main	Context refreshed
2024-12-20 15:34:45.728 +0800	INFO	springfox.documentation.spring.web.plugins.DocumentationPluginsBootstrapper	163	main	Found 1 custom documentation plugin(s)
2024-12-20 15:34:45.754 +0800	INFO	springfox.documentation.spring.web.scanners.ApiListingReferenceScanner	41	main	Scanning for api listing references
2024-12-20 15:34:45.979 +0800	INFO	org.apache.juli.logging.DirectJDKLog	173	main	Starting ProtocolHandler ["http-nio-80"]
2024-12-20 15:34:45.998 +0800	INFO	org.springframework.boot.StartupInfoLogger	61	main	Started ScoreApplication in 3.743 seconds (JVM running for 6.151)
2024-12-20 15:34:48.752 +0800	INFO	org.apache.juli.logging.DirectJDKLog	173	http-nio-80-exec-1	Initializing Spring DispatcherServlet 'dispatcherServlet'
2024-12-20 15:34:53.713 +0800	INFO	com.alibaba.druid.pool.DruidDataSource	985	http-nio-80-exec-8	{dataSource-1} inited
2024-12-20 15:36:06.064 +0800	INFO	com.alibaba.druid.pool.DruidDataSource	2032	SpringContextShutdownHook	{dataSource-1} closing ...
2024-12-20 15:36:06.068 +0800	INFO	com.alibaba.druid.pool.DruidDataSource	2104	SpringContextShutdownHook	{dataSource-1} closed
2024-12-20 15:36:23.312 +0800	INFO	org.springframework.boot.StartupInfoLogger	55	main	Starting ScoreApplication on LAPTOP-HISRR710 with PID 50280 (E:\ScoreSystem\target\classes started by LENOVO in E:\ScoreSystem)
2024-12-20 15:36:23.321 +0800	INFO	org.springframework.boot.SpringApplication	655	main	The following profiles are active: dev
2024-12-20 15:36:24.445 +0800	INFO	org.apache.juli.logging.DirectJDKLog	173	main	Initializing ProtocolHandler ["http-nio-80"]
2024-12-20 15:36:24.445 +0800	INFO	org.apache.juli.logging.DirectJDKLog	173	main	Starting service [Tomcat]
2024-12-20 15:36:24.446 +0800	INFO	org.apache.juli.logging.DirectJDKLog	173	main	Starting Servlet engine: [Apache Tomcat/9.0.27]
2024-12-20 15:36:24.447 +0800	INFO	org.apache.juli.logging.DirectJDKLog	173	main	Loaded APR based Apache Tomcat Native library [1.2.39] using APR version [1.7.4].
2024-12-20 15:36:24.447 +0800	INFO	org.apache.juli.logging.DirectJDKLog	173	main	APR capabilities: IPv6 [true], sendfile [true], accept filters [false], random [true].
2024-12-20 15:36:24.448 +0800	INFO	org.apache.juli.logging.DirectJDKLog	173	main	APR/OpenSSL configuration: useAprConnector [false], useOpenSSL [true]
2024-12-20 15:36:24.452 +0800	INFO	org.apache.juli.logging.DirectJDKLog	173	main	OpenSSL successfully initialized [OpenSSL 3.0.11 19 Sep 2023]
2024-12-20 15:36:24.547 +0800	INFO	org.apache.juli.logging.DirectJDKLog	173	main	Initializing Spring embedded WebApplicationContext
2024-12-20 15:36:25.244 +0800	INFO	springfox.documentation.spring.web.PropertySourcedRequestMappingHandlerMapping	69	main	Mapped URL path [/v2/api-docs] onto method [springfox.documentation.swagger2.web.Swagger2Controller#getDocumentation(String, HttpServletRequest)]
2024-12-20 15:36:25.751 +0800	INFO	springfox.documentation.spring.web.plugins.DocumentationPluginsBootstrapper	160	main	Context refreshed
2024-12-20 15:36:25.764 +0800	INFO	springfox.documentation.spring.web.plugins.DocumentationPluginsBootstrapper	163	main	Found 1 custom documentation plugin(s)
2024-12-20 15:36:25.784 +0800	INFO	springfox.documentation.spring.web.scanners.ApiListingReferenceScanner	41	main	Scanning for api listing references
2024-12-20 15:36:25.980 +0800	INFO	org.apache.juli.logging.DirectJDKLog	173	main	Starting ProtocolHandler ["http-nio-80"]
2024-12-20 15:36:25.996 +0800	INFO	org.springframework.boot.StartupInfoLogger	61	main	Started ScoreApplication in 2.983 seconds (JVM running for 5.334)
2024-12-20 15:36:28.486 +0800	INFO	org.apache.juli.logging.DirectJDKLog	173	http-nio-80-exec-1	Initializing Spring DispatcherServlet 'dispatcherServlet'
2024-12-20 15:36:32.860 +0800	INFO	com.alibaba.druid.pool.DruidDataSource	985	http-nio-80-exec-8	{dataSource-1} inited
2024-12-20 15:36:33.460 +0800	ERROR	org.springframework.security.web.authentication.AbstractAuthenticationProcessingFilter	221	http-nio-80-exec-8	An internal error occurred while trying to authenticate the user.
org.springframework.security.authentication.InternalAuthenticationServiceException: 用户名不存在!
	at org.springframework.security.authentication.dao.DaoAuthenticationProvider.retrieveUser(DaoAuthenticationProvider.java:123) ~[spring-security-core-5.2.0.RELEASE.jar:5.2.0.RELEASE]
	at org.springframework.security.authentication.dao.AbstractUserDetailsAuthenticationProvider.authenticate(AbstractUserDetailsAuthenticationProvider.java:144) ~[spring-security-core-5.2.0.RELEASE.jar:5.2.0.RELEASE]
	at org.springframework.security.authentication.ProviderManager.authenticate(ProviderManager.java:175) ~[spring-security-core-5.2.0.RELEASE.jar:5.2.0.RELEASE]
	at org.springframework.security.authentication.ProviderManager.authenticate(ProviderManager.java:195) ~[spring-security-core-5.2.0.RELEASE.jar:5.2.0.RELEASE]
	at org.springframework.security.config.annotation.web.configuration.WebSecurityConfigurerAdapter$AuthenticationManagerDelegator.authenticate(WebSecurityConfigurerAdapter.java:511) ~[spring-security-config-5.2.0.RELEASE.jar:5.2.0.RELEASE]
	at com.system.assessment.config.filter.LoginFilter.attemptAuthentication(LoginFilter.java:37) ~[classes/:?]
	at org.springframework.security.web.authentication.AbstractAuthenticationProcessingFilter.doFilter(AbstractAuthenticationProcessingFilter.java:212) [spring-security-web-5.2.0.RELEASE.jar:5.2.0.RELEASE]
	at org.springframework.security.web.FilterChainProxy$VirtualFilterChain.doFilter(FilterChainProxy.java:334) [spring-security-web-5.2.0.RELEASE.jar:5.2.0.RELEASE]
	at com.system.assessment.filter.SessionIsValuedTokenFilter.doFilterInternal(SessionIsValuedTokenFilter.java:36) [classes/:?]
	at org.springframework.web.filter.OncePerRequestFilter.doFilter(OncePerRequestFilter.java:119) [spring-web-5.2.0.RELEASE.jar:5.2.0.RELEASE]
	at org.springframework.security.web.FilterChainProxy$VirtualFilterChain.doFilter(FilterChainProxy.java:334) [spring-security-web-5.2.0.RELEASE.jar:5.2.0.RELEASE]
	at org.springframework.security.web.authentication.logout.LogoutFilter.doFilter(LogoutFilter.java:116) [spring-security-web-5.2.0.RELEASE.jar:5.2.0.RELEASE]
	at org.springframework.security.web.FilterChainProxy$VirtualFilterChain.doFilter(FilterChainProxy.java:334) [spring-security-web-5.2.0.RELEASE.jar:5.2.0.RELEASE]
	at org.springframework.security.web.header.HeaderWriterFilter.doHeadersAfter(HeaderWriterFilter.java:92) [spring-security-web-5.2.0.RELEASE.jar:5.2.0.RELEASE]
	at org.springframework.security.web.header.HeaderWriterFilter.doFilterInternal(HeaderWriterFilter.java:77) [spring-security-web-5.2.0.RELEASE.jar:5.2.0.RELEASE]
	at org.springframework.web.filter.OncePerRequestFilter.doFilter(OncePerRequestFilter.java:119) [spring-web-5.2.0.RELEASE.jar:5.2.0.RELEASE]
	at org.springframework.security.web.FilterChainProxy$VirtualFilterChain.doFilter(FilterChainProxy.java:334) [spring-security-web-5.2.0.RELEASE.jar:5.2.0.RELEASE]
	at org.springframework.security.web.context.SecurityContextPersistenceFilter.doFilter(SecurityContextPersistenceFilter.java:105) [spring-security-web-5.2.0.RELEASE.jar:5.2.0.RELEASE]
	at org.springframework.security.web.FilterChainProxy$VirtualFilterChain.doFilter(FilterChainProxy.java:334) [spring-security-web-5.2.0.RELEASE.jar:5.2.0.RELEASE]
	at org.springframework.security.web.context.request.async.WebAsyncManagerIntegrationFilter.doFilterInternal(WebAsyncManagerIntegrationFilter.java:56) [spring-security-web-5.2.0.RELEASE.jar:5.2.0.RELEASE]
	at org.springframework.web.filter.OncePerRequestFilter.doFilter(OncePerRequestFilter.java:119) [spring-web-5.2.0.RELEASE.jar:5.2.0.RELEASE]
	at org.springframework.security.web.FilterChainProxy$VirtualFilterChain.doFilter(FilterChainProxy.java:334) [spring-security-web-5.2.0.RELEASE.jar:5.2.0.RELEASE]
	at org.springframework.security.web.FilterChainProxy.doFilterInternal(FilterChainProxy.java:215) [spring-security-web-5.2.0.RELEASE.jar:5.2.0.RELEASE]
	at org.springframework.security.web.FilterChainProxy.doFilter(FilterChainProxy.java:178) [spring-security-web-5.2.0.RELEASE.jar:5.2.0.RELEASE]
	at org.springframework.web.filter.DelegatingFilterProxy.invokeDelegate(DelegatingFilterProxy.java:358) [spring-web-5.2.0.RELEASE.jar:5.2.0.RELEASE]
	at org.springframework.web.filter.DelegatingFilterProxy.doFilter(DelegatingFilterProxy.java:271) [spring-web-5.2.0.RELEASE.jar:5.2.0.RELEASE]
	at org.apache.catalina.core.ApplicationFilterChain.internalDoFilter(ApplicationFilterChain.java:193) [tomcat-embed-core-9.0.27.jar:9.0.27]
	at org.apache.catalina.core.ApplicationFilterChain.doFilter(ApplicationFilterChain.java:166) [tomcat-embed-core-9.0.27.jar:9.0.27]
	at org.springframework.web.filter.RequestContextFilter.doFilterInternal(RequestContextFilter.java:100) [spring-web-5.2.0.RELEASE.jar:5.2.0.RELEASE]
	at org.springframework.web.filter.OncePerRequestFilter.doFilter(OncePerRequestFilter.java:119) [spring-web-5.2.0.RELEASE.jar:5.2.0.RELEASE]
	at org.apache.catalina.core.ApplicationFilterChain.internalDoFilter(ApplicationFilterChain.java:193) [tomcat-embed-core-9.0.27.jar:9.0.27]
	at org.apache.catalina.core.ApplicationFilterChain.doFilter(ApplicationFilterChain.java:166) [tomcat-embed-core-9.0.27.jar:9.0.27]
	at org.springframework.web.filter.FormContentFilter.doFilterInternal(FormContentFilter.java:93) [spring-web-5.2.0.RELEASE.jar:5.2.0.RELEASE]
	at org.springframework.web.filter.OncePerRequestFilter.doFilter(OncePerRequestFilter.java:119) [spring-web-5.2.0.RELEASE.jar:5.2.0.RELEASE]
	at org.apache.catalina.core.ApplicationFilterChain.internalDoFilter(ApplicationFilterChain.java:193) [tomcat-embed-core-9.0.27.jar:9.0.27]
	at org.apache.catalina.core.ApplicationFilterChain.doFilter(ApplicationFilterChain.java:166) [tomcat-embed-core-9.0.27.jar:9.0.27]
	at org.springframework.web.filter.CharacterEncodingFilter.doFilterInternal(CharacterEncodingFilter.java:201) [spring-web-5.2.0.RELEASE.jar:5.2.0.RELEASE]
	at org.springframework.web.filter.OncePerRequestFilter.doFilter(OncePerRequestFilter.java:119) [spring-web-5.2.0.RELEASE.jar:5.2.0.RELEASE]
	at org.apache.catalina.core.ApplicationFilterChain.internalDoFilter(ApplicationFilterChain.java:193) [tomcat-embed-core-9.0.27.jar:9.0.27]
	at org.apache.catalina.core.ApplicationFilterChain.doFilter(ApplicationFilterChain.java:166) [tomcat-embed-core-9.0.27.jar:9.0.27]
	at org.apache.catalina.core.StandardWrapperValve.invoke(StandardWrapperValve.java:202) [tomcat-embed-core-9.0.27.jar:9.0.27]
	at org.apache.catalina.core.StandardContextValve.invoke(StandardContextValve.java:96) [tomcat-embed-core-9.0.27.jar:9.0.27]
	at org.apache.catalina.authenticator.AuthenticatorBase.invoke(AuthenticatorBase.java:526) [tomcat-embed-core-9.0.27.jar:9.0.27]
	at org.apache.catalina.core.StandardHostValve.invoke(StandardHostValve.java:139) [tomcat-embed-core-9.0.27.jar:9.0.27]
	at org.apache.catalina.valves.ErrorReportValve.invoke(ErrorReportValve.java:92) [tomcat-embed-core-9.0.27.jar:9.0.27]
	at org.apache.catalina.core.StandardEngineValve.invoke(StandardEngineValve.java:74) [tomcat-embed-core-9.0.27.jar:9.0.27]
	at org.apache.catalina.connector.CoyoteAdapter.service(CoyoteAdapter.java:343) [tomcat-embed-core-9.0.27.jar:9.0.27]
	at org.apache.coyote.http11.Http11Processor.service(Http11Processor.java:408) [tomcat-embed-core-9.0.27.jar:9.0.27]
	at org.apache.coyote.AbstractProcessorLight.process(AbstractProcessorLight.java:66) [tomcat-embed-core-9.0.27.jar:9.0.27]
	at org.apache.coyote.AbstractProtocol$ConnectionHandler.process(AbstractProtocol.java:861) [tomcat-embed-core-9.0.27.jar:9.0.27]
	at org.apache.tomcat.util.net.NioEndpoint$SocketProcessor.doRun(NioEndpoint.java:1579) [tomcat-embed-core-9.0.27.jar:9.0.27]
	at org.apache.tomcat.util.net.SocketProcessorBase.run(SocketProcessorBase.java:49) [tomcat-embed-core-9.0.27.jar:9.0.27]
	at java.util.concurrent.ThreadPoolExecutor.runWorker(ThreadPoolExecutor.java:1149) [?:1.8.0_301]
	at java.util.concurrent.ThreadPoolExecutor$Worker.run(ThreadPoolExecutor.java:624) [?:1.8.0_301]
	at org.apache.tomcat.util.threads.TaskThread$WrappingRunnable.run(TaskThread.java:61) [tomcat-embed-core-9.0.27.jar:9.0.27]
	at java.lang.Thread.run(Thread.java:748) [?:1.8.0_301]
Caused by: java.lang.RuntimeException: 用户名不存在!
	at com.system.assessment.service.Impl.UserDetailServiceImpl.loadUserByUsername(UserDetailServiceImpl.java:24) ~[classes/:?]
	at org.springframework.security.authentication.dao.DaoAuthenticationProvider.retrieveUser(DaoAuthenticationProvider.java:108) ~[spring-security-core-5.2.0.RELEASE.jar:5.2.0.RELEASE]
	... 55 more
2024-12-20 15:37:27.477 +0800	INFO	org.springframework.boot.StartupInfoLogger	55	main	Starting ScoreApplication on LAPTOP-HISRR710 with PID 42444 (E:\ScoreSystem\target\classes started by LENOVO in E:\ScoreSystem)
2024-12-20 15:37:27.484 +0800	INFO	org.springframework.boot.SpringApplication	655	main	The following profiles are active: dev
2024-12-20 15:37:28.752 +0800	INFO	org.apache.juli.logging.DirectJDKLog	173	main	Initializing ProtocolHandler ["http-nio-80"]
2024-12-20 15:37:28.753 +0800	INFO	org.apache.juli.logging.DirectJDKLog	173	main	Starting service [Tomcat]
2024-12-20 15:37:28.753 +0800	INFO	org.apache.juli.logging.DirectJDKLog	173	main	Starting Servlet engine: [Apache Tomcat/9.0.27]
2024-12-20 15:37:28.755 +0800	INFO	org.apache.juli.logging.DirectJDKLog	173	main	Loaded APR based Apache Tomcat Native library [1.2.39] using APR version [1.7.4].
2024-12-20 15:37:28.755 +0800	INFO	org.apache.juli.logging.DirectJDKLog	173	main	APR capabilities: IPv6 [true], sendfile [true], accept filters [false], random [true].
2024-12-20 15:37:28.755 +0800	INFO	org.apache.juli.logging.DirectJDKLog	173	main	APR/OpenSSL configuration: useAprConnector [false], useOpenSSL [true]
2024-12-20 15:37:28.760 +0800	INFO	org.apache.juli.logging.DirectJDKLog	173	main	OpenSSL successfully initialized [OpenSSL 3.0.11 19 Sep 2023]
2024-12-20 15:37:28.857 +0800	INFO	org.apache.juli.logging.DirectJDKLog	173	main	Initializing Spring embedded WebApplicationContext
2024-12-20 15:37:29.653 +0800	INFO	springfox.documentation.spring.web.PropertySourcedRequestMappingHandlerMapping	69	main	Mapped URL path [/v2/api-docs] onto method [springfox.documentation.swagger2.web.Swagger2Controller#getDocumentation(String, HttpServletRequest)]
2024-12-20 15:37:30.218 +0800	INFO	springfox.documentation.spring.web.plugins.DocumentationPluginsBootstrapper	160	main	Context refreshed
2024-12-20 15:37:30.233 +0800	INFO	springfox.documentation.spring.web.plugins.DocumentationPluginsBootstrapper	163	main	Found 1 custom documentation plugin(s)
2024-12-20 15:37:30.259 +0800	INFO	springfox.documentation.spring.web.scanners.ApiListingReferenceScanner	41	main	Scanning for api listing references
2024-12-20 15:37:30.476 +0800	INFO	org.apache.juli.logging.DirectJDKLog	173	main	Starting ProtocolHandler ["http-nio-80"]
2024-12-20 15:37:30.496 +0800	INFO	org.springframework.boot.StartupInfoLogger	61	main	Started ScoreApplication in 3.327 seconds (JVM running for 5.785)
2024-12-20 15:37:45.428 +0800	INFO	org.apache.juli.logging.DirectJDKLog	173	http-nio-80-exec-1	Initializing Spring DispatcherServlet 'dispatcherServlet'
2024-12-20 15:37:48.656 +0800	INFO	com.alibaba.druid.pool.DruidDataSource	985	http-nio-80-exec-8	{dataSource-1} inited
2024-12-20 15:40:19.390 +0800	INFO	com.alibaba.druid.pool.DruidDataSource	2032	SpringContextShutdownHook	{dataSource-1} closing ...
2024-12-20 15:40:19.394 +0800	INFO	com.alibaba.druid.pool.DruidDataSource	2104	SpringContextShutdownHook	{dataSource-1} closed
2024-12-20 15:44:26.593 +0800	INFO	org.springframework.boot.StartupInfoLogger	55	main	Starting ScoreApplication on LAPTOP-HISRR710 with PID 22640 (E:\ScoreSystem\target\classes started by LENOVO in E:\ScoreSystem)
2024-12-20 15:44:26.599 +0800	INFO	org.springframework.boot.SpringApplication	655	main	The following profiles are active: dev
2024-12-20 15:44:27.661 +0800	INFO	org.apache.juli.logging.DirectJDKLog	173	main	Initializing ProtocolHandler ["http-nio-80"]
2024-12-20 15:44:27.661 +0800	INFO	org.apache.juli.logging.DirectJDKLog	173	main	Starting service [Tomcat]
2024-12-20 15:44:27.662 +0800	INFO	org.apache.juli.logging.DirectJDKLog	173	main	Starting Servlet engine: [Apache Tomcat/9.0.27]
2024-12-20 15:44:27.663 +0800	INFO	org.apache.juli.logging.DirectJDKLog	173	main	Loaded APR based Apache Tomcat Native library [1.2.39] using APR version [1.7.4].
2024-12-20 15:44:27.663 +0800	INFO	org.apache.juli.logging.DirectJDKLog	173	main	APR capabilities: IPv6 [true], sendfile [true], accept filters [false], random [true].
2024-12-20 15:44:27.663 +0800	INFO	org.apache.juli.logging.DirectJDKLog	173	main	APR/OpenSSL configuration: useAprConnector [false], useOpenSSL [true]
2024-12-20 15:44:27.668 +0800	INFO	org.apache.juli.logging.DirectJDKLog	173	main	OpenSSL successfully initialized [OpenSSL 3.0.11 19 Sep 2023]
2024-12-20 15:44:27.794 +0800	INFO	org.apache.juli.logging.DirectJDKLog	173	main	Initializing Spring embedded WebApplicationContext
2024-12-20 15:44:28.471 +0800	INFO	springfox.documentation.spring.web.PropertySourcedRequestMappingHandlerMapping	69	main	Mapped URL path [/v2/api-docs] onto method [springfox.documentation.swagger2.web.Swagger2Controller#getDocumentation(String, HttpServletRequest)]
2024-12-20 15:44:28.995 +0800	INFO	springfox.documentation.spring.web.plugins.DocumentationPluginsBootstrapper	160	main	Context refreshed
2024-12-20 15:44:29.010 +0800	INFO	springfox.documentation.spring.web.plugins.DocumentationPluginsBootstrapper	163	main	Found 1 custom documentation plugin(s)
2024-12-20 15:44:29.045 +0800	INFO	springfox.documentation.spring.web.scanners.ApiListingReferenceScanner	41	main	Scanning for api listing references
2024-12-20 15:44:29.255 +0800	INFO	org.apache.juli.logging.DirectJDKLog	173	main	Starting ProtocolHandler ["http-nio-80"]
2024-12-20 15:44:29.274 +0800	INFO	org.springframework.boot.StartupInfoLogger	61	main	Started ScoreApplication in 2.935 seconds (JVM running for 5.257)
2024-12-20 15:44:34.500 +0800	INFO	org.apache.juli.logging.DirectJDKLog	173	http-nio-80-exec-1	Initializing Spring DispatcherServlet 'dispatcherServlet'
2024-12-20 15:44:37.780 +0800	INFO	com.alibaba.druid.pool.DruidDataSource	985	http-nio-80-exec-8	{dataSource-1} inited
2024-12-20 15:45:36.481 +0800	INFO	org.springframework.boot.StartupInfoLogger	55	main	Starting ScoreApplication on LAPTOP-HISRR710 with PID 15184 (E:\ScoreSystem\target\classes started by LENOVO in E:\ScoreSystem)
2024-12-20 15:45:36.487 +0800	INFO	org.springframework.boot.SpringApplication	655	main	The following profiles are active: dev
2024-12-20 15:45:37.586 +0800	INFO	org.apache.juli.logging.DirectJDKLog	173	main	Initializing ProtocolHandler ["http-nio-80"]
2024-12-20 15:45:37.587 +0800	INFO	org.apache.juli.logging.DirectJDKLog	173	main	Starting service [Tomcat]
2024-12-20 15:45:37.587 +0800	INFO	org.apache.juli.logging.DirectJDKLog	173	main	Starting Servlet engine: [Apache Tomcat/9.0.27]
2024-12-20 15:45:37.588 +0800	INFO	org.apache.juli.logging.DirectJDKLog	173	main	Loaded APR based Apache Tomcat Native library [1.2.39] using APR version [1.7.4].
2024-12-20 15:45:37.589 +0800	INFO	org.apache.juli.logging.DirectJDKLog	173	main	APR capabilities: IPv6 [true], sendfile [true], accept filters [false], random [true].
2024-12-20 15:45:37.589 +0800	INFO	org.apache.juli.logging.DirectJDKLog	173	main	APR/OpenSSL configuration: useAprConnector [false], useOpenSSL [true]
2024-12-20 15:45:37.593 +0800	INFO	org.apache.juli.logging.DirectJDKLog	173	main	OpenSSL successfully initialized [OpenSSL 3.0.11 19 Sep 2023]
2024-12-20 15:45:37.716 +0800	INFO	org.apache.juli.logging.DirectJDKLog	173	main	Initializing Spring embedded WebApplicationContext
2024-12-20 15:45:38.396 +0800	INFO	springfox.documentation.spring.web.PropertySourcedRequestMappingHandlerMapping	69	main	Mapped URL path [/v2/api-docs] onto method [springfox.documentation.swagger2.web.Swagger2Controller#getDocumentation(String, HttpServletRequest)]
2024-12-20 15:45:38.909 +0800	INFO	springfox.documentation.spring.web.plugins.DocumentationPluginsBootstrapper	160	main	Context refreshed
2024-12-20 15:45:38.922 +0800	INFO	springfox.documentation.spring.web.plugins.DocumentationPluginsBootstrapper	163	main	Found 1 custom documentation plugin(s)
2024-12-20 15:45:38.942 +0800	INFO	springfox.documentation.spring.web.scanners.ApiListingReferenceScanner	41	main	Scanning for api listing references
2024-12-20 15:45:39.140 +0800	INFO	org.apache.juli.logging.DirectJDKLog	173	main	Starting ProtocolHandler ["http-nio-80"]
2024-12-20 15:45:39.157 +0800	INFO	org.springframework.boot.StartupInfoLogger	61	main	Started ScoreApplication in 2.924 seconds (JVM running for 5.357)
2024-12-20 15:45:41.973 +0800	INFO	org.apache.juli.logging.DirectJDKLog	173	http-nio-80-exec-1	Initializing Spring DispatcherServlet 'dispatcherServlet'
2024-12-20 15:45:44.914 +0800	INFO	com.alibaba.druid.pool.DruidDataSource	985	http-nio-80-exec-8	{dataSource-1} inited
2024-12-20 15:47:10.023 +0800	INFO	org.springframework.boot.StartupInfoLogger	55	main	Starting ScoreApplicationTests on LAPTOP-HISRR710 with PID 46960 (started by LENOVO in E:\ScoreSystem)
2024-12-20 15:47:10.031 +0800	INFO	org.springframework.boot.SpringApplication	655	main	The following profiles are active: dev
2024-12-20 15:47:13.665 +0800	INFO	springfox.documentation.spring.web.PropertySourcedRequestMappingHandlerMapping	69	main	Mapped URL path [/v2/api-docs] onto method [springfox.documentation.swagger2.web.Swagger2Controller#getDocumentation(String, HttpServletRequest)]
2024-12-20 15:47:15.235 +0800	INFO	springfox.documentation.spring.web.plugins.DocumentationPluginsBootstrapper	160	main	Context refreshed
2024-12-20 15:47:15.267 +0800	INFO	springfox.documentation.spring.web.plugins.DocumentationPluginsBootstrapper	163	main	Found 1 custom documentation plugin(s)
2024-12-20 15:47:15.299 +0800	INFO	springfox.documentation.spring.web.scanners.ApiListingReferenceScanner	41	main	Scanning for api listing references
2024-12-20 15:47:15.727 +0800	INFO	org.springframework.boot.StartupInfoLogger	61	main	Started ScoreApplicationTests in 6.096 seconds (JVM running for 9.388)
2024-12-20 15:47:16.153 +0800	INFO	com.alibaba.druid.pool.DruidDataSource	2032	SpringContextShutdownHook	{dataSource-0} closing ...
2024-12-20 15:50:01.333 +0800	INFO	org.springframework.boot.StartupInfoLogger	55	main	Starting ScoreApplicationTests on LAPTOP-HISRR710 with PID 32364 (started by LENOVO in E:\ScoreSystem)
2024-12-20 15:50:01.341 +0800	INFO	org.springframework.boot.SpringApplication	655	main	The following profiles are active: dev
2024-12-20 15:50:04.122 +0800	INFO	springfox.documentation.spring.web.PropertySourcedRequestMappingHandlerMapping	69	main	Mapped URL path [/v2/api-docs] onto method [springfox.documentation.swagger2.web.Swagger2Controller#getDocumentation(String, HttpServletRequest)]
2024-12-20 15:50:05.440 +0800	INFO	springfox.documentation.spring.web.plugins.DocumentationPluginsBootstrapper	160	main	Context refreshed
2024-12-20 15:50:05.471 +0800	INFO	springfox.documentation.spring.web.plugins.DocumentationPluginsBootstrapper	163	main	Found 1 custom documentation plugin(s)
2024-12-20 15:50:05.505 +0800	INFO	springfox.documentation.spring.web.scanners.ApiListingReferenceScanner	41	main	Scanning for api listing references
2024-12-20 15:50:06.038 +0800	INFO	org.springframework.boot.StartupInfoLogger	61	main	Started ScoreApplicationTests in 4.934 seconds (JVM running for 7.445)
2024-12-20 15:50:06.295 +0800	INFO	com.alibaba.druid.pool.DruidDataSource	2032	SpringContextShutdownHook	{dataSource-0} closing ...
